<?xml version="1.0" encoding="UTF-8"?>
<!-- Generated by org.testng.reporters.JUnitXMLReporter -->
<testsuite ignored="0" hostname="LAPTOP-MVNUQ4K1" failures="0" tests="1" name="Default test" time="0.209" errors="0" timestamp="2023-01-14T17:18:08 GMT-05:00">
  <testcase classname="basepackage.BaseTest" name="@BeforeTest initiate" time="-1.673734688519E9">
    <failure type="org.testng.TestNGException" message="
Parameter &amp;apos;browser&amp;apos; is required by BeforeTest on method initiate but has not been marked @Optional or defined
in C:\Users\shiva\AppData\Local\Temp\testng-eclipse-585329239\testng-customsuite.xml">
      <![CDATA[org.testng.TestNGException: 
Parameter 'browser' is required by BeforeTest on method initiate but has not been marked @Optional or defined
in C:\Users\shiva\AppData\Local\Temp\testng-eclipse-585329239\testng-customsuite.xml
at org.testng.internal.Parameters.createParams(Parameters.java:267)
at org.testng.internal.Parameters.createParametersForMethod(Parameters.java:355)
at org.testng.internal.Parameters.createParameters(Parameters.java:684)
at org.testng.internal.Parameters.createConfigurationParameters(Parameters.java:166)
at org.testng.internal.invokers.ConfigInvoker.invokeConfigurations(ConfigInvoker.java:277)
at org.testng.TestRunner.invokeTestConfigurations(TestRunner.java:643)
at org.testng.TestRunner.beforeRun(TestRunner.java:632)
at org.testng.TestRunner.run(TestRunner.java:594)
at org.testng.SuiteRunner.runTest(SuiteRunner.java:433)
at org.testng.SuiteRunner.runSequentially(SuiteRunner.java:427)
at org.testng.SuiteRunner.privateRun(SuiteRunner.java:387)
at org.testng.SuiteRunner.run(SuiteRunner.java:330)
at org.testng.SuiteRunnerWorker.runSuite(SuiteRunnerWorker.java:52)
at org.testng.SuiteRunnerWorker.run(SuiteRunnerWorker.java:95)
at org.testng.TestNG.runSuitesSequentially(TestNG.java:1256)
at org.testng.TestNG.runSuitesLocally(TestNG.java:1176)
at org.testng.TestNG.runSuites(TestNG.java:1099)
at org.testng.TestNG.run(TestNG.java:1067)
at org.testng.remote.AbstractRemoteTestNG.run(AbstractRemoteTestNG.java:115)
at org.testng.remote.RemoteTestNG.initAndRun(RemoteTestNG.java:251)
at org.testng.remote.RemoteTestNG.main(RemoteTestNG.java:77)
]]>
    </failure>
  </testcase> <!-- @BeforeTest initiate -->
  <testcase classname="basepackage.BaseTest" name="@BeforeClass getDriver" time="0.0">
    <skipped/>
  </testcase> <!-- @BeforeClass getDriver -->
  <testcase classname="testpackage.ContextmenuTest" name="@BeforeMethod StartSignInTest" time="0.0">
    <skipped/>
  </testcase> <!-- @BeforeMethod StartSignInTest -->
  <testcase classname="basepackage.BaseTest" name="@AfterTest quitbrowser" time="0.0">
    <skipped/>
  </testcase> <!-- @AfterTest quitbrowser -->
  <testcase classname="testpackage.ContextmenuTest" name="alerttest" time="0.0">
    <skipped/>
  </testcase> <!-- alerttest -->
</testsuite> <!-- Default test -->
