<html>
<head>
<title>TestNG:  EdgeTest</title>
<link href="../testng.css" rel="stylesheet" type="text/css" />
<link href="../my-testng.css" rel="stylesheet" type="text/css" />

<style type="text/css">
.log { display: none;} 
.stack-trace { display: none;} 
</style>
<script type="text/javascript">
<!--
function flip(e) {
  current = e.style.display;
  if (current == 'block') {
    e.style.display = 'none';
    return 0;
  }
  else {
    e.style.display = 'block';
    return 1;
  }
}

function toggleBox(szDivId, elem, msg1, msg2)
{
  var res = -1;  if (document.getElementById) {
    res = flip(document.getElementById(szDivId));
  }
  else if (document.all) {
    // this is the way old msie versions work
    res = flip(document.all[szDivId]);
  }
  if(elem) {
    if(res == 0) elem.innerHTML = msg1; else elem.innerHTML = msg2;
  }

}

function toggleAllBoxes() {
  if (document.getElementsByTagName) {
    d = document.getElementsByTagName('div');
    for (i = 0; i < d.length; i++) {
      if (d[i].className == 'log') {
        flip(d[i]);
      }
    }
  }
}

// -->
</script>

</head>
<body>
<h2 align='center'>EdgeTest</h2><table border='1' align="center">
<tr>
<td>Tests passed/Failed/Skipped:</td><td>31/0/1</td>
</tr><tr>
<td>Started on:</td><td>Mon Dec 26 16:00:09 EST 2022</td>
</tr>
<tr><td>Total time:</td><td>92 seconds (92952 ms)</td>
</tr><tr>
<td>Included groups:</td><td></td>
</tr><tr>
<td>Excluded groups:</td><td></td>
</tr>
</table><p/>
<small><i>(Hover the method name to see the test class name)</i></small><p/>
<table width='100%' border='1' class='invocation-failed'>
<tr><td colspan='4' align='center'><b>FAILED CONFIGURATIONS</b></td></tr>
<tr><td><b>Test method</b></td>
<td><b>Attribute(s)</b></td>
<td width="30%"><b>Exception</b></td>
<td width="10%"><b>Time (seconds)</b></td>
<td><b>Instance</b></td>
</tr>
<tr>
<td title='testpackage.Downloadtest.StartSignInTest()'><b>StartSignInTest</b><br>Test class: testpackage.Downloadtest</td>
<td><div><pre>org.openqa.selenium.UnhandledAlertException: unexpected alert open: {Alert text : You selected a context menu}
  (Session info: MicrosoftEdge=108.0.1462.54): You selected a context menu
Build info: version: &apos;3.141.59&apos;, revision: &apos;e82be7d358&apos;, time: &apos;2018-11-14T08:17:03&apos;
System info: host: &apos;LAPTOP-MVNUQ4K1&apos;, ip: &apos;192.168.48.1&apos;, os.name: &apos;Windows 11&apos;, os.arch: &apos;amd64&apos;, os.version: &apos;10.0&apos;, java.version: &apos;17.0.3.1&apos;
Driver info: org.openqa.selenium.edge.EdgeDriver
Capabilities {acceptInsecureCerts: false, browserName: msedge, browserVersion: 108.0.1462.54, javascriptEnabled: true, ms:edgeOptions: {debuggerAddress: localhost:49778}, msedge: {msedgedriverVersion: 108.0.1462.54 (c2998c8c6617..., userDataDir: C:\Users\shiva\AppData\Loca...}, networkConnectionEnabled: false, pageLoadStrategy: normal, platform: WINDOWS, platformName: WINDOWS, proxy: Proxy(), setWindowRect: true, strictFileInteractability: false, timeouts: {implicit: 0, pageLoad: 300000, script: 30000}, unhandledPromptBehavior: dismiss and notify, webauthn:extension:credBlob: true, webauthn:extension:largeBlob: true, webauthn:virtualAuthenticators: true}
Session ID: 2ed9d65f4d14cfc783d22f7c1ae3528f
	at org.openqa.selenium.remote.http.W3CHttpResponseCodec.decode(W3CHttpResponseCodec.java:120)
	at org.openqa.selenium.remote.http.W3CHttpResponseCodec.decode(W3CHttpResponseCodec.java:49)
	at org.openqa.selenium.remote.HttpCommandExecutor.execute(HttpCommandExecutor.java:158)
	at org.openqa.selenium.remote.service.DriverCommandExecutor.execute(DriverCommandExecutor.java:83)
	at org.openqa.selenium.remote.RemoteWebDriver.execute(RemoteWebDriver.java:552)
	at org.openqa.selenium.remote.RemoteWebDriver.get(RemoteWebDriver.java:277)
	at testpackage.Downloadtest.StartSignInTest(Downloadtest.java:20)
	at java.base/java.util.ArrayList.forEach(ArrayList.java:1511)
... Removed 31 stack frames</pre></div><a href='#' onClick='toggleBox("stack-trace40177529", this, "Click to show all stack frames", "Click to hide stack frames")'>Click to show all stack frames</a>
<div class='stack-trace' id='stack-trace40177529'><pre>org.openqa.selenium.UnhandledAlertException: unexpected alert open: {Alert text : You selected a context menu}
  (Session info: MicrosoftEdge=108.0.1462.54): You selected a context menu
Build info: version: &apos;3.141.59&apos;, revision: &apos;e82be7d358&apos;, time: &apos;2018-11-14T08:17:03&apos;
System info: host: &apos;LAPTOP-MVNUQ4K1&apos;, ip: &apos;192.168.48.1&apos;, os.name: &apos;Windows 11&apos;, os.arch: &apos;amd64&apos;, os.version: &apos;10.0&apos;, java.version: &apos;17.0.3.1&apos;
Driver info: org.openqa.selenium.edge.EdgeDriver
Capabilities {acceptInsecureCerts: false, browserName: msedge, browserVersion: 108.0.1462.54, javascriptEnabled: true, ms:edgeOptions: {debuggerAddress: localhost:49778}, msedge: {msedgedriverVersion: 108.0.1462.54 (c2998c8c6617..., userDataDir: C:\Users\shiva\AppData\Loca...}, networkConnectionEnabled: false, pageLoadStrategy: normal, platform: WINDOWS, platformName: WINDOWS, proxy: Proxy(), setWindowRect: true, strictFileInteractability: false, timeouts: {implicit: 0, pageLoad: 300000, script: 30000}, unhandledPromptBehavior: dismiss and notify, webauthn:extension:credBlob: true, webauthn:extension:largeBlob: true, webauthn:virtualAuthenticators: true}
Session ID: 2ed9d65f4d14cfc783d22f7c1ae3528f
	at org.openqa.selenium.remote.http.W3CHttpResponseCodec.decode(W3CHttpResponseCodec.java:120)
	at org.openqa.selenium.remote.http.W3CHttpResponseCodec.decode(W3CHttpResponseCodec.java:49)
	at org.openqa.selenium.remote.HttpCommandExecutor.execute(HttpCommandExecutor.java:158)
	at org.openqa.selenium.remote.service.DriverCommandExecutor.execute(DriverCommandExecutor.java:83)
	at org.openqa.selenium.remote.RemoteWebDriver.execute(RemoteWebDriver.java:552)
	at org.openqa.selenium.remote.RemoteWebDriver.get(RemoteWebDriver.java:277)
	at testpackage.Downloadtest.StartSignInTest(Downloadtest.java:20)
	at java.base/jdk.internal.reflect.NativeMethodAccessorImpl.invoke0(Native Method)
	at java.base/jdk.internal.reflect.NativeMethodAccessorImpl.invoke(NativeMethodAccessorImpl.java:77)
	at java.base/jdk.internal.reflect.DelegatingMethodAccessorImpl.invoke(DelegatingMethodAccessorImpl.java:43)
	at java.base/java.lang.reflect.Method.invoke(Method.java:568)
	at org.testng.internal.invokers.MethodInvocationHelper.invokeMethod(MethodInvocationHelper.java:139)
	at org.testng.internal.invokers.MethodInvocationHelper.invokeMethodConsideringTimeout(MethodInvocationHelper.java:69)
	at org.testng.internal.invokers.ConfigInvoker.invokeConfigurationMethod(ConfigInvoker.java:361)
	at org.testng.internal.invokers.ConfigInvoker.invokeConfigurations(ConfigInvoker.java:296)
	at org.testng.internal.invokers.TestInvoker.runConfigMethods(TestInvoker.java:816)
	at org.testng.internal.invokers.TestInvoker.invokeMethod(TestInvoker.java:590)
	at org.testng.internal.invokers.TestInvoker.invokeTestMethod(TestInvoker.java:221)
	at org.testng.internal.invokers.MethodRunner.runInSequence(MethodRunner.java:50)
	at org.testng.internal.invokers.TestInvoker$MethodInvocationAgent.invoke(TestInvoker.java:962)
	at org.testng.internal.invokers.TestInvoker.invokeTestMethods(TestInvoker.java:194)
	at org.testng.internal.invokers.TestMethodWorker.invokeTestMethods(TestMethodWorker.java:148)
	at org.testng.internal.invokers.TestMethodWorker.run(TestMethodWorker.java:128)
	at java.base/java.util.ArrayList.forEach(ArrayList.java:1511)
	at org.testng.TestRunner.privateRun(TestRunner.java:806)
	at org.testng.TestRunner.run(TestRunner.java:601)
	at org.testng.SuiteRunner.runTest(SuiteRunner.java:433)
	at org.testng.SuiteRunner.runSequentially(SuiteRunner.java:427)
	at org.testng.SuiteRunner.privateRun(SuiteRunner.java:387)
	at org.testng.SuiteRunner.run(SuiteRunner.java:330)
	at org.testng.SuiteRunnerWorker.runSuite(SuiteRunnerWorker.java:52)
	at org.testng.SuiteRunnerWorker.run(SuiteRunnerWorker.java:95)
	at org.testng.TestNG.runSuitesSequentially(TestNG.java:1256)
	at org.testng.TestNG.runSuitesLocally(TestNG.java:1176)
	at org.testng.TestNG.runSuites(TestNG.java:1099)
	at org.testng.TestNG.run(TestNG.java:1067)
	at org.testng.remote.AbstractRemoteTestNG.run(AbstractRemoteTestNG.java:115)
	at org.testng.remote.RemoteTestNG.initAndRun(RemoteTestNG.java:251)
	at org.testng.remote.RemoteTestNG.main(RemoteTestNG.java:77)
</pre></div></td>
<td>0</td>
<td>testpackage.Downloadtest@7c1e2a9e</td></tr>
</table><p>
<table width='100%' border='1' class='invocation-passed'>
<tr><td colspan='4' align='center'><b>PASSED TESTS</b></td></tr>
<tr><td><b>Test method</b></td>
<td><b>Attribute(s)</b></td>
<td width="30%"><b>Exception</b></td>
<td width="10%"><b>Time (seconds)</b></td>
<td><b>Instance</b></td>
</tr>
<tr>
<td title='testpackage.IndexTest.privateMarketTabTest()'><b>privateMarketTabTest</b><br>Test class: testpackage.IndexTest</td>
<td></td>
<td>0</td>
<td>testpackage.IndexTest@87a85e1</td></tr>
<tr>
<td title='testpackage.DynamicLoadingTest.startbuttontest()'><b>startbuttontest</b><br>Test class: testpackage.DynamicLoadingTest</td>
<td></td>
<td>5</td>
<td>testpackage.DynamicLoadingTest@5f16132a</td></tr>
<tr>
<td title='testpackage.DynamiccontentTest.Dynamiccontent2test()'><b>Dynamiccontent2test</b><br>Test class: testpackage.DynamiccontentTest</td>
<td></td>
<td>0</td>
<td>testpackage.DynamiccontentTest@672872e1</td></tr>
<tr>
<td title='testpackage.ContextmenuTest.alerttest()'><b>alerttest</b><br>Test class: testpackage.ContextmenuTest</td>
<td></td>
<td>0</td>
<td>testpackage.ContextmenuTest@57250572</td></tr>
<tr>
<td title='testpackage.IndexTest.indexFamilyTest()'><b>indexFamilyTest</b><br>Test class: testpackage.IndexTest</td>
<td></td>
<td>17</td>
<td>testpackage.IndexTest@87a85e1</td></tr>
<tr>
<td title='testpackage.Dropdowntest.option2test()'><b>option2test</b><br>Test class: testpackage.Dropdowntest</td>
<td></td>
<td>0</td>
<td>testpackage.Dropdowntest@32910148</td></tr>
<tr>
<td title='testpackage.IndexTest.result_10test()'><b>result_10test</b><br>Test class: testpackage.IndexTest</td>
<td></td>
<td>0</td>
<td>testpackage.IndexTest@87a85e1</td></tr>
<tr>
<td title='testpackage.IndexTest.esgTabTest()'><b>esgTabTest</b><br>Test class: testpackage.IndexTest</td>
<td></td>
<td>0</td>
<td>testpackage.IndexTest@87a85e1</td></tr>
<tr>
<td title='testpackage.IndexTest.indexByKeywordTest()'><b>indexByKeywordTest</b><br>Test class: testpackage.IndexTest</td>
<td></td>
<td>0</td>
<td>testpackage.IndexTest@87a85e1</td></tr>
<tr>
<td title='testpackage.IndexTest.indexByNameTest()'><b>indexByNameTest</b><br>Test class: testpackage.IndexTest</td>
<td></td>
<td>0</td>
<td>testpackage.IndexTest@87a85e1</td></tr>
<tr>
<td title='testpackage.IndexTest.alternativesTabTest()'><b>alternativesTabTest</b><br>Test class: testpackage.IndexTest</td>
<td></td>
<td>0</td>
<td>testpackage.IndexTest@87a85e1</td></tr>
<tr>
<td title='testpackage.DynamiccontentTest.Dynamiccontent3test()'><b>Dynamiccontent3test</b><br>Test class: testpackage.DynamiccontentTest</td>
<td></td>
<td>0</td>
<td>testpackage.DynamiccontentTest@672872e1</td></tr>
<tr>
<td title='testpackage.IndexTest.weekColumntest()'><b>weekColumntest</b><br>Test class: testpackage.IndexTest</td>
<td></td>
<td>0</td>
<td>testpackage.IndexTest@87a85e1</td></tr>
<tr>
<td title='testpackage.IndexTest.tabListTest()'><b>tabListTest</b><br>Test class: testpackage.IndexTest</td>
<td></td>
<td>0</td>
<td>testpackage.IndexTest@87a85e1</td></tr>
<tr>
<td title='testpackage.IndexTest.allIndexTabTest()'><b>allIndexTabTest</b><br>Test class: testpackage.IndexTest</td>
<td></td>
<td>0</td>
<td>testpackage.IndexTest@87a85e1</td></tr>
<tr>
<td title='testpackage.IndexTest.fixedIncomeTabTest()'><b>fixedIncomeTabTest</b><br>Test class: testpackage.IndexTest</td>
<td></td>
<td>0</td>
<td>testpackage.IndexTest@87a85e1</td></tr>
<tr>
<td title='testpackage.IndexTest.indexType()'><b>indexType</b><br>Test class: testpackage.IndexTest</td>
<td></td>
<td>0</td>
<td>testpackage.IndexTest@87a85e1</td></tr>
<tr>
<td title='testpackage.DynamiccontentTest.Dynamiccontent1test()'><b>Dynamiccontent1test</b><br>Test class: testpackage.DynamiccontentTest</td>
<td></td>
<td>0</td>
<td>testpackage.DynamiccontentTest@672872e1</td></tr>
<tr>
<td title='testpackage.IndexTest.geoRegionTest()'><b>geoRegionTest</b><br>Test class: testpackage.IndexTest</td>
<td></td>
<td>2</td>
<td>testpackage.IndexTest@87a85e1</td></tr>
<tr>
<td title='testpackage.IndexTest.multiAssetTabTest()'><b>multiAssetTabTest</b><br>Test class: testpackage.IndexTest</td>
<td></td>
<td>0</td>
<td>testpackage.IndexTest@87a85e1</td></tr>
<tr>
<td title='testpackage.IndexTest.marketingTextTest()'><b>marketingTextTest</b><br>Test class: testpackage.IndexTest</td>
<td></td>
<td>0</td>
<td>testpackage.IndexTest@87a85e1</td></tr>
<tr>
<td title='testpackage.Floatingmenutest.floatinmenutest()'><b>floatinmenutest</b><br>Test class: testpackage.Floatingmenutest</td>
<td></td>
<td>0</td>
<td>testpackage.Floatingmenutest@69fb6037</td></tr>
<tr>
<td title='testpackage.IndexTest.result_20test()'><b>result_20test</b><br>Test class: testpackage.IndexTest</td>
<td></td>
<td>0</td>
<td>testpackage.IndexTest@87a85e1</td></tr>
<tr>
<td title='testpackage.IndexTest.equityTabTest()'><b>equityTabTest</b><br>Test class: testpackage.IndexTest</td>
<td></td>
<td>0</td>
<td>testpackage.IndexTest@87a85e1</td></tr>
<tr>
<td title='testpackage.iframetest.Frametest()'><b>Frametest</b><br>Test class: testpackage.iframetest</td>
<td></td>
<td>0</td>
<td>testpackage.iframetest@36d585c</td></tr>
<tr>
<td title='testpackage.Dropdowntest.option1test()'><b>option1test</b><br>Test class: testpackage.Dropdowntest</td>
<td></td>
<td>0</td>
<td>testpackage.Dropdowntest@32910148</td></tr>
<tr>
<td title='testpackage.IndexTest.assetTypeTest()'><b>assetTypeTest</b><br>Test class: testpackage.IndexTest</td>
<td></td>
<td>0</td>
<td>testpackage.IndexTest@87a85e1</td></tr>
<tr>
<td title='testpackage.IndexTest.result_50test()'><b>result_50test</b><br>Test class: testpackage.IndexTest</td>
<td></td>
<td>0</td>
<td>testpackage.IndexTest@87a85e1</td></tr>
<tr>
<td title='testpackage.IndexTest.dayColumntest()'><b>dayColumntest</b><br>Test class: testpackage.IndexTest</td>
<td></td>
<td>0</td>
<td>testpackage.IndexTest@87a85e1</td></tr>
<tr>
<td title='testpackage.DragandDropTest.DragtestforB()'><b>DragtestforB</b><br>Test class: testpackage.DragandDropTest</td>
<td></td>
<td>1</td>
<td>testpackage.DragandDropTest@fa36558</td></tr>
<tr>
<td title='testpackage.DragandDropTest.DragtestforA()'><b>DragtestforA</b><br>Test class: testpackage.DragandDropTest</td>
<td></td>
<td>0</td>
<td>testpackage.DragandDropTest@fa36558</td></tr>
</table><p>
<table width='100%' border='1' class='invocation-skipped'>
<tr><td colspan='4' align='center'><b>SKIPPED TESTS</b></td></tr>
<tr><td><b>Test method</b></td>
<td><b>Attribute(s)</b></td>
<td width="30%"><b>Exception</b></td>
<td width="10%"><b>Time (seconds)</b></td>
<td><b>Instance</b></td>
</tr>
<tr>
<td title='testpackage.Downloadtest.testdownload()'><b>testdownload</b><br>Test class: testpackage.Downloadtest</td>
<td><div><pre>org.openqa.selenium.UnhandledAlertException: unexpected alert open: {Alert text : You selected a context menu}
  (Session info: MicrosoftEdge=108.0.1462.54): You selected a context menu
Build info: version: &apos;3.141.59&apos;, revision: &apos;e82be7d358&apos;, time: &apos;2018-11-14T08:17:03&apos;
System info: host: &apos;LAPTOP-MVNUQ4K1&apos;, ip: &apos;192.168.48.1&apos;, os.name: &apos;Windows 11&apos;, os.arch: &apos;amd64&apos;, os.version: &apos;10.0&apos;, java.version: &apos;17.0.3.1&apos;
Driver info: org.openqa.selenium.edge.EdgeDriver
Capabilities {acceptInsecureCerts: false, browserName: msedge, browserVersion: 108.0.1462.54, javascriptEnabled: true, ms:edgeOptions: {debuggerAddress: localhost:49778}, msedge: {msedgedriverVersion: 108.0.1462.54 (c2998c8c6617..., userDataDir: C:\Users\shiva\AppData\Loca...}, networkConnectionEnabled: false, pageLoadStrategy: normal, platform: WINDOWS, platformName: WINDOWS, proxy: Proxy(), setWindowRect: true, strictFileInteractability: false, timeouts: {implicit: 0, pageLoad: 300000, script: 30000}, unhandledPromptBehavior: dismiss and notify, webauthn:extension:credBlob: true, webauthn:extension:largeBlob: true, webauthn:virtualAuthenticators: true}
Session ID: 2ed9d65f4d14cfc783d22f7c1ae3528f
	at org.openqa.selenium.remote.http.W3CHttpResponseCodec.decode(W3CHttpResponseCodec.java:120)
	at org.openqa.selenium.remote.http.W3CHttpResponseCodec.decode(W3CHttpResponseCodec.java:49)
	at org.openqa.selenium.remote.HttpCommandExecutor.execute(HttpCommandExecutor.java:158)
	at org.openqa.selenium.remote.service.DriverCommandExecutor.execute(DriverCommandExecutor.java:83)
	at org.openqa.selenium.remote.RemoteWebDriver.execute(RemoteWebDriver.java:552)
	at org.openqa.selenium.remote.RemoteWebDriver.get(RemoteWebDriver.java:277)
	at testpackage.Downloadtest.StartSignInTest(Downloadtest.java:20)
	at java.base/java.util.ArrayList.forEach(ArrayList.java:1511)
... Removed 31 stack frames</pre></div><a href='#' onClick='toggleBox("stack-trace1472494238", this, "Click to show all stack frames", "Click to hide stack frames")'>Click to show all stack frames</a>
<div class='stack-trace' id='stack-trace1472494238'><pre>org.openqa.selenium.UnhandledAlertException: unexpected alert open: {Alert text : You selected a context menu}
  (Session info: MicrosoftEdge=108.0.1462.54): You selected a context menu
Build info: version: &apos;3.141.59&apos;, revision: &apos;e82be7d358&apos;, time: &apos;2018-11-14T08:17:03&apos;
System info: host: &apos;LAPTOP-MVNUQ4K1&apos;, ip: &apos;192.168.48.1&apos;, os.name: &apos;Windows 11&apos;, os.arch: &apos;amd64&apos;, os.version: &apos;10.0&apos;, java.version: &apos;17.0.3.1&apos;
Driver info: org.openqa.selenium.edge.EdgeDriver
Capabilities {acceptInsecureCerts: false, browserName: msedge, browserVersion: 108.0.1462.54, javascriptEnabled: true, ms:edgeOptions: {debuggerAddress: localhost:49778}, msedge: {msedgedriverVersion: 108.0.1462.54 (c2998c8c6617..., userDataDir: C:\Users\shiva\AppData\Loca...}, networkConnectionEnabled: false, pageLoadStrategy: normal, platform: WINDOWS, platformName: WINDOWS, proxy: Proxy(), setWindowRect: true, strictFileInteractability: false, timeouts: {implicit: 0, pageLoad: 300000, script: 30000}, unhandledPromptBehavior: dismiss and notify, webauthn:extension:credBlob: true, webauthn:extension:largeBlob: true, webauthn:virtualAuthenticators: true}
Session ID: 2ed9d65f4d14cfc783d22f7c1ae3528f
	at org.openqa.selenium.remote.http.W3CHttpResponseCodec.decode(W3CHttpResponseCodec.java:120)
	at org.openqa.selenium.remote.http.W3CHttpResponseCodec.decode(W3CHttpResponseCodec.java:49)
	at org.openqa.selenium.remote.HttpCommandExecutor.execute(HttpCommandExecutor.java:158)
	at org.openqa.selenium.remote.service.DriverCommandExecutor.execute(DriverCommandExecutor.java:83)
	at org.openqa.selenium.remote.RemoteWebDriver.execute(RemoteWebDriver.java:552)
	at org.openqa.selenium.remote.RemoteWebDriver.get(RemoteWebDriver.java:277)
	at testpackage.Downloadtest.StartSignInTest(Downloadtest.java:20)
	at java.base/jdk.internal.reflect.NativeMethodAccessorImpl.invoke0(Native Method)
	at java.base/jdk.internal.reflect.NativeMethodAccessorImpl.invoke(NativeMethodAccessorImpl.java:77)
	at java.base/jdk.internal.reflect.DelegatingMethodAccessorImpl.invoke(DelegatingMethodAccessorImpl.java:43)
	at java.base/java.lang.reflect.Method.invoke(Method.java:568)
	at org.testng.internal.invokers.MethodInvocationHelper.invokeMethod(MethodInvocationHelper.java:139)
	at org.testng.internal.invokers.MethodInvocationHelper.invokeMethodConsideringTimeout(MethodInvocationHelper.java:69)
	at org.testng.internal.invokers.ConfigInvoker.invokeConfigurationMethod(ConfigInvoker.java:361)
	at org.testng.internal.invokers.ConfigInvoker.invokeConfigurations(ConfigInvoker.java:296)
	at org.testng.internal.invokers.TestInvoker.runConfigMethods(TestInvoker.java:816)
	at org.testng.internal.invokers.TestInvoker.invokeMethod(TestInvoker.java:590)
	at org.testng.internal.invokers.TestInvoker.invokeTestMethod(TestInvoker.java:221)
	at org.testng.internal.invokers.MethodRunner.runInSequence(MethodRunner.java:50)
	at org.testng.internal.invokers.TestInvoker$MethodInvocationAgent.invoke(TestInvoker.java:962)
	at org.testng.internal.invokers.TestInvoker.invokeTestMethods(TestInvoker.java:194)
	at org.testng.internal.invokers.TestMethodWorker.invokeTestMethods(TestMethodWorker.java:148)
	at org.testng.internal.invokers.TestMethodWorker.run(TestMethodWorker.java:128)
	at java.base/java.util.ArrayList.forEach(ArrayList.java:1511)
	at org.testng.TestRunner.privateRun(TestRunner.java:806)
	at org.testng.TestRunner.run(TestRunner.java:601)
	at org.testng.SuiteRunner.runTest(SuiteRunner.java:433)
	at org.testng.SuiteRunner.runSequentially(SuiteRunner.java:427)
	at org.testng.SuiteRunner.privateRun(SuiteRunner.java:387)
	at org.testng.SuiteRunner.run(SuiteRunner.java:330)
	at org.testng.SuiteRunnerWorker.runSuite(SuiteRunnerWorker.java:52)
	at org.testng.SuiteRunnerWorker.run(SuiteRunnerWorker.java:95)
	at org.testng.TestNG.runSuitesSequentially(TestNG.java:1256)
	at org.testng.TestNG.runSuitesLocally(TestNG.java:1176)
	at org.testng.TestNG.runSuites(TestNG.java:1099)
	at org.testng.TestNG.run(TestNG.java:1067)
	at org.testng.remote.AbstractRemoteTestNG.run(AbstractRemoteTestNG.java:115)
	at org.testng.remote.RemoteTestNG.initAndRun(RemoteTestNG.java:251)
	at org.testng.remote.RemoteTestNG.main(RemoteTestNG.java:77)
</pre></div></td>
<td>0</td>
<td>testpackage.Downloadtest@7c1e2a9e</td></tr>
</table><p>
</body>
</html>