<?xml version="1.0" encoding="UTF-8"?>
<!-- Generated by org.testng.reporters.JUnitXMLReporter -->
<testsuite ignored="16" hostname="LAPTOP-MVNUQ4K1" failures="1" tests="32" name="EdgeTest" time="119.641" errors="0" timestamp="2022-12-21T20:12:55 GMT-05:00">
  <testcase classname="testpackage.Downloadtest" name="@BeforeMethod StartSignInTest" time="0.041">
    <failure type="org.openqa.selenium.UnhandledAlertException" message="unexpected alert open: {Alert text : You selected a context menu}
  (Session info: MicrosoftEdge=108.0.1462.54): You selected a context menu
Build info: version: &amp;apos;3.141.59&amp;apos;, revision: &amp;apos;e82be7d358&amp;apos;, time: &amp;apos;2018-11-14T08:17:03&amp;apos;
System info: host: &amp;apos;LAPTOP-MVNUQ4K1&amp;apos;, ip: &amp;apos;192.168.48.1&amp;apos;, os.name: &amp;apos;Windows 11&amp;apos;, os.arch: &amp;apos;amd64&amp;apos;, os.version: &amp;apos;10.0&amp;apos;, java.version: &amp;apos;17.0.3.1&amp;apos;
Driver info: org.openqa.selenium.edge.EdgeDriver
Capabilities {acceptInsecureCerts: false, browserName: msedge, browserVersion: 108.0.1462.54, javascriptEnabled: true, ms:edgeOptions: {debuggerAddress: localhost:51117}, msedge: {msedgedriverVersion: 108.0.1462.42 (952d9dd5b065..., userDataDir: C:\Users\shiva\AppData\Loca...}, networkConnectionEnabled: false, pageLoadStrategy: normal, platform: WINDOWS, platformName: WINDOWS, proxy: Proxy(), setWindowRect: true, strictFileInteractability: false, timeouts: {implicit: 0, pageLoad: 300000, script: 30000}, unhandledPromptBehavior: dismiss and notify, webauthn:extension:credBlob: true, webauthn:extension:largeBlob: true, webauthn:virtualAuthenticators: true}
Session ID: 57406eed1f33a61c9f995a8ffdfad4eb">
      <![CDATA[org.openqa.selenium.UnhandledAlertException: unexpected alert open: {Alert text : You selected a context menu}
  (Session info: MicrosoftEdge=108.0.1462.54): You selected a context menu
Build info: version: '3.141.59', revision: 'e82be7d358', time: '2018-11-14T08:17:03'
System info: host: 'LAPTOP-MVNUQ4K1', ip: '192.168.48.1', os.name: 'Windows 11', os.arch: 'amd64', os.version: '10.0', java.version: '17.0.3.1'
Driver info: org.openqa.selenium.edge.EdgeDriver
Capabilities {acceptInsecureCerts: false, browserName: msedge, browserVersion: 108.0.1462.54, javascriptEnabled: true, ms:edgeOptions: {debuggerAddress: localhost:51117}, msedge: {msedgedriverVersion: 108.0.1462.42 (952d9dd5b065..., userDataDir: C:\Users\shiva\AppData\Loca...}, networkConnectionEnabled: false, pageLoadStrategy: normal, platform: WINDOWS, platformName: WINDOWS, proxy: Proxy(), setWindowRect: true, strictFileInteractability: false, timeouts: {implicit: 0, pageLoad: 300000, script: 30000}, unhandledPromptBehavior: dismiss and notify, webauthn:extension:credBlob: true, webauthn:extension:largeBlob: true, webauthn:virtualAuthenticators: true}
Session ID: 57406eed1f33a61c9f995a8ffdfad4eb
at org.openqa.selenium.remote.http.W3CHttpResponseCodec.decode(W3CHttpResponseCodec.java:120)
at org.openqa.selenium.remote.http.W3CHttpResponseCodec.decode(W3CHttpResponseCodec.java:49)
at org.openqa.selenium.remote.HttpCommandExecutor.execute(HttpCommandExecutor.java:158)
at org.openqa.selenium.remote.service.DriverCommandExecutor.execute(DriverCommandExecutor.java:83)
at org.openqa.selenium.remote.RemoteWebDriver.execute(RemoteWebDriver.java:552)
at org.openqa.selenium.remote.RemoteWebDriver.get(RemoteWebDriver.java:277)
at testpackage.Downloadtest.StartSignInTest(Downloadtest.java:20)
at java.base/java.util.ArrayList.forEach(ArrayList.java:1511)
... Removed 31 stack frames]]>
    </failure>
  </testcase> <!-- @BeforeMethod StartSignInTest -->
  <testcase classname="testpackage.ContextmenuTest" name="alerttest" time="0.703"/>
  <testcase classname="testpackage.Downloadtest" name="testdownload" time="0.0">
    <skipped/>
  </testcase> <!-- testdownload -->
  <testcase classname="testpackage.DragandDropTest" name="DragtestforA" time="0.519"/>
  <testcase classname="testpackage.DragandDropTest" name="DragtestforB" time="0.486"/>
  <testcase classname="testpackage.DynamiccontentTest" name="Dynamiccontent1test" time="0.813"/>
  <testcase classname="testpackage.DynamiccontentTest" name="Dynamiccontent2test" time="1.042"/>
  <testcase classname="testpackage.DynamiccontentTest" name="Dynamiccontent3test" time="0.936"/>
  <testcase classname="testpackage.Dropdowntest" name="option1test" time="0.418"/>
  <testcase classname="testpackage.Dropdowntest" name="option2test" time="0.332"/>
  <testcase classname="testpackage.DynamicLoadingTest" name="startbuttontest" time="5.81"/>
  <testcase classname="testpackage.Floatingmenutest" name="floatinmenutest" time="0.058"/>
  <testcase classname="testpackage.iframetest" name="Frametest" time="0.402"/>
  <testcase classname="testpackage.IndexTest" name="allIndexTabTest" time="0.306"/>
  <testcase classname="testpackage.IndexTest" name="alternativesTabTest" time="0.254"/>
  <testcase classname="testpackage.IndexTest" name="assetTypeTest" time="0.831"/>
  <testcase classname="testpackage.IndexTest" name="dayColumntest" time="0.573"/>
  <testcase classname="testpackage.IndexTest" name="equityTabTest" time="0.471"/>
  <testcase classname="testpackage.IndexTest" name="esgTabTest" time="0.353"/>
  <testcase classname="testpackage.IndexTest" name="fixedIncomeTabTest" time="0.294"/>
  <testcase classname="testpackage.IndexTest" name="geoRegionTest" time="4.145"/>
  <testcase classname="testpackage.IndexTest" name="indexByKeywordTest" time="0.546"/>
  <testcase classname="testpackage.IndexTest" name="indexByNameTest" time="0.228"/>
  <testcase classname="testpackage.IndexTest" name="indexFamilyTest" time="23.944"/>
  <testcase classname="testpackage.IndexTest" name="indexType" time="0.516"/>
  <testcase classname="testpackage.IndexTest" name="marketingTextTest" time="0.08"/>
  <testcase classname="testpackage.IndexTest" name="multiAssetTabTest" time="0.235"/>
  <testcase classname="testpackage.IndexTest" name="privateMarketTabTest" time="0.226"/>
  <testcase classname="testpackage.IndexTest" name="result_10test" time="0.997"/>
  <testcase classname="testpackage.IndexTest" name="result_20test" time="0.59"/>
  <testcase classname="testpackage.IndexTest" name="result_50test" time="0.704">
    <failure type="org.openqa.selenium.StaleElementReferenceException" message="stale element reference: element is not attached to the page document
  (Session info: MicrosoftEdge=108.0.1462.54)
For documentation on this error, please visit: https://www.seleniumhq.org/exceptions/stale_element_reference.html
Build info: version: &amp;apos;3.141.59&amp;apos;, revision: &amp;apos;e82be7d358&amp;apos;, time: &amp;apos;2018-11-14T08:17:03&amp;apos;
System info: host: &amp;apos;LAPTOP-MVNUQ4K1&amp;apos;, ip: &amp;apos;192.168.48.1&amp;apos;, os.name: &amp;apos;Windows 11&amp;apos;, os.arch: &amp;apos;amd64&amp;apos;, os.version: &amp;apos;10.0&amp;apos;, java.version: &amp;apos;17.0.3.1&amp;apos;
Driver info: org.openqa.selenium.edge.EdgeDriver
Capabilities {acceptInsecureCerts: false, browserName: msedge, browserVersion: 108.0.1462.54, javascriptEnabled: true, ms:edgeOptions: {debuggerAddress: localhost:51117}, msedge: {msedgedriverVersion: 108.0.1462.42 (952d9dd5b065..., userDataDir: C:\Users\shiva\AppData\Loca...}, networkConnectionEnabled: false, pageLoadStrategy: normal, platform: WINDOWS, platformName: WINDOWS, proxy: Proxy(), setWindowRect: true, strictFileInteractability: false, timeouts: {implicit: 0, pageLoad: 300000, script: 30000}, unhandledPromptBehavior: dismiss and notify, webauthn:extension:credBlob: true, webauthn:extension:largeBlob: true, webauthn:virtualAuthenticators: true}
Session ID: 57406eed1f33a61c9f995a8ffdfad4eb">
      <![CDATA[org.openqa.selenium.StaleElementReferenceException: stale element reference: element is not attached to the page document
  (Session info: MicrosoftEdge=108.0.1462.54)
For documentation on this error, please visit: https://www.seleniumhq.org/exceptions/stale_element_reference.html
Build info: version: '3.141.59', revision: 'e82be7d358', time: '2018-11-14T08:17:03'
System info: host: 'LAPTOP-MVNUQ4K1', ip: '192.168.48.1', os.name: 'Windows 11', os.arch: 'amd64', os.version: '10.0', java.version: '17.0.3.1'
Driver info: org.openqa.selenium.edge.EdgeDriver
Capabilities {acceptInsecureCerts: false, browserName: msedge, browserVersion: 108.0.1462.54, javascriptEnabled: true, ms:edgeOptions: {debuggerAddress: localhost:51117}, msedge: {msedgedriverVersion: 108.0.1462.42 (952d9dd5b065..., userDataDir: C:\Users\shiva\AppData\Loca...}, networkConnectionEnabled: false, pageLoadStrategy: normal, platform: WINDOWS, platformName: WINDOWS, proxy: Proxy(), setWindowRect: true, strictFileInteractability: false, timeouts: {implicit: 0, pageLoad: 300000, script: 30000}, unhandledPromptBehavior: dismiss and notify, webauthn:extension:credBlob: true, webauthn:extension:largeBlob: true, webauthn:virtualAuthenticators: true}
Session ID: 57406eed1f33a61c9f995a8ffdfad4eb
at org.openqa.selenium.remote.http.W3CHttpResponseCodec.createException(W3CHttpResponseCodec.java:187)
at org.openqa.selenium.remote.http.W3CHttpResponseCodec.decode(W3CHttpResponseCodec.java:122)
at org.openqa.selenium.remote.http.W3CHttpResponseCodec.decode(W3CHttpResponseCodec.java:49)
at org.openqa.selenium.remote.HttpCommandExecutor.execute(HttpCommandExecutor.java:158)
at org.openqa.selenium.remote.service.DriverCommandExecutor.execute(DriverCommandExecutor.java:83)
at org.openqa.selenium.remote.RemoteWebDriver.execute(RemoteWebDriver.java:552)
at org.openqa.selenium.remote.RemoteWebDriver.perform(RemoteWebDriver.java:618)
at org.openqa.selenium.interactions.Actions$BuiltAction.perform(Actions.java:639)
at pagepackage.Index.result50(Index.java:237)
at testpackage.IndexTest.result_50test(IndexTest.java:91)
at java.base/java.util.ArrayList.forEach(ArrayList.java:1511)
... Removed 32 stack frames]]>
    </failure>
  </testcase> <!-- result_50test -->
  <testcase classname="testpackage.IndexTest" name="tabListTest" time="0.348"/>
  <testcase classname="testpackage.IndexTest" name="weekColumntest" time="0.645"/>
  <testcase classname="basepackage.BaseTest" name="@BeforeTest initiate" time="0.0">
    <ignored/>
  </testcase> <!-- @BeforeTest initiate -->
  <testcase classname="basepackage.BaseTest" name="@BeforeTest initiate" time="0.0">
    <ignored/>
  </testcase> <!-- @BeforeTest initiate -->
  <testcase classname="basepackage.BaseTest" name="@BeforeTest initiate" time="0.0">
    <ignored/>
  </testcase> <!-- @BeforeTest initiate -->
  <testcase classname="basepackage.BaseTest" name="@BeforeTest initiate" time="0.0">
    <ignored/>
  </testcase> <!-- @BeforeTest initiate -->
  <testcase classname="basepackage.BaseTest" name="@BeforeTest initiate" time="0.0">
    <ignored/>
  </testcase> <!-- @BeforeTest initiate -->
  <testcase classname="basepackage.BaseTest" name="@BeforeTest initiate" time="0.0">
    <ignored/>
  </testcase> <!-- @BeforeTest initiate -->
  <testcase classname="basepackage.BaseTest" name="@AfterTest quitbrowser" time="0.0">
    <ignored/>
  </testcase> <!-- @AfterTest quitbrowser -->
  <testcase classname="basepackage.BaseTest" name="@AfterTest quitbrowser" time="0.0">
    <ignored/>
  </testcase> <!-- @AfterTest quitbrowser -->
  <testcase classname="basepackage.BaseTest" name="@AfterTest quitbrowser" time="0.0">
    <ignored/>
  </testcase> <!-- @AfterTest quitbrowser -->
  <testcase classname="basepackage.BaseTest" name="@BeforeTest initiate" time="0.0">
    <ignored/>
  </testcase> <!-- @BeforeTest initiate -->
  <testcase classname="basepackage.BaseTest" name="@AfterTest quitbrowser" time="0.0">
    <ignored/>
  </testcase> <!-- @AfterTest quitbrowser -->
  <testcase classname="basepackage.BaseTest" name="@AfterTest quitbrowser" time="0.0">
    <ignored/>
  </testcase> <!-- @AfterTest quitbrowser -->
  <testcase classname="basepackage.BaseTest" name="@AfterTest quitbrowser" time="0.0">
    <ignored/>
  </testcase> <!-- @AfterTest quitbrowser -->
  <testcase classname="basepackage.BaseTest" name="@AfterTest quitbrowser" time="0.0">
    <ignored/>
  </testcase> <!-- @AfterTest quitbrowser -->
  <testcase classname="basepackage.BaseTest" name="@AfterTest quitbrowser" time="0.0">
    <ignored/>
  </testcase> <!-- @AfterTest quitbrowser -->
  <testcase classname="basepackage.BaseTest" name="@BeforeTest initiate" time="0.0">
    <ignored/>
  </testcase> <!-- @BeforeTest initiate -->
</testsuite> <!-- EdgeTest -->
