<!DOCTYPE html PUBLIC "-//W3C//DTD XHTML 1.1//EN" "https://www.w3.org/TR/xhtml11/DTD/xhtml11.dtd">
<html xmlns="https://www.w3.org/1999/xhtml">
<head>
<meta http-equiv="content-type" content="text/html; charset=UTF-8"/>
<title>TestNG Report</title>
<style type="text/css">table {margin-bottom:10px;border-collapse:collapse;empty-cells:show}th,td {border:1px solid #009;padding:.25em .5em}th {vertical-align:bottom}td {vertical-align:top}table a {font-weight:bold}.stripe td {background-color: #E6EBF9}.num {text-align:right}.passedodd td {background-color: #3F3}.passedeven td {background-color: #0A0}.skippedodd td {background-color: #DDD}.skippedeven td {background-color: #CCC}.failedodd td,.attn {background-color: #F33}.failedeven td,.stripe .attn {background-color: #D00}.stacktrace {white-space:pre;font-family:monospace}.totop {font-size:85%;text-align:center;border-bottom:2px solid #000}.invisible {display:none}</style>
</head>
<body>
<table>
<tr><th>Test</th><th># Passed</th><th># Skipped</th><th># Retried</th><th># Failed</th><th>Time (ms)</th><th>Included Groups</th><th>Excluded Groups</th></tr>
<tr><th colspan="8">Command line suite</th></tr>
<tr><td><a href="#t0">Command line test</a></td><td class="num">0</td><td class="num attn">240</td><td class="num">0</td><td class="num">0</td><td class="num">1,046</td><td></td><td></td></tr>
</table>
<table id='summary'><thead><tr><th>Class</th><th>Method</th><th>Start</th><th>Time (ms)</th></tr></thead><tbody><tr><th colspan="4">Command line suite</th></tr></tbody><tbody id="t0"><tr><th colspan="4">Command line test &#8212; failed (configuration methods)</th></tr><tr class="failedeven"><td rowspan="1">testpackage.CheckBoxTest</td><td><a href="#m0">initiate</a></td><td rowspan="1">1679782649455</td><td rowspan="1">-1679782649455</td></tr><tr><th colspan="4">Command line test &#8212; skipped (configuration methods)</th></tr><tr class="skippedeven"><td rowspan="4">testpackage.CheckBoxTest</td><td><a href="#m1">StartSignInTest</a></td><td rowspan="2">1679782649543</td><td rowspan="2">0</td></tr><tr class="skippedeven"><td><a href="#m2">StartSignInTest</a></td></tr><tr class="skippedeven"><td><a href="#m3">getDriver</a></td><td rowspan="1">1679782649514</td><td rowspan="1">0</td></tr><tr class="skippedeven"><td><a href="#m4">quitbrowser</a></td><td rowspan="1">1679782650479</td><td rowspan="1">0</td></tr><tr class="skippedodd"><td rowspan="2">testpackage.ContextmenuTest</td><td><a href="#m5">StartSignInTest</a></td><td rowspan="1">1679782649546</td><td rowspan="1">0</td></tr><tr class="skippedodd"><td><a href="#m6">getDriver</a></td><td rowspan="1">1679782649545</td><td rowspan="1">0</td></tr><tr class="skippedeven"><td rowspan="3">testpackage.DragandDropTest</td><td><a href="#m7">StartSignInTest</a></td><td rowspan="2">1679782649547</td><td rowspan="2">0</td></tr><tr class="skippedeven"><td><a href="#m8">StartSignInTest</a></td></tr><tr class="skippedeven"><td><a href="#m9">getDriver</a></td><td rowspan="1">1679782649546</td><td rowspan="1">0</td></tr><tr class="skippedodd"><td rowspan="2">testpackage.DynamicLoadingTest</td><td><a href="#m10">StartSignInTest</a></td><td rowspan="1">1679782649552</td><td rowspan="1">0</td></tr><tr class="skippedodd"><td><a href="#m11">getDriver</a></td><td rowspan="1">1679782649551</td><td rowspan="1">0</td></tr><tr class="skippedeven"><td rowspan="4">testpackage.DynamiccontentTest</td><td><a href="#m12">StartSignInTest</a></td><td rowspan="3">1679782649549</td><td rowspan="3">0</td></tr><tr class="skippedeven"><td><a href="#m13">StartSignInTest</a></td></tr><tr class="skippedeven"><td><a href="#m14">StartSignInTest</a></td></tr><tr class="skippedeven"><td><a href="#m15">getDriver</a></td><td rowspan="1">1679782649549</td><td rowspan="1">0</td></tr><tr class="skippedodd"><td rowspan="21">testpackage.IndexTest</td><td><a href="#m16">getDriver</a></td><td rowspan="1">1679782649553</td><td rowspan="1">0</td></tr><tr class="skippedodd"><td><a href="#m17">indexTest</a></td><td rowspan="20">1679782649557</td><td rowspan="20">0</td></tr><tr class="skippedodd"><td><a href="#m18">indexTest</a></td></tr><tr class="skippedodd"><td><a href="#m19">indexTest</a></td></tr><tr class="skippedodd"><td><a href="#m20">indexTest</a></td></tr><tr class="skippedodd"><td><a href="#m21">indexTest</a></td></tr><tr class="skippedodd"><td><a href="#m22">indexTest</a></td></tr><tr class="skippedodd"><td><a href="#m23">indexTest</a></td></tr><tr class="skippedodd"><td><a href="#m24">indexTest</a></td></tr><tr class="skippedodd"><td><a href="#m25">indexTest</a></td></tr><tr class="skippedodd"><td><a href="#m26">indexTest</a></td></tr><tr class="skippedodd"><td><a href="#m27">indexTest</a></td></tr><tr class="skippedodd"><td><a href="#m28">indexTest</a></td></tr><tr class="skippedodd"><td><a href="#m29">indexTest</a></td></tr><tr class="skippedodd"><td><a href="#m30">indexTest</a></td></tr><tr class="skippedodd"><td><a href="#m31">indexTest</a></td></tr><tr class="skippedodd"><td><a href="#m32">indexTest</a></td></tr><tr class="skippedodd"><td><a href="#m33">indexTest</a></td></tr><tr class="skippedodd"><td><a href="#m34">indexTest</a></td></tr><tr class="skippedodd"><td><a href="#m35">indexTest</a></td></tr><tr class="skippedodd"><td><a href="#m36">indexTest</a></td></tr><tr class="skippedeven"><td rowspan="4">testpackage.JSAlertTest</td><td><a href="#m37">StartSignInTest</a></td><td rowspan="3">1679782649575</td><td rowspan="3">0</td></tr><tr class="skippedeven"><td><a href="#m38">StartSignInTest</a></td></tr><tr class="skippedeven"><td><a href="#m39">StartSignInTest</a></td></tr><tr class="skippedeven"><td><a href="#m40">getDriver</a></td><td rowspan="1">1679782649572</td><td rowspan="1">0</td></tr><tr class="skippedodd"><td rowspan="206">testpackage.LoginPageTest</td><td><a href="#m41">StartSignInTest</a></td><td rowspan="205">1679782650465</td><td rowspan="205">0</td></tr><tr class="skippedodd"><td><a href="#m42">StartSignInTest</a></td></tr><tr class="skippedodd"><td><a href="#m43">StartSignInTest</a></td></tr><tr class="skippedodd"><td><a href="#m44">StartSignInTest</a></td></tr><tr class="skippedodd"><td><a href="#m45">StartSignInTest</a></td></tr><tr class="skippedodd"><td><a href="#m46">StartSignInTest</a></td></tr><tr class="skippedodd"><td><a href="#m47">StartSignInTest</a></td></tr><tr class="skippedodd"><td><a href="#m48">StartSignInTest</a></td></tr><tr class="skippedodd"><td><a href="#m49">StartSignInTest</a></td></tr><tr class="skippedodd"><td><a href="#m50">StartSignInTest</a></td></tr><tr class="skippedodd"><td><a href="#m51">StartSignInTest</a></td></tr><tr class="skippedodd"><td><a href="#m52">StartSignInTest</a></td></tr><tr class="skippedodd"><td><a href="#m53">StartSignInTest</a></td></tr><tr class="skippedodd"><td><a href="#m54">StartSignInTest</a></td></tr><tr class="skippedodd"><td><a href="#m55">StartSignInTest</a></td></tr><tr class="skippedodd"><td><a href="#m56">StartSignInTest</a></td></tr><tr class="skippedodd"><td><a href="#m57">StartSignInTest</a></td></tr><tr class="skippedodd"><td><a href="#m58">StartSignInTest</a></td></tr><tr class="skippedodd"><td><a href="#m59">StartSignInTest</a></td></tr><tr class="skippedodd"><td><a href="#m60">StartSignInTest</a></td></tr><tr class="skippedodd"><td><a href="#m61">StartSignInTest</a></td></tr><tr class="skippedodd"><td><a href="#m62">StartSignInTest</a></td></tr><tr class="skippedodd"><td><a href="#m63">StartSignInTest</a></td></tr><tr class="skippedodd"><td><a href="#m64">StartSignInTest</a></td></tr><tr class="skippedodd"><td><a href="#m65">StartSignInTest</a></td></tr><tr class="skippedodd"><td><a href="#m66">StartSignInTest</a></td></tr><tr class="skippedodd"><td><a href="#m67">StartSignInTest</a></td></tr><tr class="skippedodd"><td><a href="#m68">StartSignInTest</a></td></tr><tr class="skippedodd"><td><a href="#m69">StartSignInTest</a></td></tr><tr class="skippedodd"><td><a href="#m70">StartSignInTest</a></td></tr><tr class="skippedodd"><td><a href="#m71">StartSignInTest</a></td></tr><tr class="skippedodd"><td><a href="#m72">StartSignInTest</a></td></tr><tr class="skippedodd"><td><a href="#m73">StartSignInTest</a></td></tr><tr class="skippedodd"><td><a href="#m74">StartSignInTest</a></td></tr><tr class="skippedodd"><td><a href="#m75">StartSignInTest</a></td></tr><tr class="skippedodd"><td><a href="#m76">StartSignInTest</a></td></tr><tr class="skippedodd"><td><a href="#m77">StartSignInTest</a></td></tr><tr class="skippedodd"><td><a href="#m78">StartSignInTest</a></td></tr><tr class="skippedodd"><td><a href="#m79">StartSignInTest</a></td></tr><tr class="skippedodd"><td><a href="#m80">StartSignInTest</a></td></tr><tr class="skippedodd"><td><a href="#m81">StartSignInTest</a></td></tr><tr class="skippedodd"><td><a href="#m82">StartSignInTest</a></td></tr><tr class="skippedodd"><td><a href="#m83">StartSignInTest</a></td></tr><tr class="skippedodd"><td><a href="#m84">StartSignInTest</a></td></tr><tr class="skippedodd"><td><a href="#m85">StartSignInTest</a></td></tr><tr class="skippedodd"><td><a href="#m86">StartSignInTest</a></td></tr><tr class="skippedodd"><td><a href="#m87">StartSignInTest</a></td></tr><tr class="skippedodd"><td><a href="#m88">StartSignInTest</a></td></tr><tr class="skippedodd"><td><a href="#m89">StartSignInTest</a></td></tr><tr class="skippedodd"><td><a href="#m90">StartSignInTest</a></td></tr><tr class="skippedodd"><td><a href="#m91">StartSignInTest</a></td></tr><tr class="skippedodd"><td><a href="#m92">StartSignInTest</a></td></tr><tr class="skippedodd"><td><a href="#m93">StartSignInTest</a></td></tr><tr class="skippedodd"><td><a href="#m94">StartSignInTest</a></td></tr><tr class="skippedodd"><td><a href="#m95">StartSignInTest</a></td></tr><tr class="skippedodd"><td><a href="#m96">StartSignInTest</a></td></tr><tr class="skippedodd"><td><a href="#m97">StartSignInTest</a></td></tr><tr class="skippedodd"><td><a href="#m98">StartSignInTest</a></td></tr><tr class="skippedodd"><td><a href="#m99">StartSignInTest</a></td></tr><tr class="skippedodd"><td><a href="#m100">StartSignInTest</a></td></tr><tr class="skippedodd"><td><a href="#m101">StartSignInTest</a></td></tr><tr class="skippedodd"><td><a href="#m102">StartSignInTest</a></td></tr><tr class="skippedodd"><td><a href="#m103">StartSignInTest</a></td></tr><tr class="skippedodd"><td><a href="#m104">StartSignInTest</a></td></tr><tr class="skippedodd"><td><a href="#m105">StartSignInTest</a></td></tr><tr class="skippedodd"><td><a href="#m106">StartSignInTest</a></td></tr><tr class="skippedodd"><td><a href="#m107">StartSignInTest</a></td></tr><tr class="skippedodd"><td><a href="#m108">StartSignInTest</a></td></tr><tr class="skippedodd"><td><a href="#m109">StartSignInTest</a></td></tr><tr class="skippedodd"><td><a href="#m110">StartSignInTest</a></td></tr><tr class="skippedodd"><td><a href="#m111">StartSignInTest</a></td></tr><tr class="skippedodd"><td><a href="#m112">StartSignInTest</a></td></tr><tr class="skippedodd"><td><a href="#m113">StartSignInTest</a></td></tr><tr class="skippedodd"><td><a href="#m114">StartSignInTest</a></td></tr><tr class="skippedodd"><td><a href="#m115">StartSignInTest</a></td></tr><tr class="skippedodd"><td><a href="#m116">StartSignInTest</a></td></tr><tr class="skippedodd"><td><a href="#m117">StartSignInTest</a></td></tr><tr class="skippedodd"><td><a href="#m118">StartSignInTest</a></td></tr><tr class="skippedodd"><td><a href="#m119">StartSignInTest</a></td></tr><tr class="skippedodd"><td><a href="#m120">StartSignInTest</a></td></tr><tr class="skippedodd"><td><a href="#m121">StartSignInTest</a></td></tr><tr class="skippedodd"><td><a href="#m122">StartSignInTest</a></td></tr><tr class="skippedodd"><td><a href="#m123">StartSignInTest</a></td></tr><tr class="skippedodd"><td><a href="#m124">StartSignInTest</a></td></tr><tr class="skippedodd"><td><a href="#m125">StartSignInTest</a></td></tr><tr class="skippedodd"><td><a href="#m126">StartSignInTest</a></td></tr><tr class="skippedodd"><td><a href="#m127">StartSignInTest</a></td></tr><tr class="skippedodd"><td><a href="#m128">StartSignInTest</a></td></tr><tr class="skippedodd"><td><a href="#m129">StartSignInTest</a></td></tr><tr class="skippedodd"><td><a href="#m130">StartSignInTest</a></td></tr><tr class="skippedodd"><td><a href="#m131">StartSignInTest</a></td></tr><tr class="skippedodd"><td><a href="#m132">StartSignInTest</a></td></tr><tr class="skippedodd"><td><a href="#m133">StartSignInTest</a></td></tr><tr class="skippedodd"><td><a href="#m134">StartSignInTest</a></td></tr><tr class="skippedodd"><td><a href="#m135">StartSignInTest</a></td></tr><tr class="skippedodd"><td><a href="#m136">StartSignInTest</a></td></tr><tr class="skippedodd"><td><a href="#m137">StartSignInTest</a></td></tr><tr class="skippedodd"><td><a href="#m138">StartSignInTest</a></td></tr><tr class="skippedodd"><td><a href="#m139">StartSignInTest</a></td></tr><tr class="skippedodd"><td><a href="#m140">StartSignInTest</a></td></tr><tr class="skippedodd"><td><a href="#m141">StartSignInTest</a></td></tr><tr class="skippedodd"><td><a href="#m142">StartSignInTest</a></td></tr><tr class="skippedodd"><td><a href="#m143">StartSignInTest</a></td></tr><tr class="skippedodd"><td><a href="#m144">StartSignInTest</a></td></tr><tr class="skippedodd"><td><a href="#m145">StartSignInTest</a></td></tr><tr class="skippedodd"><td><a href="#m146">StartSignInTest</a></td></tr><tr class="skippedodd"><td><a href="#m147">StartSignInTest</a></td></tr><tr class="skippedodd"><td><a href="#m148">StartSignInTest</a></td></tr><tr class="skippedodd"><td><a href="#m149">StartSignInTest</a></td></tr><tr class="skippedodd"><td><a href="#m150">StartSignInTest</a></td></tr><tr class="skippedodd"><td><a href="#m151">StartSignInTest</a></td></tr><tr class="skippedodd"><td><a href="#m152">StartSignInTest</a></td></tr><tr class="skippedodd"><td><a href="#m153">StartSignInTest</a></td></tr><tr class="skippedodd"><td><a href="#m154">StartSignInTest</a></td></tr><tr class="skippedodd"><td><a href="#m155">StartSignInTest</a></td></tr><tr class="skippedodd"><td><a href="#m156">StartSignInTest</a></td></tr><tr class="skippedodd"><td><a href="#m157">StartSignInTest</a></td></tr><tr class="skippedodd"><td><a href="#m158">StartSignInTest</a></td></tr><tr class="skippedodd"><td><a href="#m159">StartSignInTest</a></td></tr><tr class="skippedodd"><td><a href="#m160">StartSignInTest</a></td></tr><tr class="skippedodd"><td><a href="#m161">StartSignInTest</a></td></tr><tr class="skippedodd"><td><a href="#m162">StartSignInTest</a></td></tr><tr class="skippedodd"><td><a href="#m163">StartSignInTest</a></td></tr><tr class="skippedodd"><td><a href="#m164">StartSignInTest</a></td></tr><tr class="skippedodd"><td><a href="#m165">StartSignInTest</a></td></tr><tr class="skippedodd"><td><a href="#m166">StartSignInTest</a></td></tr><tr class="skippedodd"><td><a href="#m167">StartSignInTest</a></td></tr><tr class="skippedodd"><td><a href="#m168">StartSignInTest</a></td></tr><tr class="skippedodd"><td><a href="#m169">StartSignInTest</a></td></tr><tr class="skippedodd"><td><a href="#m170">StartSignInTest</a></td></tr><tr class="skippedodd"><td><a href="#m171">StartSignInTest</a></td></tr><tr class="skippedodd"><td><a href="#m172">StartSignInTest</a></td></tr><tr class="skippedodd"><td><a href="#m173">StartSignInTest</a></td></tr><tr class="skippedodd"><td><a href="#m174">StartSignInTest</a></td></tr><tr class="skippedodd"><td><a href="#m175">StartSignInTest</a></td></tr><tr class="skippedodd"><td><a href="#m176">StartSignInTest</a></td></tr><tr class="skippedodd"><td><a href="#m177">StartSignInTest</a></td></tr><tr class="skippedodd"><td><a href="#m178">StartSignInTest</a></td></tr><tr class="skippedodd"><td><a href="#m179">StartSignInTest</a></td></tr><tr class="skippedodd"><td><a href="#m180">StartSignInTest</a></td></tr><tr class="skippedodd"><td><a href="#m181">StartSignInTest</a></td></tr><tr class="skippedodd"><td><a href="#m182">StartSignInTest</a></td></tr><tr class="skippedodd"><td><a href="#m183">StartSignInTest</a></td></tr><tr class="skippedodd"><td><a href="#m184">StartSignInTest</a></td></tr><tr class="skippedodd"><td><a href="#m185">StartSignInTest</a></td></tr><tr class="skippedodd"><td><a href="#m186">StartSignInTest</a></td></tr><tr class="skippedodd"><td><a href="#m187">StartSignInTest</a></td></tr><tr class="skippedodd"><td><a href="#m188">StartSignInTest</a></td></tr><tr class="skippedodd"><td><a href="#m189">StartSignInTest</a></td></tr><tr class="skippedodd"><td><a href="#m190">StartSignInTest</a></td></tr><tr class="skippedodd"><td><a href="#m191">StartSignInTest</a></td></tr><tr class="skippedodd"><td><a href="#m192">StartSignInTest</a></td></tr><tr class="skippedodd"><td><a href="#m193">StartSignInTest</a></td></tr><tr class="skippedodd"><td><a href="#m194">StartSignInTest</a></td></tr><tr class="skippedodd"><td><a href="#m195">StartSignInTest</a></td></tr><tr class="skippedodd"><td><a href="#m196">StartSignInTest</a></td></tr><tr class="skippedodd"><td><a href="#m197">StartSignInTest</a></td></tr><tr class="skippedodd"><td><a href="#m198">StartSignInTest</a></td></tr><tr class="skippedodd"><td><a href="#m199">StartSignInTest</a></td></tr><tr class="skippedodd"><td><a href="#m200">StartSignInTest</a></td></tr><tr class="skippedodd"><td><a href="#m201">StartSignInTest</a></td></tr><tr class="skippedodd"><td><a href="#m202">StartSignInTest</a></td></tr><tr class="skippedodd"><td><a href="#m203">StartSignInTest</a></td></tr><tr class="skippedodd"><td><a href="#m204">StartSignInTest</a></td></tr><tr class="skippedodd"><td><a href="#m205">StartSignInTest</a></td></tr><tr class="skippedodd"><td><a href="#m206">StartSignInTest</a></td></tr><tr class="skippedodd"><td><a href="#m207">StartSignInTest</a></td></tr><tr class="skippedodd"><td><a href="#m208">StartSignInTest</a></td></tr><tr class="skippedodd"><td><a href="#m209">StartSignInTest</a></td></tr><tr class="skippedodd"><td><a href="#m210">StartSignInTest</a></td></tr><tr class="skippedodd"><td><a href="#m211">StartSignInTest</a></td></tr><tr class="skippedodd"><td><a href="#m212">StartSignInTest</a></td></tr><tr class="skippedodd"><td><a href="#m213">StartSignInTest</a></td></tr><tr class="skippedodd"><td><a href="#m214">StartSignInTest</a></td></tr><tr class="skippedodd"><td><a href="#m215">StartSignInTest</a></td></tr><tr class="skippedodd"><td><a href="#m216">StartSignInTest</a></td></tr><tr class="skippedodd"><td><a href="#m217">StartSignInTest</a></td></tr><tr class="skippedodd"><td><a href="#m218">StartSignInTest</a></td></tr><tr class="skippedodd"><td><a href="#m219">StartSignInTest</a></td></tr><tr class="skippedodd"><td><a href="#m220">StartSignInTest</a></td></tr><tr class="skippedodd"><td><a href="#m221">StartSignInTest</a></td></tr><tr class="skippedodd"><td><a href="#m222">StartSignInTest</a></td></tr><tr class="skippedodd"><td><a href="#m223">StartSignInTest</a></td></tr><tr class="skippedodd"><td><a href="#m224">StartSignInTest</a></td></tr><tr class="skippedodd"><td><a href="#m225">StartSignInTest</a></td></tr><tr class="skippedodd"><td><a href="#m226">StartSignInTest</a></td></tr><tr class="skippedodd"><td><a href="#m227">StartSignInTest</a></td></tr><tr class="skippedodd"><td><a href="#m228">StartSignInTest</a></td></tr><tr class="skippedodd"><td><a href="#m229">StartSignInTest</a></td></tr><tr class="skippedodd"><td><a href="#m230">StartSignInTest</a></td></tr><tr class="skippedodd"><td><a href="#m231">StartSignInTest</a></td></tr><tr class="skippedodd"><td><a href="#m232">StartSignInTest</a></td></tr><tr class="skippedodd"><td><a href="#m233">StartSignInTest</a></td></tr><tr class="skippedodd"><td><a href="#m234">StartSignInTest</a></td></tr><tr class="skippedodd"><td><a href="#m235">StartSignInTest</a></td></tr><tr class="skippedodd"><td><a href="#m236">StartSignInTest</a></td></tr><tr class="skippedodd"><td><a href="#m237">StartSignInTest</a></td></tr><tr class="skippedodd"><td><a href="#m238">StartSignInTest</a></td></tr><tr class="skippedodd"><td><a href="#m239">StartSignInTest</a></td></tr><tr class="skippedodd"><td><a href="#m240">StartSignInTest</a></td></tr><tr class="skippedodd"><td><a href="#m241">StartSignInTest</a></td></tr><tr class="skippedodd"><td><a href="#m242">StartSignInTest</a></td></tr><tr class="skippedodd"><td><a href="#m243">StartSignInTest</a></td></tr><tr class="skippedodd"><td><a href="#m244">StartSignInTest</a></td></tr><tr class="skippedodd"><td><a href="#m245">StartSignInTest</a></td></tr><tr class="skippedodd"><td><a href="#m246">getDriver</a></td><td rowspan="1">1679782649576</td><td rowspan="1">0</td></tr><tr class="skippedeven"><td rowspan="2">testpackage.MousHoverTest</td><td><a href="#m247">StartSignInTest</a></td><td rowspan="1">1679782650477</td><td rowspan="1">0</td></tr><tr class="skippedeven"><td><a href="#m248">getDriver</a></td><td rowspan="1">1679782650476</td><td rowspan="1">0</td></tr><tr class="skippedodd"><td rowspan="2">testpackage.NewTabTest</td><td><a href="#m249">StartSignInTest</a></td><td rowspan="1">1679782650477</td><td rowspan="1">0</td></tr><tr class="skippedodd"><td><a href="#m250">getDriver</a></td><td rowspan="1">1679782650477</td><td rowspan="1">0</td></tr><tr class="skippedeven"><td rowspan="2">testpackage.NotificationTest</td><td><a href="#m251">StartSignInTest</a></td><td rowspan="1">1679782650479</td><td rowspan="1">0</td></tr><tr class="skippedeven"><td><a href="#m252">getDriver</a></td><td rowspan="1">1679782650478</td><td rowspan="1">0</td></tr><tr><th colspan="4">Command line test &#8212; skipped</th></tr><tr class="skippedeven"><td rowspan="2">testpackage.CheckBoxTest</td><td><a href="#m253">CheckedCheckBoxtest</a></td><td rowspan="1">1679782649537</td><td rowspan="1">0</td></tr><tr class="skippedeven"><td><a href="#m254">UncheckedCheckBoxtest</a></td><td rowspan="1">1679782649544</td><td rowspan="1">0</td></tr><tr class="skippedodd"><td rowspan="1">testpackage.ContextmenuTest</td><td><a href="#m255">alerttest</a></td><td rowspan="1">1679782649546</td><td rowspan="1">0</td></tr><tr class="skippedeven"><td rowspan="2">testpackage.DragandDropTest</td><td><a href="#m256">DragtestforA</a></td><td rowspan="1">1679782649547</td><td rowspan="1">0</td></tr><tr class="skippedeven"><td><a href="#m257">DragtestforB</a></td><td rowspan="1">1679782649548</td><td rowspan="1">0</td></tr><tr class="skippedodd"><td rowspan="1">testpackage.DynamicLoadingTest</td><td><a href="#m258">startbuttontest</a></td><td rowspan="1">1679782649552</td><td rowspan="1">0</td></tr><tr class="skippedeven"><td rowspan="3">testpackage.DynamiccontentTest</td><td><a href="#m259">Dynamiccontent1test</a></td><td rowspan="1">1679782649549</td><td rowspan="1">0</td></tr><tr class="skippedeven"><td><a href="#m260">Dynamiccontent2test</a></td><td rowspan="1">1679782649550</td><td rowspan="1">0</td></tr><tr class="skippedeven"><td><a href="#m261">Dynamiccontent3test</a></td><td rowspan="1">1679782649551</td><td rowspan="1">0</td></tr><tr class="skippedodd"><td rowspan="20">testpackage.IndexTest</td><td><a href="#m262">allIndexTabTest</a></td><td rowspan="1">1679782649554</td><td rowspan="1">0</td></tr><tr class="skippedodd"><td><a href="#m263">alternativesTabTest</a></td><td rowspan="1">1679782649555</td><td rowspan="1">0</td></tr><tr class="skippedodd"><td><a href="#m264">assetTypeTest</a></td><td rowspan="1">1679782649555</td><td rowspan="1">0</td></tr><tr class="skippedodd"><td><a href="#m265">dayColumntest</a></td><td rowspan="1">1679782649556</td><td rowspan="1">1</td></tr><tr class="skippedodd"><td><a href="#m266">equityTabTest</a></td><td rowspan="1">1679782649557</td><td rowspan="1">0</td></tr><tr class="skippedodd"><td><a href="#m267">esgTabTest</a></td><td rowspan="1">1679782649558</td><td rowspan="1">0</td></tr><tr class="skippedodd"><td><a href="#m268">fixedIncomeTabTest</a></td><td rowspan="1">1679782649559</td><td rowspan="1">0</td></tr><tr class="skippedodd"><td><a href="#m269">geoRegionTest</a></td><td rowspan="1">1679782649560</td><td rowspan="1">0</td></tr><tr class="skippedodd"><td><a href="#m270">indexByKeywordTest</a></td><td rowspan="1">1679782649561</td><td rowspan="1">0</td></tr><tr class="skippedodd"><td><a href="#m271">indexByNameTest</a></td><td rowspan="1">1679782649562</td><td rowspan="1">0</td></tr><tr class="skippedodd"><td><a href="#m272">indexFamilyTest</a></td><td rowspan="1">1679782649563</td><td rowspan="1">0</td></tr><tr class="skippedodd"><td><a href="#m273">indexType</a></td><td rowspan="1">1679782649564</td><td rowspan="1">0</td></tr><tr class="skippedodd"><td><a href="#m274">marketingTextTest</a></td><td rowspan="1">1679782649565</td><td rowspan="1">0</td></tr><tr class="skippedodd"><td><a href="#m275">multiAssetTabTest</a></td><td rowspan="1">1679782649566</td><td rowspan="1">0</td></tr><tr class="skippedodd"><td><a href="#m276">privateMarketTabTest</a></td><td rowspan="1">1679782649567</td><td rowspan="1">0</td></tr><tr class="skippedodd"><td><a href="#m277">result_10test</a></td><td rowspan="1">1679782649568</td><td rowspan="1">0</td></tr><tr class="skippedodd"><td><a href="#m278">result_20test</a></td><td rowspan="1">1679782649569</td><td rowspan="1">0</td></tr><tr class="skippedodd"><td><a href="#m279">result_50test</a></td><td rowspan="1">1679782649569</td><td rowspan="1">0</td></tr><tr class="skippedodd"><td><a href="#m280">tabListTest</a></td><td rowspan="1">1679782649571</td><td rowspan="1">0</td></tr><tr class="skippedodd"><td><a href="#m281">weekColumntest</a></td><td rowspan="1">1679782649572</td><td rowspan="1">0</td></tr><tr class="skippedeven"><td rowspan="3">testpackage.JSAlertTest</td><td><a href="#m282">jsalerttest</a></td><td rowspan="1">1679782649574</td><td rowspan="1">0</td></tr><tr class="skippedeven"><td><a href="#m283">jsconfirmtest</a></td><td rowspan="1">1679782649575</td><td rowspan="1">0</td></tr><tr class="skippedeven"><td><a href="#m284">jsprompttest</a></td><td rowspan="1">1679782649576</td><td rowspan="1">0</td></tr><tr class="skippedodd"><td rowspan="205">testpackage.LoginPageTest</td><td><a href="#m285">failloginbuttontest</a></td><td rowspan="204">1679782650473</td><td rowspan="204">0</td></tr><tr class="skippedodd"><td><a href="#m286">failloginbuttontest</a></td></tr><tr class="skippedodd"><td><a href="#m287">failloginbuttontest</a></td></tr><tr class="skippedodd"><td><a href="#m288">failloginbuttontest</a></td></tr><tr class="skippedodd"><td><a href="#m289">failloginbuttontest</a></td></tr><tr class="skippedodd"><td><a href="#m290">failloginbuttontest</a></td></tr><tr class="skippedodd"><td><a href="#m291">failloginbuttontest</a></td></tr><tr class="skippedodd"><td><a href="#m292">failloginbuttontest</a></td></tr><tr class="skippedodd"><td><a href="#m293">failloginbuttontest</a></td></tr><tr class="skippedodd"><td><a href="#m294">failloginbuttontest</a></td></tr><tr class="skippedodd"><td><a href="#m295">failloginbuttontest</a></td></tr><tr class="skippedodd"><td><a href="#m296">failloginbuttontest</a></td></tr><tr class="skippedodd"><td><a href="#m297">failloginbuttontest</a></td></tr><tr class="skippedodd"><td><a href="#m298">failloginbuttontest</a></td></tr><tr class="skippedodd"><td><a href="#m299">failloginbuttontest</a></td></tr><tr class="skippedodd"><td><a href="#m300">failloginbuttontest</a></td></tr><tr class="skippedodd"><td><a href="#m301">failloginbuttontest</a></td></tr><tr class="skippedodd"><td><a href="#m302">failloginbuttontest</a></td></tr><tr class="skippedodd"><td><a href="#m303">failloginbuttontest</a></td></tr><tr class="skippedodd"><td><a href="#m304">failloginbuttontest</a></td></tr><tr class="skippedodd"><td><a href="#m305">failloginbuttontest</a></td></tr><tr class="skippedodd"><td><a href="#m306">failloginbuttontest</a></td></tr><tr class="skippedodd"><td><a href="#m307">failloginbuttontest</a></td></tr><tr class="skippedodd"><td><a href="#m308">failloginbuttontest</a></td></tr><tr class="skippedodd"><td><a href="#m309">failloginbuttontest</a></td></tr><tr class="skippedodd"><td><a href="#m310">failloginbuttontest</a></td></tr><tr class="skippedodd"><td><a href="#m311">failloginbuttontest</a></td></tr><tr class="skippedodd"><td><a href="#m312">failloginbuttontest</a></td></tr><tr class="skippedodd"><td><a href="#m313">failloginbuttontest</a></td></tr><tr class="skippedodd"><td><a href="#m314">failloginbuttontest</a></td></tr><tr class="skippedodd"><td><a href="#m315">failloginbuttontest</a></td></tr><tr class="skippedodd"><td><a href="#m316">failloginbuttontest</a></td></tr><tr class="skippedodd"><td><a href="#m317">failloginbuttontest</a></td></tr><tr class="skippedodd"><td><a href="#m318">failloginbuttontest</a></td></tr><tr class="skippedodd"><td><a href="#m319">failloginbuttontest</a></td></tr><tr class="skippedodd"><td><a href="#m320">failloginbuttontest</a></td></tr><tr class="skippedodd"><td><a href="#m321">failloginbuttontest</a></td></tr><tr class="skippedodd"><td><a href="#m322">failloginbuttontest</a></td></tr><tr class="skippedodd"><td><a href="#m323">failloginbuttontest</a></td></tr><tr class="skippedodd"><td><a href="#m324">failloginbuttontest</a></td></tr><tr class="skippedodd"><td><a href="#m325">failloginbuttontest</a></td></tr><tr class="skippedodd"><td><a href="#m326">failloginbuttontest</a></td></tr><tr class="skippedodd"><td><a href="#m327">failloginbuttontest</a></td></tr><tr class="skippedodd"><td><a href="#m328">failloginbuttontest</a></td></tr><tr class="skippedodd"><td><a href="#m329">failloginbuttontest</a></td></tr><tr class="skippedodd"><td><a href="#m330">failloginbuttontest</a></td></tr><tr class="skippedodd"><td><a href="#m331">failloginbuttontest</a></td></tr><tr class="skippedodd"><td><a href="#m332">failloginbuttontest</a></td></tr><tr class="skippedodd"><td><a href="#m333">failloginbuttontest</a></td></tr><tr class="skippedodd"><td><a href="#m334">failloginbuttontest</a></td></tr><tr class="skippedodd"><td><a href="#m335">failloginbuttontest</a></td></tr><tr class="skippedodd"><td><a href="#m336">failloginbuttontest</a></td></tr><tr class="skippedodd"><td><a href="#m337">failloginbuttontest</a></td></tr><tr class="skippedodd"><td><a href="#m338">failloginbuttontest</a></td></tr><tr class="skippedodd"><td><a href="#m339">failloginbuttontest</a></td></tr><tr class="skippedodd"><td><a href="#m340">failloginbuttontest</a></td></tr><tr class="skippedodd"><td><a href="#m341">failloginbuttontest</a></td></tr><tr class="skippedodd"><td><a href="#m342">failloginbuttontest</a></td></tr><tr class="skippedodd"><td><a href="#m343">failloginbuttontest</a></td></tr><tr class="skippedodd"><td><a href="#m344">failloginbuttontest</a></td></tr><tr class="skippedodd"><td><a href="#m345">failloginbuttontest</a></td></tr><tr class="skippedodd"><td><a href="#m346">failloginbuttontest</a></td></tr><tr class="skippedodd"><td><a href="#m347">failloginbuttontest</a></td></tr><tr class="skippedodd"><td><a href="#m348">failloginbuttontest</a></td></tr><tr class="skippedodd"><td><a href="#m349">failloginbuttontest</a></td></tr><tr class="skippedodd"><td><a href="#m350">failloginbuttontest</a></td></tr><tr class="skippedodd"><td><a href="#m351">failloginbuttontest</a></td></tr><tr class="skippedodd"><td><a href="#m352">failloginbuttontest</a></td></tr><tr class="skippedodd"><td><a href="#m353">failloginbuttontest</a></td></tr><tr class="skippedodd"><td><a href="#m354">failloginbuttontest</a></td></tr><tr class="skippedodd"><td><a href="#m355">failloginbuttontest</a></td></tr><tr class="skippedodd"><td><a href="#m356">failloginbuttontest</a></td></tr><tr class="skippedodd"><td><a href="#m357">failloginbuttontest</a></td></tr><tr class="skippedodd"><td><a href="#m358">failloginbuttontest</a></td></tr><tr class="skippedodd"><td><a href="#m359">failloginbuttontest</a></td></tr><tr class="skippedodd"><td><a href="#m360">failloginbuttontest</a></td></tr><tr class="skippedodd"><td><a href="#m361">failloginbuttontest</a></td></tr><tr class="skippedodd"><td><a href="#m362">failloginbuttontest</a></td></tr><tr class="skippedodd"><td><a href="#m363">failloginbuttontest</a></td></tr><tr class="skippedodd"><td><a href="#m364">failloginbuttontest</a></td></tr><tr class="skippedodd"><td><a href="#m365">failloginbuttontest</a></td></tr><tr class="skippedodd"><td><a href="#m366">failloginbuttontest</a></td></tr><tr class="skippedodd"><td><a href="#m367">failloginbuttontest</a></td></tr><tr class="skippedodd"><td><a href="#m368">failloginbuttontest</a></td></tr><tr class="skippedodd"><td><a href="#m369">failloginbuttontest</a></td></tr><tr class="skippedodd"><td><a href="#m370">failloginbuttontest</a></td></tr><tr class="skippedodd"><td><a href="#m371">failloginbuttontest</a></td></tr><tr class="skippedodd"><td><a href="#m372">failloginbuttontest</a></td></tr><tr class="skippedodd"><td><a href="#m373">failloginbuttontest</a></td></tr><tr class="skippedodd"><td><a href="#m374">failloginbuttontest</a></td></tr><tr class="skippedodd"><td><a href="#m375">failloginbuttontest</a></td></tr><tr class="skippedodd"><td><a href="#m376">failloginbuttontest</a></td></tr><tr class="skippedodd"><td><a href="#m377">failloginbuttontest</a></td></tr><tr class="skippedodd"><td><a href="#m378">failloginbuttontest</a></td></tr><tr class="skippedodd"><td><a href="#m379">failloginbuttontest</a></td></tr><tr class="skippedodd"><td><a href="#m380">failloginbuttontest</a></td></tr><tr class="skippedodd"><td><a href="#m381">failloginbuttontest</a></td></tr><tr class="skippedodd"><td><a href="#m382">failloginbuttontest</a></td></tr><tr class="skippedodd"><td><a href="#m383">failloginbuttontest</a></td></tr><tr class="skippedodd"><td><a href="#m384">failloginbuttontest</a></td></tr><tr class="skippedodd"><td><a href="#m385">failloginbuttontest</a></td></tr><tr class="skippedodd"><td><a href="#m386">failloginbuttontest</a></td></tr><tr class="skippedodd"><td><a href="#m387">failloginbuttontest</a></td></tr><tr class="skippedodd"><td><a href="#m388">failloginbuttontest</a></td></tr><tr class="skippedodd"><td><a href="#m389">failloginbuttontest</a></td></tr><tr class="skippedodd"><td><a href="#m390">failloginbuttontest</a></td></tr><tr class="skippedodd"><td><a href="#m391">failloginbuttontest</a></td></tr><tr class="skippedodd"><td><a href="#m392">failloginbuttontest</a></td></tr><tr class="skippedodd"><td><a href="#m393">failloginbuttontest</a></td></tr><tr class="skippedodd"><td><a href="#m394">failloginbuttontest</a></td></tr><tr class="skippedodd"><td><a href="#m395">failloginbuttontest</a></td></tr><tr class="skippedodd"><td><a href="#m396">failloginbuttontest</a></td></tr><tr class="skippedodd"><td><a href="#m397">failloginbuttontest</a></td></tr><tr class="skippedodd"><td><a href="#m398">failloginbuttontest</a></td></tr><tr class="skippedodd"><td><a href="#m399">failloginbuttontest</a></td></tr><tr class="skippedodd"><td><a href="#m400">failloginbuttontest</a></td></tr><tr class="skippedodd"><td><a href="#m401">failloginbuttontest</a></td></tr><tr class="skippedodd"><td><a href="#m402">failloginbuttontest</a></td></tr><tr class="skippedodd"><td><a href="#m403">failloginbuttontest</a></td></tr><tr class="skippedodd"><td><a href="#m404">failloginbuttontest</a></td></tr><tr class="skippedodd"><td><a href="#m405">failloginbuttontest</a></td></tr><tr class="skippedodd"><td><a href="#m406">failloginbuttontest</a></td></tr><tr class="skippedodd"><td><a href="#m407">failloginbuttontest</a></td></tr><tr class="skippedodd"><td><a href="#m408">failloginbuttontest</a></td></tr><tr class="skippedodd"><td><a href="#m409">failloginbuttontest</a></td></tr><tr class="skippedodd"><td><a href="#m410">failloginbuttontest</a></td></tr><tr class="skippedodd"><td><a href="#m411">failloginbuttontest</a></td></tr><tr class="skippedodd"><td><a href="#m412">failloginbuttontest</a></td></tr><tr class="skippedodd"><td><a href="#m413">failloginbuttontest</a></td></tr><tr class="skippedodd"><td><a href="#m414">failloginbuttontest</a></td></tr><tr class="skippedodd"><td><a href="#m415">failloginbuttontest</a></td></tr><tr class="skippedodd"><td><a href="#m416">failloginbuttontest</a></td></tr><tr class="skippedodd"><td><a href="#m417">failloginbuttontest</a></td></tr><tr class="skippedodd"><td><a href="#m418">failloginbuttontest</a></td></tr><tr class="skippedodd"><td><a href="#m419">failloginbuttontest</a></td></tr><tr class="skippedodd"><td><a href="#m420">failloginbuttontest</a></td></tr><tr class="skippedodd"><td><a href="#m421">failloginbuttontest</a></td></tr><tr class="skippedodd"><td><a href="#m422">failloginbuttontest</a></td></tr><tr class="skippedodd"><td><a href="#m423">failloginbuttontest</a></td></tr><tr class="skippedodd"><td><a href="#m424">failloginbuttontest</a></td></tr><tr class="skippedodd"><td><a href="#m425">failloginbuttontest</a></td></tr><tr class="skippedodd"><td><a href="#m426">failloginbuttontest</a></td></tr><tr class="skippedodd"><td><a href="#m427">failloginbuttontest</a></td></tr><tr class="skippedodd"><td><a href="#m428">failloginbuttontest</a></td></tr><tr class="skippedodd"><td><a href="#m429">failloginbuttontest</a></td></tr><tr class="skippedodd"><td><a href="#m430">failloginbuttontest</a></td></tr><tr class="skippedodd"><td><a href="#m431">failloginbuttontest</a></td></tr><tr class="skippedodd"><td><a href="#m432">failloginbuttontest</a></td></tr><tr class="skippedodd"><td><a href="#m433">failloginbuttontest</a></td></tr><tr class="skippedodd"><td><a href="#m434">failloginbuttontest</a></td></tr><tr class="skippedodd"><td><a href="#m435">failloginbuttontest</a></td></tr><tr class="skippedodd"><td><a href="#m436">failloginbuttontest</a></td></tr><tr class="skippedodd"><td><a href="#m437">failloginbuttontest</a></td></tr><tr class="skippedodd"><td><a href="#m438">failloginbuttontest</a></td></tr><tr class="skippedodd"><td><a href="#m439">failloginbuttontest</a></td></tr><tr class="skippedodd"><td><a href="#m440">failloginbuttontest</a></td></tr><tr class="skippedodd"><td><a href="#m441">failloginbuttontest</a></td></tr><tr class="skippedodd"><td><a href="#m442">failloginbuttontest</a></td></tr><tr class="skippedodd"><td><a href="#m443">failloginbuttontest</a></td></tr><tr class="skippedodd"><td><a href="#m444">failloginbuttontest</a></td></tr><tr class="skippedodd"><td><a href="#m445">failloginbuttontest</a></td></tr><tr class="skippedodd"><td><a href="#m446">failloginbuttontest</a></td></tr><tr class="skippedodd"><td><a href="#m447">failloginbuttontest</a></td></tr><tr class="skippedodd"><td><a href="#m448">failloginbuttontest</a></td></tr><tr class="skippedodd"><td><a href="#m449">failloginbuttontest</a></td></tr><tr class="skippedodd"><td><a href="#m450">failloginbuttontest</a></td></tr><tr class="skippedodd"><td><a href="#m451">failloginbuttontest</a></td></tr><tr class="skippedodd"><td><a href="#m452">failloginbuttontest</a></td></tr><tr class="skippedodd"><td><a href="#m453">failloginbuttontest</a></td></tr><tr class="skippedodd"><td><a href="#m454">failloginbuttontest</a></td></tr><tr class="skippedodd"><td><a href="#m455">failloginbuttontest</a></td></tr><tr class="skippedodd"><td><a href="#m456">failloginbuttontest</a></td></tr><tr class="skippedodd"><td><a href="#m457">failloginbuttontest</a></td></tr><tr class="skippedodd"><td><a href="#m458">failloginbuttontest</a></td></tr><tr class="skippedodd"><td><a href="#m459">failloginbuttontest</a></td></tr><tr class="skippedodd"><td><a href="#m460">failloginbuttontest</a></td></tr><tr class="skippedodd"><td><a href="#m461">failloginbuttontest</a></td></tr><tr class="skippedodd"><td><a href="#m462">failloginbuttontest</a></td></tr><tr class="skippedodd"><td><a href="#m463">failloginbuttontest</a></td></tr><tr class="skippedodd"><td><a href="#m464">failloginbuttontest</a></td></tr><tr class="skippedodd"><td><a href="#m465">failloginbuttontest</a></td></tr><tr class="skippedodd"><td><a href="#m466">failloginbuttontest</a></td></tr><tr class="skippedodd"><td><a href="#m467">failloginbuttontest</a></td></tr><tr class="skippedodd"><td><a href="#m468">failloginbuttontest</a></td></tr><tr class="skippedodd"><td><a href="#m469">failloginbuttontest</a></td></tr><tr class="skippedodd"><td><a href="#m470">failloginbuttontest</a></td></tr><tr class="skippedodd"><td><a href="#m471">failloginbuttontest</a></td></tr><tr class="skippedodd"><td><a href="#m472">failloginbuttontest</a></td></tr><tr class="skippedodd"><td><a href="#m473">failloginbuttontest</a></td></tr><tr class="skippedodd"><td><a href="#m474">failloginbuttontest</a></td></tr><tr class="skippedodd"><td><a href="#m475">failloginbuttontest</a></td></tr><tr class="skippedodd"><td><a href="#m476">failloginbuttontest</a></td></tr><tr class="skippedodd"><td><a href="#m477">failloginbuttontest</a></td></tr><tr class="skippedodd"><td><a href="#m478">failloginbuttontest</a></td></tr><tr class="skippedodd"><td><a href="#m479">failloginbuttontest</a></td></tr><tr class="skippedodd"><td><a href="#m480">failloginbuttontest</a></td></tr><tr class="skippedodd"><td><a href="#m481">failloginbuttontest</a></td></tr><tr class="skippedodd"><td><a href="#m482">failloginbuttontest</a></td></tr><tr class="skippedodd"><td><a href="#m483">failloginbuttontest</a></td></tr><tr class="skippedodd"><td><a href="#m484">failloginbuttontest</a></td></tr><tr class="skippedodd"><td><a href="#m485">failloginbuttontest</a></td></tr><tr class="skippedodd"><td><a href="#m486">failloginbuttontest</a></td></tr><tr class="skippedodd"><td><a href="#m487">failloginbuttontest</a></td></tr><tr class="skippedodd"><td><a href="#m488">failloginbuttontest</a></td></tr><tr class="skippedodd"><td><a href="#m489">loginbuttontest</a></td><td rowspan="1">1679782649577</td><td rowspan="1">0</td></tr><tr class="skippedeven"><td rowspan="1">testpackage.MousHoverTest</td><td><a href="#m490">img1test</a></td><td rowspan="1">1679782650477</td><td rowspan="1">0</td></tr><tr class="skippedodd"><td rowspan="1">testpackage.NewTabTest</td><td><a href="#m491">tabtest</a></td><td rowspan="1">1679782650478</td><td rowspan="1">0</td></tr><tr class="skippedeven"><td rowspan="1">testpackage.NotificationTest</td><td><a href="#m492">notificationtest</a></td><td rowspan="1">1679782650479</td><td rowspan="1">0</td></tr></tbody>
</table>
<h2>Command line test</h2><h3 id="m0">testpackage.CheckBoxTest#initiate</h3><table class="result"><tr><th>Exception</th></tr><tr><td><div class="stacktrace">org.testng.TestNGException: 
Parameter &apos;browser&apos; is required by BeforeTest on method initiate but has not been marked @Optional or defined

... Removed 31 stack frames</div></td></tr></table><p class="totop"><a href="#summary">back to summary</a></p>
<h3 id="m1">testpackage.CheckBoxTest#StartSignInTest</h3><table class="result"><tr><th class="invisible"/></tr></table><p class="totop"><a href="#summary">back to summary</a></p>
<h3 id="m2">testpackage.CheckBoxTest#StartSignInTest</h3><table class="result"><tr><th class="invisible"/></tr></table><p class="totop"><a href="#summary">back to summary</a></p>
<h3 id="m3">testpackage.CheckBoxTest#getDriver</h3><table class="result"><tr><th class="invisible"/></tr></table><p class="totop"><a href="#summary">back to summary</a></p>
<h3 id="m4">testpackage.CheckBoxTest#quitbrowser</h3><table class="result"><tr><th class="invisible"/></tr></table><p class="totop"><a href="#summary">back to summary</a></p>
<h3 id="m5">testpackage.ContextmenuTest#StartSignInTest</h3><table class="result"><tr><th class="invisible"/></tr></table><p class="totop"><a href="#summary">back to summary</a></p>
<h3 id="m6">testpackage.ContextmenuTest#getDriver</h3><table class="result"><tr><th class="invisible"/></tr></table><p class="totop"><a href="#summary">back to summary</a></p>
<h3 id="m7">testpackage.DragandDropTest#StartSignInTest</h3><table class="result"><tr><th class="invisible"/></tr></table><p class="totop"><a href="#summary">back to summary</a></p>
<h3 id="m8">testpackage.DragandDropTest#StartSignInTest</h3><table class="result"><tr><th class="invisible"/></tr></table><p class="totop"><a href="#summary">back to summary</a></p>
<h3 id="m9">testpackage.DragandDropTest#getDriver</h3><table class="result"><tr><th class="invisible"/></tr></table><p class="totop"><a href="#summary">back to summary</a></p>
<h3 id="m10">testpackage.DynamicLoadingTest#StartSignInTest</h3><table class="result"><tr><th class="invisible"/></tr></table><p class="totop"><a href="#summary">back to summary</a></p>
<h3 id="m11">testpackage.DynamicLoadingTest#getDriver</h3><table class="result"><tr><th class="invisible"/></tr></table><p class="totop"><a href="#summary">back to summary</a></p>
<h3 id="m12">testpackage.DynamiccontentTest#StartSignInTest</h3><table class="result"><tr><th class="invisible"/></tr></table><p class="totop"><a href="#summary">back to summary</a></p>
<h3 id="m13">testpackage.DynamiccontentTest#StartSignInTest</h3><table class="result"><tr><th class="invisible"/></tr></table><p class="totop"><a href="#summary">back to summary</a></p>
<h3 id="m14">testpackage.DynamiccontentTest#StartSignInTest</h3><table class="result"><tr><th class="invisible"/></tr></table><p class="totop"><a href="#summary">back to summary</a></p>
<h3 id="m15">testpackage.DynamiccontentTest#getDriver</h3><table class="result"><tr><th class="invisible"/></tr></table><p class="totop"><a href="#summary">back to summary</a></p>
<h3 id="m16">testpackage.IndexTest#getDriver</h3><table class="result"><tr><th class="invisible"/></tr></table><p class="totop"><a href="#summary">back to summary</a></p>
<h3 id="m17">testpackage.IndexTest#indexTest</h3><table class="result"><tr><th class="invisible"/></tr></table><p class="totop"><a href="#summary">back to summary</a></p>
<h3 id="m18">testpackage.IndexTest#indexTest</h3><table class="result"><tr><th class="invisible"/></tr></table><p class="totop"><a href="#summary">back to summary</a></p>
<h3 id="m19">testpackage.IndexTest#indexTest</h3><table class="result"><tr><th class="invisible"/></tr></table><p class="totop"><a href="#summary">back to summary</a></p>
<h3 id="m20">testpackage.IndexTest#indexTest</h3><table class="result"><tr><th class="invisible"/></tr></table><p class="totop"><a href="#summary">back to summary</a></p>
<h3 id="m21">testpackage.IndexTest#indexTest</h3><table class="result"><tr><th class="invisible"/></tr></table><p class="totop"><a href="#summary">back to summary</a></p>
<h3 id="m22">testpackage.IndexTest#indexTest</h3><table class="result"><tr><th class="invisible"/></tr></table><p class="totop"><a href="#summary">back to summary</a></p>
<h3 id="m23">testpackage.IndexTest#indexTest</h3><table class="result"><tr><th class="invisible"/></tr></table><p class="totop"><a href="#summary">back to summary</a></p>
<h3 id="m24">testpackage.IndexTest#indexTest</h3><table class="result"><tr><th class="invisible"/></tr></table><p class="totop"><a href="#summary">back to summary</a></p>
<h3 id="m25">testpackage.IndexTest#indexTest</h3><table class="result"><tr><th class="invisible"/></tr></table><p class="totop"><a href="#summary">back to summary</a></p>
<h3 id="m26">testpackage.IndexTest#indexTest</h3><table class="result"><tr><th class="invisible"/></tr></table><p class="totop"><a href="#summary">back to summary</a></p>
<h3 id="m27">testpackage.IndexTest#indexTest</h3><table class="result"><tr><th class="invisible"/></tr></table><p class="totop"><a href="#summary">back to summary</a></p>
<h3 id="m28">testpackage.IndexTest#indexTest</h3><table class="result"><tr><th class="invisible"/></tr></table><p class="totop"><a href="#summary">back to summary</a></p>
<h3 id="m29">testpackage.IndexTest#indexTest</h3><table class="result"><tr><th class="invisible"/></tr></table><p class="totop"><a href="#summary">back to summary</a></p>
<h3 id="m30">testpackage.IndexTest#indexTest</h3><table class="result"><tr><th class="invisible"/></tr></table><p class="totop"><a href="#summary">back to summary</a></p>
<h3 id="m31">testpackage.IndexTest#indexTest</h3><table class="result"><tr><th class="invisible"/></tr></table><p class="totop"><a href="#summary">back to summary</a></p>
<h3 id="m32">testpackage.IndexTest#indexTest</h3><table class="result"><tr><th class="invisible"/></tr></table><p class="totop"><a href="#summary">back to summary</a></p>
<h3 id="m33">testpackage.IndexTest#indexTest</h3><table class="result"><tr><th class="invisible"/></tr></table><p class="totop"><a href="#summary">back to summary</a></p>
<h3 id="m34">testpackage.IndexTest#indexTest</h3><table class="result"><tr><th class="invisible"/></tr></table><p class="totop"><a href="#summary">back to summary</a></p>
<h3 id="m35">testpackage.IndexTest#indexTest</h3><table class="result"><tr><th class="invisible"/></tr></table><p class="totop"><a href="#summary">back to summary</a></p>
<h3 id="m36">testpackage.IndexTest#indexTest</h3><table class="result"><tr><th class="invisible"/></tr></table><p class="totop"><a href="#summary">back to summary</a></p>
<h3 id="m37">testpackage.JSAlertTest#StartSignInTest</h3><table class="result"><tr><th class="invisible"/></tr></table><p class="totop"><a href="#summary">back to summary</a></p>
<h3 id="m38">testpackage.JSAlertTest#StartSignInTest</h3><table class="result"><tr><th class="invisible"/></tr></table><p class="totop"><a href="#summary">back to summary</a></p>
<h3 id="m39">testpackage.JSAlertTest#StartSignInTest</h3><table class="result"><tr><th class="invisible"/></tr></table><p class="totop"><a href="#summary">back to summary</a></p>
<h3 id="m40">testpackage.JSAlertTest#getDriver</h3><table class="result"><tr><th class="invisible"/></tr></table><p class="totop"><a href="#summary">back to summary</a></p>
<h3 id="m41">testpackage.LoginPageTest#StartSignInTest</h3><table class="result"><tr><th class="invisible"/></tr></table><p class="totop"><a href="#summary">back to summary</a></p>
<h3 id="m42">testpackage.LoginPageTest#StartSignInTest</h3><table class="result"><tr><th class="invisible"/></tr></table><p class="totop"><a href="#summary">back to summary</a></p>
<h3 id="m43">testpackage.LoginPageTest#StartSignInTest</h3><table class="result"><tr><th class="invisible"/></tr></table><p class="totop"><a href="#summary">back to summary</a></p>
<h3 id="m44">testpackage.LoginPageTest#StartSignInTest</h3><table class="result"><tr><th class="invisible"/></tr></table><p class="totop"><a href="#summary">back to summary</a></p>
<h3 id="m45">testpackage.LoginPageTest#StartSignInTest</h3><table class="result"><tr><th class="invisible"/></tr></table><p class="totop"><a href="#summary">back to summary</a></p>
<h3 id="m46">testpackage.LoginPageTest#StartSignInTest</h3><table class="result"><tr><th class="invisible"/></tr></table><p class="totop"><a href="#summary">back to summary</a></p>
<h3 id="m47">testpackage.LoginPageTest#StartSignInTest</h3><table class="result"><tr><th class="invisible"/></tr></table><p class="totop"><a href="#summary">back to summary</a></p>
<h3 id="m48">testpackage.LoginPageTest#StartSignInTest</h3><table class="result"><tr><th class="invisible"/></tr></table><p class="totop"><a href="#summary">back to summary</a></p>
<h3 id="m49">testpackage.LoginPageTest#StartSignInTest</h3><table class="result"><tr><th class="invisible"/></tr></table><p class="totop"><a href="#summary">back to summary</a></p>
<h3 id="m50">testpackage.LoginPageTest#StartSignInTest</h3><table class="result"><tr><th class="invisible"/></tr></table><p class="totop"><a href="#summary">back to summary</a></p>
<h3 id="m51">testpackage.LoginPageTest#StartSignInTest</h3><table class="result"><tr><th class="invisible"/></tr></table><p class="totop"><a href="#summary">back to summary</a></p>
<h3 id="m52">testpackage.LoginPageTest#StartSignInTest</h3><table class="result"><tr><th class="invisible"/></tr></table><p class="totop"><a href="#summary">back to summary</a></p>
<h3 id="m53">testpackage.LoginPageTest#StartSignInTest</h3><table class="result"><tr><th class="invisible"/></tr></table><p class="totop"><a href="#summary">back to summary</a></p>
<h3 id="m54">testpackage.LoginPageTest#StartSignInTest</h3><table class="result"><tr><th class="invisible"/></tr></table><p class="totop"><a href="#summary">back to summary</a></p>
<h3 id="m55">testpackage.LoginPageTest#StartSignInTest</h3><table class="result"><tr><th class="invisible"/></tr></table><p class="totop"><a href="#summary">back to summary</a></p>
<h3 id="m56">testpackage.LoginPageTest#StartSignInTest</h3><table class="result"><tr><th class="invisible"/></tr></table><p class="totop"><a href="#summary">back to summary</a></p>
<h3 id="m57">testpackage.LoginPageTest#StartSignInTest</h3><table class="result"><tr><th class="invisible"/></tr></table><p class="totop"><a href="#summary">back to summary</a></p>
<h3 id="m58">testpackage.LoginPageTest#StartSignInTest</h3><table class="result"><tr><th class="invisible"/></tr></table><p class="totop"><a href="#summary">back to summary</a></p>
<h3 id="m59">testpackage.LoginPageTest#StartSignInTest</h3><table class="result"><tr><th class="invisible"/></tr></table><p class="totop"><a href="#summary">back to summary</a></p>
<h3 id="m60">testpackage.LoginPageTest#StartSignInTest</h3><table class="result"><tr><th class="invisible"/></tr></table><p class="totop"><a href="#summary">back to summary</a></p>
<h3 id="m61">testpackage.LoginPageTest#StartSignInTest</h3><table class="result"><tr><th class="invisible"/></tr></table><p class="totop"><a href="#summary">back to summary</a></p>
<h3 id="m62">testpackage.LoginPageTest#StartSignInTest</h3><table class="result"><tr><th class="invisible"/></tr></table><p class="totop"><a href="#summary">back to summary</a></p>
<h3 id="m63">testpackage.LoginPageTest#StartSignInTest</h3><table class="result"><tr><th class="invisible"/></tr></table><p class="totop"><a href="#summary">back to summary</a></p>
<h3 id="m64">testpackage.LoginPageTest#StartSignInTest</h3><table class="result"><tr><th class="invisible"/></tr></table><p class="totop"><a href="#summary">back to summary</a></p>
<h3 id="m65">testpackage.LoginPageTest#StartSignInTest</h3><table class="result"><tr><th class="invisible"/></tr></table><p class="totop"><a href="#summary">back to summary</a></p>
<h3 id="m66">testpackage.LoginPageTest#StartSignInTest</h3><table class="result"><tr><th class="invisible"/></tr></table><p class="totop"><a href="#summary">back to summary</a></p>
<h3 id="m67">testpackage.LoginPageTest#StartSignInTest</h3><table class="result"><tr><th class="invisible"/></tr></table><p class="totop"><a href="#summary">back to summary</a></p>
<h3 id="m68">testpackage.LoginPageTest#StartSignInTest</h3><table class="result"><tr><th class="invisible"/></tr></table><p class="totop"><a href="#summary">back to summary</a></p>
<h3 id="m69">testpackage.LoginPageTest#StartSignInTest</h3><table class="result"><tr><th class="invisible"/></tr></table><p class="totop"><a href="#summary">back to summary</a></p>
<h3 id="m70">testpackage.LoginPageTest#StartSignInTest</h3><table class="result"><tr><th class="invisible"/></tr></table><p class="totop"><a href="#summary">back to summary</a></p>
<h3 id="m71">testpackage.LoginPageTest#StartSignInTest</h3><table class="result"><tr><th class="invisible"/></tr></table><p class="totop"><a href="#summary">back to summary</a></p>
<h3 id="m72">testpackage.LoginPageTest#StartSignInTest</h3><table class="result"><tr><th class="invisible"/></tr></table><p class="totop"><a href="#summary">back to summary</a></p>
<h3 id="m73">testpackage.LoginPageTest#StartSignInTest</h3><table class="result"><tr><th class="invisible"/></tr></table><p class="totop"><a href="#summary">back to summary</a></p>
<h3 id="m74">testpackage.LoginPageTest#StartSignInTest</h3><table class="result"><tr><th class="invisible"/></tr></table><p class="totop"><a href="#summary">back to summary</a></p>
<h3 id="m75">testpackage.LoginPageTest#StartSignInTest</h3><table class="result"><tr><th class="invisible"/></tr></table><p class="totop"><a href="#summary">back to summary</a></p>
<h3 id="m76">testpackage.LoginPageTest#StartSignInTest</h3><table class="result"><tr><th class="invisible"/></tr></table><p class="totop"><a href="#summary">back to summary</a></p>
<h3 id="m77">testpackage.LoginPageTest#StartSignInTest</h3><table class="result"><tr><th class="invisible"/></tr></table><p class="totop"><a href="#summary">back to summary</a></p>
<h3 id="m78">testpackage.LoginPageTest#StartSignInTest</h3><table class="result"><tr><th class="invisible"/></tr></table><p class="totop"><a href="#summary">back to summary</a></p>
<h3 id="m79">testpackage.LoginPageTest#StartSignInTest</h3><table class="result"><tr><th class="invisible"/></tr></table><p class="totop"><a href="#summary">back to summary</a></p>
<h3 id="m80">testpackage.LoginPageTest#StartSignInTest</h3><table class="result"><tr><th class="invisible"/></tr></table><p class="totop"><a href="#summary">back to summary</a></p>
<h3 id="m81">testpackage.LoginPageTest#StartSignInTest</h3><table class="result"><tr><th class="invisible"/></tr></table><p class="totop"><a href="#summary">back to summary</a></p>
<h3 id="m82">testpackage.LoginPageTest#StartSignInTest</h3><table class="result"><tr><th class="invisible"/></tr></table><p class="totop"><a href="#summary">back to summary</a></p>
<h3 id="m83">testpackage.LoginPageTest#StartSignInTest</h3><table class="result"><tr><th class="invisible"/></tr></table><p class="totop"><a href="#summary">back to summary</a></p>
<h3 id="m84">testpackage.LoginPageTest#StartSignInTest</h3><table class="result"><tr><th class="invisible"/></tr></table><p class="totop"><a href="#summary">back to summary</a></p>
<h3 id="m85">testpackage.LoginPageTest#StartSignInTest</h3><table class="result"><tr><th class="invisible"/></tr></table><p class="totop"><a href="#summary">back to summary</a></p>
<h3 id="m86">testpackage.LoginPageTest#StartSignInTest</h3><table class="result"><tr><th class="invisible"/></tr></table><p class="totop"><a href="#summary">back to summary</a></p>
<h3 id="m87">testpackage.LoginPageTest#StartSignInTest</h3><table class="result"><tr><th class="invisible"/></tr></table><p class="totop"><a href="#summary">back to summary</a></p>
<h3 id="m88">testpackage.LoginPageTest#StartSignInTest</h3><table class="result"><tr><th class="invisible"/></tr></table><p class="totop"><a href="#summary">back to summary</a></p>
<h3 id="m89">testpackage.LoginPageTest#StartSignInTest</h3><table class="result"><tr><th class="invisible"/></tr></table><p class="totop"><a href="#summary">back to summary</a></p>
<h3 id="m90">testpackage.LoginPageTest#StartSignInTest</h3><table class="result"><tr><th class="invisible"/></tr></table><p class="totop"><a href="#summary">back to summary</a></p>
<h3 id="m91">testpackage.LoginPageTest#StartSignInTest</h3><table class="result"><tr><th class="invisible"/></tr></table><p class="totop"><a href="#summary">back to summary</a></p>
<h3 id="m92">testpackage.LoginPageTest#StartSignInTest</h3><table class="result"><tr><th class="invisible"/></tr></table><p class="totop"><a href="#summary">back to summary</a></p>
<h3 id="m93">testpackage.LoginPageTest#StartSignInTest</h3><table class="result"><tr><th class="invisible"/></tr></table><p class="totop"><a href="#summary">back to summary</a></p>
<h3 id="m94">testpackage.LoginPageTest#StartSignInTest</h3><table class="result"><tr><th class="invisible"/></tr></table><p class="totop"><a href="#summary">back to summary</a></p>
<h3 id="m95">testpackage.LoginPageTest#StartSignInTest</h3><table class="result"><tr><th class="invisible"/></tr></table><p class="totop"><a href="#summary">back to summary</a></p>
<h3 id="m96">testpackage.LoginPageTest#StartSignInTest</h3><table class="result"><tr><th class="invisible"/></tr></table><p class="totop"><a href="#summary">back to summary</a></p>
<h3 id="m97">testpackage.LoginPageTest#StartSignInTest</h3><table class="result"><tr><th class="invisible"/></tr></table><p class="totop"><a href="#summary">back to summary</a></p>
<h3 id="m98">testpackage.LoginPageTest#StartSignInTest</h3><table class="result"><tr><th class="invisible"/></tr></table><p class="totop"><a href="#summary">back to summary</a></p>
<h3 id="m99">testpackage.LoginPageTest#StartSignInTest</h3><table class="result"><tr><th class="invisible"/></tr></table><p class="totop"><a href="#summary">back to summary</a></p>
<h3 id="m100">testpackage.LoginPageTest#StartSignInTest</h3><table class="result"><tr><th class="invisible"/></tr></table><p class="totop"><a href="#summary">back to summary</a></p>
<h3 id="m101">testpackage.LoginPageTest#StartSignInTest</h3><table class="result"><tr><th class="invisible"/></tr></table><p class="totop"><a href="#summary">back to summary</a></p>
<h3 id="m102">testpackage.LoginPageTest#StartSignInTest</h3><table class="result"><tr><th class="invisible"/></tr></table><p class="totop"><a href="#summary">back to summary</a></p>
<h3 id="m103">testpackage.LoginPageTest#StartSignInTest</h3><table class="result"><tr><th class="invisible"/></tr></table><p class="totop"><a href="#summary">back to summary</a></p>
<h3 id="m104">testpackage.LoginPageTest#StartSignInTest</h3><table class="result"><tr><th class="invisible"/></tr></table><p class="totop"><a href="#summary">back to summary</a></p>
<h3 id="m105">testpackage.LoginPageTest#StartSignInTest</h3><table class="result"><tr><th class="invisible"/></tr></table><p class="totop"><a href="#summary">back to summary</a></p>
<h3 id="m106">testpackage.LoginPageTest#StartSignInTest</h3><table class="result"><tr><th class="invisible"/></tr></table><p class="totop"><a href="#summary">back to summary</a></p>
<h3 id="m107">testpackage.LoginPageTest#StartSignInTest</h3><table class="result"><tr><th class="invisible"/></tr></table><p class="totop"><a href="#summary">back to summary</a></p>
<h3 id="m108">testpackage.LoginPageTest#StartSignInTest</h3><table class="result"><tr><th class="invisible"/></tr></table><p class="totop"><a href="#summary">back to summary</a></p>
<h3 id="m109">testpackage.LoginPageTest#StartSignInTest</h3><table class="result"><tr><th class="invisible"/></tr></table><p class="totop"><a href="#summary">back to summary</a></p>
<h3 id="m110">testpackage.LoginPageTest#StartSignInTest</h3><table class="result"><tr><th class="invisible"/></tr></table><p class="totop"><a href="#summary">back to summary</a></p>
<h3 id="m111">testpackage.LoginPageTest#StartSignInTest</h3><table class="result"><tr><th class="invisible"/></tr></table><p class="totop"><a href="#summary">back to summary</a></p>
<h3 id="m112">testpackage.LoginPageTest#StartSignInTest</h3><table class="result"><tr><th class="invisible"/></tr></table><p class="totop"><a href="#summary">back to summary</a></p>
<h3 id="m113">testpackage.LoginPageTest#StartSignInTest</h3><table class="result"><tr><th class="invisible"/></tr></table><p class="totop"><a href="#summary">back to summary</a></p>
<h3 id="m114">testpackage.LoginPageTest#StartSignInTest</h3><table class="result"><tr><th class="invisible"/></tr></table><p class="totop"><a href="#summary">back to summary</a></p>
<h3 id="m115">testpackage.LoginPageTest#StartSignInTest</h3><table class="result"><tr><th class="invisible"/></tr></table><p class="totop"><a href="#summary">back to summary</a></p>
<h3 id="m116">testpackage.LoginPageTest#StartSignInTest</h3><table class="result"><tr><th class="invisible"/></tr></table><p class="totop"><a href="#summary">back to summary</a></p>
<h3 id="m117">testpackage.LoginPageTest#StartSignInTest</h3><table class="result"><tr><th class="invisible"/></tr></table><p class="totop"><a href="#summary">back to summary</a></p>
<h3 id="m118">testpackage.LoginPageTest#StartSignInTest</h3><table class="result"><tr><th class="invisible"/></tr></table><p class="totop"><a href="#summary">back to summary</a></p>
<h3 id="m119">testpackage.LoginPageTest#StartSignInTest</h3><table class="result"><tr><th class="invisible"/></tr></table><p class="totop"><a href="#summary">back to summary</a></p>
<h3 id="m120">testpackage.LoginPageTest#StartSignInTest</h3><table class="result"><tr><th class="invisible"/></tr></table><p class="totop"><a href="#summary">back to summary</a></p>
<h3 id="m121">testpackage.LoginPageTest#StartSignInTest</h3><table class="result"><tr><th class="invisible"/></tr></table><p class="totop"><a href="#summary">back to summary</a></p>
<h3 id="m122">testpackage.LoginPageTest#StartSignInTest</h3><table class="result"><tr><th class="invisible"/></tr></table><p class="totop"><a href="#summary">back to summary</a></p>
<h3 id="m123">testpackage.LoginPageTest#StartSignInTest</h3><table class="result"><tr><th class="invisible"/></tr></table><p class="totop"><a href="#summary">back to summary</a></p>
<h3 id="m124">testpackage.LoginPageTest#StartSignInTest</h3><table class="result"><tr><th class="invisible"/></tr></table><p class="totop"><a href="#summary">back to summary</a></p>
<h3 id="m125">testpackage.LoginPageTest#StartSignInTest</h3><table class="result"><tr><th class="invisible"/></tr></table><p class="totop"><a href="#summary">back to summary</a></p>
<h3 id="m126">testpackage.LoginPageTest#StartSignInTest</h3><table class="result"><tr><th class="invisible"/></tr></table><p class="totop"><a href="#summary">back to summary</a></p>
<h3 id="m127">testpackage.LoginPageTest#StartSignInTest</h3><table class="result"><tr><th class="invisible"/></tr></table><p class="totop"><a href="#summary">back to summary</a></p>
<h3 id="m128">testpackage.LoginPageTest#StartSignInTest</h3><table class="result"><tr><th class="invisible"/></tr></table><p class="totop"><a href="#summary">back to summary</a></p>
<h3 id="m129">testpackage.LoginPageTest#StartSignInTest</h3><table class="result"><tr><th class="invisible"/></tr></table><p class="totop"><a href="#summary">back to summary</a></p>
<h3 id="m130">testpackage.LoginPageTest#StartSignInTest</h3><table class="result"><tr><th class="invisible"/></tr></table><p class="totop"><a href="#summary">back to summary</a></p>
<h3 id="m131">testpackage.LoginPageTest#StartSignInTest</h3><table class="result"><tr><th class="invisible"/></tr></table><p class="totop"><a href="#summary">back to summary</a></p>
<h3 id="m132">testpackage.LoginPageTest#StartSignInTest</h3><table class="result"><tr><th class="invisible"/></tr></table><p class="totop"><a href="#summary">back to summary</a></p>
<h3 id="m133">testpackage.LoginPageTest#StartSignInTest</h3><table class="result"><tr><th class="invisible"/></tr></table><p class="totop"><a href="#summary">back to summary</a></p>
<h3 id="m134">testpackage.LoginPageTest#StartSignInTest</h3><table class="result"><tr><th class="invisible"/></tr></table><p class="totop"><a href="#summary">back to summary</a></p>
<h3 id="m135">testpackage.LoginPageTest#StartSignInTest</h3><table class="result"><tr><th class="invisible"/></tr></table><p class="totop"><a href="#summary">back to summary</a></p>
<h3 id="m136">testpackage.LoginPageTest#StartSignInTest</h3><table class="result"><tr><th class="invisible"/></tr></table><p class="totop"><a href="#summary">back to summary</a></p>
<h3 id="m137">testpackage.LoginPageTest#StartSignInTest</h3><table class="result"><tr><th class="invisible"/></tr></table><p class="totop"><a href="#summary">back to summary</a></p>
<h3 id="m138">testpackage.LoginPageTest#StartSignInTest</h3><table class="result"><tr><th class="invisible"/></tr></table><p class="totop"><a href="#summary">back to summary</a></p>
<h3 id="m139">testpackage.LoginPageTest#StartSignInTest</h3><table class="result"><tr><th class="invisible"/></tr></table><p class="totop"><a href="#summary">back to summary</a></p>
<h3 id="m140">testpackage.LoginPageTest#StartSignInTest</h3><table class="result"><tr><th class="invisible"/></tr></table><p class="totop"><a href="#summary">back to summary</a></p>
<h3 id="m141">testpackage.LoginPageTest#StartSignInTest</h3><table class="result"><tr><th class="invisible"/></tr></table><p class="totop"><a href="#summary">back to summary</a></p>
<h3 id="m142">testpackage.LoginPageTest#StartSignInTest</h3><table class="result"><tr><th class="invisible"/></tr></table><p class="totop"><a href="#summary">back to summary</a></p>
<h3 id="m143">testpackage.LoginPageTest#StartSignInTest</h3><table class="result"><tr><th class="invisible"/></tr></table><p class="totop"><a href="#summary">back to summary</a></p>
<h3 id="m144">testpackage.LoginPageTest#StartSignInTest</h3><table class="result"><tr><th class="invisible"/></tr></table><p class="totop"><a href="#summary">back to summary</a></p>
<h3 id="m145">testpackage.LoginPageTest#StartSignInTest</h3><table class="result"><tr><th class="invisible"/></tr></table><p class="totop"><a href="#summary">back to summary</a></p>
<h3 id="m146">testpackage.LoginPageTest#StartSignInTest</h3><table class="result"><tr><th class="invisible"/></tr></table><p class="totop"><a href="#summary">back to summary</a></p>
<h3 id="m147">testpackage.LoginPageTest#StartSignInTest</h3><table class="result"><tr><th class="invisible"/></tr></table><p class="totop"><a href="#summary">back to summary</a></p>
<h3 id="m148">testpackage.LoginPageTest#StartSignInTest</h3><table class="result"><tr><th class="invisible"/></tr></table><p class="totop"><a href="#summary">back to summary</a></p>
<h3 id="m149">testpackage.LoginPageTest#StartSignInTest</h3><table class="result"><tr><th class="invisible"/></tr></table><p class="totop"><a href="#summary">back to summary</a></p>
<h3 id="m150">testpackage.LoginPageTest#StartSignInTest</h3><table class="result"><tr><th class="invisible"/></tr></table><p class="totop"><a href="#summary">back to summary</a></p>
<h3 id="m151">testpackage.LoginPageTest#StartSignInTest</h3><table class="result"><tr><th class="invisible"/></tr></table><p class="totop"><a href="#summary">back to summary</a></p>
<h3 id="m152">testpackage.LoginPageTest#StartSignInTest</h3><table class="result"><tr><th class="invisible"/></tr></table><p class="totop"><a href="#summary">back to summary</a></p>
<h3 id="m153">testpackage.LoginPageTest#StartSignInTest</h3><table class="result"><tr><th class="invisible"/></tr></table><p class="totop"><a href="#summary">back to summary</a></p>
<h3 id="m154">testpackage.LoginPageTest#StartSignInTest</h3><table class="result"><tr><th class="invisible"/></tr></table><p class="totop"><a href="#summary">back to summary</a></p>
<h3 id="m155">testpackage.LoginPageTest#StartSignInTest</h3><table class="result"><tr><th class="invisible"/></tr></table><p class="totop"><a href="#summary">back to summary</a></p>
<h3 id="m156">testpackage.LoginPageTest#StartSignInTest</h3><table class="result"><tr><th class="invisible"/></tr></table><p class="totop"><a href="#summary">back to summary</a></p>
<h3 id="m157">testpackage.LoginPageTest#StartSignInTest</h3><table class="result"><tr><th class="invisible"/></tr></table><p class="totop"><a href="#summary">back to summary</a></p>
<h3 id="m158">testpackage.LoginPageTest#StartSignInTest</h3><table class="result"><tr><th class="invisible"/></tr></table><p class="totop"><a href="#summary">back to summary</a></p>
<h3 id="m159">testpackage.LoginPageTest#StartSignInTest</h3><table class="result"><tr><th class="invisible"/></tr></table><p class="totop"><a href="#summary">back to summary</a></p>
<h3 id="m160">testpackage.LoginPageTest#StartSignInTest</h3><table class="result"><tr><th class="invisible"/></tr></table><p class="totop"><a href="#summary">back to summary</a></p>
<h3 id="m161">testpackage.LoginPageTest#StartSignInTest</h3><table class="result"><tr><th class="invisible"/></tr></table><p class="totop"><a href="#summary">back to summary</a></p>
<h3 id="m162">testpackage.LoginPageTest#StartSignInTest</h3><table class="result"><tr><th class="invisible"/></tr></table><p class="totop"><a href="#summary">back to summary</a></p>
<h3 id="m163">testpackage.LoginPageTest#StartSignInTest</h3><table class="result"><tr><th class="invisible"/></tr></table><p class="totop"><a href="#summary">back to summary</a></p>
<h3 id="m164">testpackage.LoginPageTest#StartSignInTest</h3><table class="result"><tr><th class="invisible"/></tr></table><p class="totop"><a href="#summary">back to summary</a></p>
<h3 id="m165">testpackage.LoginPageTest#StartSignInTest</h3><table class="result"><tr><th class="invisible"/></tr></table><p class="totop"><a href="#summary">back to summary</a></p>
<h3 id="m166">testpackage.LoginPageTest#StartSignInTest</h3><table class="result"><tr><th class="invisible"/></tr></table><p class="totop"><a href="#summary">back to summary</a></p>
<h3 id="m167">testpackage.LoginPageTest#StartSignInTest</h3><table class="result"><tr><th class="invisible"/></tr></table><p class="totop"><a href="#summary">back to summary</a></p>
<h3 id="m168">testpackage.LoginPageTest#StartSignInTest</h3><table class="result"><tr><th class="invisible"/></tr></table><p class="totop"><a href="#summary">back to summary</a></p>
<h3 id="m169">testpackage.LoginPageTest#StartSignInTest</h3><table class="result"><tr><th class="invisible"/></tr></table><p class="totop"><a href="#summary">back to summary</a></p>
<h3 id="m170">testpackage.LoginPageTest#StartSignInTest</h3><table class="result"><tr><th class="invisible"/></tr></table><p class="totop"><a href="#summary">back to summary</a></p>
<h3 id="m171">testpackage.LoginPageTest#StartSignInTest</h3><table class="result"><tr><th class="invisible"/></tr></table><p class="totop"><a href="#summary">back to summary</a></p>
<h3 id="m172">testpackage.LoginPageTest#StartSignInTest</h3><table class="result"><tr><th class="invisible"/></tr></table><p class="totop"><a href="#summary">back to summary</a></p>
<h3 id="m173">testpackage.LoginPageTest#StartSignInTest</h3><table class="result"><tr><th class="invisible"/></tr></table><p class="totop"><a href="#summary">back to summary</a></p>
<h3 id="m174">testpackage.LoginPageTest#StartSignInTest</h3><table class="result"><tr><th class="invisible"/></tr></table><p class="totop"><a href="#summary">back to summary</a></p>
<h3 id="m175">testpackage.LoginPageTest#StartSignInTest</h3><table class="result"><tr><th class="invisible"/></tr></table><p class="totop"><a href="#summary">back to summary</a></p>
<h3 id="m176">testpackage.LoginPageTest#StartSignInTest</h3><table class="result"><tr><th class="invisible"/></tr></table><p class="totop"><a href="#summary">back to summary</a></p>
<h3 id="m177">testpackage.LoginPageTest#StartSignInTest</h3><table class="result"><tr><th class="invisible"/></tr></table><p class="totop"><a href="#summary">back to summary</a></p>
<h3 id="m178">testpackage.LoginPageTest#StartSignInTest</h3><table class="result"><tr><th class="invisible"/></tr></table><p class="totop"><a href="#summary">back to summary</a></p>
<h3 id="m179">testpackage.LoginPageTest#StartSignInTest</h3><table class="result"><tr><th class="invisible"/></tr></table><p class="totop"><a href="#summary">back to summary</a></p>
<h3 id="m180">testpackage.LoginPageTest#StartSignInTest</h3><table class="result"><tr><th class="invisible"/></tr></table><p class="totop"><a href="#summary">back to summary</a></p>
<h3 id="m181">testpackage.LoginPageTest#StartSignInTest</h3><table class="result"><tr><th class="invisible"/></tr></table><p class="totop"><a href="#summary">back to summary</a></p>
<h3 id="m182">testpackage.LoginPageTest#StartSignInTest</h3><table class="result"><tr><th class="invisible"/></tr></table><p class="totop"><a href="#summary">back to summary</a></p>
<h3 id="m183">testpackage.LoginPageTest#StartSignInTest</h3><table class="result"><tr><th class="invisible"/></tr></table><p class="totop"><a href="#summary">back to summary</a></p>
<h3 id="m184">testpackage.LoginPageTest#StartSignInTest</h3><table class="result"><tr><th class="invisible"/></tr></table><p class="totop"><a href="#summary">back to summary</a></p>
<h3 id="m185">testpackage.LoginPageTest#StartSignInTest</h3><table class="result"><tr><th class="invisible"/></tr></table><p class="totop"><a href="#summary">back to summary</a></p>
<h3 id="m186">testpackage.LoginPageTest#StartSignInTest</h3><table class="result"><tr><th class="invisible"/></tr></table><p class="totop"><a href="#summary">back to summary</a></p>
<h3 id="m187">testpackage.LoginPageTest#StartSignInTest</h3><table class="result"><tr><th class="invisible"/></tr></table><p class="totop"><a href="#summary">back to summary</a></p>
<h3 id="m188">testpackage.LoginPageTest#StartSignInTest</h3><table class="result"><tr><th class="invisible"/></tr></table><p class="totop"><a href="#summary">back to summary</a></p>
<h3 id="m189">testpackage.LoginPageTest#StartSignInTest</h3><table class="result"><tr><th class="invisible"/></tr></table><p class="totop"><a href="#summary">back to summary</a></p>
<h3 id="m190">testpackage.LoginPageTest#StartSignInTest</h3><table class="result"><tr><th class="invisible"/></tr></table><p class="totop"><a href="#summary">back to summary</a></p>
<h3 id="m191">testpackage.LoginPageTest#StartSignInTest</h3><table class="result"><tr><th class="invisible"/></tr></table><p class="totop"><a href="#summary">back to summary</a></p>
<h3 id="m192">testpackage.LoginPageTest#StartSignInTest</h3><table class="result"><tr><th class="invisible"/></tr></table><p class="totop"><a href="#summary">back to summary</a></p>
<h3 id="m193">testpackage.LoginPageTest#StartSignInTest</h3><table class="result"><tr><th class="invisible"/></tr></table><p class="totop"><a href="#summary">back to summary</a></p>
<h3 id="m194">testpackage.LoginPageTest#StartSignInTest</h3><table class="result"><tr><th class="invisible"/></tr></table><p class="totop"><a href="#summary">back to summary</a></p>
<h3 id="m195">testpackage.LoginPageTest#StartSignInTest</h3><table class="result"><tr><th class="invisible"/></tr></table><p class="totop"><a href="#summary">back to summary</a></p>
<h3 id="m196">testpackage.LoginPageTest#StartSignInTest</h3><table class="result"><tr><th class="invisible"/></tr></table><p class="totop"><a href="#summary">back to summary</a></p>
<h3 id="m197">testpackage.LoginPageTest#StartSignInTest</h3><table class="result"><tr><th class="invisible"/></tr></table><p class="totop"><a href="#summary">back to summary</a></p>
<h3 id="m198">testpackage.LoginPageTest#StartSignInTest</h3><table class="result"><tr><th class="invisible"/></tr></table><p class="totop"><a href="#summary">back to summary</a></p>
<h3 id="m199">testpackage.LoginPageTest#StartSignInTest</h3><table class="result"><tr><th class="invisible"/></tr></table><p class="totop"><a href="#summary">back to summary</a></p>
<h3 id="m200">testpackage.LoginPageTest#StartSignInTest</h3><table class="result"><tr><th class="invisible"/></tr></table><p class="totop"><a href="#summary">back to summary</a></p>
<h3 id="m201">testpackage.LoginPageTest#StartSignInTest</h3><table class="result"><tr><th class="invisible"/></tr></table><p class="totop"><a href="#summary">back to summary</a></p>
<h3 id="m202">testpackage.LoginPageTest#StartSignInTest</h3><table class="result"><tr><th class="invisible"/></tr></table><p class="totop"><a href="#summary">back to summary</a></p>
<h3 id="m203">testpackage.LoginPageTest#StartSignInTest</h3><table class="result"><tr><th class="invisible"/></tr></table><p class="totop"><a href="#summary">back to summary</a></p>
<h3 id="m204">testpackage.LoginPageTest#StartSignInTest</h3><table class="result"><tr><th class="invisible"/></tr></table><p class="totop"><a href="#summary">back to summary</a></p>
<h3 id="m205">testpackage.LoginPageTest#StartSignInTest</h3><table class="result"><tr><th class="invisible"/></tr></table><p class="totop"><a href="#summary">back to summary</a></p>
<h3 id="m206">testpackage.LoginPageTest#StartSignInTest</h3><table class="result"><tr><th class="invisible"/></tr></table><p class="totop"><a href="#summary">back to summary</a></p>
<h3 id="m207">testpackage.LoginPageTest#StartSignInTest</h3><table class="result"><tr><th class="invisible"/></tr></table><p class="totop"><a href="#summary">back to summary</a></p>
<h3 id="m208">testpackage.LoginPageTest#StartSignInTest</h3><table class="result"><tr><th class="invisible"/></tr></table><p class="totop"><a href="#summary">back to summary</a></p>
<h3 id="m209">testpackage.LoginPageTest#StartSignInTest</h3><table class="result"><tr><th class="invisible"/></tr></table><p class="totop"><a href="#summary">back to summary</a></p>
<h3 id="m210">testpackage.LoginPageTest#StartSignInTest</h3><table class="result"><tr><th class="invisible"/></tr></table><p class="totop"><a href="#summary">back to summary</a></p>
<h3 id="m211">testpackage.LoginPageTest#StartSignInTest</h3><table class="result"><tr><th class="invisible"/></tr></table><p class="totop"><a href="#summary">back to summary</a></p>
<h3 id="m212">testpackage.LoginPageTest#StartSignInTest</h3><table class="result"><tr><th class="invisible"/></tr></table><p class="totop"><a href="#summary">back to summary</a></p>
<h3 id="m213">testpackage.LoginPageTest#StartSignInTest</h3><table class="result"><tr><th class="invisible"/></tr></table><p class="totop"><a href="#summary">back to summary</a></p>
<h3 id="m214">testpackage.LoginPageTest#StartSignInTest</h3><table class="result"><tr><th class="invisible"/></tr></table><p class="totop"><a href="#summary">back to summary</a></p>
<h3 id="m215">testpackage.LoginPageTest#StartSignInTest</h3><table class="result"><tr><th class="invisible"/></tr></table><p class="totop"><a href="#summary">back to summary</a></p>
<h3 id="m216">testpackage.LoginPageTest#StartSignInTest</h3><table class="result"><tr><th class="invisible"/></tr></table><p class="totop"><a href="#summary">back to summary</a></p>
<h3 id="m217">testpackage.LoginPageTest#StartSignInTest</h3><table class="result"><tr><th class="invisible"/></tr></table><p class="totop"><a href="#summary">back to summary</a></p>
<h3 id="m218">testpackage.LoginPageTest#StartSignInTest</h3><table class="result"><tr><th class="invisible"/></tr></table><p class="totop"><a href="#summary">back to summary</a></p>
<h3 id="m219">testpackage.LoginPageTest#StartSignInTest</h3><table class="result"><tr><th class="invisible"/></tr></table><p class="totop"><a href="#summary">back to summary</a></p>
<h3 id="m220">testpackage.LoginPageTest#StartSignInTest</h3><table class="result"><tr><th class="invisible"/></tr></table><p class="totop"><a href="#summary">back to summary</a></p>
<h3 id="m221">testpackage.LoginPageTest#StartSignInTest</h3><table class="result"><tr><th class="invisible"/></tr></table><p class="totop"><a href="#summary">back to summary</a></p>
<h3 id="m222">testpackage.LoginPageTest#StartSignInTest</h3><table class="result"><tr><th class="invisible"/></tr></table><p class="totop"><a href="#summary">back to summary</a></p>
<h3 id="m223">testpackage.LoginPageTest#StartSignInTest</h3><table class="result"><tr><th class="invisible"/></tr></table><p class="totop"><a href="#summary">back to summary</a></p>
<h3 id="m224">testpackage.LoginPageTest#StartSignInTest</h3><table class="result"><tr><th class="invisible"/></tr></table><p class="totop"><a href="#summary">back to summary</a></p>
<h3 id="m225">testpackage.LoginPageTest#StartSignInTest</h3><table class="result"><tr><th class="invisible"/></tr></table><p class="totop"><a href="#summary">back to summary</a></p>
<h3 id="m226">testpackage.LoginPageTest#StartSignInTest</h3><table class="result"><tr><th class="invisible"/></tr></table><p class="totop"><a href="#summary">back to summary</a></p>
<h3 id="m227">testpackage.LoginPageTest#StartSignInTest</h3><table class="result"><tr><th class="invisible"/></tr></table><p class="totop"><a href="#summary">back to summary</a></p>
<h3 id="m228">testpackage.LoginPageTest#StartSignInTest</h3><table class="result"><tr><th class="invisible"/></tr></table><p class="totop"><a href="#summary">back to summary</a></p>
<h3 id="m229">testpackage.LoginPageTest#StartSignInTest</h3><table class="result"><tr><th class="invisible"/></tr></table><p class="totop"><a href="#summary">back to summary</a></p>
<h3 id="m230">testpackage.LoginPageTest#StartSignInTest</h3><table class="result"><tr><th class="invisible"/></tr></table><p class="totop"><a href="#summary">back to summary</a></p>
<h3 id="m231">testpackage.LoginPageTest#StartSignInTest</h3><table class="result"><tr><th class="invisible"/></tr></table><p class="totop"><a href="#summary">back to summary</a></p>
<h3 id="m232">testpackage.LoginPageTest#StartSignInTest</h3><table class="result"><tr><th class="invisible"/></tr></table><p class="totop"><a href="#summary">back to summary</a></p>
<h3 id="m233">testpackage.LoginPageTest#StartSignInTest</h3><table class="result"><tr><th class="invisible"/></tr></table><p class="totop"><a href="#summary">back to summary</a></p>
<h3 id="m234">testpackage.LoginPageTest#StartSignInTest</h3><table class="result"><tr><th class="invisible"/></tr></table><p class="totop"><a href="#summary">back to summary</a></p>
<h3 id="m235">testpackage.LoginPageTest#StartSignInTest</h3><table class="result"><tr><th class="invisible"/></tr></table><p class="totop"><a href="#summary">back to summary</a></p>
<h3 id="m236">testpackage.LoginPageTest#StartSignInTest</h3><table class="result"><tr><th class="invisible"/></tr></table><p class="totop"><a href="#summary">back to summary</a></p>
<h3 id="m237">testpackage.LoginPageTest#StartSignInTest</h3><table class="result"><tr><th class="invisible"/></tr></table><p class="totop"><a href="#summary">back to summary</a></p>
<h3 id="m238">testpackage.LoginPageTest#StartSignInTest</h3><table class="result"><tr><th class="invisible"/></tr></table><p class="totop"><a href="#summary">back to summary</a></p>
<h3 id="m239">testpackage.LoginPageTest#StartSignInTest</h3><table class="result"><tr><th class="invisible"/></tr></table><p class="totop"><a href="#summary">back to summary</a></p>
<h3 id="m240">testpackage.LoginPageTest#StartSignInTest</h3><table class="result"><tr><th class="invisible"/></tr></table><p class="totop"><a href="#summary">back to summary</a></p>
<h3 id="m241">testpackage.LoginPageTest#StartSignInTest</h3><table class="result"><tr><th class="invisible"/></tr></table><p class="totop"><a href="#summary">back to summary</a></p>
<h3 id="m242">testpackage.LoginPageTest#StartSignInTest</h3><table class="result"><tr><th class="invisible"/></tr></table><p class="totop"><a href="#summary">back to summary</a></p>
<h3 id="m243">testpackage.LoginPageTest#StartSignInTest</h3><table class="result"><tr><th class="invisible"/></tr></table><p class="totop"><a href="#summary">back to summary</a></p>
<h3 id="m244">testpackage.LoginPageTest#StartSignInTest</h3><table class="result"><tr><th class="invisible"/></tr></table><p class="totop"><a href="#summary">back to summary</a></p>
<h3 id="m245">testpackage.LoginPageTest#StartSignInTest</h3><table class="result"><tr><th class="invisible"/></tr></table><p class="totop"><a href="#summary">back to summary</a></p>
<h3 id="m246">testpackage.LoginPageTest#getDriver</h3><table class="result"><tr><th class="invisible"/></tr></table><p class="totop"><a href="#summary">back to summary</a></p>
<h3 id="m247">testpackage.MousHoverTest#StartSignInTest</h3><table class="result"><tr><th class="invisible"/></tr></table><p class="totop"><a href="#summary">back to summary</a></p>
<h3 id="m248">testpackage.MousHoverTest#getDriver</h3><table class="result"><tr><th class="invisible"/></tr></table><p class="totop"><a href="#summary">back to summary</a></p>
<h3 id="m249">testpackage.NewTabTest#StartSignInTest</h3><table class="result"><tr><th class="invisible"/></tr></table><p class="totop"><a href="#summary">back to summary</a></p>
<h3 id="m250">testpackage.NewTabTest#getDriver</h3><table class="result"><tr><th class="invisible"/></tr></table><p class="totop"><a href="#summary">back to summary</a></p>
<h3 id="m251">testpackage.NotificationTest#StartSignInTest</h3><table class="result"><tr><th class="invisible"/></tr></table><p class="totop"><a href="#summary">back to summary</a></p>
<h3 id="m252">testpackage.NotificationTest#getDriver</h3><table class="result"><tr><th class="invisible"/></tr></table><p class="totop"><a href="#summary">back to summary</a></p>
<h3 id="m253">testpackage.CheckBoxTest#CheckedCheckBoxtest</h3><table class="result"><tr><th>Exception</th></tr><tr><td><div class="stacktrace">org.testng.TestNGException: 
Parameter &apos;browser&apos; is required by BeforeTest on method initiate but has not been marked @Optional or defined

... Removed 31 stack frames</div></td></tr></table><p class="totop"><a href="#summary">back to summary</a></p>
<h3 id="m254">testpackage.CheckBoxTest#UncheckedCheckBoxtest</h3><table class="result"><tr><th>Exception</th></tr><tr><td><div class="stacktrace">org.testng.TestNGException: 
Parameter &apos;browser&apos; is required by BeforeTest on method initiate but has not been marked @Optional or defined

... Removed 31 stack frames</div></td></tr></table><p class="totop"><a href="#summary">back to summary</a></p>
<h3 id="m255">testpackage.ContextmenuTest#alerttest</h3><table class="result"><tr><th>Exception</th></tr><tr><td><div class="stacktrace">org.testng.TestNGException: 
Parameter &apos;browser&apos; is required by BeforeTest on method initiate but has not been marked @Optional or defined

... Removed 31 stack frames</div></td></tr></table><p class="totop"><a href="#summary">back to summary</a></p>
<h3 id="m256">testpackage.DragandDropTest#DragtestforA</h3><table class="result"><tr><th>Exception</th></tr><tr><td><div class="stacktrace">org.testng.TestNGException: 
Parameter &apos;browser&apos; is required by BeforeTest on method initiate but has not been marked @Optional or defined

... Removed 31 stack frames</div></td></tr></table><p class="totop"><a href="#summary">back to summary</a></p>
<h3 id="m257">testpackage.DragandDropTest#DragtestforB</h3><table class="result"><tr><th>Exception</th></tr><tr><td><div class="stacktrace">org.testng.TestNGException: 
Parameter &apos;browser&apos; is required by BeforeTest on method initiate but has not been marked @Optional or defined

... Removed 31 stack frames</div></td></tr></table><p class="totop"><a href="#summary">back to summary</a></p>
<h3 id="m258">testpackage.DynamicLoadingTest#startbuttontest</h3><table class="result"><tr><th>Exception</th></tr><tr><td><div class="stacktrace">org.testng.TestNGException: 
Parameter &apos;browser&apos; is required by BeforeTest on method initiate but has not been marked @Optional or defined

... Removed 31 stack frames</div></td></tr></table><p class="totop"><a href="#summary">back to summary</a></p>
<h3 id="m259">testpackage.DynamiccontentTest#Dynamiccontent1test</h3><table class="result"><tr><th>Exception</th></tr><tr><td><div class="stacktrace">org.testng.TestNGException: 
Parameter &apos;browser&apos; is required by BeforeTest on method initiate but has not been marked @Optional or defined

... Removed 31 stack frames</div></td></tr></table><p class="totop"><a href="#summary">back to summary</a></p>
<h3 id="m260">testpackage.DynamiccontentTest#Dynamiccontent2test</h3><table class="result"><tr><th>Exception</th></tr><tr><td><div class="stacktrace">org.testng.TestNGException: 
Parameter &apos;browser&apos; is required by BeforeTest on method initiate but has not been marked @Optional or defined

... Removed 31 stack frames</div></td></tr></table><p class="totop"><a href="#summary">back to summary</a></p>
<h3 id="m261">testpackage.DynamiccontentTest#Dynamiccontent3test</h3><table class="result"><tr><th>Exception</th></tr><tr><td><div class="stacktrace">org.testng.TestNGException: 
Parameter &apos;browser&apos; is required by BeforeTest on method initiate but has not been marked @Optional or defined

... Removed 31 stack frames</div></td></tr></table><p class="totop"><a href="#summary">back to summary</a></p>
<h3 id="m262">testpackage.IndexTest#allIndexTabTest</h3><table class="result"><tr><th>Exception</th></tr><tr><td><div class="stacktrace">org.testng.TestNGException: 
Parameter &apos;browser&apos; is required by BeforeTest on method initiate but has not been marked @Optional or defined

... Removed 31 stack frames</div></td></tr></table><p class="totop"><a href="#summary">back to summary</a></p>
<h3 id="m263">testpackage.IndexTest#alternativesTabTest</h3><table class="result"><tr><th>Exception</th></tr><tr><td><div class="stacktrace">org.testng.TestNGException: 
Parameter &apos;browser&apos; is required by BeforeTest on method initiate but has not been marked @Optional or defined

... Removed 31 stack frames</div></td></tr></table><p class="totop"><a href="#summary">back to summary</a></p>
<h3 id="m264">testpackage.IndexTest#assetTypeTest</h3><table class="result"><tr><th>Exception</th></tr><tr><td><div class="stacktrace">org.testng.TestNGException: 
Parameter &apos;browser&apos; is required by BeforeTest on method initiate but has not been marked @Optional or defined

... Removed 31 stack frames</div></td></tr></table><p class="totop"><a href="#summary">back to summary</a></p>
<h3 id="m265">testpackage.IndexTest#dayColumntest</h3><table class="result"><tr><th>Exception</th></tr><tr><td><div class="stacktrace">org.testng.TestNGException: 
Parameter &apos;browser&apos; is required by BeforeTest on method initiate but has not been marked @Optional or defined

... Removed 31 stack frames</div></td></tr></table><p class="totop"><a href="#summary">back to summary</a></p>
<h3 id="m266">testpackage.IndexTest#equityTabTest</h3><table class="result"><tr><th>Exception</th></tr><tr><td><div class="stacktrace">org.testng.TestNGException: 
Parameter &apos;browser&apos; is required by BeforeTest on method initiate but has not been marked @Optional or defined

... Removed 31 stack frames</div></td></tr></table><p class="totop"><a href="#summary">back to summary</a></p>
<h3 id="m267">testpackage.IndexTest#esgTabTest</h3><table class="result"><tr><th>Exception</th></tr><tr><td><div class="stacktrace">org.testng.TestNGException: 
Parameter &apos;browser&apos; is required by BeforeTest on method initiate but has not been marked @Optional or defined

... Removed 31 stack frames</div></td></tr></table><p class="totop"><a href="#summary">back to summary</a></p>
<h3 id="m268">testpackage.IndexTest#fixedIncomeTabTest</h3><table class="result"><tr><th>Exception</th></tr><tr><td><div class="stacktrace">org.testng.TestNGException: 
Parameter &apos;browser&apos; is required by BeforeTest on method initiate but has not been marked @Optional or defined

... Removed 31 stack frames</div></td></tr></table><p class="totop"><a href="#summary">back to summary</a></p>
<h3 id="m269">testpackage.IndexTest#geoRegionTest</h3><table class="result"><tr><th>Exception</th></tr><tr><td><div class="stacktrace">org.testng.TestNGException: 
Parameter &apos;browser&apos; is required by BeforeTest on method initiate but has not been marked @Optional or defined

... Removed 31 stack frames</div></td></tr></table><p class="totop"><a href="#summary">back to summary</a></p>
<h3 id="m270">testpackage.IndexTest#indexByKeywordTest</h3><table class="result"><tr><th>Exception</th></tr><tr><td><div class="stacktrace">org.testng.TestNGException: 
Parameter &apos;browser&apos; is required by BeforeTest on method initiate but has not been marked @Optional or defined

... Removed 31 stack frames</div></td></tr></table><p class="totop"><a href="#summary">back to summary</a></p>
<h3 id="m271">testpackage.IndexTest#indexByNameTest</h3><table class="result"><tr><th>Exception</th></tr><tr><td><div class="stacktrace">org.testng.TestNGException: 
Parameter &apos;browser&apos; is required by BeforeTest on method initiate but has not been marked @Optional or defined

... Removed 31 stack frames</div></td></tr></table><p class="totop"><a href="#summary">back to summary</a></p>
<h3 id="m272">testpackage.IndexTest#indexFamilyTest</h3><table class="result"><tr><th>Exception</th></tr><tr><td><div class="stacktrace">org.testng.TestNGException: 
Parameter &apos;browser&apos; is required by BeforeTest on method initiate but has not been marked @Optional or defined

... Removed 31 stack frames</div></td></tr></table><p class="totop"><a href="#summary">back to summary</a></p>
<h3 id="m273">testpackage.IndexTest#indexType</h3><table class="result"><tr><th>Exception</th></tr><tr><td><div class="stacktrace">org.testng.TestNGException: 
Parameter &apos;browser&apos; is required by BeforeTest on method initiate but has not been marked @Optional or defined

... Removed 31 stack frames</div></td></tr></table><p class="totop"><a href="#summary">back to summary</a></p>
<h3 id="m274">testpackage.IndexTest#marketingTextTest</h3><table class="result"><tr><th>Exception</th></tr><tr><td><div class="stacktrace">org.testng.TestNGException: 
Parameter &apos;browser&apos; is required by BeforeTest on method initiate but has not been marked @Optional or defined

... Removed 31 stack frames</div></td></tr></table><p class="totop"><a href="#summary">back to summary</a></p>
<h3 id="m275">testpackage.IndexTest#multiAssetTabTest</h3><table class="result"><tr><th>Exception</th></tr><tr><td><div class="stacktrace">org.testng.TestNGException: 
Parameter &apos;browser&apos; is required by BeforeTest on method initiate but has not been marked @Optional or defined

... Removed 31 stack frames</div></td></tr></table><p class="totop"><a href="#summary">back to summary</a></p>
<h3 id="m276">testpackage.IndexTest#privateMarketTabTest</h3><table class="result"><tr><th>Exception</th></tr><tr><td><div class="stacktrace">org.testng.TestNGException: 
Parameter &apos;browser&apos; is required by BeforeTest on method initiate but has not been marked @Optional or defined

... Removed 31 stack frames</div></td></tr></table><p class="totop"><a href="#summary">back to summary</a></p>
<h3 id="m277">testpackage.IndexTest#result_10test</h3><table class="result"><tr><th>Exception</th></tr><tr><td><div class="stacktrace">org.testng.TestNGException: 
Parameter &apos;browser&apos; is required by BeforeTest on method initiate but has not been marked @Optional or defined

... Removed 31 stack frames</div></td></tr></table><p class="totop"><a href="#summary">back to summary</a></p>
<h3 id="m278">testpackage.IndexTest#result_20test</h3><table class="result"><tr><th>Exception</th></tr><tr><td><div class="stacktrace">org.testng.TestNGException: 
Parameter &apos;browser&apos; is required by BeforeTest on method initiate but has not been marked @Optional or defined

... Removed 31 stack frames</div></td></tr></table><p class="totop"><a href="#summary">back to summary</a></p>
<h3 id="m279">testpackage.IndexTest#result_50test</h3><table class="result"><tr><th>Exception</th></tr><tr><td><div class="stacktrace">org.testng.TestNGException: 
Parameter &apos;browser&apos; is required by BeforeTest on method initiate but has not been marked @Optional or defined

... Removed 31 stack frames</div></td></tr></table><p class="totop"><a href="#summary">back to summary</a></p>
<h3 id="m280">testpackage.IndexTest#tabListTest</h3><table class="result"><tr><th>Exception</th></tr><tr><td><div class="stacktrace">org.testng.TestNGException: 
Parameter &apos;browser&apos; is required by BeforeTest on method initiate but has not been marked @Optional or defined

... Removed 31 stack frames</div></td></tr></table><p class="totop"><a href="#summary">back to summary</a></p>
<h3 id="m281">testpackage.IndexTest#weekColumntest</h3><table class="result"><tr><th>Exception</th></tr><tr><td><div class="stacktrace">org.testng.TestNGException: 
Parameter &apos;browser&apos; is required by BeforeTest on method initiate but has not been marked @Optional or defined

... Removed 31 stack frames</div></td></tr></table><p class="totop"><a href="#summary">back to summary</a></p>
<h3 id="m282">testpackage.JSAlertTest#jsalerttest</h3><table class="result"><tr><th>Exception</th></tr><tr><td><div class="stacktrace">org.testng.TestNGException: 
Parameter &apos;browser&apos; is required by BeforeTest on method initiate but has not been marked @Optional or defined

... Removed 31 stack frames</div></td></tr></table><p class="totop"><a href="#summary">back to summary</a></p>
<h3 id="m283">testpackage.JSAlertTest#jsconfirmtest</h3><table class="result"><tr><th>Exception</th></tr><tr><td><div class="stacktrace">org.testng.TestNGException: 
Parameter &apos;browser&apos; is required by BeforeTest on method initiate but has not been marked @Optional or defined

... Removed 31 stack frames</div></td></tr></table><p class="totop"><a href="#summary">back to summary</a></p>
<h3 id="m284">testpackage.JSAlertTest#jsprompttest</h3><table class="result"><tr><th>Exception</th></tr><tr><td><div class="stacktrace">org.testng.TestNGException: 
Parameter &apos;browser&apos; is required by BeforeTest on method initiate but has not been marked @Optional or defined

... Removed 31 stack frames</div></td></tr></table><p class="totop"><a href="#summary">back to summary</a></p>
<h3 id="m285">testpackage.LoginPageTest#failloginbuttontest</h3><table class="result"><tr class="param"><th>Parameter #1</th><th>Parameter #2</th></tr><tr class="param stripe"><td>lardfacebellbottoms</td><td>junkyspread65391</td></tr><tr><th colspan="2">Exception</th></tr><tr><td colspan="2"><div class="stacktrace">org.testng.TestNGException: 
Parameter &apos;browser&apos; is required by BeforeTest on method initiate but has not been marked @Optional or defined

... Removed 31 stack frames</div></td></tr></table><p class="totop"><a href="#summary">back to summary</a></p>
<h3 id="m286">testpackage.LoginPageTest#failloginbuttontest</h3><table class="result"><tr class="param"><th>Parameter #1</th><th>Parameter #2</th></tr><tr class="param stripe"><td>relevantrapid</td><td>numberlesshealthy4452</td></tr><tr><th colspan="2">Exception</th></tr><tr><td colspan="2"><div class="stacktrace">org.testng.TestNGException: 
Parameter &apos;browser&apos; is required by BeforeTest on method initiate but has not been marked @Optional or defined

... Removed 31 stack frames</div></td></tr></table><p class="totop"><a href="#summary">back to summary</a></p>
<h3 id="m287">testpackage.LoginPageTest#failloginbuttontest</h3><table class="result"><tr class="param"><th>Parameter #1</th><th>Parameter #2</th></tr><tr class="param stripe"><td>womanlybuffalo</td><td>gulppermanent32757</td></tr><tr><th colspan="2">Exception</th></tr><tr><td colspan="2"><div class="stacktrace">org.testng.TestNGException: 
Parameter &apos;browser&apos; is required by BeforeTest on method initiate but has not been marked @Optional or defined

... Removed 31 stack frames</div></td></tr></table><p class="totop"><a href="#summary">back to summary</a></p>
<h3 id="m288">testpackage.LoginPageTest#failloginbuttontest</h3><table class="result"><tr class="param"><th>Parameter #1</th><th>Parameter #2</th></tr><tr class="param stripe"><td>briskswindler</td><td>ibmjungle32091</td></tr><tr><th colspan="2">Exception</th></tr><tr><td colspan="2"><div class="stacktrace">org.testng.TestNGException: 
Parameter &apos;browser&apos; is required by BeforeTest on method initiate but has not been marked @Optional or defined

... Removed 31 stack frames</div></td></tr></table><p class="totop"><a href="#summary">back to summary</a></p>
<h3 id="m289">testpackage.LoginPageTest#failloginbuttontest</h3><table class="result"><tr class="param"><th>Parameter #1</th><th>Parameter #2</th></tr><tr class="param stripe"><td>romanticimply</td><td>atmvenal53736</td></tr><tr><th colspan="2">Exception</th></tr><tr><td colspan="2"><div class="stacktrace">org.testng.TestNGException: 
Parameter &apos;browser&apos; is required by BeforeTest on method initiate but has not been marked @Optional or defined

... Removed 31 stack frames</div></td></tr></table><p class="totop"><a href="#summary">back to summary</a></p>
<h3 id="m290">testpackage.LoginPageTest#failloginbuttontest</h3><table class="result"><tr class="param"><th>Parameter #1</th><th>Parameter #2</th></tr><tr class="param stripe"><td>washpeppermint</td><td>dazzlingabject12111</td></tr><tr><th colspan="2">Exception</th></tr><tr><td colspan="2"><div class="stacktrace">org.testng.TestNGException: 
Parameter &apos;browser&apos; is required by BeforeTest on method initiate but has not been marked @Optional or defined

... Removed 31 stack frames</div></td></tr></table><p class="totop"><a href="#summary">back to summary</a></p>
<h3 id="m291">testpackage.LoginPageTest#failloginbuttontest</h3><table class="result"><tr class="param"><th>Parameter #1</th><th>Parameter #2</th></tr><tr class="param stripe"><td>Thor</td><td>abc456</td></tr><tr><th colspan="2">Exception</th></tr><tr><td colspan="2"><div class="stacktrace">org.testng.TestNGException: 
Parameter &apos;browser&apos; is required by BeforeTest on method initiate but has not been marked @Optional or defined

... Removed 31 stack frames</div></td></tr></table><p class="totop"><a href="#summary">back to summary</a></p>
<h3 id="m292">testpackage.LoginPageTest#failloginbuttontest</h3><table class="result"><tr class="param"><th>Parameter #1</th><th>Parameter #2</th></tr><tr class="param stripe"><td>victimfunctional</td><td>strategylollipop42414</td></tr><tr><th colspan="2">Exception</th></tr><tr><td colspan="2"><div class="stacktrace">org.testng.TestNGException: 
Parameter &apos;browser&apos; is required by BeforeTest on method initiate but has not been marked @Optional or defined

... Removed 31 stack frames</div></td></tr></table><p class="totop"><a href="#summary">back to summary</a></p>
<h3 id="m293">testpackage.LoginPageTest#failloginbuttontest</h3><table class="result"><tr class="param"><th>Parameter #1</th><th>Parameter #2</th></tr><tr class="param stripe"><td>scholarlutchet</td><td>photographcharity56733</td></tr><tr><th colspan="2">Exception</th></tr><tr><td colspan="2"><div class="stacktrace">org.testng.TestNGException: 
Parameter &apos;browser&apos; is required by BeforeTest on method initiate but has not been marked @Optional or defined

... Removed 31 stack frames</div></td></tr></table><p class="totop"><a href="#summary">back to summary</a></p>
<h3 id="m294">testpackage.LoginPageTest#failloginbuttontest</h3><table class="result"><tr class="param"><th>Parameter #1</th><th>Parameter #2</th></tr><tr class="param stripe"><td>boisterousquality</td><td>teasever39084</td></tr><tr><th colspan="2">Exception</th></tr><tr><td colspan="2"><div class="stacktrace">org.testng.TestNGException: 
Parameter &apos;browser&apos; is required by BeforeTest on method initiate but has not been marked @Optional or defined

... Removed 31 stack frames</div></td></tr></table><p class="totop"><a href="#summary">back to summary</a></p>
<h3 id="m295">testpackage.LoginPageTest#failloginbuttontest</h3><table class="result"><tr class="param"><th>Parameter #1</th><th>Parameter #2</th></tr><tr class="param stripe"><td>requiredwasp</td><td>curlingpaintbrush60063</td></tr><tr><th colspan="2">Exception</th></tr><tr><td colspan="2"><div class="stacktrace">org.testng.TestNGException: 
Parameter &apos;browser&apos; is required by BeforeTest on method initiate but has not been marked @Optional or defined

... Removed 31 stack frames</div></td></tr></table><p class="totop"><a href="#summary">back to summary</a></p>
<h3 id="m296">testpackage.LoginPageTest#failloginbuttontest</h3><table class="result"><tr class="param"><th>Parameter #1</th><th>Parameter #2</th></tr><tr class="param stripe"><td>outgoingabsent</td><td>everydaynotable5451</td></tr><tr><th colspan="2">Exception</th></tr><tr><td colspan="2"><div class="stacktrace">org.testng.TestNGException: 
Parameter &apos;browser&apos; is required by BeforeTest on method initiate but has not been marked @Optional or defined

... Removed 31 stack frames</div></td></tr></table><p class="totop"><a href="#summary">back to summary</a></p>
<h3 id="m297">testpackage.LoginPageTest#failloginbuttontest</h3><table class="result"><tr class="param"><th>Parameter #1</th><th>Parameter #2</th></tr><tr class="param stripe"><td>everydaynotable</td><td>superbtranship5118</td></tr><tr><th colspan="2">Exception</th></tr><tr><td colspan="2"><div class="stacktrace">org.testng.TestNGException: 
Parameter &apos;browser&apos; is required by BeforeTest on method initiate but has not been marked @Optional or defined

... Removed 31 stack frames</div></td></tr></table><p class="totop"><a href="#summary">back to summary</a></p>
<h3 id="m298">testpackage.LoginPageTest#failloginbuttontest</h3><table class="result"><tr class="param"><th>Parameter #1</th><th>Parameter #2</th></tr><tr class="param stripe"><td>cakerecently</td><td>slimeballstylish22767</td></tr><tr><th colspan="2">Exception</th></tr><tr><td colspan="2"><div class="stacktrace">org.testng.TestNGException: 
Parameter &apos;browser&apos; is required by BeforeTest on method initiate but has not been marked @Optional or defined

... Removed 31 stack frames</div></td></tr></table><p class="totop"><a href="#summary">back to summary</a></p>
<h3 id="m299">testpackage.LoginPageTest#failloginbuttontest</h3><table class="result"><tr class="param"><th>Parameter #1</th><th>Parameter #2</th></tr><tr class="param stripe"><td>vanquishboo</td><td>kneelyuletide24765</td></tr><tr><th colspan="2">Exception</th></tr><tr><td colspan="2"><div class="stacktrace">org.testng.TestNGException: 
Parameter &apos;browser&apos; is required by BeforeTest on method initiate but has not been marked @Optional or defined

... Removed 31 stack frames</div></td></tr></table><p class="totop"><a href="#summary">back to summary</a></p>
<h3 id="m300">testpackage.LoginPageTest#failloginbuttontest</h3><table class="result"><tr class="param"><th>Parameter #1</th><th>Parameter #2</th></tr><tr class="param stripe"><td>roletomato</td><td>breadfool61062</td></tr><tr><th colspan="2">Exception</th></tr><tr><td colspan="2"><div class="stacktrace">org.testng.TestNGException: 
Parameter &apos;browser&apos; is required by BeforeTest on method initiate but has not been marked @Optional or defined

... Removed 31 stack frames</div></td></tr></table><p class="totop"><a href="#summary">back to summary</a></p>
<h3 id="m301">testpackage.LoginPageTest#failloginbuttontest</h3><table class="result"><tr class="param"><th>Parameter #1</th><th>Parameter #2</th></tr><tr class="param stripe"><td>barredslovenly</td><td>amazonpromise45078</td></tr><tr><th colspan="2">Exception</th></tr><tr><td colspan="2"><div class="stacktrace">org.testng.TestNGException: 
Parameter &apos;browser&apos; is required by BeforeTest on method initiate but has not been marked @Optional or defined

... Removed 31 stack frames</div></td></tr></table><p class="totop"><a href="#summary">back to summary</a></p>
<h3 id="m302">testpackage.LoginPageTest#failloginbuttontest</h3><table class="result"><tr class="param"><th>Parameter #1</th><th>Parameter #2</th></tr><tr class="param stripe"><td>confidentpretty</td><td>clashtomatoes15108</td></tr><tr><th colspan="2">Exception</th></tr><tr><td colspan="2"><div class="stacktrace">org.testng.TestNGException: 
Parameter &apos;browser&apos; is required by BeforeTest on method initiate but has not been marked @Optional or defined

... Removed 31 stack frames</div></td></tr></table><p class="totop"><a href="#summary">back to summary</a></p>
<h3 id="m303">testpackage.LoginPageTest#failloginbuttontest</h3><table class="result"><tr class="param"><th>Parameter #1</th><th>Parameter #2</th></tr><tr class="param stripe"><td>ibmjungle</td><td>whyjackstaff31758</td></tr><tr><th colspan="2">Exception</th></tr><tr><td colspan="2"><div class="stacktrace">org.testng.TestNGException: 
Parameter &apos;browser&apos; is required by BeforeTest on method initiate but has not been marked @Optional or defined

... Removed 31 stack frames</div></td></tr></table><p class="totop"><a href="#summary">back to summary</a></p>
<h3 id="m304">testpackage.LoginPageTest#failloginbuttontest</h3><table class="result"><tr class="param"><th>Parameter #1</th><th>Parameter #2</th></tr><tr class="param stripe"><td>tutormarry</td><td>youngbrownies63060</td></tr><tr><th colspan="2">Exception</th></tr><tr><td colspan="2"><div class="stacktrace">org.testng.TestNGException: 
Parameter &apos;browser&apos; is required by BeforeTest on method initiate but has not been marked @Optional or defined

... Removed 31 stack frames</div></td></tr></table><p class="totop"><a href="#summary">back to summary</a></p>
<h3 id="m305">testpackage.LoginPageTest#failloginbuttontest</h3><table class="result"><tr class="param"><th>Parameter #1</th><th>Parameter #2</th></tr><tr class="param stripe"><td>username</td><td>password</td></tr><tr><th colspan="2">Exception</th></tr><tr><td colspan="2"><div class="stacktrace">org.testng.TestNGException: 
Parameter &apos;browser&apos; is required by BeforeTest on method initiate but has not been marked @Optional or defined

... Removed 31 stack frames</div></td></tr></table><p class="totop"><a href="#summary">back to summary</a></p>
<h3 id="m306">testpackage.LoginPageTest#failloginbuttontest</h3><table class="result"><tr class="param"><th>Parameter #1</th><th>Parameter #2</th></tr><tr class="param stripe"><td>chemicalsailboat</td><td>marbledconcede23766</td></tr><tr><th colspan="2">Exception</th></tr><tr><td colspan="2"><div class="stacktrace">org.testng.TestNGException: 
Parameter &apos;browser&apos; is required by BeforeTest on method initiate but has not been marked @Optional or defined

... Removed 31 stack frames</div></td></tr></table><p class="totop"><a href="#summary">back to summary</a></p>
<h3 id="m307">testpackage.LoginPageTest#failloginbuttontest</h3><table class="result"><tr class="param"><th>Parameter #1</th><th>Parameter #2</th></tr><tr class="param stripe"><td>veinscheat</td><td>cakerecently23100</td></tr><tr><th colspan="2">Exception</th></tr><tr><td colspan="2"><div class="stacktrace">org.testng.TestNGException: 
Parameter &apos;browser&apos; is required by BeforeTest on method initiate but has not been marked @Optional or defined

... Removed 31 stack frames</div></td></tr></table><p class="totop"><a href="#summary">back to summary</a></p>
<h3 id="m308">testpackage.LoginPageTest#failloginbuttontest</h3><table class="result"><tr class="param"><th>Parameter #1</th><th>Parameter #2</th></tr><tr class="param stripe"><td>jodhpursbutt</td><td>surfeityesterday43746</td></tr><tr><th colspan="2">Exception</th></tr><tr><td colspan="2"><div class="stacktrace">org.testng.TestNGException: 
Parameter &apos;browser&apos; is required by BeforeTest on method initiate but has not been marked @Optional or defined

... Removed 31 stack frames</div></td></tr></table><p class="totop"><a href="#summary">back to summary</a></p>
<h3 id="m309">testpackage.LoginPageTest#failloginbuttontest</h3><table class="result"><tr class="param"><th>Parameter #1</th><th>Parameter #2</th></tr><tr class="param stripe"><td>weightpepperoni</td><td>exchangecover66723</td></tr><tr><th colspan="2">Exception</th></tr><tr><td colspan="2"><div class="stacktrace">org.testng.TestNGException: 
Parameter &apos;browser&apos; is required by BeforeTest on method initiate but has not been marked @Optional or defined

... Removed 31 stack frames</div></td></tr></table><p class="totop"><a href="#summary">back to summary</a></p>
<h3 id="m310">testpackage.LoginPageTest#failloginbuttontest</h3><table class="result"><tr class="param"><th>Parameter #1</th><th>Parameter #2</th></tr><tr class="param stripe"><td>mournerhoglin</td><td>jerkpurse37086</td></tr><tr><th colspan="2">Exception</th></tr><tr><td colspan="2"><div class="stacktrace">org.testng.TestNGException: 
Parameter &apos;browser&apos; is required by BeforeTest on method initiate but has not been marked @Optional or defined

... Removed 31 stack frames</div></td></tr></table><p class="totop"><a href="#summary">back to summary</a></p>
<h3 id="m311">testpackage.LoginPageTest#failloginbuttontest</h3><table class="result"><tr class="param"><th>Parameter #1</th><th>Parameter #2</th></tr><tr class="param stripe"><td>keyboardwomen</td><td>salarymerchant9447</td></tr><tr><th colspan="2">Exception</th></tr><tr><td colspan="2"><div class="stacktrace">org.testng.TestNGException: 
Parameter &apos;browser&apos; is required by BeforeTest on method initiate but has not been marked @Optional or defined

... Removed 31 stack frames</div></td></tr></table><p class="totop"><a href="#summary">back to summary</a></p>
<h3 id="m312">testpackage.LoginPageTest#failloginbuttontest</h3><table class="result"><tr class="param"><th>Parameter #1</th><th>Parameter #2</th></tr><tr class="param stripe"><td>atmvenal</td><td>periodichighlands53403</td></tr><tr><th colspan="2">Exception</th></tr><tr><td colspan="2"><div class="stacktrace">org.testng.TestNGException: 
Parameter &apos;browser&apos; is required by BeforeTest on method initiate but has not been marked @Optional or defined

... Removed 31 stack frames</div></td></tr></table><p class="totop"><a href="#summary">back to summary</a></p>
<h3 id="m313">testpackage.LoginPageTest#failloginbuttontest</h3><table class="result"><tr class="param"><th>Parameter #1</th><th>Parameter #2</th></tr><tr class="param stripe"><td>folkhissing</td><td>pityingleaves20103</td></tr><tr><th colspan="2">Exception</th></tr><tr><td colspan="2"><div class="stacktrace">org.testng.TestNGException: 
Parameter &apos;browser&apos; is required by BeforeTest on method initiate but has not been marked @Optional or defined

... Removed 31 stack frames</div></td></tr></table><p class="totop"><a href="#summary">back to summary</a></p>
<h3 id="m314">testpackage.LoginPageTest#failloginbuttontest</h3><table class="result"><tr class="param"><th>Parameter #1</th><th>Parameter #2</th></tr><tr class="param stripe"><td>additionalchowder</td><td>crispstamp16107</td></tr><tr><th colspan="2">Exception</th></tr><tr><td colspan="2"><div class="stacktrace">org.testng.TestNGException: 
Parameter &apos;browser&apos; is required by BeforeTest on method initiate but has not been marked @Optional or defined

... Removed 31 stack frames</div></td></tr></table><p class="totop"><a href="#summary">back to summary</a></p>
<h3 id="m315">testpackage.LoginPageTest#failloginbuttontest</h3><table class="result"><tr class="param"><th>Parameter #1</th><th>Parameter #2</th></tr><tr class="param stripe"><td>europeanblock</td><td>megadye30426</td></tr><tr><th colspan="2">Exception</th></tr><tr><td colspan="2"><div class="stacktrace">org.testng.TestNGException: 
Parameter &apos;browser&apos; is required by BeforeTest on method initiate but has not been marked @Optional or defined

... Removed 31 stack frames</div></td></tr></table><p class="totop"><a href="#summary">back to summary</a></p>
<h3 id="m316">testpackage.LoginPageTest#failloginbuttontest</h3><table class="result"><tr class="param"><th>Parameter #1</th><th>Parameter #2</th></tr><tr class="param stripe"><td>clayhover</td><td>fruitfulfrustrated13110</td></tr><tr><th colspan="2">Exception</th></tr><tr><td colspan="2"><div class="stacktrace">org.testng.TestNGException: 
Parameter &apos;browser&apos; is required by BeforeTest on method initiate but has not been marked @Optional or defined

... Removed 31 stack frames</div></td></tr></table><p class="totop"><a href="#summary">back to summary</a></p>
<h3 id="m317">testpackage.LoginPageTest#failloginbuttontest</h3><table class="result"><tr class="param"><th>Parameter #1</th><th>Parameter #2</th></tr><tr class="param stripe"><td>reverencesouth</td><td>helicopterdefinite44412</td></tr><tr><th colspan="2">Exception</th></tr><tr><td colspan="2"><div class="stacktrace">org.testng.TestNGException: 
Parameter &apos;browser&apos; is required by BeforeTest on method initiate but has not been marked @Optional or defined

... Removed 31 stack frames</div></td></tr></table><p class="totop"><a href="#summary">back to summary</a></p>
<h3 id="m318">testpackage.LoginPageTest#failloginbuttontest</h3><table class="result"><tr class="param"><th>Parameter #1</th><th>Parameter #2</th></tr><tr class="param stripe"><td>abc</td><td>username123</td></tr><tr><th colspan="2">Exception</th></tr><tr><td colspan="2"><div class="stacktrace">org.testng.TestNGException: 
Parameter &apos;browser&apos; is required by BeforeTest on method initiate but has not been marked @Optional or defined

... Removed 31 stack frames</div></td></tr></table><p class="totop"><a href="#summary">back to summary</a></p>
<h3 id="m319">testpackage.LoginPageTest#failloginbuttontest</h3><table class="result"><tr class="param"><th>Parameter #1</th><th>Parameter #2</th></tr><tr class="param stripe"><td>lethaltroupe</td><td>buttondownvoid6783</td></tr><tr><th colspan="2">Exception</th></tr><tr><td colspan="2"><div class="stacktrace">org.testng.TestNGException: 
Parameter &apos;browser&apos; is required by BeforeTest on method initiate but has not been marked @Optional or defined

... Removed 31 stack frames</div></td></tr></table><p class="totop"><a href="#summary">back to summary</a></p>
<h3 id="m320">testpackage.LoginPageTest#failloginbuttontest</h3><table class="result"><tr class="param"><th>Parameter #1</th><th>Parameter #2</th></tr><tr class="param stripe"><td>feelingregime</td><td>quadricepsrecruit57732</td></tr><tr><th colspan="2">Exception</th></tr><tr><td colspan="2"><div class="stacktrace">org.testng.TestNGException: 
Parameter &apos;browser&apos; is required by BeforeTest on method initiate but has not been marked @Optional or defined

... Removed 31 stack frames</div></td></tr></table><p class="totop"><a href="#summary">back to summary</a></p>
<h3 id="m321">testpackage.LoginPageTest#failloginbuttontest</h3><table class="result"><tr class="param"><th>Parameter #1</th><th>Parameter #2</th></tr><tr class="param stripe"><td>ibexedeficient</td><td>onerouswilling18105</td></tr><tr><th colspan="2">Exception</th></tr><tr><td colspan="2"><div class="stacktrace">org.testng.TestNGException: 
Parameter &apos;browser&apos; is required by BeforeTest on method initiate but has not been marked @Optional or defined

... Removed 31 stack frames</div></td></tr></table><p class="totop"><a href="#summary">back to summary</a></p>
<h3 id="m322">testpackage.LoginPageTest#failloginbuttontest</h3><table class="result"><tr class="param"><th>Parameter #1</th><th>Parameter #2</th></tr><tr class="param stripe"><td>probablydecide</td><td>sandstoneimpatience38085</td></tr><tr><th colspan="2">Exception</th></tr><tr><td colspan="2"><div class="stacktrace">org.testng.TestNGException: 
Parameter &apos;browser&apos; is required by BeforeTest on method initiate but has not been marked @Optional or defined

... Removed 31 stack frames</div></td></tr></table><p class="totop"><a href="#summary">back to summary</a></p>
<h3 id="m323">testpackage.LoginPageTest#failloginbuttontest</h3><table class="result"><tr class="param"><th>Parameter #1</th><th>Parameter #2</th></tr><tr class="param stripe"><td>refugeerowdy</td><td>romanticimply54069</td></tr><tr><th colspan="2">Exception</th></tr><tr><td colspan="2"><div class="stacktrace">org.testng.TestNGException: 
Parameter &apos;browser&apos; is required by BeforeTest on method initiate but has not been marked @Optional or defined

... Removed 31 stack frames</div></td></tr></table><p class="totop"><a href="#summary">back to summary</a></p>
<h3 id="m324">testpackage.LoginPageTest#failloginbuttontest</h3><table class="result"><tr class="param"><th>Parameter #1</th><th>Parameter #2</th></tr><tr class="param stripe"><td>periodichighlands</td><td>cluetutu53070</td></tr><tr><th colspan="2">Exception</th></tr><tr><td colspan="2"><div class="stacktrace">org.testng.TestNGException: 
Parameter &apos;browser&apos; is required by BeforeTest on method initiate but has not been marked @Optional or defined

... Removed 31 stack frames</div></td></tr></table><p class="totop"><a href="#summary">back to summary</a></p>
<h3 id="m325">testpackage.LoginPageTest#failloginbuttontest</h3><table class="result"><tr class="param"><th>Parameter #1</th><th>Parameter #2</th></tr><tr class="param stripe"><td>fascinatedcentral</td><td>diversevalid33423</td></tr><tr><th colspan="2">Exception</th></tr><tr><td colspan="2"><div class="stacktrace">org.testng.TestNGException: 
Parameter &apos;browser&apos; is required by BeforeTest on method initiate but has not been marked @Optional or defined

... Removed 31 stack frames</div></td></tr></table><p class="totop"><a href="#summary">back to summary</a></p>
<h3 id="m326">testpackage.LoginPageTest#failloginbuttontest</h3><table class="result"><tr class="param"><th>Parameter #1</th><th>Parameter #2</th></tr><tr class="param stripe"><td>megadye</td><td>kefirexuberant30093</td></tr><tr><th colspan="2">Exception</th></tr><tr><td colspan="2"><div class="stacktrace">org.testng.TestNGException: 
Parameter &apos;browser&apos; is required by BeforeTest on method initiate but has not been marked @Optional or defined

... Removed 31 stack frames</div></td></tr></table><p class="totop"><a href="#summary">back to summary</a></p>
<h3 id="m327">testpackage.LoginPageTest#failloginbuttontest</h3><table class="result"><tr class="param"><th>Parameter #1</th><th>Parameter #2</th></tr><tr class="param stripe"><td>chivetrident</td><td>articlehall35421</td></tr><tr><th colspan="2">Exception</th></tr><tr><td colspan="2"><div class="stacktrace">org.testng.TestNGException: 
Parameter &apos;browser&apos; is required by BeforeTest on method initiate but has not been marked @Optional or defined

... Removed 31 stack frames</div></td></tr></table><p class="totop"><a href="#summary">back to summary</a></p>
<h3 id="m328">testpackage.LoginPageTest#failloginbuttontest</h3><table class="result"><tr class="param"><th>Parameter #1</th><th>Parameter #2</th></tr><tr class="param stripe"><td>undyinghysterical</td><td>worthwhilecelery50406</td></tr><tr><th colspan="2">Exception</th></tr><tr><td colspan="2"><div class="stacktrace">org.testng.TestNGException: 
Parameter &apos;browser&apos; is required by BeforeTest on method initiate but has not been marked @Optional or defined

... Removed 31 stack frames</div></td></tr></table><p class="totop"><a href="#summary">back to summary</a></p>
<h3 id="m329">testpackage.LoginPageTest#failloginbuttontest</h3><table class="result"><tr class="param"><th>Parameter #1</th><th>Parameter #2</th></tr><tr class="param stripe"><td>westcontent</td><td>jibeassumption54735</td></tr><tr><th colspan="2">Exception</th></tr><tr><td colspan="2"><div class="stacktrace">org.testng.TestNGException: 
Parameter &apos;browser&apos; is required by BeforeTest on method initiate but has not been marked @Optional or defined

... Removed 31 stack frames</div></td></tr></table><p class="totop"><a href="#summary">back to summary</a></p>
<h3 id="m330">testpackage.LoginPageTest#failloginbuttontest</h3><table class="result"><tr class="param"><th>Parameter #1</th><th>Parameter #2</th></tr><tr class="param stripe"><td>dripsympathy</td><td>dishcareful28428</td></tr><tr><th colspan="2">Exception</th></tr><tr><td colspan="2"><div class="stacktrace">org.testng.TestNGException: 
Parameter &apos;browser&apos; is required by BeforeTest on method initiate but has not been marked @Optional or defined

... Removed 31 stack frames</div></td></tr></table><p class="totop"><a href="#summary">back to summary</a></p>
<h3 id="m331">testpackage.LoginPageTest#failloginbuttontest</h3><table class="result"><tr class="param"><th>Parameter #1</th><th>Parameter #2</th></tr><tr class="param stripe"><td>handshakepledge</td><td>avowdepth59064</td></tr><tr><th colspan="2">Exception</th></tr><tr><td colspan="2"><div class="stacktrace">org.testng.TestNGException: 
Parameter &apos;browser&apos; is required by BeforeTest on method initiate but has not been marked @Optional or defined

... Removed 31 stack frames</div></td></tr></table><p class="totop"><a href="#summary">back to summary</a></p>
<h3 id="m332">testpackage.LoginPageTest#failloginbuttontest</h3><table class="result"><tr class="param"><th>Parameter #1</th><th>Parameter #2</th></tr><tr class="param stripe"><td>chewrevered</td><td>indelibletabasco56067</td></tr><tr><th colspan="2">Exception</th></tr><tr><td colspan="2"><div class="stacktrace">org.testng.TestNGException: 
Parameter &apos;browser&apos; is required by BeforeTest on method initiate but has not been marked @Optional or defined

... Removed 31 stack frames</div></td></tr></table><p class="totop"><a href="#summary">back to summary</a></p>
<h3 id="m333">testpackage.LoginPageTest#failloginbuttontest</h3><table class="result"><tr class="param"><th>Parameter #1</th><th>Parameter #2</th></tr><tr class="param stripe"><td>avowdepth</td><td>pantsuittactless58731</td></tr><tr><th colspan="2">Exception</th></tr><tr><td colspan="2"><div class="stacktrace">org.testng.TestNGException: 
Parameter &apos;browser&apos; is required by BeforeTest on method initiate but has not been marked @Optional or defined

... Removed 31 stack frames</div></td></tr></table><p class="totop"><a href="#summary">back to summary</a></p>
<h3 id="m334">testpackage.LoginPageTest#failloginbuttontest</h3><table class="result"><tr class="param"><th>Parameter #1</th><th>Parameter #2</th></tr><tr class="param stripe"><td>grizzleddopey</td><td>lawcross10113</td></tr><tr><th colspan="2">Exception</th></tr><tr><td colspan="2"><div class="stacktrace">org.testng.TestNGException: 
Parameter &apos;browser&apos; is required by BeforeTest on method initiate but has not been marked @Optional or defined

... Removed 31 stack frames</div></td></tr></table><p class="totop"><a href="#summary">back to summary</a></p>
<h3 id="m335">testpackage.LoginPageTest#failloginbuttontest</h3><table class="result"><tr class="param"><th>Parameter #1</th><th>Parameter #2</th></tr><tr class="param stripe"><td>estimatebaboon</td><td>lilypadeach51405</td></tr><tr><th colspan="2">Exception</th></tr><tr><td colspan="2"><div class="stacktrace">org.testng.TestNGException: 
Parameter &apos;browser&apos; is required by BeforeTest on method initiate but has not been marked @Optional or defined

... Removed 31 stack frames</div></td></tr></table><p class="totop"><a href="#summary">back to summary</a></p>
<h3 id="m336">testpackage.LoginPageTest#failloginbuttontest</h3><table class="result"><tr class="param"><th>Parameter #1</th><th>Parameter #2</th></tr><tr class="param stripe"><td>mirrorclash</td><td>thwackzabra36087</td></tr><tr><th colspan="2">Exception</th></tr><tr><td colspan="2"><div class="stacktrace">org.testng.TestNGException: 
Parameter &apos;browser&apos; is required by BeforeTest on method initiate but has not been marked @Optional or defined

... Removed 31 stack frames</div></td></tr></table><p class="totop"><a href="#summary">back to summary</a></p>
<h3 id="m337">testpackage.LoginPageTest#failloginbuttontest</h3><table class="result"><tr class="param"><th>Parameter #1</th><th>Parameter #2</th></tr><tr class="param stripe"><td>minecraftminstrel</td><td>evilprompt26097</td></tr><tr><th colspan="2">Exception</th></tr><tr><td colspan="2"><div class="stacktrace">org.testng.TestNGException: 
Parameter &apos;browser&apos; is required by BeforeTest on method initiate but has not been marked @Optional or defined

... Removed 31 stack frames</div></td></tr></table><p class="totop"><a href="#summary">back to summary</a></p>
<h3 id="m338">testpackage.LoginPageTest#failloginbuttontest</h3><table class="result"><tr class="param"><th>Parameter #1</th><th>Parameter #2</th></tr><tr class="param stripe"><td>onerouswilling</td><td>chideconsent17772</td></tr><tr><th colspan="2">Exception</th></tr><tr><td colspan="2"><div class="stacktrace">org.testng.TestNGException: 
Parameter &apos;browser&apos; is required by BeforeTest on method initiate but has not been marked @Optional or defined

... Removed 31 stack frames</div></td></tr></table><p class="totop"><a href="#summary">back to summary</a></p>
<h3 id="m339">testpackage.LoginPageTest#failloginbuttontest</h3><table class="result"><tr class="param"><th>Parameter #1</th><th>Parameter #2</th></tr><tr class="param stripe"><td>pantsuittactless</td><td>suggestbefriend58398</td></tr><tr><th colspan="2">Exception</th></tr><tr><td colspan="2"><div class="stacktrace">org.testng.TestNGException: 
Parameter &apos;browser&apos; is required by BeforeTest on method initiate but has not been marked @Optional or defined

... Removed 31 stack frames</div></td></tr></table><p class="totop"><a href="#summary">back to summary</a></p>
<h3 id="m340">testpackage.LoginPageTest#failloginbuttontest</h3><table class="result"><tr class="param"><th>Parameter #1</th><th>Parameter #2</th></tr><tr class="param stripe"><td>miaowsip</td><td>centuryleave48408</td></tr><tr><th colspan="2">Exception</th></tr><tr><td colspan="2"><div class="stacktrace">org.testng.TestNGException: 
Parameter &apos;browser&apos; is required by BeforeTest on method initiate but has not been marked @Optional or defined

... Removed 31 stack frames</div></td></tr></table><p class="totop"><a href="#summary">back to summary</a></p>
<h3 id="m341">testpackage.LoginPageTest#failloginbuttontest</h3><table class="result"><tr class="param"><th>Parameter #1</th><th>Parameter #2</th></tr><tr class="param stripe"><td>journalistplaintive</td><td>surmisepuffy14442</td></tr><tr><th colspan="2">Exception</th></tr><tr><td colspan="2"><div class="stacktrace">org.testng.TestNGException: 
Parameter &apos;browser&apos; is required by BeforeTest on method initiate but has not been marked @Optional or defined

... Removed 31 stack frames</div></td></tr></table><p class="totop"><a href="#summary">back to summary</a></p>
<h3 id="m342">testpackage.LoginPageTest#failloginbuttontest</h3><table class="result"><tr class="param"><th>Parameter #1</th><th>Parameter #2</th></tr><tr class="param stripe"><td>mightlistener</td><td>miaowsip48741</td></tr><tr><th colspan="2">Exception</th></tr><tr><td colspan="2"><div class="stacktrace">org.testng.TestNGException: 
Parameter &apos;browser&apos; is required by BeforeTest on method initiate but has not been marked @Optional or defined

... Removed 31 stack frames</div></td></tr></table><p class="totop"><a href="#summary">back to summary</a></p>
<h3 id="m343">testpackage.LoginPageTest#failloginbuttontest</h3><table class="result"><tr class="param"><th>Parameter #1</th><th>Parameter #2</th></tr><tr class="param stripe"><td>gulppermanent</td><td>briskswindler32424</td></tr><tr><th colspan="2">Exception</th></tr><tr><td colspan="2"><div class="stacktrace">org.testng.TestNGException: 
Parameter &apos;browser&apos; is required by BeforeTest on method initiate but has not been marked @Optional or defined

... Removed 31 stack frames</div></td></tr></table><p class="totop"><a href="#summary">back to summary</a></p>
<h3 id="m344">testpackage.LoginPageTest#failloginbuttontest</h3><table class="result"><tr class="param"><th>Parameter #1</th><th>Parameter #2</th></tr><tr class="param stripe"><td>chestnutsfir</td><td>helplessstock8115</td></tr><tr><th colspan="2">Exception</th></tr><tr><td colspan="2"><div class="stacktrace">org.testng.TestNGException: 
Parameter &apos;browser&apos; is required by BeforeTest on method initiate but has not been marked @Optional or defined

... Removed 31 stack frames</div></td></tr></table><p class="totop"><a href="#summary">back to summary</a></p>
<h3 id="m345">testpackage.LoginPageTest#failloginbuttontest</h3><table class="result"><tr class="param"><th>Parameter #1</th><th>Parameter #2</th></tr><tr class="param stripe"><td>wastescurse</td><td>outgoingabsent5784</td></tr><tr><th colspan="2">Exception</th></tr><tr><td colspan="2"><div class="stacktrace">org.testng.TestNGException: 
Parameter &apos;browser&apos; is required by BeforeTest on method initiate but has not been marked @Optional or defined

... Removed 31 stack frames</div></td></tr></table><p class="totop"><a href="#summary">back to summary</a></p>
<h3 id="m346">testpackage.LoginPageTest#failloginbuttontest</h3><table class="result"><tr class="param"><th>Parameter #1</th><th>Parameter #2</th></tr><tr class="param stripe"><td>kefirexuberant</td><td>shortsuspenders29760</td></tr><tr><th colspan="2">Exception</th></tr><tr><td colspan="2"><div class="stacktrace">org.testng.TestNGException: 
Parameter &apos;browser&apos; is required by BeforeTest on method initiate but has not been marked @Optional or defined

... Removed 31 stack frames</div></td></tr></table><p class="totop"><a href="#summary">back to summary</a></p>
<h3 id="m347">testpackage.LoginPageTest#failloginbuttontest</h3><table class="result"><tr class="param"><th>Parameter #1</th><th>Parameter #2</th></tr><tr class="param stripe"><td>situationaccountant</td><td>washpeppermint12444</td></tr><tr><th colspan="2">Exception</th></tr><tr><td colspan="2"><div class="stacktrace">org.testng.TestNGException: 
Parameter &apos;browser&apos; is required by BeforeTest on method initiate but has not been marked @Optional or defined

... Removed 31 stack frames</div></td></tr></table><p class="totop"><a href="#summary">back to summary</a></p>
<h3 id="m348">testpackage.LoginPageTest#failloginbuttontest</h3><table class="result"><tr class="param"><th>Parameter #1</th><th>Parameter #2</th></tr><tr class="param stripe"><td>margindare</td><td>maderetire46410</td></tr><tr><th colspan="2">Exception</th></tr><tr><td colspan="2"><div class="stacktrace">org.testng.TestNGException: 
Parameter &apos;browser&apos; is required by BeforeTest on method initiate but has not been marked @Optional or defined

... Removed 31 stack frames</div></td></tr></table><p class="totop"><a href="#summary">back to summary</a></p>
<h3 id="m349">testpackage.LoginPageTest#failloginbuttontest</h3><table class="result"><tr class="param"><th>Parameter #1</th><th>Parameter #2</th></tr><tr class="param stripe"><td>vhsregard</td><td>fretfuloatmeal22101</td></tr><tr><th colspan="2">Exception</th></tr><tr><td colspan="2"><div class="stacktrace">org.testng.TestNGException: 
Parameter &apos;browser&apos; is required by BeforeTest on method initiate but has not been marked @Optional or defined

... Removed 31 stack frames</div></td></tr></table><p class="totop"><a href="#summary">back to summary</a></p>
<h3 id="m350">testpackage.LoginPageTest#failloginbuttontest</h3><table class="result"><tr class="param"><th>Parameter #1</th><th>Parameter #2</th></tr><tr class="param stripe"><td>soyindication</td><td>Mimir1455</td></tr><tr><th colspan="2">Exception</th></tr><tr><td colspan="2"><div class="stacktrace">org.testng.TestNGException: 
Parameter &apos;browser&apos; is required by BeforeTest on method initiate but has not been marked @Optional or defined

... Removed 31 stack frames</div></td></tr></table><p class="totop"><a href="#summary">back to summary</a></p>
<h3 id="m351">testpackage.LoginPageTest#failloginbuttontest</h3><table class="result"><tr class="param"><th>Parameter #1</th><th>Parameter #2</th></tr><tr class="param stripe"><td>dazzlingabject</td><td>discoverysatellite11778</td></tr><tr><th colspan="2">Exception</th></tr><tr><td colspan="2"><div class="stacktrace">org.testng.TestNGException: 
Parameter &apos;browser&apos; is required by BeforeTest on method initiate but has not been marked @Optional or defined

... Removed 31 stack frames</div></td></tr></table><p class="totop"><a href="#summary">back to summary</a></p>
<h3 id="m352">testpackage.LoginPageTest#failloginbuttontest</h3><table class="result"><tr class="param"><th>Parameter #1</th><th>Parameter #2</th></tr><tr class="param stripe"><td>fortiestend</td><td>herschortle64725</td></tr><tr><th colspan="2">Exception</th></tr><tr><td colspan="2"><div class="stacktrace">org.testng.TestNGException: 
Parameter &apos;browser&apos; is required by BeforeTest on method initiate but has not been marked @Optional or defined

... Removed 31 stack frames</div></td></tr></table><p class="totop"><a href="#summary">back to summary</a></p>
<h3 id="m353">testpackage.LoginPageTest#failloginbuttontest</h3><table class="result"><tr class="param"><th>Parameter #1</th><th>Parameter #2</th></tr><tr class="param stripe"><td>pestergrumpy</td><td>pullovergrouch47409</td></tr><tr><th colspan="2">Exception</th></tr><tr><td colspan="2"><div class="stacktrace">org.testng.TestNGException: 
Parameter &apos;browser&apos; is required by BeforeTest on method initiate but has not been marked @Optional or defined

... Removed 31 stack frames</div></td></tr></table><p class="totop"><a href="#summary">back to summary</a></p>
<h3 id="m354">testpackage.LoginPageTest#failloginbuttontest</h3><table class="result"><tr class="param"><th>Parameter #1</th><th>Parameter #2</th></tr><tr class="param stripe"><td>slightlynearby</td><td>wastescurse6117</td></tr><tr><th colspan="2">Exception</th></tr><tr><td colspan="2"><div class="stacktrace">org.testng.TestNGException: 
Parameter &apos;browser&apos; is required by BeforeTest on method initiate but has not been marked @Optional or defined

... Removed 31 stack frames</div></td></tr></table><p class="totop"><a href="#summary">back to summary</a></p>
<h3 id="m355">testpackage.LoginPageTest#failloginbuttontest</h3><table class="result"><tr class="param"><th>Parameter #1</th><th>Parameter #2</th></tr><tr class="param stripe"><td>pebbletrout</td><td>scholarlutchet57066</td></tr><tr><th colspan="2">Exception</th></tr><tr><td colspan="2"><div class="stacktrace">org.testng.TestNGException: 
Parameter &apos;browser&apos; is required by BeforeTest on method initiate but has not been marked @Optional or defined

... Removed 31 stack frames</div></td></tr></table><p class="totop"><a href="#summary">back to summary</a></p>
<h3 id="m356">testpackage.LoginPageTest#failloginbuttontest</h3><table class="result"><tr class="param"><th>Parameter #1</th><th>Parameter #2</th></tr><tr class="param stripe"><td>pointpolecats</td><td>interestedfrightened52404</td></tr><tr><th colspan="2">Exception</th></tr><tr><td colspan="2"><div class="stacktrace">org.testng.TestNGException: 
Parameter &apos;browser&apos; is required by BeforeTest on method initiate but has not been marked @Optional or defined

... Removed 31 stack frames</div></td></tr></table><p class="totop"><a href="#summary">back to summary</a></p>
<h3 id="m357">testpackage.LoginPageTest#failloginbuttontest</h3><table class="result"><tr class="param"><th>Parameter #1</th><th>Parameter #2</th></tr><tr class="param stripe"><td>groveovershirt</td><td>gratifiedeye66057</td></tr><tr><th colspan="2">Exception</th></tr><tr><td colspan="2"><div class="stacktrace">org.testng.TestNGException: 
Parameter &apos;browser&apos; is required by BeforeTest on method initiate but has not been marked @Optional or defined

... Removed 31 stack frames</div></td></tr></table><p class="totop"><a href="#summary">back to summary</a></p>
<h3 id="m358">testpackage.LoginPageTest#failloginbuttontest</h3><table class="result"><tr class="param"><th>Parameter #1</th><th>Parameter #2</th></tr><tr class="param stripe"><td>disabilitydigress</td><td>troupetragedy16773</td></tr><tr><th colspan="2">Exception</th></tr><tr><td colspan="2"><div class="stacktrace">org.testng.TestNGException: 
Parameter &apos;browser&apos; is required by BeforeTest on method initiate but has not been marked @Optional or defined

... Removed 31 stack frames</div></td></tr></table><p class="totop"><a href="#summary">back to summary</a></p>
<h3 id="m359">testpackage.LoginPageTest#failloginbuttontest</h3><table class="result"><tr class="param"><th>Parameter #1</th><th>Parameter #2</th></tr><tr class="param stripe"><td>thwackzabra</td><td>chivetrident35754</td></tr><tr><th colspan="2">Exception</th></tr><tr><td colspan="2"><div class="stacktrace">org.testng.TestNGException: 
Parameter &apos;browser&apos; is required by BeforeTest on method initiate but has not been marked @Optional or defined

... Removed 31 stack frames</div></td></tr></table><p class="totop"><a href="#summary">back to summary</a></p>
<h3 id="m360">testpackage.LoginPageTest#failloginbuttontest</h3><table class="result"><tr class="param"><th>Parameter #1</th><th>Parameter #2</th></tr><tr class="param stripe"><td>buttondownvoid</td><td>slightlynearby6450</td></tr><tr><th colspan="2">Exception</th></tr><tr><td colspan="2"><div class="stacktrace">org.testng.TestNGException: 
Parameter &apos;browser&apos; is required by BeforeTest on method initiate but has not been marked @Optional or defined

... Removed 31 stack frames</div></td></tr></table><p class="totop"><a href="#summary">back to summary</a></p>
<h3 id="m361">testpackage.LoginPageTest#failloginbuttontest</h3><table class="result"><tr class="param"><th>Parameter #1</th><th>Parameter #2</th></tr><tr class="param stripe"><td>nestlepitch</td><td>emissionsurvey62061</td></tr><tr><th colspan="2">Exception</th></tr><tr><td colspan="2"><div class="stacktrace">org.testng.TestNGException: 
Parameter &apos;browser&apos; is required by BeforeTest on method initiate but has not been marked @Optional or defined

... Removed 31 stack frames</div></td></tr></table><p class="totop"><a href="#summary">back to summary</a></p>
<h3 id="m362">testpackage.LoginPageTest#failloginbuttontest</h3><table class="result"><tr class="param"><th>Parameter #1</th><th>Parameter #2</th></tr><tr class="param stripe"><td>communitypanty</td><td>foreignchicken40083</td></tr><tr><th colspan="2">Exception</th></tr><tr><td colspan="2"><div class="stacktrace">org.testng.TestNGException: 
Parameter &apos;browser&apos; is required by BeforeTest on method initiate but has not been marked @Optional or defined

... Removed 31 stack frames</div></td></tr></table><p class="totop"><a href="#summary">back to summary</a></p>
<h3 id="m363">testpackage.LoginPageTest#failloginbuttontest</h3><table class="result"><tr class="param"><th>Parameter #1</th><th>Parameter #2</th></tr><tr class="param stripe"><td>indelibletabasco</td><td>baronbattle55734</td></tr><tr><th colspan="2">Exception</th></tr><tr><td colspan="2"><div class="stacktrace">org.testng.TestNGException: 
Parameter &apos;browser&apos; is required by BeforeTest on method initiate but has not been marked @Optional or defined

... Removed 31 stack frames</div></td></tr></table><p class="totop"><a href="#summary">back to summary</a></p>
<h3 id="m364">testpackage.LoginPageTest#failloginbuttontest</h3><table class="result"><tr class="param"><th>Parameter #1</th><th>Parameter #2</th></tr><tr class="param stripe"><td>foreignchicken</td><td>beetroottroop39750</td></tr><tr><th colspan="2">Exception</th></tr><tr><td colspan="2"><div class="stacktrace">org.testng.TestNGException: 
Parameter &apos;browser&apos; is required by BeforeTest on method initiate but has not been marked @Optional or defined

... Removed 31 stack frames</div></td></tr></table><p class="totop"><a href="#summary">back to summary</a></p>
<h3 id="m365">testpackage.LoginPageTest#failloginbuttontest</h3><table class="result"><tr class="param"><th>Parameter #1</th><th>Parameter #2</th></tr><tr class="param stripe"><td>snickeradorable</td><td>perceiveimprobable27762</td></tr><tr><th colspan="2">Exception</th></tr><tr><td colspan="2"><div class="stacktrace">org.testng.TestNGException: 
Parameter &apos;browser&apos; is required by BeforeTest on method initiate but has not been marked @Optional or defined

... Removed 31 stack frames</div></td></tr></table><p class="totop"><a href="#summary">back to summary</a></p>
<h3 id="m366">testpackage.LoginPageTest#failloginbuttontest</h3><table class="result"><tr class="param"><th>Parameter #1</th><th>Parameter #2</th></tr><tr class="param stripe"><td>tapersnail</td><td>visibilitypretend19437</td></tr><tr><th colspan="2">Exception</th></tr><tr><td colspan="2"><div class="stacktrace">org.testng.TestNGException: 
Parameter &apos;browser&apos; is required by BeforeTest on method initiate but has not been marked @Optional or defined

... Removed 31 stack frames</div></td></tr></table><p class="totop"><a href="#summary">back to summary</a></p>
<h3 id="m367">testpackage.LoginPageTest#failloginbuttontest</h3><table class="result"><tr class="param"><th>Parameter #1</th><th>Parameter #2</th></tr><tr class="param stripe"><td>surmisepuffy</td><td>directorannoy14109</td></tr><tr><th colspan="2">Exception</th></tr><tr><td colspan="2"><div class="stacktrace">org.testng.TestNGException: 
Parameter &apos;browser&apos; is required by BeforeTest on method initiate but has not been marked @Optional or defined

... Removed 31 stack frames</div></td></tr></table><p class="totop"><a href="#summary">back to summary</a></p>
<h3 id="m368">testpackage.LoginPageTest#failloginbuttontest</h3><table class="result"><tr class="param"><th>Parameter #1</th><th>Parameter #2</th></tr><tr class="param stripe"><td>jerkpurse</td><td>obligationspending36753</td></tr><tr><th colspan="2">Exception</th></tr><tr><td colspan="2"><div class="stacktrace">org.testng.TestNGException: 
Parameter &apos;browser&apos; is required by BeforeTest on method initiate but has not been marked @Optional or defined

... Removed 31 stack frames</div></td></tr></table><p class="totop"><a href="#summary">back to summary</a></p>
<h3 id="m369">testpackage.LoginPageTest#failloginbuttontest</h3><table class="result"><tr class="param"><th>Parameter #1</th><th>Parameter #2</th></tr><tr class="param stripe"><td>fardageangel</td><td>lethaltroupe7116</td></tr><tr><th colspan="2">Exception</th></tr><tr><td colspan="2"><div class="stacktrace">org.testng.TestNGException: 
Parameter &apos;browser&apos; is required by BeforeTest on method initiate but has not been marked @Optional or defined

... Removed 31 stack frames</div></td></tr></table><p class="totop"><a href="#summary">back to summary</a></p>
<h3 id="m370">testpackage.LoginPageTest#failloginbuttontest</h3><table class="result"><tr class="param"><th>Parameter #1</th><th>Parameter #2</th></tr><tr class="param stripe"><td>boregovern</td><td>buyerexxon11112</td></tr><tr><th colspan="2">Exception</th></tr><tr><td colspan="2"><div class="stacktrace">org.testng.TestNGException: 
Parameter &apos;browser&apos; is required by BeforeTest on method initiate but has not been marked @Optional or defined

... Removed 31 stack frames</div></td></tr></table><p class="totop"><a href="#summary">back to summary</a></p>
<h3 id="m371">testpackage.LoginPageTest#failloginbuttontest</h3><table class="result"><tr class="param"><th>Parameter #1</th><th>Parameter #2</th></tr><tr class="param stripe"><td>tundraformal</td><td>chestnutsfir8448</td></tr><tr><th colspan="2">Exception</th></tr><tr><td colspan="2"><div class="stacktrace">org.testng.TestNGException: 
Parameter &apos;browser&apos; is required by BeforeTest on method initiate but has not been marked @Optional or defined

... Removed 31 stack frames</div></td></tr></table><p class="totop"><a href="#summary">back to summary</a></p>
<h3 id="m372">testpackage.LoginPageTest#failloginbuttontest</h3><table class="result"><tr class="param"><th>Parameter #1</th><th>Parameter #2</th></tr><tr class="param stripe"><td>kerchingintolerant</td><td>tundraformal8781</td></tr><tr><th colspan="2">Exception</th></tr><tr><td colspan="2"><div class="stacktrace">org.testng.TestNGException: 
Parameter &apos;browser&apos; is required by BeforeTest on method initiate but has not been marked @Optional or defined

... Removed 31 stack frames</div></td></tr></table><p class="totop"><a href="#summary">back to summary</a></p>
<h3 id="m373">testpackage.LoginPageTest#failloginbuttontest</h3><table class="result"><tr class="param"><th>Parameter #1</th><th>Parameter #2</th></tr><tr class="param stripe"><td>energyrespect</td><td>fascinatedcentral33756</td></tr><tr><th colspan="2">Exception</th></tr><tr><td colspan="2"><div class="stacktrace">org.testng.TestNGException: 
Parameter &apos;browser&apos; is required by BeforeTest on method initiate but has not been marked @Optional or defined

... Removed 31 stack frames</div></td></tr></table><p class="totop"><a href="#summary">back to summary</a></p>
<h3 id="m374">testpackage.LoginPageTest#failloginbuttontest</h3><table class="result"><tr class="param"><th>Parameter #1</th><th>Parameter #2</th></tr><tr class="param stripe"><td>ablazepaddle</td><td>godstupendous41415</td></tr><tr><th colspan="2">Exception</th></tr><tr><td colspan="2"><div class="stacktrace">org.testng.TestNGException: 
Parameter &apos;browser&apos; is required by BeforeTest on method initiate but has not been marked @Optional or defined

... Removed 31 stack frames</div></td></tr></table><p class="totop"><a href="#summary">back to summary</a></p>
<h3 id="m375">testpackage.LoginPageTest#failloginbuttontest</h3><table class="result"><tr class="param"><th>Parameter #1</th><th>Parameter #2</th></tr><tr class="param stripe"><td>shortsuspenders</td><td>factoryamong29427</td></tr><tr><th colspan="2">Exception</th></tr><tr><td colspan="2"><div class="stacktrace">org.testng.TestNGException: 
Parameter &apos;browser&apos; is required by BeforeTest on method initiate but has not been marked @Optional or defined

... Removed 31 stack frames</div></td></tr></table><p class="totop"><a href="#summary">back to summary</a></p>
<h3 id="m376">testpackage.LoginPageTest#failloginbuttontest</h3><table class="result"><tr class="param"><th>Parameter #1</th><th>Parameter #2</th></tr><tr class="param stripe"><td>obligationspending</td><td>mirrorclash36420</td></tr><tr><th colspan="2">Exception</th></tr><tr><td colspan="2"><div class="stacktrace">org.testng.TestNGException: 
Parameter &apos;browser&apos; is required by BeforeTest on method initiate but has not been marked @Optional or defined

... Removed 31 stack frames</div></td></tr></table><p class="totop"><a href="#summary">back to summary</a></p>
<h3 id="m377">testpackage.LoginPageTest#failloginbuttontest</h3><table class="result"><tr class="param"><th>Parameter #1</th><th>Parameter #2</th></tr><tr class="param stripe"><td>helicopterdefinite</td><td>jodhpursbutt44079</td></tr><tr><th colspan="2">Exception</th></tr><tr><td colspan="2"><div class="stacktrace">org.testng.TestNGException: 
Parameter &apos;browser&apos; is required by BeforeTest on method initiate but has not been marked @Optional or defined

... Removed 31 stack frames</div></td></tr></table><p class="totop"><a href="#summary">back to summary</a></p>
<h3 id="m378">testpackage.LoginPageTest#failloginbuttontest</h3><table class="result"><tr class="param"><th>Parameter #1</th><th>Parameter #2</th></tr><tr class="param stripe"><td>Kratos</td><td>Thor789</td></tr><tr><th colspan="2">Exception</th></tr><tr><td colspan="2"><div class="stacktrace">org.testng.TestNGException: 
Parameter &apos;browser&apos; is required by BeforeTest on method initiate but has not been marked @Optional or defined

... Removed 31 stack frames</div></td></tr></table><p class="totop"><a href="#summary">back to summary</a></p>
<h3 id="m379">testpackage.LoginPageTest#failloginbuttontest</h3><table class="result"><tr class="param"><th>Parameter #1</th><th>Parameter #2</th></tr><tr class="param stripe"><td>ratveteran</td><td>culturalabcd64059</td></tr><tr><th colspan="2">Exception</th></tr><tr><td colspan="2"><div class="stacktrace">org.testng.TestNGException: 
Parameter &apos;browser&apos; is required by BeforeTest on method initiate but has not been marked @Optional or defined

... Removed 31 stack frames</div></td></tr></table><p class="totop"><a href="#summary">back to summary</a></p>
<h3 id="m380">testpackage.LoginPageTest#failloginbuttontest</h3><table class="result"><tr class="param"><th>Parameter #1</th><th>Parameter #2</th></tr><tr class="param stripe"><td>accidentalgruesome</td><td>margindare46743</td></tr><tr><th colspan="2">Exception</th></tr><tr><td colspan="2"><div class="stacktrace">org.testng.TestNGException: 
Parameter &apos;browser&apos; is required by BeforeTest on method initiate but has not been marked @Optional or defined

... Removed 31 stack frames</div></td></tr></table><p class="totop"><a href="#summary">back to summary</a></p>
<h3 id="m381">testpackage.LoginPageTest#failloginbuttontest</h3><table class="result"><tr class="param"><th>Parameter #1</th><th>Parameter #2</th></tr><tr class="param stripe"><td>lightsavanna</td><td>wisetrampoline2454</td></tr><tr><th colspan="2">Exception</th></tr><tr><td colspan="2"><div class="stacktrace">org.testng.TestNGException: 
Parameter &apos;browser&apos; is required by BeforeTest on method initiate but has not been marked @Optional or defined

... Removed 31 stack frames</div></td></tr></table><p class="totop"><a href="#summary">back to summary</a></p>
<h3 id="m382">testpackage.LoginPageTest#failloginbuttontest</h3><table class="result"><tr class="param"><th>Parameter #1</th><th>Parameter #2</th></tr><tr class="param stripe"><td>silksledding</td><td>clayhover13443</td></tr><tr><th colspan="2">Exception</th></tr><tr><td colspan="2"><div class="stacktrace">org.testng.TestNGException: 
Parameter &apos;browser&apos; is required by BeforeTest on method initiate but has not been marked @Optional or defined

... Removed 31 stack frames</div></td></tr></table><p class="totop"><a href="#summary">back to summary</a></p>
<h3 id="m383">testpackage.LoginPageTest#failloginbuttontest</h3><table class="result"><tr class="param"><th>Parameter #1</th><th>Parameter #2</th></tr><tr class="param stripe"><td>recklessmacabre</td><td>minecraftminstrel26430</td></tr><tr><th colspan="2">Exception</th></tr><tr><td colspan="2"><div class="stacktrace">org.testng.TestNGException: 
Parameter &apos;browser&apos; is required by BeforeTest on method initiate but has not been marked @Optional or defined

... Removed 31 stack frames</div></td></tr></table><p class="totop"><a href="#summary">back to summary</a></p>
<h3 id="m384">testpackage.LoginPageTest#failloginbuttontest</h3><table class="result"><tr class="param"><th>Parameter #1</th><th>Parameter #2</th></tr><tr class="param stripe"><td>numberlesshealthy</td><td>adoredreally4119</td></tr><tr><th colspan="2">Exception</th></tr><tr><td colspan="2"><div class="stacktrace">org.testng.TestNGException: 
Parameter &apos;browser&apos; is required by BeforeTest on method initiate but has not been marked @Optional or defined

... Removed 31 stack frames</div></td></tr></table><p class="totop"><a href="#summary">back to summary</a></p>
<h3 id="m385">testpackage.LoginPageTest#failloginbuttontest</h3><table class="result"><tr class="param"><th>Parameter #1</th><th>Parameter #2</th></tr><tr class="param stripe"><td>paintbrushtrapped</td><td>folkhissing20436</td></tr><tr><th colspan="2">Exception</th></tr><tr><td colspan="2"><div class="stacktrace">org.testng.TestNGException: 
Parameter &apos;browser&apos; is required by BeforeTest on method initiate but has not been marked @Optional or defined

... Removed 31 stack frames</div></td></tr></table><p class="totop"><a href="#summary">back to summary</a></p>
<h3 id="m386">testpackage.LoginPageTest#failloginbuttontest</h3><table class="result"><tr class="param"><th>Parameter #1</th><th>Parameter #2</th></tr><tr class="param stripe"><td>quadricepsrecruit</td><td>pebbletrout57399</td></tr><tr><th colspan="2">Exception</th></tr><tr><td colspan="2"><div class="stacktrace">org.testng.TestNGException: 
Parameter &apos;browser&apos; is required by BeforeTest on method initiate but has not been marked @Optional or defined

... Removed 31 stack frames</div></td></tr></table><p class="totop"><a href="#summary">back to summary</a></p>
<h3 id="m387">testpackage.LoginPageTest#failloginbuttontest</h3><table class="result"><tr class="param"><th>Parameter #1</th><th>Parameter #2</th></tr><tr class="param stripe"><td>maderetire</td><td>wakeapple46077</td></tr><tr><th colspan="2">Exception</th></tr><tr><td colspan="2"><div class="stacktrace">org.testng.TestNGException: 
Parameter &apos;browser&apos; is required by BeforeTest on method initiate but has not been marked @Optional or defined

... Removed 31 stack frames</div></td></tr></table><p class="totop"><a href="#summary">back to summary</a></p>
<h3 id="m388">testpackage.LoginPageTest#failloginbuttontest</h3><table class="result"><tr class="param"><th>Parameter #1</th><th>Parameter #2</th></tr><tr class="param stripe"><td>evaluatecry</td><td>confidentpretty15441</td></tr><tr><th colspan="2">Exception</th></tr><tr><td colspan="2"><div class="stacktrace">org.testng.TestNGException: 
Parameter &apos;browser&apos; is required by BeforeTest on method initiate but has not been marked @Optional or defined

... Removed 31 stack frames</div></td></tr></table><p class="totop"><a href="#summary">back to summary</a></p>
<h3 id="m389">testpackage.LoginPageTest#failloginbuttontest</h3><table class="result"><tr class="param"><th>Parameter #1</th><th>Parameter #2</th></tr><tr class="param stripe"><td>maremotion</td><td>energyrespect34089</td></tr><tr><th colspan="2">Exception</th></tr><tr><td colspan="2"><div class="stacktrace">org.testng.TestNGException: 
Parameter &apos;browser&apos; is required by BeforeTest on method initiate but has not been marked @Optional or defined

... Removed 31 stack frames</div></td></tr></table><p class="totop"><a href="#summary">back to summary</a></p>
<h3 id="m390">testpackage.LoginPageTest#failloginbuttontest</h3><table class="result"><tr class="param"><th>Parameter #1</th><th>Parameter #2</th></tr><tr class="param stripe"><td>dishcareful</td><td>snickeradorable28095</td></tr><tr><th colspan="2">Exception</th></tr><tr><td colspan="2"><div class="stacktrace">org.testng.TestNGException: 
Parameter &apos;browser&apos; is required by BeforeTest on method initiate but has not been marked @Optional or defined

... Removed 31 stack frames</div></td></tr></table><p class="totop"><a href="#summary">back to summary</a></p>
<h3 id="m391">testpackage.LoginPageTest#failloginbuttontest</h3><table class="result"><tr class="param"><th>Parameter #1</th><th>Parameter #2</th></tr><tr class="param stripe"><td>parrotentrance</td><td>handshakepledge59397</td></tr><tr><th colspan="2">Exception</th></tr><tr><td colspan="2"><div class="stacktrace">org.testng.TestNGException: 
Parameter &apos;browser&apos; is required by BeforeTest on method initiate but has not been marked @Optional or defined

... Removed 31 stack frames</div></td></tr></table><p class="totop"><a href="#summary">back to summary</a></p>
<h3 id="m392">testpackage.LoginPageTest#failloginbuttontest</h3><table class="result"><tr class="param"><th>Parameter #1</th><th>Parameter #2</th></tr><tr class="param stripe"><td>covettraffic</td><td>soyindication1788</td></tr><tr><th colspan="2">Exception</th></tr><tr><td colspan="2"><div class="stacktrace">org.testng.TestNGException: 
Parameter &apos;browser&apos; is required by BeforeTest on method initiate but has not been marked @Optional or defined

... Removed 31 stack frames</div></td></tr></table><p class="totop"><a href="#summary">back to summary</a></p>
<h3 id="m393">testpackage.LoginPageTest#failloginbuttontest</h3><table class="result"><tr class="param"><th>Parameter #1</th><th>Parameter #2</th></tr><tr class="param stripe"><td>economicsdestroy</td><td>undyinghysterical50739</td></tr><tr><th colspan="2">Exception</th></tr><tr><td colspan="2"><div class="stacktrace">org.testng.TestNGException: 
Parameter &apos;browser&apos; is required by BeforeTest on method initiate but has not been marked @Optional or defined

... Removed 31 stack frames</div></td></tr></table><p class="totop"><a href="#summary">back to summary</a></p>
<h3 id="m394">testpackage.LoginPageTest#failloginbuttontest</h3><table class="result"><tr class="param"><th>Parameter #1</th><th>Parameter #2</th></tr><tr class="param stripe"><td>tulipfat</td><td>victimfunctional42747</td></tr><tr><th colspan="2">Exception</th></tr><tr><td colspan="2"><div class="stacktrace">org.testng.TestNGException: 
Parameter &apos;browser&apos; is required by BeforeTest on method initiate but has not been marked @Optional or defined

... Removed 31 stack frames</div></td></tr></table><p class="totop"><a href="#summary">back to summary</a></p>
<h3 id="m395">testpackage.LoginPageTest#failloginbuttontest</h3><table class="result"><tr class="param"><th>Parameter #1</th><th>Parameter #2</th></tr><tr class="param stripe"><td>youngbrownies</td><td>soilbed62727</td></tr><tr><th colspan="2">Exception</th></tr><tr><td colspan="2"><div class="stacktrace">org.testng.TestNGException: 
Parameter &apos;browser&apos; is required by BeforeTest on method initiate but has not been marked @Optional or defined

... Removed 31 stack frames</div></td></tr></table><p class="totop"><a href="#summary">back to summary</a></p>
<h3 id="m396">testpackage.LoginPageTest#failloginbuttontest</h3><table class="result"><tr class="param"><th>Parameter #1</th><th>Parameter #2</th></tr><tr class="param stripe"><td>porridgeoven</td><td>weightpepperoni67056</td></tr><tr><th colspan="2">Exception</th></tr><tr><td colspan="2"><div class="stacktrace">org.testng.TestNGException: 
Parameter &apos;browser&apos; is required by BeforeTest on method initiate but has not been marked @Optional or defined

... Removed 31 stack frames</div></td></tr></table><p class="totop"><a href="#summary">back to summary</a></p>
<h3 id="m397">testpackage.LoginPageTest#failloginbuttontest</h3><table class="result"><tr class="param"><th>Parameter #1</th><th>Parameter #2</th></tr><tr class="param stripe"><td>amazonpromise</td><td>reverencesouth44745</td></tr><tr><th colspan="2">Exception</th></tr><tr><td colspan="2"><div class="stacktrace">org.testng.TestNGException: 
Parameter &apos;browser&apos; is required by BeforeTest on method initiate but has not been marked @Optional or defined

... Removed 31 stack frames</div></td></tr></table><p class="totop"><a href="#summary">back to summary</a></p>
<h3 id="m398">testpackage.LoginPageTest#failloginbuttontest</h3><table class="result"><tr class="param"><th>Parameter #1</th><th>Parameter #2</th></tr><tr class="param stripe"><td>Mimir</td><td>Kratos1122</td></tr><tr><th colspan="2">Exception</th></tr><tr><td colspan="2"><div class="stacktrace">org.testng.TestNGException: 
Parameter &apos;browser&apos; is required by BeforeTest on method initiate but has not been marked @Optional or defined

... Removed 31 stack frames</div></td></tr></table><p class="totop"><a href="#summary">back to summary</a></p>
<h3 id="m399">testpackage.LoginPageTest#failloginbuttontest</h3><table class="result"><tr class="param"><th>Parameter #1</th><th>Parameter #2</th></tr><tr class="param stripe"><td>chideconsent</td><td>colleaguerepay17439</td></tr><tr><th colspan="2">Exception</th></tr><tr><td colspan="2"><div class="stacktrace">org.testng.TestNGException: 
Parameter &apos;browser&apos; is required by BeforeTest on method initiate but has not been marked @Optional or defined

... Removed 31 stack frames</div></td></tr></table><p class="totop"><a href="#summary">back to summary</a></p>
<h3 id="m400">testpackage.LoginPageTest#failloginbuttontest</h3><table class="result"><tr class="param"><th>Parameter #1</th><th>Parameter #2</th></tr><tr class="param stripe"><td>kneelyuletide</td><td>willowcurlew24432</td></tr><tr><th colspan="2">Exception</th></tr><tr><td colspan="2"><div class="stacktrace">org.testng.TestNGException: 
Parameter &apos;browser&apos; is required by BeforeTest on method initiate but has not been marked @Optional or defined

... Removed 31 stack frames</div></td></tr></table><p class="totop"><a href="#summary">back to summary</a></p>
<h3 id="m401">testpackage.LoginPageTest#failloginbuttontest</h3><table class="result"><tr class="param"><th>Parameter #1</th><th>Parameter #2</th></tr><tr class="param stripe"><td>adoredreally</td><td>lacrossedean3786</td></tr><tr><th colspan="2">Exception</th></tr><tr><td colspan="2"><div class="stacktrace">org.testng.TestNGException: 
Parameter &apos;browser&apos; is required by BeforeTest on method initiate but has not been marked @Optional or defined

... Removed 31 stack frames</div></td></tr></table><p class="totop"><a href="#summary">back to summary</a></p>
<h3 id="m402">testpackage.LoginPageTest#failloginbuttontest</h3><table class="result"><tr class="param"><th>Parameter #1</th><th>Parameter #2</th></tr><tr class="param stripe"><td>dailytrek</td><td>barredslovenly45411</td></tr><tr><th colspan="2">Exception</th></tr><tr><td colspan="2"><div class="stacktrace">org.testng.TestNGException: 
Parameter &apos;browser&apos; is required by BeforeTest on method initiate but has not been marked @Optional or defined

... Removed 31 stack frames</div></td></tr></table><p class="totop"><a href="#summary">back to summary</a></p>
<h3 id="m403">testpackage.LoginPageTest#failloginbuttontest</h3><table class="result"><tr class="param"><th>Parameter #1</th><th>Parameter #2</th></tr><tr class="param stripe"><td>relievedcumin</td><td>lightsavanna2787</td></tr><tr><th colspan="2">Exception</th></tr><tr><td colspan="2"><div class="stacktrace">org.testng.TestNGException: 
Parameter &apos;browser&apos; is required by BeforeTest on method initiate but has not been marked @Optional or defined

... Removed 31 stack frames</div></td></tr></table><p class="totop"><a href="#summary">back to summary</a></p>
<h3 id="m404">testpackage.LoginPageTest#failloginbuttontest</h3><table class="result"><tr class="param"><th>Parameter #1</th><th>Parameter #2</th></tr><tr class="param stripe"><td>fretfuloatmeal</td><td>dogwatchlutz21768</td></tr><tr><th colspan="2">Exception</th></tr><tr><td colspan="2"><div class="stacktrace">org.testng.TestNGException: 
Parameter &apos;browser&apos; is required by BeforeTest on method initiate but has not been marked @Optional or defined

... Removed 31 stack frames</div></td></tr></table><p class="totop"><a href="#summary">back to summary</a></p>
<h3 id="m405">testpackage.LoginPageTest#failloginbuttontest</h3><table class="result"><tr class="param"><th>Parameter #1</th><th>Parameter #2</th></tr><tr class="param stripe"><td>emissionsurvey</td><td>britishglug61728</td></tr><tr><th colspan="2">Exception</th></tr><tr><td colspan="2"><div class="stacktrace">org.testng.TestNGException: 
Parameter &apos;browser&apos; is required by BeforeTest on method initiate but has not been marked @Optional or defined

... Removed 31 stack frames</div></td></tr></table><p class="totop"><a href="#summary">back to summary</a></p>
<h3 id="m406">testpackage.LoginPageTest#failloginbuttontest</h3><table class="result"><tr class="param"><th>Parameter #1</th><th>Parameter #2</th></tr><tr class="param stripe"><td>directorannoy</td><td>silksledding13776</td></tr><tr><th colspan="2">Exception</th></tr><tr><td colspan="2"><div class="stacktrace">org.testng.TestNGException: 
Parameter &apos;browser&apos; is required by BeforeTest on method initiate but has not been marked @Optional or defined

... Removed 31 stack frames</div></td></tr></table><p class="totop"><a href="#summary">back to summary</a></p>
<h3 id="m407">testpackage.LoginPageTest#failloginbuttontest</h3><table class="result"><tr class="param"><th>Parameter #1</th><th>Parameter #2</th></tr><tr class="param stripe"><td>clashtomatoes</td><td>journalistplaintive14775</td></tr><tr><th colspan="2">Exception</th></tr><tr><td colspan="2"><div class="stacktrace">org.testng.TestNGException: 
Parameter &apos;browser&apos; is required by BeforeTest on method initiate but has not been marked @Optional or defined

... Removed 31 stack frames</div></td></tr></table><p class="totop"><a href="#summary">back to summary</a></p>
<h3 id="m408">testpackage.LoginPageTest#failloginbuttontest</h3><table class="result"><tr class="param"><th>Parameter #1</th><th>Parameter #2</th></tr><tr class="param stripe"><td>slimeballstylish</td><td>vhsregard22434</td></tr><tr><th colspan="2">Exception</th></tr><tr><td colspan="2"><div class="stacktrace">org.testng.TestNGException: 
Parameter &apos;browser&apos; is required by BeforeTest on method initiate but has not been marked @Optional or defined

... Removed 31 stack frames</div></td></tr></table><p class="totop"><a href="#summary">back to summary</a></p>
<h3 id="m409">testpackage.LoginPageTest#failloginbuttontest</h3><table class="result"><tr class="param"><th>Parameter #1</th><th>Parameter #2</th></tr><tr class="param stripe"><td>lilypadeach</td><td>economicsdestroy51072</td></tr><tr><th colspan="2">Exception</th></tr><tr><td colspan="2"><div class="stacktrace">org.testng.TestNGException: 
Parameter &apos;browser&apos; is required by BeforeTest on method initiate but has not been marked @Optional or defined

... Removed 31 stack frames</div></td></tr></table><p class="totop"><a href="#summary">back to summary</a></p>
<h3 id="m410">testpackage.LoginPageTest#failloginbuttontest</h3><table class="result"><tr class="param"><th>Parameter #1</th><th>Parameter #2</th></tr><tr class="param stripe"><td>crispstamp</td><td>evaluatecry15774</td></tr><tr><th colspan="2">Exception</th></tr><tr><td colspan="2"><div class="stacktrace">org.testng.TestNGException: 
Parameter &apos;browser&apos; is required by BeforeTest on method initiate but has not been marked @Optional or defined

... Removed 31 stack frames</div></td></tr></table><p class="totop"><a href="#summary">back to summary</a></p>
<h3 id="m411">testpackage.LoginPageTest#failloginbuttontest</h3><table class="result"><tr class="param"><th>Parameter #1</th><th>Parameter #2</th></tr><tr class="param stripe"><td>baronbattle</td><td>bowerfloor55401</td></tr><tr><th colspan="2">Exception</th></tr><tr><td colspan="2"><div class="stacktrace">org.testng.TestNGException: 
Parameter &apos;browser&apos; is required by BeforeTest on method initiate but has not been marked @Optional or defined

... Removed 31 stack frames</div></td></tr></table><p class="totop"><a href="#summary">back to summary</a></p>
<h3 id="m412">testpackage.LoginPageTest#failloginbuttontest</h3><table class="result"><tr class="param"><th>Parameter #1</th><th>Parameter #2</th></tr><tr class="param stripe"><td>junkyspread</td><td>fortiestend65058</td></tr><tr><th colspan="2">Exception</th></tr><tr><td colspan="2"><div class="stacktrace">org.testng.TestNGException: 
Parameter &apos;browser&apos; is required by BeforeTest on method initiate but has not been marked @Optional or defined

... Removed 31 stack frames</div></td></tr></table><p class="totop"><a href="#summary">back to summary</a></p>
<h3 id="m413">testpackage.LoginPageTest#failloginbuttontest</h3><table class="result"><tr class="param"><th>Parameter #1</th><th>Parameter #2</th></tr><tr class="param stripe"><td>ulnasettlement</td><td>thoroughchristian27096</td></tr><tr><th colspan="2">Exception</th></tr><tr><td colspan="2"><div class="stacktrace">org.testng.TestNGException: 
Parameter &apos;browser&apos; is required by BeforeTest on method initiate but has not been marked @Optional or defined

... Removed 31 stack frames</div></td></tr></table><p class="totop"><a href="#summary">back to summary</a></p>
<h3 id="m414">testpackage.LoginPageTest#failloginbuttontest</h3><table class="result"><tr class="param"><th>Parameter #1</th><th>Parameter #2</th></tr><tr class="param stripe"><td>breadfool</td><td>nounmaintain60729</td></tr><tr><th colspan="2">Exception</th></tr><tr><td colspan="2"><div class="stacktrace">org.testng.TestNGException: 
Parameter &apos;browser&apos; is required by BeforeTest on method initiate but has not been marked @Optional or defined

... Removed 31 stack frames</div></td></tr></table><p class="totop"><a href="#summary">back to summary</a></p>
<h3 id="m415">testpackage.LoginPageTest#failloginbuttontest</h3><table class="result"><tr class="param"><th>Parameter #1</th><th>Parameter #2</th></tr><tr class="param stripe"><td>lacrossedean</td><td>realtorbee3453</td></tr><tr><th colspan="2">Exception</th></tr><tr><td colspan="2"><div class="stacktrace">org.testng.TestNGException: 
Parameter &apos;browser&apos; is required by BeforeTest on method initiate but has not been marked @Optional or defined

... Removed 31 stack frames</div></td></tr></table><p class="totop"><a href="#summary">back to summary</a></p>
<h3 id="m416">testpackage.LoginPageTest#failloginbuttontest</h3><table class="result"><tr class="param"><th>Parameter #1</th><th>Parameter #2</th></tr><tr class="param stripe"><td>leaveshortbread</td><td>maremotion34422</td></tr><tr><th colspan="2">Exception</th></tr><tr><td colspan="2"><div class="stacktrace">org.testng.TestNGException: 
Parameter &apos;browser&apos; is required by BeforeTest on method initiate but has not been marked @Optional or defined

... Removed 31 stack frames</div></td></tr></table><p class="totop"><a href="#summary">back to summary</a></p>
<h3 id="m417">testpackage.LoginPageTest#failloginbuttontest</h3><table class="result"><tr class="param"><th>Parameter #1</th><th>Parameter #2</th></tr><tr class="param stripe"><td>pityingleaves</td><td>tapersnail19770</td></tr><tr><th colspan="2">Exception</th></tr><tr><td colspan="2"><div class="stacktrace">org.testng.TestNGException: 
Parameter &apos;browser&apos; is required by BeforeTest on method initiate but has not been marked @Optional or defined

... Removed 31 stack frames</div></td></tr></table><p class="totop"><a href="#summary">back to summary</a></p>
<h3 id="m418">testpackage.LoginPageTest#failloginbuttontest</h3><table class="result"><tr class="param"><th>Parameter #1</th><th>Parameter #2</th></tr><tr class="param stripe"><td>troupetragedy</td><td>additionalchowder16440</td></tr><tr><th colspan="2">Exception</th></tr><tr><td colspan="2"><div class="stacktrace">org.testng.TestNGException: 
Parameter &apos;browser&apos; is required by BeforeTest on method initiate but has not been marked @Optional or defined

... Removed 31 stack frames</div></td></tr></table><p class="totop"><a href="#summary">back to summary</a></p>
<h3 id="m419">testpackage.LoginPageTest#failloginbuttontest</h3><table class="result"><tr class="param"><th>Parameter #1</th><th>Parameter #2</th></tr><tr class="param stripe"><td>sandstoneimpatience</td><td>circularleap37752</td></tr><tr><th colspan="2">Exception</th></tr><tr><td colspan="2"><div class="stacktrace">org.testng.TestNGException: 
Parameter &apos;browser&apos; is required by BeforeTest on method initiate but has not been marked @Optional or defined

... Removed 31 stack frames</div></td></tr></table><p class="totop"><a href="#summary">back to summary</a></p>
<h3 id="m420">testpackage.LoginPageTest#failloginbuttontest</h3><table class="result"><tr class="param"><th>Parameter #1</th><th>Parameter #2</th></tr><tr class="param stripe"><td>curlingpaintbrush</td><td>parrotentrance59730</td></tr><tr><th colspan="2">Exception</th></tr><tr><td colspan="2"><div class="stacktrace">org.testng.TestNGException: 
Parameter &apos;browser&apos; is required by BeforeTest on method initiate but has not been marked @Optional or defined

... Removed 31 stack frames</div></td></tr></table><p class="totop"><a href="#summary">back to summary</a></p>
<h3 id="m421">testpackage.LoginPageTest#failloginbuttontest</h3><table class="result"><tr class="param"><th>Parameter #1</th><th>Parameter #2</th></tr><tr class="param stripe"><td>diversevalid</td><td>womanlybuffalo33090</td></tr><tr><th colspan="2">Exception</th></tr><tr><td colspan="2"><div class="stacktrace">org.testng.TestNGException: 
Parameter &apos;browser&apos; is required by BeforeTest on method initiate but has not been marked @Optional or defined

... Removed 31 stack frames</div></td></tr></table><p class="totop"><a href="#summary">back to summary</a></p>
<h3 id="m422">testpackage.LoginPageTest#failloginbuttontest</h3><table class="result"><tr class="param"><th>Parameter #1</th><th>Parameter #2</th></tr><tr class="param stripe"><td>jibeassumption</td><td>refugeerowdy54402</td></tr><tr><th colspan="2">Exception</th></tr><tr><td colspan="2"><div class="stacktrace">org.testng.TestNGException: 
Parameter &apos;browser&apos; is required by BeforeTest on method initiate but has not been marked @Optional or defined

... Removed 31 stack frames</div></td></tr></table><p class="totop"><a href="#summary">back to summary</a></p>
<h3 id="m423">testpackage.LoginPageTest#failloginbuttontest</h3><table class="result"><tr class="param"><th>Parameter #1</th><th>Parameter #2</th></tr><tr class="param stripe"><td>realtorbee</td><td>relievedcumin3120</td></tr><tr><th colspan="2">Exception</th></tr><tr><td colspan="2"><div class="stacktrace">org.testng.TestNGException: 
Parameter &apos;browser&apos; is required by BeforeTest on method initiate but has not been marked @Optional or defined

... Removed 31 stack frames</div></td></tr></table><p class="totop"><a href="#summary">back to summary</a></p>
<h3 id="m424">testpackage.LoginPageTest#failloginbuttontest</h3><table class="result"><tr class="param"><th>Parameter #1</th><th>Parameter #2</th></tr><tr class="param stripe"><td>centuryleave</td><td>crownscud48075</td></tr><tr><th colspan="2">Exception</th></tr><tr><td colspan="2"><div class="stacktrace">org.testng.TestNGException: 
Parameter &apos;browser&apos; is required by BeforeTest on method initiate but has not been marked @Optional or defined

... Removed 31 stack frames</div></td></tr></table><p class="totop"><a href="#summary">back to summary</a></p>
<h3 id="m425">testpackage.LoginPageTest#failloginbuttontest</h3><table class="result"><tr class="param"><th>Parameter #1</th><th>Parameter #2</th></tr><tr class="param stripe"><td>culturalabcd</td><td>burnetplease63726</td></tr><tr><th colspan="2">Exception</th></tr><tr><td colspan="2"><div class="stacktrace">org.testng.TestNGException: 
Parameter &apos;browser&apos; is required by BeforeTest on method initiate but has not been marked @Optional or defined

... Removed 31 stack frames</div></td></tr></table><p class="totop"><a href="#summary">back to summary</a></p>
<h3 id="m426">testpackage.LoginPageTest#failloginbuttontest</h3><table class="result"><tr class="param"><th>Parameter #1</th><th>Parameter #2</th></tr><tr class="param stripe"><td>wisetrampoline</td><td>covettraffic2121</td></tr><tr><th colspan="2">Exception</th></tr><tr><td colspan="2"><div class="stacktrace">org.testng.TestNGException: 
Parameter &apos;browser&apos; is required by BeforeTest on method initiate but has not been marked @Optional or defined

... Removed 31 stack frames</div></td></tr></table><p class="totop"><a href="#summary">back to summary</a></p>
<h3 id="m427">testpackage.LoginPageTest#failloginbuttontest</h3><table class="result"><tr class="param"><th>Parameter #1</th><th>Parameter #2</th></tr><tr class="param stripe"><td>fanaticaltherapy</td><td>junkieextraneous21102</td></tr><tr><th colspan="2">Exception</th></tr><tr><td colspan="2"><div class="stacktrace">org.testng.TestNGException: 
Parameter &apos;browser&apos; is required by BeforeTest on method initiate but has not been marked @Optional or defined

... Removed 31 stack frames</div></td></tr></table><p class="totop"><a href="#summary">back to summary</a></p>
<h3 id="m428">testpackage.LoginPageTest#failloginbuttontest</h3><table class="result"><tr class="param"><th>Parameter #1</th><th>Parameter #2</th></tr><tr class="param stripe"><td>articlehall</td><td>buzzardchalk35088</td></tr><tr><th colspan="2">Exception</th></tr><tr><td colspan="2"><div class="stacktrace">org.testng.TestNGException: 
Parameter &apos;browser&apos; is required by BeforeTest on method initiate but has not been marked @Optional or defined

... Removed 31 stack frames</div></td></tr></table><p class="totop"><a href="#summary">back to summary</a></p>
<h3 id="m429">testpackage.LoginPageTest#failloginbuttontest</h3><table class="result"><tr class="param"><th>Parameter #1</th><th>Parameter #2</th></tr><tr class="param stripe"><td>bowerfloor</td><td>westcontent55068</td></tr><tr><th colspan="2">Exception</th></tr><tr><td colspan="2"><div class="stacktrace">org.testng.TestNGException: 
Parameter &apos;browser&apos; is required by BeforeTest on method initiate but has not been marked @Optional or defined

... Removed 31 stack frames</div></td></tr></table><p class="totop"><a href="#summary">back to summary</a></p>
<h3 id="m430">testpackage.LoginPageTest#failloginbuttontest</h3><table class="result"><tr class="param"><th>Parameter #1</th><th>Parameter #2</th></tr><tr class="param stripe"><td>koshershoemaker</td><td>illusiongirl40749</td></tr><tr><th colspan="2">Exception</th></tr><tr><td colspan="2"><div class="stacktrace">org.testng.TestNGException: 
Parameter &apos;browser&apos; is required by BeforeTest on method initiate but has not been marked @Optional or defined

... Removed 31 stack frames</div></td></tr></table><p class="totop"><a href="#summary">back to summary</a></p>
<h3 id="m431">testpackage.LoginPageTest#failloginbuttontest</h3><table class="result"><tr class="param"><th>Parameter #1</th><th>Parameter #2</th></tr><tr class="param stripe"><td>godstupendous</td><td>koshershoemaker41082</td></tr><tr><th colspan="2">Exception</th></tr><tr><td colspan="2"><div class="stacktrace">org.testng.TestNGException: 
Parameter &apos;browser&apos; is required by BeforeTest on method initiate but has not been marked @Optional or defined

... Removed 31 stack frames</div></td></tr></table><p class="totop"><a href="#summary">back to summary</a></p>
<h3 id="m432">testpackage.LoginPageTest#failloginbuttontest</h3><table class="result"><tr class="param"><th>Parameter #1</th><th>Parameter #2</th></tr><tr class="param stripe"><td>soilbed</td><td>nestlepitch62394</td></tr><tr><th colspan="2">Exception</th></tr><tr><td colspan="2"><div class="stacktrace">org.testng.TestNGException: 
Parameter &apos;browser&apos; is required by BeforeTest on method initiate but has not been marked @Optional or defined

... Removed 31 stack frames</div></td></tr></table><p class="totop"><a href="#summary">back to summary</a></p>
<h3 id="m433">testpackage.LoginPageTest#failloginbuttontest</h3><table class="result"><tr class="param"><th>Parameter #1</th><th>Parameter #2</th></tr><tr class="param stripe"><td>cluetutu</td><td>pointpolecats52737</td></tr><tr><th colspan="2">Exception</th></tr><tr><td colspan="2"><div class="stacktrace">org.testng.TestNGException: 
Parameter &apos;browser&apos; is required by BeforeTest on method initiate but has not been marked @Optional or defined

... Removed 31 stack frames</div></td></tr></table><p class="totop"><a href="#summary">back to summary</a></p>
<h3 id="m434">testpackage.LoginPageTest#failloginbuttontest</h3><table class="result"><tr class="param"><th>Parameter #1</th><th>Parameter #2</th></tr><tr class="param stripe"><td>circularleap</td><td>mournerhoglin37419</td></tr><tr><th colspan="2">Exception</th></tr><tr><td colspan="2"><div class="stacktrace">org.testng.TestNGException: 
Parameter &apos;browser&apos; is required by BeforeTest on method initiate but has not been marked @Optional or defined

... Removed 31 stack frames</div></td></tr></table><p class="totop"><a href="#summary">back to summary</a></p>
<h3 id="m435">testpackage.LoginPageTest#failloginbuttontest</h3><table class="result"><tr class="param"><th>Parameter #1</th><th>Parameter #2</th></tr><tr class="param stripe"><td>pullovergrouch</td><td>accidentalgruesome47076</td></tr><tr><th colspan="2">Exception</th></tr><tr><td colspan="2"><div class="stacktrace">org.testng.TestNGException: 
Parameter &apos;browser&apos; is required by BeforeTest on method initiate but has not been marked @Optional or defined

... Removed 31 stack frames</div></td></tr></table><p class="totop"><a href="#summary">back to summary</a></p>
<h3 id="m436">testpackage.LoginPageTest#failloginbuttontest</h3><table class="result"><tr class="param"><th>Parameter #1</th><th>Parameter #2</th></tr><tr class="param stripe"><td>illusiongirl</td><td>communitypanty40416</td></tr><tr><th colspan="2">Exception</th></tr><tr><td colspan="2"><div class="stacktrace">org.testng.TestNGException: 
Parameter &apos;browser&apos; is required by BeforeTest on method initiate but has not been marked @Optional or defined

... Removed 31 stack frames</div></td></tr></table><p class="totop"><a href="#summary">back to summary</a></p>
<h3 id="m437">testpackage.LoginPageTest#failloginbuttontest</h3><table class="result"><tr class="param"><th>Parameter #1</th><th>Parameter #2</th></tr><tr class="param stripe"><td>herschortle</td><td>ratveteran64392</td></tr><tr><th colspan="2">Exception</th></tr><tr><td colspan="2"><div class="stacktrace">org.testng.TestNGException: 
Parameter &apos;browser&apos; is required by BeforeTest on method initiate but has not been marked @Optional or defined

... Removed 31 stack frames</div></td></tr></table><p class="totop"><a href="#summary">back to summary</a></p>
<h3 id="m438">testpackage.LoginPageTest#failloginbuttontest</h3><table class="result"><tr class="param"><th>Parameter #1</th><th>Parameter #2</th></tr><tr class="param stripe"><td>junkieextraneous</td><td>paintbrushtrapped20769</td></tr><tr><th colspan="2">Exception</th></tr><tr><td colspan="2"><div class="stacktrace">org.testng.TestNGException: 
Parameter &apos;browser&apos; is required by BeforeTest on method initiate but has not been marked @Optional or defined

... Removed 31 stack frames</div></td></tr></table><p class="totop"><a href="#summary">back to summary</a></p>
<h3 id="m439">testpackage.LoginPageTest#failloginbuttontest</h3><table class="result"><tr class="param"><th>Parameter #1</th><th>Parameter #2</th></tr><tr class="param stripe"><td>collectionsesame</td><td>vanquishboo25098</td></tr><tr><th colspan="2">Exception</th></tr><tr><td colspan="2"><div class="stacktrace">org.testng.TestNGException: 
Parameter &apos;browser&apos; is required by BeforeTest on method initiate but has not been marked @Optional or defined

... Removed 31 stack frames</div></td></tr></table><p class="totop"><a href="#summary">back to summary</a></p>
<h3 id="m440">testpackage.LoginPageTest#failloginbuttontest</h3><table class="result"><tr class="param"><th>Parameter #1</th><th>Parameter #2</th></tr><tr class="param stripe"><td>teasever</td><td>darestair38751</td></tr><tr><th colspan="2">Exception</th></tr><tr><td colspan="2"><div class="stacktrace">org.testng.TestNGException: 
Parameter &apos;browser&apos; is required by BeforeTest on method initiate but has not been marked @Optional or defined

... Removed 31 stack frames</div></td></tr></table><p class="totop"><a href="#summary">back to summary</a></p>
<h3 id="m441">testpackage.LoginPageTest#failloginbuttontest</h3><table class="result"><tr class="param"><th>Parameter #1</th><th>Parameter #2</th></tr><tr class="param stripe"><td>screechingtoothsome</td><td>dripsympathy28761</td></tr><tr><th colspan="2">Exception</th></tr><tr><td colspan="2"><div class="stacktrace">org.testng.TestNGException: 
Parameter &apos;browser&apos; is required by BeforeTest on method initiate but has not been marked @Optional or defined

... Removed 31 stack frames</div></td></tr></table><p class="totop"><a href="#summary">back to summary</a></p>
<h3 id="m442">testpackage.LoginPageTest#failloginbuttontest</h3><table class="result"><tr class="param"><th>Parameter #1</th><th>Parameter #2</th></tr><tr class="param stripe"><td>burnetplease</td><td>tutormarry63393</td></tr><tr><th colspan="2">Exception</th></tr><tr><td colspan="2"><div class="stacktrace">org.testng.TestNGException: 
Parameter &apos;browser&apos; is required by BeforeTest on method initiate but has not been marked @Optional or defined

... Removed 31 stack frames</div></td></tr></table><p class="totop"><a href="#summary">back to summary</a></p>
<h3 id="m443">testpackage.LoginPageTest#failloginbuttontest</h3><table class="result"><tr class="param"><th>Parameter #1</th><th>Parameter #2</th></tr><tr class="param stripe"><td>colleaguerepay</td><td>disabilitydigress17106</td></tr><tr><th colspan="2">Exception</th></tr><tr><td colspan="2"><div class="stacktrace">org.testng.TestNGException: 
Parameter &apos;browser&apos; is required by BeforeTest on method initiate but has not been marked @Optional or defined

... Removed 31 stack frames</div></td></tr></table><p class="totop"><a href="#summary">back to summary</a></p>
<h3 id="m444">testpackage.LoginPageTest#failloginbuttontest</h3><table class="result"><tr class="param"><th>Parameter #1</th><th>Parameter #2</th></tr><tr class="param stripe"><td>helplessstock</td><td>respectedregional7782</td></tr><tr><th colspan="2">Exception</th></tr><tr><td colspan="2"><div class="stacktrace">org.testng.TestNGException: 
Parameter &apos;browser&apos; is required by BeforeTest on method initiate but has not been marked @Optional or defined

... Removed 31 stack frames</div></td></tr></table><p class="totop"><a href="#summary">back to summary</a></p>
<h3 id="m445">testpackage.LoginPageTest#failloginbuttontest</h3><table class="result"><tr class="param"><th>Parameter #1</th><th>Parameter #2</th></tr><tr class="param stripe"><td>surfeityesterday</td><td>diamondglass43413</td></tr><tr><th colspan="2">Exception</th></tr><tr><td colspan="2"><div class="stacktrace">org.testng.TestNGException: 
Parameter &apos;browser&apos; is required by BeforeTest on method initiate but has not been marked @Optional or defined

... Removed 31 stack frames</div></td></tr></table><p class="totop"><a href="#summary">back to summary</a></p>
<h3 id="m446">testpackage.LoginPageTest#failloginbuttontest</h3><table class="result"><tr class="param"><th>Parameter #1</th><th>Parameter #2</th></tr><tr class="param stripe"><td>buzzardchalk</td><td>leaveshortbread34755</td></tr><tr><th colspan="2">Exception</th></tr><tr><td colspan="2"><div class="stacktrace">org.testng.TestNGException: 
Parameter &apos;browser&apos; is required by BeforeTest on method initiate but has not been marked @Optional or defined

... Removed 31 stack frames</div></td></tr></table><p class="totop"><a href="#summary">back to summary</a></p>
<h3 id="m447">testpackage.LoginPageTest#failloginbuttontest</h3><table class="result"><tr class="param"><th>Parameter #1</th><th>Parameter #2</th></tr><tr class="param stripe"><td>strategylollipop</td><td>athleticsideal42081</td></tr><tr><th colspan="2">Exception</th></tr><tr><td colspan="2"><div class="stacktrace">org.testng.TestNGException: 
Parameter &apos;browser&apos; is required by BeforeTest on method initiate but has not been marked @Optional or defined

... Removed 31 stack frames</div></td></tr></table><p class="totop"><a href="#summary">back to summary</a></p>
<h3 id="m448">testpackage.LoginPageTest#failloginbuttontest</h3><table class="result"><tr class="param"><th>Parameter #1</th><th>Parameter #2</th></tr><tr class="param stripe"><td>diamondglass</td><td>tulipfat43080</td></tr><tr><th colspan="2">Exception</th></tr><tr><td colspan="2"><div class="stacktrace">org.testng.TestNGException: 
Parameter &apos;browser&apos; is required by BeforeTest on method initiate but has not been marked @Optional or defined

... Removed 31 stack frames</div></td></tr></table><p class="totop"><a href="#summary">back to summary</a></p>
<h3 id="m449">testpackage.LoginPageTest#failloginbuttontest</h3><table class="result"><tr class="param"><th>Parameter #1</th><th>Parameter #2</th></tr><tr class="param stripe"><td>marbledconcede</td><td>veinscheat23433</td></tr><tr><th colspan="2">Exception</th></tr><tr><td colspan="2"><div class="stacktrace">org.testng.TestNGException: 
Parameter &apos;browser&apos; is required by BeforeTest on method initiate but has not been marked @Optional or defined

... Removed 31 stack frames</div></td></tr></table><p class="totop"><a href="#summary">back to summary</a></p>
<h3 id="m450">testpackage.LoginPageTest#failloginbuttontest</h3><table class="result"><tr class="param"><th>Parameter #1</th><th>Parameter #2</th></tr><tr class="param stripe"><td>dramaconcert</td><td>hatefulsock49740</td></tr><tr><th colspan="2">Exception</th></tr><tr><td colspan="2"><div class="stacktrace">org.testng.TestNGException: 
Parameter &apos;browser&apos; is required by BeforeTest on method initiate but has not been marked @Optional or defined

... Removed 31 stack frames</div></td></tr></table><p class="totop"><a href="#summary">back to summary</a></p>
<h3 id="m451">testpackage.LoginPageTest#failloginbuttontest</h3><table class="result"><tr class="param"><th>Parameter #1</th><th>Parameter #2</th></tr><tr class="param stripe"><td>beetroottroop</td><td>boisterousquality39417</td></tr><tr><th colspan="2">Exception</th></tr><tr><td colspan="2"><div class="stacktrace">org.testng.TestNGException: 
Parameter &apos;browser&apos; is required by BeforeTest on method initiate but has not been marked @Optional or defined

... Removed 31 stack frames</div></td></tr></table><p class="totop"><a href="#summary">back to summary</a></p>
<h3 id="m452">testpackage.LoginPageTest#failloginbuttontest</h3><table class="result"><tr class="param"><th>Parameter #1</th><th>Parameter #2</th></tr><tr class="param stripe"><td>salarymerchant</td><td>kerchingintolerant9114</td></tr><tr><th colspan="2">Exception</th></tr><tr><td colspan="2"><div class="stacktrace">org.testng.TestNGException: 
Parameter &apos;browser&apos; is required by BeforeTest on method initiate but has not been marked @Optional or defined

... Removed 31 stack frames</div></td></tr></table><p class="totop"><a href="#summary">back to summary</a></p>
<h3 id="m453">testpackage.LoginPageTest#failloginbuttontest</h3><table class="result"><tr class="param"><th>Parameter #1</th><th>Parameter #2</th></tr><tr class="param stripe"><td>gratifiedeye</td><td>lardfacebellbottoms65724</td></tr><tr><th colspan="2">Exception</th></tr><tr><td colspan="2"><div class="stacktrace">org.testng.TestNGException: 
Parameter &apos;browser&apos; is required by BeforeTest on method initiate but has not been marked @Optional or defined

... Removed 31 stack frames</div></td></tr></table><p class="totop"><a href="#summary">back to summary</a></p>
<h3 id="m454">testpackage.LoginPageTest#failloginbuttontest</h3><table class="result"><tr class="param"><th>Parameter #1</th><th>Parameter #2</th></tr><tr class="param stripe"><td>massiveguttural</td><td>collectionsesame25431</td></tr><tr><th colspan="2">Exception</th></tr><tr><td colspan="2"><div class="stacktrace">org.testng.TestNGException: 
Parameter &apos;browser&apos; is required by BeforeTest on method initiate but has not been marked @Optional or defined

... Removed 31 stack frames</div></td></tr></table><p class="totop"><a href="#summary">back to summary</a></p>
<h3 id="m455">testpackage.LoginPageTest#failloginbuttontest</h3><table class="result"><tr class="param"><th>Parameter #1</th><th>Parameter #2</th></tr><tr class="param stripe"><td>suggestbefriend</td><td>feelingregime58065</td></tr><tr><th colspan="2">Exception</th></tr><tr><td colspan="2"><div class="stacktrace">org.testng.TestNGException: 
Parameter &apos;browser&apos; is required by BeforeTest on method initiate but has not been marked @Optional or defined

... Removed 31 stack frames</div></td></tr></table><p class="totop"><a href="#summary">back to summary</a></p>
<h3 id="m456">testpackage.LoginPageTest#failloginbuttontest</h3><table class="result"><tr class="param"><th>Parameter #1</th><th>Parameter #2</th></tr><tr class="param stripe"><td>evilprompt</td><td>massiveguttural25764</td></tr><tr><th colspan="2">Exception</th></tr><tr><td colspan="2"><div class="stacktrace">org.testng.TestNGException: 
Parameter &apos;browser&apos; is required by BeforeTest on method initiate but has not been marked @Optional or defined

... Removed 31 stack frames</div></td></tr></table><p class="totop"><a href="#summary">back to summary</a></p>
<h3 id="m457">testpackage.LoginPageTest#failloginbuttontest</h3><table class="result"><tr class="param"><th>Parameter #1</th><th>Parameter #2</th></tr><tr class="param stripe"><td>athleticsideal</td><td>ablazepaddle41748</td></tr><tr><th colspan="2">Exception</th></tr><tr><td colspan="2"><div class="stacktrace">org.testng.TestNGException: 
Parameter &apos;browser&apos; is required by BeforeTest on method initiate but has not been marked @Optional or defined

... Removed 31 stack frames</div></td></tr></table><p class="totop"><a href="#summary">back to summary</a></p>
<h3 id="m458">testpackage.LoginPageTest#failloginbuttontest</h3><table class="result"><tr class="param"><th>Parameter #1</th><th>Parameter #2</th></tr><tr class="param stripe"><td>superbtranship</td><td>relevantrapid4785</td></tr><tr><th colspan="2">Exception</th></tr><tr><td colspan="2"><div class="stacktrace">org.testng.TestNGException: 
Parameter &apos;browser&apos; is required by BeforeTest on method initiate but has not been marked @Optional or defined

... Removed 31 stack frames</div></td></tr></table><p class="totop"><a href="#summary">back to summary</a></p>
<h3 id="m459">testpackage.LoginPageTest#failloginbuttontest</h3><table class="result"><tr class="param"><th>Parameter #1</th><th>Parameter #2</th></tr><tr class="param stripe"><td>hatefulsock</td><td>harlotchow49407</td></tr><tr><th colspan="2">Exception</th></tr><tr><td colspan="2"><div class="stacktrace">org.testng.TestNGException: 
Parameter &apos;browser&apos; is required by BeforeTest on method initiate but has not been marked @Optional or defined

... Removed 31 stack frames</div></td></tr></table><p class="totop"><a href="#summary">back to summary</a></p>
<h3 id="m460">testpackage.LoginPageTest#failloginbuttontest</h3><table class="result"><tr class="param"><th>Parameter #1</th><th>Parameter #2</th></tr><tr class="param stripe"><td>interestedfrightened</td><td>strawberriesexistence52071</td></tr><tr><th colspan="2">Exception</th></tr><tr><td colspan="2"><div class="stacktrace">org.testng.TestNGException: 
Parameter &apos;browser&apos; is required by BeforeTest on method initiate but has not been marked @Optional or defined

... Removed 31 stack frames</div></td></tr></table><p class="totop"><a href="#summary">back to summary</a></p>
<h3 id="m461">testpackage.LoginPageTest#failloginbuttontest</h3><table class="result"><tr class="param"><th>Parameter #1</th><th>Parameter #2</th></tr><tr class="param stripe"><td>visibilitypretend</td><td>stylefountain19104</td></tr><tr><th colspan="2">Exception</th></tr><tr><td colspan="2"><div class="stacktrace">org.testng.TestNGException: 
Parameter &apos;browser&apos; is required by BeforeTest on method initiate but has not been marked @Optional or defined

... Removed 31 stack frames</div></td></tr></table><p class="totop"><a href="#summary">back to summary</a></p>
<h3 id="m462">testpackage.LoginPageTest#failloginbuttontest</h3><table class="result"><tr class="param"><th>Parameter #1</th><th>Parameter #2</th></tr><tr class="param stripe"><td>photographcharity</td><td>chewrevered56400</td></tr><tr><th colspan="2">Exception</th></tr><tr><td colspan="2"><div class="stacktrace">org.testng.TestNGException: 
Parameter &apos;browser&apos; is required by BeforeTest on method initiate but has not been marked @Optional or defined

... Removed 31 stack frames</div></td></tr></table><p class="totop"><a href="#summary">back to summary</a></p>
<h3 id="m463">testpackage.LoginPageTest#failloginbuttontest</h3><table class="result"><tr class="param"><th>Parameter #1</th><th>Parameter #2</th></tr><tr class="param stripe"><td>crownscud</td><td>pestergrumpy47742</td></tr><tr><th colspan="2">Exception</th></tr><tr><td colspan="2"><div class="stacktrace">org.testng.TestNGException: 
Parameter &apos;browser&apos; is required by BeforeTest on method initiate but has not been marked @Optional or defined

... Removed 31 stack frames</div></td></tr></table><p class="totop"><a href="#summary">back to summary</a></p>
<h3 id="m464">testpackage.LoginPageTest#failloginbuttontest</h3><table class="result"><tr class="param"><th>Parameter #1</th><th>Parameter #2</th></tr><tr class="param stripe"><td>dogwatchlutz</td><td>fanaticaltherapy21435</td></tr><tr><th colspan="2">Exception</th></tr><tr><td colspan="2"><div class="stacktrace">org.testng.TestNGException: 
Parameter &apos;browser&apos; is required by BeforeTest on method initiate but has not been marked @Optional or defined

... Removed 31 stack frames</div></td></tr></table><p class="totop"><a href="#summary">back to summary</a></p>
<h3 id="m465">testpackage.LoginPageTest#failloginbuttontest</h3><table class="result"><tr class="param"><th>Parameter #1</th><th>Parameter #2</th></tr><tr class="param stripe"><td>whyjackstaff</td><td>inborncurrant31425</td></tr><tr><th colspan="2">Exception</th></tr><tr><td colspan="2"><div class="stacktrace">org.testng.TestNGException: 
Parameter &apos;browser&apos; is required by BeforeTest on method initiate but has not been marked @Optional or defined

... Removed 31 stack frames</div></td></tr></table><p class="totop"><a href="#summary">back to summary</a></p>
<h3 id="m466">testpackage.LoginPageTest#failloginbuttontest</h3><table class="result"><tr class="param"><th>Parameter #1</th><th>Parameter #2</th></tr><tr class="param stripe"><td>stylefountain</td><td>motherfactor18771</td></tr><tr><th colspan="2">Exception</th></tr><tr><td colspan="2"><div class="stacktrace">org.testng.TestNGException: 
Parameter &apos;browser&apos; is required by BeforeTest on method initiate but has not been marked @Optional or defined

... Removed 31 stack frames</div></td></tr></table><p class="totop"><a href="#summary">back to summary</a></p>
<h3 id="m467">testpackage.LoginPageTest#failloginbuttontest</h3><table class="result"><tr class="param"><th>Parameter #1</th><th>Parameter #2</th></tr><tr class="param stripe"><td>wakeapple</td><td>dailytrek45744</td></tr><tr><th colspan="2">Exception</th></tr><tr><td colspan="2"><div class="stacktrace">org.testng.TestNGException: 
Parameter &apos;browser&apos; is required by BeforeTest on method initiate but has not been marked @Optional or defined

... Removed 31 stack frames</div></td></tr></table><p class="totop"><a href="#summary">back to summary</a></p>
<h3 id="m468">testpackage.LoginPageTest#failloginbuttontest</h3><table class="result"><tr class="param"><th>Parameter #1</th><th>Parameter #2</th></tr><tr class="param stripe"><td>discoverysatellite</td><td>boregovern11445</td></tr><tr><th colspan="2">Exception</th></tr><tr><td colspan="2"><div class="stacktrace">org.testng.TestNGException: 
Parameter &apos;browser&apos; is required by BeforeTest on method initiate but has not been marked @Optional or defined

... Removed 31 stack frames</div></td></tr></table><p class="totop"><a href="#summary">back to summary</a></p>
<h3 id="m469">testpackage.LoginPageTest#failloginbuttontest</h3><table class="result"><tr class="param"><th>Parameter #1</th><th>Parameter #2</th></tr><tr class="param stripe"><td>respectedregional</td><td>fardageangel7449</td></tr><tr><th colspan="2">Exception</th></tr><tr><td colspan="2"><div class="stacktrace">org.testng.TestNGException: 
Parameter &apos;browser&apos; is required by BeforeTest on method initiate but has not been marked @Optional or defined

... Removed 31 stack frames</div></td></tr></table><p class="totop"><a href="#summary">back to summary</a></p>
<h3 id="m470">testpackage.LoginPageTest#failloginbuttontest</h3><table class="result"><tr class="param"><th>Parameter #1</th><th>Parameter #2</th></tr><tr class="param stripe"><td>inborncurrant</td><td>chamomilestoic31092</td></tr><tr><th colspan="2">Exception</th></tr><tr><td colspan="2"><div class="stacktrace">org.testng.TestNGException: 
Parameter &apos;browser&apos; is required by BeforeTest on method initiate but has not been marked @Optional or defined

... Removed 31 stack frames</div></td></tr></table><p class="totop"><a href="#summary">back to summary</a></p>
<h3 id="m471">testpackage.LoginPageTest#failloginbuttontest</h3><table class="result"><tr class="param"><th>Parameter #1</th><th>Parameter #2</th></tr><tr class="param stripe"><td>britishglug</td><td>roletomato61395</td></tr><tr><th colspan="2">Exception</th></tr><tr><td colspan="2"><div class="stacktrace">org.testng.TestNGException: 
Parameter &apos;browser&apos; is required by BeforeTest on method initiate but has not been marked @Optional or defined

... Removed 31 stack frames</div></td></tr></table><p class="totop"><a href="#summary">back to summary</a></p>
<h3 id="m472">testpackage.LoginPageTest#failloginbuttontest</h3><table class="result"><tr class="param"><th>Parameter #1</th><th>Parameter #2</th></tr><tr class="param stripe"><td>willowcurlew</td><td>chemicalsailboat24099</td></tr><tr><th colspan="2">Exception</th></tr><tr><td colspan="2"><div class="stacktrace">org.testng.TestNGException: 
Parameter &apos;browser&apos; is required by BeforeTest on method initiate but has not been marked @Optional or defined

... Removed 31 stack frames</div></td></tr></table><p class="totop"><a href="#summary">back to summary</a></p>
<h3 id="m473">testpackage.LoginPageTest#failloginbuttontest</h3><table class="result"><tr class="param"><th>Parameter #1</th><th>Parameter #2</th></tr><tr class="param stripe"><td>chamomilestoic</td><td>europeanblock30759</td></tr><tr><th colspan="2">Exception</th></tr><tr><td colspan="2"><div class="stacktrace">org.testng.TestNGException: 
Parameter &apos;browser&apos; is required by BeforeTest on method initiate but has not been marked @Optional or defined

... Removed 31 stack frames</div></td></tr></table><p class="totop"><a href="#summary">back to summary</a></p>
<h3 id="m474">testpackage.LoginPageTest#failloginbuttontest</h3><table class="result"><tr class="param"><th>Parameter #1</th><th>Parameter #2</th></tr><tr class="param stripe"><td>walrusfunny</td><td>porridgeoven67389</td></tr><tr><th colspan="2">Exception</th></tr><tr><td colspan="2"><div class="stacktrace">org.testng.TestNGException: 
Parameter &apos;browser&apos; is required by BeforeTest on method initiate but has not been marked @Optional or defined

... Removed 31 stack frames</div></td></tr></table><p class="totop"><a href="#summary">back to summary</a></p>
<h3 id="m475">testpackage.LoginPageTest#failloginbuttontest</h3><table class="result"><tr class="param"><th>Parameter #1</th><th>Parameter #2</th></tr><tr class="param stripe"><td>darestair</td><td>probablydecide38418</td></tr><tr><th colspan="2">Exception</th></tr><tr><td colspan="2"><div class="stacktrace">org.testng.TestNGException: 
Parameter &apos;browser&apos; is required by BeforeTest on method initiate but has not been marked @Optional or defined

... Removed 31 stack frames</div></td></tr></table><p class="totop"><a href="#summary">back to summary</a></p>
<h3 id="m476">testpackage.LoginPageTest#failloginbuttontest</h3><table class="result"><tr class="param"><th>Parameter #1</th><th>Parameter #2</th></tr><tr class="param stripe"><td>harlotchow</td><td>mightlistener49074</td></tr><tr><th colspan="2">Exception</th></tr><tr><td colspan="2"><div class="stacktrace">org.testng.TestNGException: 
Parameter &apos;browser&apos; is required by BeforeTest on method initiate but has not been marked @Optional or defined

... Removed 31 stack frames</div></td></tr></table><p class="totop"><a href="#summary">back to summary</a></p>
<h3 id="m477">testpackage.LoginPageTest#failloginbuttontest</h3><table class="result"><tr class="param"><th>Parameter #1</th><th>Parameter #2</th></tr><tr class="param stripe"><td>lawcross</td><td>keyboardwomen9780</td></tr><tr><th colspan="2">Exception</th></tr><tr><td colspan="2"><div class="stacktrace">org.testng.TestNGException: 
Parameter &apos;browser&apos; is required by BeforeTest on method initiate but has not been marked @Optional or defined

... Removed 31 stack frames</div></td></tr></table><p class="totop"><a href="#summary">back to summary</a></p>
<h3 id="m478">testpackage.LoginPageTest#failloginbuttontest</h3><table class="result"><tr class="param"><th>Parameter #1</th><th>Parameter #2</th></tr><tr class="param stripe"><td>perceiveimprobable</td><td>ulnasettlement27429</td></tr><tr><th colspan="2">Exception</th></tr><tr><td colspan="2"><div class="stacktrace">org.testng.TestNGException: 
Parameter &apos;browser&apos; is required by BeforeTest on method initiate but has not been marked @Optional or defined

... Removed 31 stack frames</div></td></tr></table><p class="totop"><a href="#summary">back to summary</a></p>
<h3 id="m479">testpackage.LoginPageTest#failloginbuttontest</h3><table class="result"><tr class="param"><th>Parameter #1</th><th>Parameter #2</th></tr><tr class="param stripe"><td>motherfactor</td><td>ibexedeficient18438</td></tr><tr><th colspan="2">Exception</th></tr><tr><td colspan="2"><div class="stacktrace">org.testng.TestNGException: 
Parameter &apos;browser&apos; is required by BeforeTest on method initiate but has not been marked @Optional or defined

... Removed 31 stack frames</div></td></tr></table><p class="totop"><a href="#summary">back to summary</a></p>
<h3 id="m480">testpackage.LoginPageTest#failloginbuttontest</h3><table class="result"><tr class="param"><th>Parameter #1</th><th>Parameter #2</th></tr><tr class="param stripe"><td>exchangecover</td><td>groveovershirt66390</td></tr><tr><th colspan="2">Exception</th></tr><tr><td colspan="2"><div class="stacktrace">org.testng.TestNGException: 
Parameter &apos;browser&apos; is required by BeforeTest on method initiate but has not been marked @Optional or defined

... Removed 31 stack frames</div></td></tr></table><p class="totop"><a href="#summary">back to summary</a></p>
<h3 id="m481">testpackage.LoginPageTest#failloginbuttontest</h3><table class="result"><tr class="param"><th>Parameter #1</th><th>Parameter #2</th></tr><tr class="param stripe"><td>buyerexxon</td><td>bocceplink10779</td></tr><tr><th colspan="2">Exception</th></tr><tr><td colspan="2"><div class="stacktrace">org.testng.TestNGException: 
Parameter &apos;browser&apos; is required by BeforeTest on method initiate but has not been marked @Optional or defined

... Removed 31 stack frames</div></td></tr></table><p class="totop"><a href="#summary">back to summary</a></p>
<h3 id="m482">testpackage.LoginPageTest#failloginbuttontest</h3><table class="result"><tr class="param"><th>Parameter #1</th><th>Parameter #2</th></tr><tr class="param stripe"><td>factoryamong</td><td>screechingtoothsome29094</td></tr><tr><th colspan="2">Exception</th></tr><tr><td colspan="2"><div class="stacktrace">org.testng.TestNGException: 
Parameter &apos;browser&apos; is required by BeforeTest on method initiate but has not been marked @Optional or defined

... Removed 31 stack frames</div></td></tr></table><p class="totop"><a href="#summary">back to summary</a></p>
<h3 id="m483">testpackage.LoginPageTest#failloginbuttontest</h3><table class="result"><tr class="param"><th>Parameter #1</th><th>Parameter #2</th></tr><tr class="param stripe"><td>fruitfulfrustrated</td><td>situationaccountant12777</td></tr><tr><th colspan="2">Exception</th></tr><tr><td colspan="2"><div class="stacktrace">org.testng.TestNGException: 
Parameter &apos;browser&apos; is required by BeforeTest on method initiate but has not been marked @Optional or defined

... Removed 31 stack frames</div></td></tr></table><p class="totop"><a href="#summary">back to summary</a></p>
<h3 id="m484">testpackage.LoginPageTest#failloginbuttontest</h3><table class="result"><tr class="param"><th>Parameter #1</th><th>Parameter #2</th></tr><tr class="param stripe"><td>thoroughchristian</td><td>recklessmacabre26763</td></tr><tr><th colspan="2">Exception</th></tr><tr><td colspan="2"><div class="stacktrace">org.testng.TestNGException: 
Parameter &apos;browser&apos; is required by BeforeTest on method initiate but has not been marked @Optional or defined

... Removed 31 stack frames</div></td></tr></table><p class="totop"><a href="#summary">back to summary</a></p>
<h3 id="m485">testpackage.LoginPageTest#failloginbuttontest</h3><table class="result"><tr class="param"><th>Parameter #1</th><th>Parameter #2</th></tr><tr class="param stripe"><td>worthwhilecelery</td><td>dramaconcert50073</td></tr><tr><th colspan="2">Exception</th></tr><tr><td colspan="2"><div class="stacktrace">org.testng.TestNGException: 
Parameter &apos;browser&apos; is required by BeforeTest on method initiate but has not been marked @Optional or defined

... Removed 31 stack frames</div></td></tr></table><p class="totop"><a href="#summary">back to summary</a></p>
<h3 id="m486">testpackage.LoginPageTest#failloginbuttontest</h3><table class="result"><tr class="param"><th>Parameter #1</th><th>Parameter #2</th></tr><tr class="param stripe"><td>bocceplink</td><td>grizzleddopey10446</td></tr><tr><th colspan="2">Exception</th></tr><tr><td colspan="2"><div class="stacktrace">org.testng.TestNGException: 
Parameter &apos;browser&apos; is required by BeforeTest on method initiate but has not been marked @Optional or defined

... Removed 31 stack frames</div></td></tr></table><p class="totop"><a href="#summary">back to summary</a></p>
<h3 id="m487">testpackage.LoginPageTest#failloginbuttontest</h3><table class="result"><tr class="param"><th>Parameter #1</th><th>Parameter #2</th></tr><tr class="param stripe"><td>strawberriesexistence</td><td>estimatebaboon51738</td></tr><tr><th colspan="2">Exception</th></tr><tr><td colspan="2"><div class="stacktrace">org.testng.TestNGException: 
Parameter &apos;browser&apos; is required by BeforeTest on method initiate but has not been marked @Optional or defined

... Removed 31 stack frames</div></td></tr></table><p class="totop"><a href="#summary">back to summary</a></p>
<h3 id="m488">testpackage.LoginPageTest#failloginbuttontest</h3><table class="result"><tr class="param"><th>Parameter #1</th><th>Parameter #2</th></tr><tr class="param stripe"><td>nounmaintain</td><td>requiredwasp60396</td></tr><tr><th colspan="2">Exception</th></tr><tr><td colspan="2"><div class="stacktrace">org.testng.TestNGException: 
Parameter &apos;browser&apos; is required by BeforeTest on method initiate but has not been marked @Optional or defined

... Removed 31 stack frames</div></td></tr></table><p class="totop"><a href="#summary">back to summary</a></p>
<h3 id="m489">testpackage.LoginPageTest#loginbuttontest</h3><table class="result"><tr><th>Exception</th></tr><tr><td><div class="stacktrace">org.testng.TestNGException: 
Parameter &apos;browser&apos; is required by BeforeTest on method initiate but has not been marked @Optional or defined

... Removed 31 stack frames</div></td></tr></table><p class="totop"><a href="#summary">back to summary</a></p>
<h3 id="m490">testpackage.MousHoverTest#img1test</h3><table class="result"><tr><th>Exception</th></tr><tr><td><div class="stacktrace">org.testng.TestNGException: 
Parameter &apos;browser&apos; is required by BeforeTest on method initiate but has not been marked @Optional or defined

... Removed 31 stack frames</div></td></tr></table><p class="totop"><a href="#summary">back to summary</a></p>
<h3 id="m491">testpackage.NewTabTest#tabtest</h3><table class="result"><tr><th>Exception</th></tr><tr><td><div class="stacktrace">org.testng.TestNGException: 
Parameter &apos;browser&apos; is required by BeforeTest on method initiate but has not been marked @Optional or defined

... Removed 31 stack frames</div></td></tr></table><p class="totop"><a href="#summary">back to summary</a></p>
<h3 id="m492">testpackage.NotificationTest#notificationtest</h3><table class="result"><tr><th>Exception</th></tr><tr><td><div class="stacktrace">org.testng.TestNGException: 
Parameter &apos;browser&apos; is required by BeforeTest on method initiate but has not been marked @Optional or defined

... Removed 31 stack frames</div></td></tr></table><p class="totop"><a href="#summary">back to summary</a></p>
</body>
</html>
