<!DOCTYPE html>

<html>
  <head>
  <meta charset='utf-8'>
  <title>TestNG reports</title>

    <link type="text/css" href="testng-reports1.css" rel="stylesheet" id="ultra" />
    <link type="text/css" href="testng-reports.css" rel="stylesheet" id="retro" disabled="false"/>
    <script type="text/javascript" src="jquery-3.6.0.min.js"></script>
    <script type="text/javascript" src="testng-reports.js"></script>
    <script type="text/javascript" src="https://www.google.com/jsapi"></script>
    <script type='text/javascript'>
      google.load('visualization', '1', {packages:['table']});
      google.setOnLoadCallback(drawTable);
      var suiteTableInitFunctions = new Array();
      var suiteTableData = new Array();
    </script>
    <!--
      <script type="text/javascript" src="jquery-ui/js/jquery-ui-1.8.16.custom.min.js"></script>
     -->
  </head>

  <body>    <div class="top-banner-root">
      <span class="top-banner-title-font">Test results</span>
      <button id="button" class="button">Switch Retro Theme</button> <!-- button -->
      <br/>
      <span class="top-banner-font-1">1 suite</span>
    </div> <!-- top-banner-root -->
    <div class="navigator-root">
      <div class="navigator-suite-header">
        <span>All suites</span>
        <a href="#" title="Collapse/expand all the suites" class="collapse-all-link">
          <img src="collapseall.gif" class="collapse-all-icon">
          </img> <!-- collapse-all-icon -->
        </a> <!-- collapse-all-link -->
      </div> <!-- navigator-suite-header -->
      <div class="suite">
        <div class="rounded-window">
          <div class="suite-header light-rounded-window-top">
            <a href="#" panel-name="suite-Command_line_suite" class="navigator-link">
              <span class="suite-name border-skipped">Command line suite</span>
            </a> <!-- navigator-link -->
          </div> <!-- suite-header light-rounded-window-top -->
          <div class="navigator-suite-content">
            <div class="suite-section-title">
              <span>Info</span>
            </div> <!-- suite-section-title -->
            <div class="suite-section-content">
              <ul>
                <li>
                  <a href="#" panel-name="test-xml-Command_line_suite" class="navigator-link ">
                    <span>[unset file name]</span>
                  </a> <!-- navigator-link  -->
                </li>
                <li>
                  <a href="#" panel-name="testlist-Command_line_suite" class="navigator-link ">
                    <span class="test-stats">1 test</span>
                  </a> <!-- navigator-link  -->
                </li>
                <li>
                  <a href="#" panel-name="group-Command_line_suite" class="navigator-link ">
                    <span>0 groups</span>
                  </a> <!-- navigator-link  -->
                </li>
                <li>
                  <a href="#" panel-name="times-Command_line_suite" class="navigator-link ">
                    <span>Times</span>
                  </a> <!-- navigator-link  -->
                </li>
                <li>
                  <a href="#" panel-name="reporter-Command_line_suite" class="navigator-link ">
                    <span>Reporter output</span>
                  </a> <!-- navigator-link  -->
                </li>
                <li>
                  <a href="#" panel-name="ignored-methods-Command_line_suite" class="navigator-link ">
                    <span>Ignored methods</span>
                  </a> <!-- navigator-link  -->
                </li>
                <li>
                  <a href="#" panel-name="chronological-Command_line_suite" class="navigator-link ">
                    <span>Chronological view</span>
                  </a> <!-- navigator-link  -->
                </li>
              </ul>
            </div> <!-- suite-section-content -->
            <div class="result-section">
              <div class="suite-section-title">
                <span>Results</span>
              </div> <!-- suite-section-title -->
              <div class="suite-section-content">
                <ul>
                  <li>
                    <span class="method-stats">17 methods,  17 skipped,  </span>
                  </li>
                  <li>
                    <span class="method-list-title skipped">Skipped methods</span>
                    <span class="show-or-hide-methods skipped">
                      <a href="#" panel-name="suite-Command_line_suite" class="hide-methods skipped suite-Command_line_suite"> (hide)</a> <!-- hide-methods skipped suite-Command_line_suite -->
                      <a href="#" panel-name="suite-Command_line_suite" class="show-methods skipped suite-Command_line_suite"> (show)</a> <!-- show-methods skipped suite-Command_line_suite -->
                    </span>
                    <div class="method-list-content skipped suite-Command_line_suite">
                      <span>
                        <img src="skipped.png" width="3%"/>
                        <a href="#" panel-name="suite-Command_line_suite" title="testpackage.CheckBoxTest" class="method navigator-link" hash-for-method="CheckedCheckBoxtest">CheckedCheckBoxtest</a> <!-- method navigator-link -->
                      </span>
                      <br/>
                      <span>
                        <img src="skipped.png" width="3%"/>
                        <a href="#" panel-name="suite-Command_line_suite" title="testpackage.DragandDropTest" class="method navigator-link" hash-for-method="DragtestforA">DragtestforA</a> <!-- method navigator-link -->
                      </span>
                      <br/>
                      <span>
                        <img src="skipped.png" width="3%"/>
                        <a href="#" panel-name="suite-Command_line_suite" title="testpackage.DragandDropTest" class="method navigator-link" hash-for-method="DragtestforB">DragtestforB</a> <!-- method navigator-link -->
                      </span>
                      <br/>
                      <span>
                        <img src="skipped.png" width="3%"/>
                        <a href="#" panel-name="suite-Command_line_suite" title="testpackage.DynamiccontentTest" class="method navigator-link" hash-for-method="Dynamiccontent1test">Dynamiccontent1test</a> <!-- method navigator-link -->
                      </span>
                      <br/>
                      <span>
                        <img src="skipped.png" width="3%"/>
                        <a href="#" panel-name="suite-Command_line_suite" title="testpackage.DynamiccontentTest" class="method navigator-link" hash-for-method="Dynamiccontent2test">Dynamiccontent2test</a> <!-- method navigator-link -->
                      </span>
                      <br/>
                      <span>
                        <img src="skipped.png" width="3%"/>
                        <a href="#" panel-name="suite-Command_line_suite" title="testpackage.DynamiccontentTest" class="method navigator-link" hash-for-method="Dynamiccontent3test">Dynamiccontent3test</a> <!-- method navigator-link -->
                      </span>
                      <br/>
                      <span>
                        <img src="skipped.png" width="3%"/>
                        <a href="#" panel-name="suite-Command_line_suite" title="testpackage.CheckBoxTest" class="method navigator-link" hash-for-method="UncheckedCheckBoxtest">UncheckedCheckBoxtest</a> <!-- method navigator-link -->
                      </span>
                      <br/>
                      <span>
                        <img src="skipped.png" width="3%"/>
                        <a href="#" panel-name="suite-Command_line_suite" title="testpackage.ContextmenuTest" class="method navigator-link" hash-for-method="alerttest">alerttest</a> <!-- method navigator-link -->
                      </span>
                      <br/>
                      <span>
                        <img src="skipped.png" width="3%"/>
                        <a href="#" panel-name="suite-Command_line_suite" title="testpackage.LoginPageTest" class="method navigator-link" hash-for-method="failloginbuttontest">failloginbuttontest</a> <!-- method navigator-link -->
                      </span>
                      <br/>
                      <span>
                        <img src="skipped.png" width="3%"/>
                        <a href="#" panel-name="suite-Command_line_suite" title="testpackage.MousHoverTest" class="method navigator-link" hash-for-method="img1test">img1test</a> <!-- method navigator-link -->
                      </span>
                      <br/>
                      <span>
                        <img src="skipped.png" width="3%"/>
                        <a href="#" panel-name="suite-Command_line_suite" title="testpackage.JSAlertTest" class="method navigator-link" hash-for-method="jsalerttest">jsalerttest</a> <!-- method navigator-link -->
                      </span>
                      <br/>
                      <span>
                        <img src="skipped.png" width="3%"/>
                        <a href="#" panel-name="suite-Command_line_suite" title="testpackage.JSAlertTest" class="method navigator-link" hash-for-method="jsconfirmtest">jsconfirmtest</a> <!-- method navigator-link -->
                      </span>
                      <br/>
                      <span>
                        <img src="skipped.png" width="3%"/>
                        <a href="#" panel-name="suite-Command_line_suite" title="testpackage.JSAlertTest" class="method navigator-link" hash-for-method="jsprompttest">jsprompttest</a> <!-- method navigator-link -->
                      </span>
                      <br/>
                      <span>
                        <img src="skipped.png" width="3%"/>
                        <a href="#" panel-name="suite-Command_line_suite" title="testpackage.LoginPageTest" class="method navigator-link" hash-for-method="loginbuttontest">loginbuttontest</a> <!-- method navigator-link -->
                      </span>
                      <br/>
                      <span>
                        <img src="skipped.png" width="3%"/>
                        <a href="#" panel-name="suite-Command_line_suite" title="testpackage.NotificationTest" class="method navigator-link" hash-for-method="notificationtest">notificationtest</a> <!-- method navigator-link -->
                      </span>
                      <br/>
                      <span>
                        <img src="skipped.png" width="3%"/>
                        <a href="#" panel-name="suite-Command_line_suite" title="testpackage.DynamicLoadingTest" class="method navigator-link" hash-for-method="startbuttontest">startbuttontest</a> <!-- method navigator-link -->
                      </span>
                      <br/>
                      <span>
                        <img src="skipped.png" width="3%"/>
                        <a href="#" panel-name="suite-Command_line_suite" title="testpackage.NewTabTest" class="method navigator-link" hash-for-method="tabtest">tabtest</a> <!-- method navigator-link -->
                      </span>
                      <br/>
                    </div> <!-- method-list-content skipped suite-Command_line_suite -->
                  </li>
                </ul>
              </div> <!-- suite-section-content -->
            </div> <!-- result-section -->
          </div> <!-- navigator-suite-content -->
        </div> <!-- rounded-window -->
      </div> <!-- suite -->
    </div> <!-- navigator-root -->
    <div class="wrapper">
      <div class="main-panel-root">
        <div panel-name="suite-Command_line_suite" class="panel Command_line_suite">
          <div class="suite-Command_line_suite-class-skipped">
            <div class="main-panel-header rounded-window-top">
              <img src="skipped.png"/>
              <span class="class-name">testpackage.JSAlertTest</span>
            </div> <!-- main-panel-header rounded-window-top -->
            <div class="main-panel-content rounded-window-bottom">
              <div class="method">
                <div class="method-content">
                  <a name="jsalerttest">
                  </a> <!-- jsalerttest -->
                  <span class="method-name">jsalerttest</span>
                  <div class="stack-trace">org.openqa.selenium.WebDriverException: unknown error: Microsoft Edge failed to start: exited normally.
  (unknown error: DevToolsActivePort file doesn&apos;t exist)
  (The process started from msedge location C:\Program Files (x86)\Microsoft\Edge\Application\msedge.exe is no longer running, so msedgedriver is assuming that msedge has crashed.)
Build info: version: &apos;3.141.59&apos;, revision: &apos;e82be7d358&apos;, time: &apos;2018-11-14T08:17:03&apos;
System info: host: &apos;LAPTOP-MVNUQ4K1&apos;, ip: &apos;192.168.48.1&apos;, os.name: &apos;Windows 11&apos;, os.arch: &apos;amd64&apos;, os.version: &apos;10.0&apos;, java.version: &apos;17.0.3.1&apos;
Driver info: driver.version: EdgeDriver
remote stacktrace: Backtrace:
	Microsoft::Applications::Events::EventProperties::SetProperty [0x00007FF652A291A2+14306]
	Microsoft::Applications::Events::EventProperty::EventProperty [0x00007FF6529B0962+842818]
	(No symbol) [0x00007FF652661D90]
	(No symbol) [0x00007FF65268EEC5]
	(No symbol) [0x00007FF652689DCF]
	(No symbol) [0x00007FF6526CE027]
	(No symbol) [0x00007FF6526CD3BA]
	(No symbol) [0x00007FF6526C5B03]
	(No symbol) [0x00007FF6526973B8]
	(No symbol) [0x00007FF65269638E]
	(No symbol) [0x00007FF652697AE4]
	Microsoft::Applications::Events::EventProperty::EventProperty [0x00007FF6528FFDF8+119000]
	Microsoft::Applications::Events::EventProperty::EventProperty [0x00007FF6528ED4D6+42934]
	Microsoft::Applications::Events::EventProperty::EventProperty [0x00007FF6528F06EC+55756]
	(No symbol) [0x00007FF652767923]
	Microsoft::Applications::Events::EventProperty::EventProperty [0x00007FF6529B841A+874234]
	Microsoft::Applications::Events::EventProperty::EventProperty [0x00007FF6529BD514+894964]
	Microsoft::Applications::Events::EventProperty::EventProperty [0x00007FF6529BD66C+895308]
	Microsoft::Applications::Events::EventProperty::EventProperty [0x00007FF6529C678E+932462]
	BaseThreadInitThunk [0x00007FFAFC86244D+29]
	RtlUserThreadStart [0x00007FFAFE06DFB8+40]

	at org.openqa.selenium.remote.W3CHandshakeResponse.lambda$errorHandler$0(W3CHandshakeResponse.java:62)
	at org.openqa.selenium.remote.HandshakeResponse.lambda$getResponseFunction$0(HandshakeResponse.java:30)
	at org.openqa.selenium.remote.ProtocolHandshake.lambda$createSession$0(ProtocolHandshake.java:126)
	at java.base/java.util.stream.ReferencePipeline$3$1.accept(ReferencePipeline.java:197)
	at java.base/java.util.Spliterators$ArraySpliterator.tryAdvance(Spliterators.java:1002)
	at java.base/java.util.stream.ReferencePipeline.forEachWithCancel(ReferencePipeline.java:129)
	at java.base/java.util.stream.AbstractPipeline.copyIntoWithCancel(AbstractPipeline.java:527)
	at java.base/java.util.stream.AbstractPipeline.copyInto(AbstractPipeline.java:513)
	at java.base/java.util.stream.AbstractPipeline.wrapAndCopyInto(AbstractPipeline.java:499)
	at java.base/java.util.stream.FindOps$FindOp.evaluateSequential(FindOps.java:150)
	at java.base/java.util.stream.AbstractPipeline.evaluate(AbstractPipeline.java:234)
	at java.base/java.util.stream.ReferencePipeline.findFirst(ReferencePipeline.java:647)
	at org.openqa.selenium.remote.ProtocolHandshake.createSession(ProtocolHandshake.java:128)
	at org.openqa.selenium.remote.ProtocolHandshake.createSession(ProtocolHandshake.java:74)
	at org.openqa.selenium.remote.HttpCommandExecutor.execute(HttpCommandExecutor.java:136)
	at org.openqa.selenium.remote.service.DriverCommandExecutor.execute(DriverCommandExecutor.java:83)
	at org.openqa.selenium.remote.RemoteWebDriver.execute(RemoteWebDriver.java:552)
	at org.openqa.selenium.remote.RemoteWebDriver.startSession(RemoteWebDriver.java:213)
	at org.openqa.selenium.remote.RemoteWebDriver.&lt;init&gt;(RemoteWebDriver.java:131)
	at org.openqa.selenium.edge.EdgeDriver.&lt;init&gt;(EdgeDriver.java:141)
	at org.openqa.selenium.edge.EdgeDriver.&lt;init&gt;(EdgeDriver.java:96)
	at basepackage.BaseTest.initiate(BaseTest.java:66)
	at testpackage.LoginPageTest.preTest(LoginPageTest.java:21)
... Removed 39 stack frames
</div> <!-- stack-trace -->
                </div> <!-- method-content -->
              </div> <!-- method -->
              <div class="method">
                <div class="method-content">
                  <a name="jsconfirmtest">
                  </a> <!-- jsconfirmtest -->
                  <span class="method-name">jsconfirmtest</span>
                  <div class="stack-trace">org.openqa.selenium.WebDriverException: unknown error: Microsoft Edge failed to start: exited normally.
  (unknown error: DevToolsActivePort file doesn&apos;t exist)
  (The process started from msedge location C:\Program Files (x86)\Microsoft\Edge\Application\msedge.exe is no longer running, so msedgedriver is assuming that msedge has crashed.)
Build info: version: &apos;3.141.59&apos;, revision: &apos;e82be7d358&apos;, time: &apos;2018-11-14T08:17:03&apos;
System info: host: &apos;LAPTOP-MVNUQ4K1&apos;, ip: &apos;192.168.48.1&apos;, os.name: &apos;Windows 11&apos;, os.arch: &apos;amd64&apos;, os.version: &apos;10.0&apos;, java.version: &apos;17.0.3.1&apos;
Driver info: driver.version: EdgeDriver
remote stacktrace: Backtrace:
	Microsoft::Applications::Events::EventProperties::SetProperty [0x00007FF652A291A2+14306]
	Microsoft::Applications::Events::EventProperty::EventProperty [0x00007FF6529B0962+842818]
	(No symbol) [0x00007FF652661D90]
	(No symbol) [0x00007FF65268EEC5]
	(No symbol) [0x00007FF652689DCF]
	(No symbol) [0x00007FF6526CE027]
	(No symbol) [0x00007FF6526CD3BA]
	(No symbol) [0x00007FF6526C5B03]
	(No symbol) [0x00007FF6526973B8]
	(No symbol) [0x00007FF65269638E]
	(No symbol) [0x00007FF652697AE4]
	Microsoft::Applications::Events::EventProperty::EventProperty [0x00007FF6528FFDF8+119000]
	Microsoft::Applications::Events::EventProperty::EventProperty [0x00007FF6528ED4D6+42934]
	Microsoft::Applications::Events::EventProperty::EventProperty [0x00007FF6528F06EC+55756]
	(No symbol) [0x00007FF652767923]
	Microsoft::Applications::Events::EventProperty::EventProperty [0x00007FF6529B841A+874234]
	Microsoft::Applications::Events::EventProperty::EventProperty [0x00007FF6529BD514+894964]
	Microsoft::Applications::Events::EventProperty::EventProperty [0x00007FF6529BD66C+895308]
	Microsoft::Applications::Events::EventProperty::EventProperty [0x00007FF6529C678E+932462]
	BaseThreadInitThunk [0x00007FFAFC86244D+29]
	RtlUserThreadStart [0x00007FFAFE06DFB8+40]

	at org.openqa.selenium.remote.W3CHandshakeResponse.lambda$errorHandler$0(W3CHandshakeResponse.java:62)
	at org.openqa.selenium.remote.HandshakeResponse.lambda$getResponseFunction$0(HandshakeResponse.java:30)
	at org.openqa.selenium.remote.ProtocolHandshake.lambda$createSession$0(ProtocolHandshake.java:126)
	at java.base/java.util.stream.ReferencePipeline$3$1.accept(ReferencePipeline.java:197)
	at java.base/java.util.Spliterators$ArraySpliterator.tryAdvance(Spliterators.java:1002)
	at java.base/java.util.stream.ReferencePipeline.forEachWithCancel(ReferencePipeline.java:129)
	at java.base/java.util.stream.AbstractPipeline.copyIntoWithCancel(AbstractPipeline.java:527)
	at java.base/java.util.stream.AbstractPipeline.copyInto(AbstractPipeline.java:513)
	at java.base/java.util.stream.AbstractPipeline.wrapAndCopyInto(AbstractPipeline.java:499)
	at java.base/java.util.stream.FindOps$FindOp.evaluateSequential(FindOps.java:150)
	at java.base/java.util.stream.AbstractPipeline.evaluate(AbstractPipeline.java:234)
	at java.base/java.util.stream.ReferencePipeline.findFirst(ReferencePipeline.java:647)
	at org.openqa.selenium.remote.ProtocolHandshake.createSession(ProtocolHandshake.java:128)
	at org.openqa.selenium.remote.ProtocolHandshake.createSession(ProtocolHandshake.java:74)
	at org.openqa.selenium.remote.HttpCommandExecutor.execute(HttpCommandExecutor.java:136)
	at org.openqa.selenium.remote.service.DriverCommandExecutor.execute(DriverCommandExecutor.java:83)
	at org.openqa.selenium.remote.RemoteWebDriver.execute(RemoteWebDriver.java:552)
	at org.openqa.selenium.remote.RemoteWebDriver.startSession(RemoteWebDriver.java:213)
	at org.openqa.selenium.remote.RemoteWebDriver.&lt;init&gt;(RemoteWebDriver.java:131)
	at org.openqa.selenium.edge.EdgeDriver.&lt;init&gt;(EdgeDriver.java:141)
	at org.openqa.selenium.edge.EdgeDriver.&lt;init&gt;(EdgeDriver.java:96)
	at basepackage.BaseTest.initiate(BaseTest.java:66)
	at testpackage.LoginPageTest.preTest(LoginPageTest.java:21)
... Removed 39 stack frames
</div> <!-- stack-trace -->
                </div> <!-- method-content -->
              </div> <!-- method -->
              <div class="method">
                <div class="method-content">
                  <a name="jsprompttest">
                  </a> <!-- jsprompttest -->
                  <span class="method-name">jsprompttest</span>
                  <div class="stack-trace">org.openqa.selenium.WebDriverException: unknown error: Microsoft Edge failed to start: exited normally.
  (unknown error: DevToolsActivePort file doesn&apos;t exist)
  (The process started from msedge location C:\Program Files (x86)\Microsoft\Edge\Application\msedge.exe is no longer running, so msedgedriver is assuming that msedge has crashed.)
Build info: version: &apos;3.141.59&apos;, revision: &apos;e82be7d358&apos;, time: &apos;2018-11-14T08:17:03&apos;
System info: host: &apos;LAPTOP-MVNUQ4K1&apos;, ip: &apos;192.168.48.1&apos;, os.name: &apos;Windows 11&apos;, os.arch: &apos;amd64&apos;, os.version: &apos;10.0&apos;, java.version: &apos;17.0.3.1&apos;
Driver info: driver.version: EdgeDriver
remote stacktrace: Backtrace:
	Microsoft::Applications::Events::EventProperties::SetProperty [0x00007FF652A291A2+14306]
	Microsoft::Applications::Events::EventProperty::EventProperty [0x00007FF6529B0962+842818]
	(No symbol) [0x00007FF652661D90]
	(No symbol) [0x00007FF65268EEC5]
	(No symbol) [0x00007FF652689DCF]
	(No symbol) [0x00007FF6526CE027]
	(No symbol) [0x00007FF6526CD3BA]
	(No symbol) [0x00007FF6526C5B03]
	(No symbol) [0x00007FF6526973B8]
	(No symbol) [0x00007FF65269638E]
	(No symbol) [0x00007FF652697AE4]
	Microsoft::Applications::Events::EventProperty::EventProperty [0x00007FF6528FFDF8+119000]
	Microsoft::Applications::Events::EventProperty::EventProperty [0x00007FF6528ED4D6+42934]
	Microsoft::Applications::Events::EventProperty::EventProperty [0x00007FF6528F06EC+55756]
	(No symbol) [0x00007FF652767923]
	Microsoft::Applications::Events::EventProperty::EventProperty [0x00007FF6529B841A+874234]
	Microsoft::Applications::Events::EventProperty::EventProperty [0x00007FF6529BD514+894964]
	Microsoft::Applications::Events::EventProperty::EventProperty [0x00007FF6529BD66C+895308]
	Microsoft::Applications::Events::EventProperty::EventProperty [0x00007FF6529C678E+932462]
	BaseThreadInitThunk [0x00007FFAFC86244D+29]
	RtlUserThreadStart [0x00007FFAFE06DFB8+40]

	at org.openqa.selenium.remote.W3CHandshakeResponse.lambda$errorHandler$0(W3CHandshakeResponse.java:62)
	at org.openqa.selenium.remote.HandshakeResponse.lambda$getResponseFunction$0(HandshakeResponse.java:30)
	at org.openqa.selenium.remote.ProtocolHandshake.lambda$createSession$0(ProtocolHandshake.java:126)
	at java.base/java.util.stream.ReferencePipeline$3$1.accept(ReferencePipeline.java:197)
	at java.base/java.util.Spliterators$ArraySpliterator.tryAdvance(Spliterators.java:1002)
	at java.base/java.util.stream.ReferencePipeline.forEachWithCancel(ReferencePipeline.java:129)
	at java.base/java.util.stream.AbstractPipeline.copyIntoWithCancel(AbstractPipeline.java:527)
	at java.base/java.util.stream.AbstractPipeline.copyInto(AbstractPipeline.java:513)
	at java.base/java.util.stream.AbstractPipeline.wrapAndCopyInto(AbstractPipeline.java:499)
	at java.base/java.util.stream.FindOps$FindOp.evaluateSequential(FindOps.java:150)
	at java.base/java.util.stream.AbstractPipeline.evaluate(AbstractPipeline.java:234)
	at java.base/java.util.stream.ReferencePipeline.findFirst(ReferencePipeline.java:647)
	at org.openqa.selenium.remote.ProtocolHandshake.createSession(ProtocolHandshake.java:128)
	at org.openqa.selenium.remote.ProtocolHandshake.createSession(ProtocolHandshake.java:74)
	at org.openqa.selenium.remote.HttpCommandExecutor.execute(HttpCommandExecutor.java:136)
	at org.openqa.selenium.remote.service.DriverCommandExecutor.execute(DriverCommandExecutor.java:83)
	at org.openqa.selenium.remote.RemoteWebDriver.execute(RemoteWebDriver.java:552)
	at org.openqa.selenium.remote.RemoteWebDriver.startSession(RemoteWebDriver.java:213)
	at org.openqa.selenium.remote.RemoteWebDriver.&lt;init&gt;(RemoteWebDriver.java:131)
	at org.openqa.selenium.edge.EdgeDriver.&lt;init&gt;(EdgeDriver.java:141)
	at org.openqa.selenium.edge.EdgeDriver.&lt;init&gt;(EdgeDriver.java:96)
	at basepackage.BaseTest.initiate(BaseTest.java:66)
	at testpackage.LoginPageTest.preTest(LoginPageTest.java:21)
... Removed 39 stack frames
</div> <!-- stack-trace -->
                </div> <!-- method-content -->
              </div> <!-- method -->
            </div> <!-- main-panel-content rounded-window-bottom -->
          </div> <!-- suite-Command_line_suite-class-skipped -->
          <div class="suite-Command_line_suite-class-skipped">
            <div class="main-panel-header rounded-window-top">
              <img src="skipped.png"/>
              <span class="class-name">testpackage.NotificationTest</span>
            </div> <!-- main-panel-header rounded-window-top -->
            <div class="main-panel-content rounded-window-bottom">
              <div class="method">
                <div class="method-content">
                  <a name="notificationtest">
                  </a> <!-- notificationtest -->
                  <span class="method-name">notificationtest</span>
                  <div class="stack-trace">org.openqa.selenium.WebDriverException: unknown error: Microsoft Edge failed to start: exited normally.
  (unknown error: DevToolsActivePort file doesn&apos;t exist)
  (The process started from msedge location C:\Program Files (x86)\Microsoft\Edge\Application\msedge.exe is no longer running, so msedgedriver is assuming that msedge has crashed.)
Build info: version: &apos;3.141.59&apos;, revision: &apos;e82be7d358&apos;, time: &apos;2018-11-14T08:17:03&apos;
System info: host: &apos;LAPTOP-MVNUQ4K1&apos;, ip: &apos;192.168.48.1&apos;, os.name: &apos;Windows 11&apos;, os.arch: &apos;amd64&apos;, os.version: &apos;10.0&apos;, java.version: &apos;17.0.3.1&apos;
Driver info: driver.version: EdgeDriver
remote stacktrace: Backtrace:
	Microsoft::Applications::Events::EventProperties::SetProperty [0x00007FF652A291A2+14306]
	Microsoft::Applications::Events::EventProperty::EventProperty [0x00007FF6529B0962+842818]
	(No symbol) [0x00007FF652661D90]
	(No symbol) [0x00007FF65268EEC5]
	(No symbol) [0x00007FF652689DCF]
	(No symbol) [0x00007FF6526CE027]
	(No symbol) [0x00007FF6526CD3BA]
	(No symbol) [0x00007FF6526C5B03]
	(No symbol) [0x00007FF6526973B8]
	(No symbol) [0x00007FF65269638E]
	(No symbol) [0x00007FF652697AE4]
	Microsoft::Applications::Events::EventProperty::EventProperty [0x00007FF6528FFDF8+119000]
	Microsoft::Applications::Events::EventProperty::EventProperty [0x00007FF6528ED4D6+42934]
	Microsoft::Applications::Events::EventProperty::EventProperty [0x00007FF6528F06EC+55756]
	(No symbol) [0x00007FF652767923]
	Microsoft::Applications::Events::EventProperty::EventProperty [0x00007FF6529B841A+874234]
	Microsoft::Applications::Events::EventProperty::EventProperty [0x00007FF6529BD514+894964]
	Microsoft::Applications::Events::EventProperty::EventProperty [0x00007FF6529BD66C+895308]
	Microsoft::Applications::Events::EventProperty::EventProperty [0x00007FF6529C678E+932462]
	BaseThreadInitThunk [0x00007FFAFC86244D+29]
	RtlUserThreadStart [0x00007FFAFE06DFB8+40]

	at org.openqa.selenium.remote.W3CHandshakeResponse.lambda$errorHandler$0(W3CHandshakeResponse.java:62)
	at org.openqa.selenium.remote.HandshakeResponse.lambda$getResponseFunction$0(HandshakeResponse.java:30)
	at org.openqa.selenium.remote.ProtocolHandshake.lambda$createSession$0(ProtocolHandshake.java:126)
	at java.base/java.util.stream.ReferencePipeline$3$1.accept(ReferencePipeline.java:197)
	at java.base/java.util.Spliterators$ArraySpliterator.tryAdvance(Spliterators.java:1002)
	at java.base/java.util.stream.ReferencePipeline.forEachWithCancel(ReferencePipeline.java:129)
	at java.base/java.util.stream.AbstractPipeline.copyIntoWithCancel(AbstractPipeline.java:527)
	at java.base/java.util.stream.AbstractPipeline.copyInto(AbstractPipeline.java:513)
	at java.base/java.util.stream.AbstractPipeline.wrapAndCopyInto(AbstractPipeline.java:499)
	at java.base/java.util.stream.FindOps$FindOp.evaluateSequential(FindOps.java:150)
	at java.base/java.util.stream.AbstractPipeline.evaluate(AbstractPipeline.java:234)
	at java.base/java.util.stream.ReferencePipeline.findFirst(ReferencePipeline.java:647)
	at org.openqa.selenium.remote.ProtocolHandshake.createSession(ProtocolHandshake.java:128)
	at org.openqa.selenium.remote.ProtocolHandshake.createSession(ProtocolHandshake.java:74)
	at org.openqa.selenium.remote.HttpCommandExecutor.execute(HttpCommandExecutor.java:136)
	at org.openqa.selenium.remote.service.DriverCommandExecutor.execute(DriverCommandExecutor.java:83)
	at org.openqa.selenium.remote.RemoteWebDriver.execute(RemoteWebDriver.java:552)
	at org.openqa.selenium.remote.RemoteWebDriver.startSession(RemoteWebDriver.java:213)
	at org.openqa.selenium.remote.RemoteWebDriver.&lt;init&gt;(RemoteWebDriver.java:131)
	at org.openqa.selenium.edge.EdgeDriver.&lt;init&gt;(EdgeDriver.java:141)
	at org.openqa.selenium.edge.EdgeDriver.&lt;init&gt;(EdgeDriver.java:96)
	at basepackage.BaseTest.initiate(BaseTest.java:66)
	at testpackage.LoginPageTest.preTest(LoginPageTest.java:21)
... Removed 39 stack frames
</div> <!-- stack-trace -->
                </div> <!-- method-content -->
              </div> <!-- method -->
            </div> <!-- main-panel-content rounded-window-bottom -->
          </div> <!-- suite-Command_line_suite-class-skipped -->
          <div class="suite-Command_line_suite-class-skipped">
            <div class="main-panel-header rounded-window-top">
              <img src="skipped.png"/>
              <span class="class-name">testpackage.ContextmenuTest</span>
            </div> <!-- main-panel-header rounded-window-top -->
            <div class="main-panel-content rounded-window-bottom">
              <div class="method">
                <div class="method-content">
                  <a name="alerttest">
                  </a> <!-- alerttest -->
                  <span class="method-name">alerttest</span>
                  <div class="stack-trace">org.openqa.selenium.WebDriverException: unknown error: Microsoft Edge failed to start: exited normally.
  (unknown error: DevToolsActivePort file doesn&apos;t exist)
  (The process started from msedge location C:\Program Files (x86)\Microsoft\Edge\Application\msedge.exe is no longer running, so msedgedriver is assuming that msedge has crashed.)
Build info: version: &apos;3.141.59&apos;, revision: &apos;e82be7d358&apos;, time: &apos;2018-11-14T08:17:03&apos;
System info: host: &apos;LAPTOP-MVNUQ4K1&apos;, ip: &apos;192.168.48.1&apos;, os.name: &apos;Windows 11&apos;, os.arch: &apos;amd64&apos;, os.version: &apos;10.0&apos;, java.version: &apos;17.0.3.1&apos;
Driver info: driver.version: EdgeDriver
remote stacktrace: Backtrace:
	Microsoft::Applications::Events::EventProperties::SetProperty [0x00007FF652A291A2+14306]
	Microsoft::Applications::Events::EventProperty::EventProperty [0x00007FF6529B0962+842818]
	(No symbol) [0x00007FF652661D90]
	(No symbol) [0x00007FF65268EEC5]
	(No symbol) [0x00007FF652689DCF]
	(No symbol) [0x00007FF6526CE027]
	(No symbol) [0x00007FF6526CD3BA]
	(No symbol) [0x00007FF6526C5B03]
	(No symbol) [0x00007FF6526973B8]
	(No symbol) [0x00007FF65269638E]
	(No symbol) [0x00007FF652697AE4]
	Microsoft::Applications::Events::EventProperty::EventProperty [0x00007FF6528FFDF8+119000]
	Microsoft::Applications::Events::EventProperty::EventProperty [0x00007FF6528ED4D6+42934]
	Microsoft::Applications::Events::EventProperty::EventProperty [0x00007FF6528F06EC+55756]
	(No symbol) [0x00007FF652767923]
	Microsoft::Applications::Events::EventProperty::EventProperty [0x00007FF6529B841A+874234]
	Microsoft::Applications::Events::EventProperty::EventProperty [0x00007FF6529BD514+894964]
	Microsoft::Applications::Events::EventProperty::EventProperty [0x00007FF6529BD66C+895308]
	Microsoft::Applications::Events::EventProperty::EventProperty [0x00007FF6529C678E+932462]
	BaseThreadInitThunk [0x00007FFAFC86244D+29]
	RtlUserThreadStart [0x00007FFAFE06DFB8+40]

	at org.openqa.selenium.remote.W3CHandshakeResponse.lambda$errorHandler$0(W3CHandshakeResponse.java:62)
	at org.openqa.selenium.remote.HandshakeResponse.lambda$getResponseFunction$0(HandshakeResponse.java:30)
	at org.openqa.selenium.remote.ProtocolHandshake.lambda$createSession$0(ProtocolHandshake.java:126)
	at java.base/java.util.stream.ReferencePipeline$3$1.accept(ReferencePipeline.java:197)
	at java.base/java.util.Spliterators$ArraySpliterator.tryAdvance(Spliterators.java:1002)
	at java.base/java.util.stream.ReferencePipeline.forEachWithCancel(ReferencePipeline.java:129)
	at java.base/java.util.stream.AbstractPipeline.copyIntoWithCancel(AbstractPipeline.java:527)
	at java.base/java.util.stream.AbstractPipeline.copyInto(AbstractPipeline.java:513)
	at java.base/java.util.stream.AbstractPipeline.wrapAndCopyInto(AbstractPipeline.java:499)
	at java.base/java.util.stream.FindOps$FindOp.evaluateSequential(FindOps.java:150)
	at java.base/java.util.stream.AbstractPipeline.evaluate(AbstractPipeline.java:234)
	at java.base/java.util.stream.ReferencePipeline.findFirst(ReferencePipeline.java:647)
	at org.openqa.selenium.remote.ProtocolHandshake.createSession(ProtocolHandshake.java:128)
	at org.openqa.selenium.remote.ProtocolHandshake.createSession(ProtocolHandshake.java:74)
	at org.openqa.selenium.remote.HttpCommandExecutor.execute(HttpCommandExecutor.java:136)
	at org.openqa.selenium.remote.service.DriverCommandExecutor.execute(DriverCommandExecutor.java:83)
	at org.openqa.selenium.remote.RemoteWebDriver.execute(RemoteWebDriver.java:552)
	at org.openqa.selenium.remote.RemoteWebDriver.startSession(RemoteWebDriver.java:213)
	at org.openqa.selenium.remote.RemoteWebDriver.&lt;init&gt;(RemoteWebDriver.java:131)
	at org.openqa.selenium.edge.EdgeDriver.&lt;init&gt;(EdgeDriver.java:141)
	at org.openqa.selenium.edge.EdgeDriver.&lt;init&gt;(EdgeDriver.java:96)
	at basepackage.BaseTest.initiate(BaseTest.java:66)
	at testpackage.LoginPageTest.preTest(LoginPageTest.java:21)
... Removed 39 stack frames
</div> <!-- stack-trace -->
                </div> <!-- method-content -->
              </div> <!-- method -->
            </div> <!-- main-panel-content rounded-window-bottom -->
          </div> <!-- suite-Command_line_suite-class-skipped -->
          <div class="suite-Command_line_suite-class-skipped">
            <div class="main-panel-header rounded-window-top">
              <img src="skipped.png"/>
              <span class="class-name">testpackage.DynamiccontentTest</span>
            </div> <!-- main-panel-header rounded-window-top -->
            <div class="main-panel-content rounded-window-bottom">
              <div class="method">
                <div class="method-content">
                  <a name="Dynamiccontent1test">
                  </a> <!-- Dynamiccontent1test -->
                  <span class="method-name">Dynamiccontent1test</span>
                  <div class="stack-trace">org.openqa.selenium.WebDriverException: unknown error: Microsoft Edge failed to start: exited normally.
  (unknown error: DevToolsActivePort file doesn&apos;t exist)
  (The process started from msedge location C:\Program Files (x86)\Microsoft\Edge\Application\msedge.exe is no longer running, so msedgedriver is assuming that msedge has crashed.)
Build info: version: &apos;3.141.59&apos;, revision: &apos;e82be7d358&apos;, time: &apos;2018-11-14T08:17:03&apos;
System info: host: &apos;LAPTOP-MVNUQ4K1&apos;, ip: &apos;192.168.48.1&apos;, os.name: &apos;Windows 11&apos;, os.arch: &apos;amd64&apos;, os.version: &apos;10.0&apos;, java.version: &apos;17.0.3.1&apos;
Driver info: driver.version: EdgeDriver
remote stacktrace: Backtrace:
	Microsoft::Applications::Events::EventProperties::SetProperty [0x00007FF652A291A2+14306]
	Microsoft::Applications::Events::EventProperty::EventProperty [0x00007FF6529B0962+842818]
	(No symbol) [0x00007FF652661D90]
	(No symbol) [0x00007FF65268EEC5]
	(No symbol) [0x00007FF652689DCF]
	(No symbol) [0x00007FF6526CE027]
	(No symbol) [0x00007FF6526CD3BA]
	(No symbol) [0x00007FF6526C5B03]
	(No symbol) [0x00007FF6526973B8]
	(No symbol) [0x00007FF65269638E]
	(No symbol) [0x00007FF652697AE4]
	Microsoft::Applications::Events::EventProperty::EventProperty [0x00007FF6528FFDF8+119000]
	Microsoft::Applications::Events::EventProperty::EventProperty [0x00007FF6528ED4D6+42934]
	Microsoft::Applications::Events::EventProperty::EventProperty [0x00007FF6528F06EC+55756]
	(No symbol) [0x00007FF652767923]
	Microsoft::Applications::Events::EventProperty::EventProperty [0x00007FF6529B841A+874234]
	Microsoft::Applications::Events::EventProperty::EventProperty [0x00007FF6529BD514+894964]
	Microsoft::Applications::Events::EventProperty::EventProperty [0x00007FF6529BD66C+895308]
	Microsoft::Applications::Events::EventProperty::EventProperty [0x00007FF6529C678E+932462]
	BaseThreadInitThunk [0x00007FFAFC86244D+29]
	RtlUserThreadStart [0x00007FFAFE06DFB8+40]

	at org.openqa.selenium.remote.W3CHandshakeResponse.lambda$errorHandler$0(W3CHandshakeResponse.java:62)
	at org.openqa.selenium.remote.HandshakeResponse.lambda$getResponseFunction$0(HandshakeResponse.java:30)
	at org.openqa.selenium.remote.ProtocolHandshake.lambda$createSession$0(ProtocolHandshake.java:126)
	at java.base/java.util.stream.ReferencePipeline$3$1.accept(ReferencePipeline.java:197)
	at java.base/java.util.Spliterators$ArraySpliterator.tryAdvance(Spliterators.java:1002)
	at java.base/java.util.stream.ReferencePipeline.forEachWithCancel(ReferencePipeline.java:129)
	at java.base/java.util.stream.AbstractPipeline.copyIntoWithCancel(AbstractPipeline.java:527)
	at java.base/java.util.stream.AbstractPipeline.copyInto(AbstractPipeline.java:513)
	at java.base/java.util.stream.AbstractPipeline.wrapAndCopyInto(AbstractPipeline.java:499)
	at java.base/java.util.stream.FindOps$FindOp.evaluateSequential(FindOps.java:150)
	at java.base/java.util.stream.AbstractPipeline.evaluate(AbstractPipeline.java:234)
	at java.base/java.util.stream.ReferencePipeline.findFirst(ReferencePipeline.java:647)
	at org.openqa.selenium.remote.ProtocolHandshake.createSession(ProtocolHandshake.java:128)
	at org.openqa.selenium.remote.ProtocolHandshake.createSession(ProtocolHandshake.java:74)
	at org.openqa.selenium.remote.HttpCommandExecutor.execute(HttpCommandExecutor.java:136)
	at org.openqa.selenium.remote.service.DriverCommandExecutor.execute(DriverCommandExecutor.java:83)
	at org.openqa.selenium.remote.RemoteWebDriver.execute(RemoteWebDriver.java:552)
	at org.openqa.selenium.remote.RemoteWebDriver.startSession(RemoteWebDriver.java:213)
	at org.openqa.selenium.remote.RemoteWebDriver.&lt;init&gt;(RemoteWebDriver.java:131)
	at org.openqa.selenium.edge.EdgeDriver.&lt;init&gt;(EdgeDriver.java:141)
	at org.openqa.selenium.edge.EdgeDriver.&lt;init&gt;(EdgeDriver.java:96)
	at basepackage.BaseTest.initiate(BaseTest.java:66)
	at testpackage.LoginPageTest.preTest(LoginPageTest.java:21)
... Removed 39 stack frames
</div> <!-- stack-trace -->
                </div> <!-- method-content -->
              </div> <!-- method -->
              <div class="method">
                <div class="method-content">
                  <a name="Dynamiccontent2test">
                  </a> <!-- Dynamiccontent2test -->
                  <span class="method-name">Dynamiccontent2test</span>
                  <div class="stack-trace">org.openqa.selenium.WebDriverException: unknown error: Microsoft Edge failed to start: exited normally.
  (unknown error: DevToolsActivePort file doesn&apos;t exist)
  (The process started from msedge location C:\Program Files (x86)\Microsoft\Edge\Application\msedge.exe is no longer running, so msedgedriver is assuming that msedge has crashed.)
Build info: version: &apos;3.141.59&apos;, revision: &apos;e82be7d358&apos;, time: &apos;2018-11-14T08:17:03&apos;
System info: host: &apos;LAPTOP-MVNUQ4K1&apos;, ip: &apos;192.168.48.1&apos;, os.name: &apos;Windows 11&apos;, os.arch: &apos;amd64&apos;, os.version: &apos;10.0&apos;, java.version: &apos;17.0.3.1&apos;
Driver info: driver.version: EdgeDriver
remote stacktrace: Backtrace:
	Microsoft::Applications::Events::EventProperties::SetProperty [0x00007FF652A291A2+14306]
	Microsoft::Applications::Events::EventProperty::EventProperty [0x00007FF6529B0962+842818]
	(No symbol) [0x00007FF652661D90]
	(No symbol) [0x00007FF65268EEC5]
	(No symbol) [0x00007FF652689DCF]
	(No symbol) [0x00007FF6526CE027]
	(No symbol) [0x00007FF6526CD3BA]
	(No symbol) [0x00007FF6526C5B03]
	(No symbol) [0x00007FF6526973B8]
	(No symbol) [0x00007FF65269638E]
	(No symbol) [0x00007FF652697AE4]
	Microsoft::Applications::Events::EventProperty::EventProperty [0x00007FF6528FFDF8+119000]
	Microsoft::Applications::Events::EventProperty::EventProperty [0x00007FF6528ED4D6+42934]
	Microsoft::Applications::Events::EventProperty::EventProperty [0x00007FF6528F06EC+55756]
	(No symbol) [0x00007FF652767923]
	Microsoft::Applications::Events::EventProperty::EventProperty [0x00007FF6529B841A+874234]
	Microsoft::Applications::Events::EventProperty::EventProperty [0x00007FF6529BD514+894964]
	Microsoft::Applications::Events::EventProperty::EventProperty [0x00007FF6529BD66C+895308]
	Microsoft::Applications::Events::EventProperty::EventProperty [0x00007FF6529C678E+932462]
	BaseThreadInitThunk [0x00007FFAFC86244D+29]
	RtlUserThreadStart [0x00007FFAFE06DFB8+40]

	at org.openqa.selenium.remote.W3CHandshakeResponse.lambda$errorHandler$0(W3CHandshakeResponse.java:62)
	at org.openqa.selenium.remote.HandshakeResponse.lambda$getResponseFunction$0(HandshakeResponse.java:30)
	at org.openqa.selenium.remote.ProtocolHandshake.lambda$createSession$0(ProtocolHandshake.java:126)
	at java.base/java.util.stream.ReferencePipeline$3$1.accept(ReferencePipeline.java:197)
	at java.base/java.util.Spliterators$ArraySpliterator.tryAdvance(Spliterators.java:1002)
	at java.base/java.util.stream.ReferencePipeline.forEachWithCancel(ReferencePipeline.java:129)
	at java.base/java.util.stream.AbstractPipeline.copyIntoWithCancel(AbstractPipeline.java:527)
	at java.base/java.util.stream.AbstractPipeline.copyInto(AbstractPipeline.java:513)
	at java.base/java.util.stream.AbstractPipeline.wrapAndCopyInto(AbstractPipeline.java:499)
	at java.base/java.util.stream.FindOps$FindOp.evaluateSequential(FindOps.java:150)
	at java.base/java.util.stream.AbstractPipeline.evaluate(AbstractPipeline.java:234)
	at java.base/java.util.stream.ReferencePipeline.findFirst(ReferencePipeline.java:647)
	at org.openqa.selenium.remote.ProtocolHandshake.createSession(ProtocolHandshake.java:128)
	at org.openqa.selenium.remote.ProtocolHandshake.createSession(ProtocolHandshake.java:74)
	at org.openqa.selenium.remote.HttpCommandExecutor.execute(HttpCommandExecutor.java:136)
	at org.openqa.selenium.remote.service.DriverCommandExecutor.execute(DriverCommandExecutor.java:83)
	at org.openqa.selenium.remote.RemoteWebDriver.execute(RemoteWebDriver.java:552)
	at org.openqa.selenium.remote.RemoteWebDriver.startSession(RemoteWebDriver.java:213)
	at org.openqa.selenium.remote.RemoteWebDriver.&lt;init&gt;(RemoteWebDriver.java:131)
	at org.openqa.selenium.edge.EdgeDriver.&lt;init&gt;(EdgeDriver.java:141)
	at org.openqa.selenium.edge.EdgeDriver.&lt;init&gt;(EdgeDriver.java:96)
	at basepackage.BaseTest.initiate(BaseTest.java:66)
	at testpackage.LoginPageTest.preTest(LoginPageTest.java:21)
... Removed 39 stack frames
</div> <!-- stack-trace -->
                </div> <!-- method-content -->
              </div> <!-- method -->
              <div class="method">
                <div class="method-content">
                  <a name="Dynamiccontent3test">
                  </a> <!-- Dynamiccontent3test -->
                  <span class="method-name">Dynamiccontent3test</span>
                  <div class="stack-trace">org.openqa.selenium.WebDriverException: unknown error: Microsoft Edge failed to start: exited normally.
  (unknown error: DevToolsActivePort file doesn&apos;t exist)
  (The process started from msedge location C:\Program Files (x86)\Microsoft\Edge\Application\msedge.exe is no longer running, so msedgedriver is assuming that msedge has crashed.)
Build info: version: &apos;3.141.59&apos;, revision: &apos;e82be7d358&apos;, time: &apos;2018-11-14T08:17:03&apos;
System info: host: &apos;LAPTOP-MVNUQ4K1&apos;, ip: &apos;192.168.48.1&apos;, os.name: &apos;Windows 11&apos;, os.arch: &apos;amd64&apos;, os.version: &apos;10.0&apos;, java.version: &apos;17.0.3.1&apos;
Driver info: driver.version: EdgeDriver
remote stacktrace: Backtrace:
	Microsoft::Applications::Events::EventProperties::SetProperty [0x00007FF652A291A2+14306]
	Microsoft::Applications::Events::EventProperty::EventProperty [0x00007FF6529B0962+842818]
	(No symbol) [0x00007FF652661D90]
	(No symbol) [0x00007FF65268EEC5]
	(No symbol) [0x00007FF652689DCF]
	(No symbol) [0x00007FF6526CE027]
	(No symbol) [0x00007FF6526CD3BA]
	(No symbol) [0x00007FF6526C5B03]
	(No symbol) [0x00007FF6526973B8]
	(No symbol) [0x00007FF65269638E]
	(No symbol) [0x00007FF652697AE4]
	Microsoft::Applications::Events::EventProperty::EventProperty [0x00007FF6528FFDF8+119000]
	Microsoft::Applications::Events::EventProperty::EventProperty [0x00007FF6528ED4D6+42934]
	Microsoft::Applications::Events::EventProperty::EventProperty [0x00007FF6528F06EC+55756]
	(No symbol) [0x00007FF652767923]
	Microsoft::Applications::Events::EventProperty::EventProperty [0x00007FF6529B841A+874234]
	Microsoft::Applications::Events::EventProperty::EventProperty [0x00007FF6529BD514+894964]
	Microsoft::Applications::Events::EventProperty::EventProperty [0x00007FF6529BD66C+895308]
	Microsoft::Applications::Events::EventProperty::EventProperty [0x00007FF6529C678E+932462]
	BaseThreadInitThunk [0x00007FFAFC86244D+29]
	RtlUserThreadStart [0x00007FFAFE06DFB8+40]

	at org.openqa.selenium.remote.W3CHandshakeResponse.lambda$errorHandler$0(W3CHandshakeResponse.java:62)
	at org.openqa.selenium.remote.HandshakeResponse.lambda$getResponseFunction$0(HandshakeResponse.java:30)
	at org.openqa.selenium.remote.ProtocolHandshake.lambda$createSession$0(ProtocolHandshake.java:126)
	at java.base/java.util.stream.ReferencePipeline$3$1.accept(ReferencePipeline.java:197)
	at java.base/java.util.Spliterators$ArraySpliterator.tryAdvance(Spliterators.java:1002)
	at java.base/java.util.stream.ReferencePipeline.forEachWithCancel(ReferencePipeline.java:129)
	at java.base/java.util.stream.AbstractPipeline.copyIntoWithCancel(AbstractPipeline.java:527)
	at java.base/java.util.stream.AbstractPipeline.copyInto(AbstractPipeline.java:513)
	at java.base/java.util.stream.AbstractPipeline.wrapAndCopyInto(AbstractPipeline.java:499)
	at java.base/java.util.stream.FindOps$FindOp.evaluateSequential(FindOps.java:150)
	at java.base/java.util.stream.AbstractPipeline.evaluate(AbstractPipeline.java:234)
	at java.base/java.util.stream.ReferencePipeline.findFirst(ReferencePipeline.java:647)
	at org.openqa.selenium.remote.ProtocolHandshake.createSession(ProtocolHandshake.java:128)
	at org.openqa.selenium.remote.ProtocolHandshake.createSession(ProtocolHandshake.java:74)
	at org.openqa.selenium.remote.HttpCommandExecutor.execute(HttpCommandExecutor.java:136)
	at org.openqa.selenium.remote.service.DriverCommandExecutor.execute(DriverCommandExecutor.java:83)
	at org.openqa.selenium.remote.RemoteWebDriver.execute(RemoteWebDriver.java:552)
	at org.openqa.selenium.remote.RemoteWebDriver.startSession(RemoteWebDriver.java:213)
	at org.openqa.selenium.remote.RemoteWebDriver.&lt;init&gt;(RemoteWebDriver.java:131)
	at org.openqa.selenium.edge.EdgeDriver.&lt;init&gt;(EdgeDriver.java:141)
	at org.openqa.selenium.edge.EdgeDriver.&lt;init&gt;(EdgeDriver.java:96)
	at basepackage.BaseTest.initiate(BaseTest.java:66)
	at testpackage.LoginPageTest.preTest(LoginPageTest.java:21)
... Removed 39 stack frames
</div> <!-- stack-trace -->
                </div> <!-- method-content -->
              </div> <!-- method -->
            </div> <!-- main-panel-content rounded-window-bottom -->
          </div> <!-- suite-Command_line_suite-class-skipped -->
          <div class="suite-Command_line_suite-class-skipped">
            <div class="main-panel-header rounded-window-top">
              <img src="skipped.png"/>
              <span class="class-name">testpackage.MousHoverTest</span>
            </div> <!-- main-panel-header rounded-window-top -->
            <div class="main-panel-content rounded-window-bottom">
              <div class="method">
                <div class="method-content">
                  <a name="img1test">
                  </a> <!-- img1test -->
                  <span class="method-name">img1test</span>
                  <div class="stack-trace">org.openqa.selenium.WebDriverException: unknown error: Microsoft Edge failed to start: exited normally.
  (unknown error: DevToolsActivePort file doesn&apos;t exist)
  (The process started from msedge location C:\Program Files (x86)\Microsoft\Edge\Application\msedge.exe is no longer running, so msedgedriver is assuming that msedge has crashed.)
Build info: version: &apos;3.141.59&apos;, revision: &apos;e82be7d358&apos;, time: &apos;2018-11-14T08:17:03&apos;
System info: host: &apos;LAPTOP-MVNUQ4K1&apos;, ip: &apos;192.168.48.1&apos;, os.name: &apos;Windows 11&apos;, os.arch: &apos;amd64&apos;, os.version: &apos;10.0&apos;, java.version: &apos;17.0.3.1&apos;
Driver info: driver.version: EdgeDriver
remote stacktrace: Backtrace:
	Microsoft::Applications::Events::EventProperties::SetProperty [0x00007FF652A291A2+14306]
	Microsoft::Applications::Events::EventProperty::EventProperty [0x00007FF6529B0962+842818]
	(No symbol) [0x00007FF652661D90]
	(No symbol) [0x00007FF65268EEC5]
	(No symbol) [0x00007FF652689DCF]
	(No symbol) [0x00007FF6526CE027]
	(No symbol) [0x00007FF6526CD3BA]
	(No symbol) [0x00007FF6526C5B03]
	(No symbol) [0x00007FF6526973B8]
	(No symbol) [0x00007FF65269638E]
	(No symbol) [0x00007FF652697AE4]
	Microsoft::Applications::Events::EventProperty::EventProperty [0x00007FF6528FFDF8+119000]
	Microsoft::Applications::Events::EventProperty::EventProperty [0x00007FF6528ED4D6+42934]
	Microsoft::Applications::Events::EventProperty::EventProperty [0x00007FF6528F06EC+55756]
	(No symbol) [0x00007FF652767923]
	Microsoft::Applications::Events::EventProperty::EventProperty [0x00007FF6529B841A+874234]
	Microsoft::Applications::Events::EventProperty::EventProperty [0x00007FF6529BD514+894964]
	Microsoft::Applications::Events::EventProperty::EventProperty [0x00007FF6529BD66C+895308]
	Microsoft::Applications::Events::EventProperty::EventProperty [0x00007FF6529C678E+932462]
	BaseThreadInitThunk [0x00007FFAFC86244D+29]
	RtlUserThreadStart [0x00007FFAFE06DFB8+40]

	at org.openqa.selenium.remote.W3CHandshakeResponse.lambda$errorHandler$0(W3CHandshakeResponse.java:62)
	at org.openqa.selenium.remote.HandshakeResponse.lambda$getResponseFunction$0(HandshakeResponse.java:30)
	at org.openqa.selenium.remote.ProtocolHandshake.lambda$createSession$0(ProtocolHandshake.java:126)
	at java.base/java.util.stream.ReferencePipeline$3$1.accept(ReferencePipeline.java:197)
	at java.base/java.util.Spliterators$ArraySpliterator.tryAdvance(Spliterators.java:1002)
	at java.base/java.util.stream.ReferencePipeline.forEachWithCancel(ReferencePipeline.java:129)
	at java.base/java.util.stream.AbstractPipeline.copyIntoWithCancel(AbstractPipeline.java:527)
	at java.base/java.util.stream.AbstractPipeline.copyInto(AbstractPipeline.java:513)
	at java.base/java.util.stream.AbstractPipeline.wrapAndCopyInto(AbstractPipeline.java:499)
	at java.base/java.util.stream.FindOps$FindOp.evaluateSequential(FindOps.java:150)
	at java.base/java.util.stream.AbstractPipeline.evaluate(AbstractPipeline.java:234)
	at java.base/java.util.stream.ReferencePipeline.findFirst(ReferencePipeline.java:647)
	at org.openqa.selenium.remote.ProtocolHandshake.createSession(ProtocolHandshake.java:128)
	at org.openqa.selenium.remote.ProtocolHandshake.createSession(ProtocolHandshake.java:74)
	at org.openqa.selenium.remote.HttpCommandExecutor.execute(HttpCommandExecutor.java:136)
	at org.openqa.selenium.remote.service.DriverCommandExecutor.execute(DriverCommandExecutor.java:83)
	at org.openqa.selenium.remote.RemoteWebDriver.execute(RemoteWebDriver.java:552)
	at org.openqa.selenium.remote.RemoteWebDriver.startSession(RemoteWebDriver.java:213)
	at org.openqa.selenium.remote.RemoteWebDriver.&lt;init&gt;(RemoteWebDriver.java:131)
	at org.openqa.selenium.edge.EdgeDriver.&lt;init&gt;(EdgeDriver.java:141)
	at org.openqa.selenium.edge.EdgeDriver.&lt;init&gt;(EdgeDriver.java:96)
	at basepackage.BaseTest.initiate(BaseTest.java:66)
	at testpackage.LoginPageTest.preTest(LoginPageTest.java:21)
... Removed 39 stack frames
</div> <!-- stack-trace -->
                </div> <!-- method-content -->
              </div> <!-- method -->
            </div> <!-- main-panel-content rounded-window-bottom -->
          </div> <!-- suite-Command_line_suite-class-skipped -->
          <div class="suite-Command_line_suite-class-skipped">
            <div class="main-panel-header rounded-window-top">
              <img src="skipped.png"/>
              <span class="class-name">testpackage.DynamicLoadingTest</span>
            </div> <!-- main-panel-header rounded-window-top -->
            <div class="main-panel-content rounded-window-bottom">
              <div class="method">
                <div class="method-content">
                  <a name="startbuttontest">
                  </a> <!-- startbuttontest -->
                  <span class="method-name">startbuttontest</span>
                  <div class="stack-trace">org.openqa.selenium.WebDriverException: unknown error: Microsoft Edge failed to start: exited normally.
  (unknown error: DevToolsActivePort file doesn&apos;t exist)
  (The process started from msedge location C:\Program Files (x86)\Microsoft\Edge\Application\msedge.exe is no longer running, so msedgedriver is assuming that msedge has crashed.)
Build info: version: &apos;3.141.59&apos;, revision: &apos;e82be7d358&apos;, time: &apos;2018-11-14T08:17:03&apos;
System info: host: &apos;LAPTOP-MVNUQ4K1&apos;, ip: &apos;192.168.48.1&apos;, os.name: &apos;Windows 11&apos;, os.arch: &apos;amd64&apos;, os.version: &apos;10.0&apos;, java.version: &apos;17.0.3.1&apos;
Driver info: driver.version: EdgeDriver
remote stacktrace: Backtrace:
	Microsoft::Applications::Events::EventProperties::SetProperty [0x00007FF652A291A2+14306]
	Microsoft::Applications::Events::EventProperty::EventProperty [0x00007FF6529B0962+842818]
	(No symbol) [0x00007FF652661D90]
	(No symbol) [0x00007FF65268EEC5]
	(No symbol) [0x00007FF652689DCF]
	(No symbol) [0x00007FF6526CE027]
	(No symbol) [0x00007FF6526CD3BA]
	(No symbol) [0x00007FF6526C5B03]
	(No symbol) [0x00007FF6526973B8]
	(No symbol) [0x00007FF65269638E]
	(No symbol) [0x00007FF652697AE4]
	Microsoft::Applications::Events::EventProperty::EventProperty [0x00007FF6528FFDF8+119000]
	Microsoft::Applications::Events::EventProperty::EventProperty [0x00007FF6528ED4D6+42934]
	Microsoft::Applications::Events::EventProperty::EventProperty [0x00007FF6528F06EC+55756]
	(No symbol) [0x00007FF652767923]
	Microsoft::Applications::Events::EventProperty::EventProperty [0x00007FF6529B841A+874234]
	Microsoft::Applications::Events::EventProperty::EventProperty [0x00007FF6529BD514+894964]
	Microsoft::Applications::Events::EventProperty::EventProperty [0x00007FF6529BD66C+895308]
	Microsoft::Applications::Events::EventProperty::EventProperty [0x00007FF6529C678E+932462]
	BaseThreadInitThunk [0x00007FFAFC86244D+29]
	RtlUserThreadStart [0x00007FFAFE06DFB8+40]

	at org.openqa.selenium.remote.W3CHandshakeResponse.lambda$errorHandler$0(W3CHandshakeResponse.java:62)
	at org.openqa.selenium.remote.HandshakeResponse.lambda$getResponseFunction$0(HandshakeResponse.java:30)
	at org.openqa.selenium.remote.ProtocolHandshake.lambda$createSession$0(ProtocolHandshake.java:126)
	at java.base/java.util.stream.ReferencePipeline$3$1.accept(ReferencePipeline.java:197)
	at java.base/java.util.Spliterators$ArraySpliterator.tryAdvance(Spliterators.java:1002)
	at java.base/java.util.stream.ReferencePipeline.forEachWithCancel(ReferencePipeline.java:129)
	at java.base/java.util.stream.AbstractPipeline.copyIntoWithCancel(AbstractPipeline.java:527)
	at java.base/java.util.stream.AbstractPipeline.copyInto(AbstractPipeline.java:513)
	at java.base/java.util.stream.AbstractPipeline.wrapAndCopyInto(AbstractPipeline.java:499)
	at java.base/java.util.stream.FindOps$FindOp.evaluateSequential(FindOps.java:150)
	at java.base/java.util.stream.AbstractPipeline.evaluate(AbstractPipeline.java:234)
	at java.base/java.util.stream.ReferencePipeline.findFirst(ReferencePipeline.java:647)
	at org.openqa.selenium.remote.ProtocolHandshake.createSession(ProtocolHandshake.java:128)
	at org.openqa.selenium.remote.ProtocolHandshake.createSession(ProtocolHandshake.java:74)
	at org.openqa.selenium.remote.HttpCommandExecutor.execute(HttpCommandExecutor.java:136)
	at org.openqa.selenium.remote.service.DriverCommandExecutor.execute(DriverCommandExecutor.java:83)
	at org.openqa.selenium.remote.RemoteWebDriver.execute(RemoteWebDriver.java:552)
	at org.openqa.selenium.remote.RemoteWebDriver.startSession(RemoteWebDriver.java:213)
	at org.openqa.selenium.remote.RemoteWebDriver.&lt;init&gt;(RemoteWebDriver.java:131)
	at org.openqa.selenium.edge.EdgeDriver.&lt;init&gt;(EdgeDriver.java:141)
	at org.openqa.selenium.edge.EdgeDriver.&lt;init&gt;(EdgeDriver.java:96)
	at basepackage.BaseTest.initiate(BaseTest.java:66)
	at testpackage.LoginPageTest.preTest(LoginPageTest.java:21)
... Removed 39 stack frames
</div> <!-- stack-trace -->
                </div> <!-- method-content -->
              </div> <!-- method -->
            </div> <!-- main-panel-content rounded-window-bottom -->
          </div> <!-- suite-Command_line_suite-class-skipped -->
          <div class="suite-Command_line_suite-class-skipped">
            <div class="main-panel-header rounded-window-top">
              <img src="skipped.png"/>
              <span class="class-name">testpackage.DragandDropTest</span>
            </div> <!-- main-panel-header rounded-window-top -->
            <div class="main-panel-content rounded-window-bottom">
              <div class="method">
                <div class="method-content">
                  <a name="DragtestforA">
                  </a> <!-- DragtestforA -->
                  <span class="method-name">DragtestforA</span>
                  <div class="stack-trace">org.openqa.selenium.WebDriverException: unknown error: Microsoft Edge failed to start: exited normally.
  (unknown error: DevToolsActivePort file doesn&apos;t exist)
  (The process started from msedge location C:\Program Files (x86)\Microsoft\Edge\Application\msedge.exe is no longer running, so msedgedriver is assuming that msedge has crashed.)
Build info: version: &apos;3.141.59&apos;, revision: &apos;e82be7d358&apos;, time: &apos;2018-11-14T08:17:03&apos;
System info: host: &apos;LAPTOP-MVNUQ4K1&apos;, ip: &apos;192.168.48.1&apos;, os.name: &apos;Windows 11&apos;, os.arch: &apos;amd64&apos;, os.version: &apos;10.0&apos;, java.version: &apos;17.0.3.1&apos;
Driver info: driver.version: EdgeDriver
remote stacktrace: Backtrace:
	Microsoft::Applications::Events::EventProperties::SetProperty [0x00007FF652A291A2+14306]
	Microsoft::Applications::Events::EventProperty::EventProperty [0x00007FF6529B0962+842818]
	(No symbol) [0x00007FF652661D90]
	(No symbol) [0x00007FF65268EEC5]
	(No symbol) [0x00007FF652689DCF]
	(No symbol) [0x00007FF6526CE027]
	(No symbol) [0x00007FF6526CD3BA]
	(No symbol) [0x00007FF6526C5B03]
	(No symbol) [0x00007FF6526973B8]
	(No symbol) [0x00007FF65269638E]
	(No symbol) [0x00007FF652697AE4]
	Microsoft::Applications::Events::EventProperty::EventProperty [0x00007FF6528FFDF8+119000]
	Microsoft::Applications::Events::EventProperty::EventProperty [0x00007FF6528ED4D6+42934]
	Microsoft::Applications::Events::EventProperty::EventProperty [0x00007FF6528F06EC+55756]
	(No symbol) [0x00007FF652767923]
	Microsoft::Applications::Events::EventProperty::EventProperty [0x00007FF6529B841A+874234]
	Microsoft::Applications::Events::EventProperty::EventProperty [0x00007FF6529BD514+894964]
	Microsoft::Applications::Events::EventProperty::EventProperty [0x00007FF6529BD66C+895308]
	Microsoft::Applications::Events::EventProperty::EventProperty [0x00007FF6529C678E+932462]
	BaseThreadInitThunk [0x00007FFAFC86244D+29]
	RtlUserThreadStart [0x00007FFAFE06DFB8+40]

	at org.openqa.selenium.remote.W3CHandshakeResponse.lambda$errorHandler$0(W3CHandshakeResponse.java:62)
	at org.openqa.selenium.remote.HandshakeResponse.lambda$getResponseFunction$0(HandshakeResponse.java:30)
	at org.openqa.selenium.remote.ProtocolHandshake.lambda$createSession$0(ProtocolHandshake.java:126)
	at java.base/java.util.stream.ReferencePipeline$3$1.accept(ReferencePipeline.java:197)
	at java.base/java.util.Spliterators$ArraySpliterator.tryAdvance(Spliterators.java:1002)
	at java.base/java.util.stream.ReferencePipeline.forEachWithCancel(ReferencePipeline.java:129)
	at java.base/java.util.stream.AbstractPipeline.copyIntoWithCancel(AbstractPipeline.java:527)
	at java.base/java.util.stream.AbstractPipeline.copyInto(AbstractPipeline.java:513)
	at java.base/java.util.stream.AbstractPipeline.wrapAndCopyInto(AbstractPipeline.java:499)
	at java.base/java.util.stream.FindOps$FindOp.evaluateSequential(FindOps.java:150)
	at java.base/java.util.stream.AbstractPipeline.evaluate(AbstractPipeline.java:234)
	at java.base/java.util.stream.ReferencePipeline.findFirst(ReferencePipeline.java:647)
	at org.openqa.selenium.remote.ProtocolHandshake.createSession(ProtocolHandshake.java:128)
	at org.openqa.selenium.remote.ProtocolHandshake.createSession(ProtocolHandshake.java:74)
	at org.openqa.selenium.remote.HttpCommandExecutor.execute(HttpCommandExecutor.java:136)
	at org.openqa.selenium.remote.service.DriverCommandExecutor.execute(DriverCommandExecutor.java:83)
	at org.openqa.selenium.remote.RemoteWebDriver.execute(RemoteWebDriver.java:552)
	at org.openqa.selenium.remote.RemoteWebDriver.startSession(RemoteWebDriver.java:213)
	at org.openqa.selenium.remote.RemoteWebDriver.&lt;init&gt;(RemoteWebDriver.java:131)
	at org.openqa.selenium.edge.EdgeDriver.&lt;init&gt;(EdgeDriver.java:141)
	at org.openqa.selenium.edge.EdgeDriver.&lt;init&gt;(EdgeDriver.java:96)
	at basepackage.BaseTest.initiate(BaseTest.java:66)
	at testpackage.LoginPageTest.preTest(LoginPageTest.java:21)
... Removed 39 stack frames
</div> <!-- stack-trace -->
                </div> <!-- method-content -->
              </div> <!-- method -->
              <div class="method">
                <div class="method-content">
                  <a name="DragtestforB">
                  </a> <!-- DragtestforB -->
                  <span class="method-name">DragtestforB</span>
                  <div class="stack-trace">org.openqa.selenium.WebDriverException: unknown error: Microsoft Edge failed to start: exited normally.
  (unknown error: DevToolsActivePort file doesn&apos;t exist)
  (The process started from msedge location C:\Program Files (x86)\Microsoft\Edge\Application\msedge.exe is no longer running, so msedgedriver is assuming that msedge has crashed.)
Build info: version: &apos;3.141.59&apos;, revision: &apos;e82be7d358&apos;, time: &apos;2018-11-14T08:17:03&apos;
System info: host: &apos;LAPTOP-MVNUQ4K1&apos;, ip: &apos;192.168.48.1&apos;, os.name: &apos;Windows 11&apos;, os.arch: &apos;amd64&apos;, os.version: &apos;10.0&apos;, java.version: &apos;17.0.3.1&apos;
Driver info: driver.version: EdgeDriver
remote stacktrace: Backtrace:
	Microsoft::Applications::Events::EventProperties::SetProperty [0x00007FF652A291A2+14306]
	Microsoft::Applications::Events::EventProperty::EventProperty [0x00007FF6529B0962+842818]
	(No symbol) [0x00007FF652661D90]
	(No symbol) [0x00007FF65268EEC5]
	(No symbol) [0x00007FF652689DCF]
	(No symbol) [0x00007FF6526CE027]
	(No symbol) [0x00007FF6526CD3BA]
	(No symbol) [0x00007FF6526C5B03]
	(No symbol) [0x00007FF6526973B8]
	(No symbol) [0x00007FF65269638E]
	(No symbol) [0x00007FF652697AE4]
	Microsoft::Applications::Events::EventProperty::EventProperty [0x00007FF6528FFDF8+119000]
	Microsoft::Applications::Events::EventProperty::EventProperty [0x00007FF6528ED4D6+42934]
	Microsoft::Applications::Events::EventProperty::EventProperty [0x00007FF6528F06EC+55756]
	(No symbol) [0x00007FF652767923]
	Microsoft::Applications::Events::EventProperty::EventProperty [0x00007FF6529B841A+874234]
	Microsoft::Applications::Events::EventProperty::EventProperty [0x00007FF6529BD514+894964]
	Microsoft::Applications::Events::EventProperty::EventProperty [0x00007FF6529BD66C+895308]
	Microsoft::Applications::Events::EventProperty::EventProperty [0x00007FF6529C678E+932462]
	BaseThreadInitThunk [0x00007FFAFC86244D+29]
	RtlUserThreadStart [0x00007FFAFE06DFB8+40]

	at org.openqa.selenium.remote.W3CHandshakeResponse.lambda$errorHandler$0(W3CHandshakeResponse.java:62)
	at org.openqa.selenium.remote.HandshakeResponse.lambda$getResponseFunction$0(HandshakeResponse.java:30)
	at org.openqa.selenium.remote.ProtocolHandshake.lambda$createSession$0(ProtocolHandshake.java:126)
	at java.base/java.util.stream.ReferencePipeline$3$1.accept(ReferencePipeline.java:197)
	at java.base/java.util.Spliterators$ArraySpliterator.tryAdvance(Spliterators.java:1002)
	at java.base/java.util.stream.ReferencePipeline.forEachWithCancel(ReferencePipeline.java:129)
	at java.base/java.util.stream.AbstractPipeline.copyIntoWithCancel(AbstractPipeline.java:527)
	at java.base/java.util.stream.AbstractPipeline.copyInto(AbstractPipeline.java:513)
	at java.base/java.util.stream.AbstractPipeline.wrapAndCopyInto(AbstractPipeline.java:499)
	at java.base/java.util.stream.FindOps$FindOp.evaluateSequential(FindOps.java:150)
	at java.base/java.util.stream.AbstractPipeline.evaluate(AbstractPipeline.java:234)
	at java.base/java.util.stream.ReferencePipeline.findFirst(ReferencePipeline.java:647)
	at org.openqa.selenium.remote.ProtocolHandshake.createSession(ProtocolHandshake.java:128)
	at org.openqa.selenium.remote.ProtocolHandshake.createSession(ProtocolHandshake.java:74)
	at org.openqa.selenium.remote.HttpCommandExecutor.execute(HttpCommandExecutor.java:136)
	at org.openqa.selenium.remote.service.DriverCommandExecutor.execute(DriverCommandExecutor.java:83)
	at org.openqa.selenium.remote.RemoteWebDriver.execute(RemoteWebDriver.java:552)
	at org.openqa.selenium.remote.RemoteWebDriver.startSession(RemoteWebDriver.java:213)
	at org.openqa.selenium.remote.RemoteWebDriver.&lt;init&gt;(RemoteWebDriver.java:131)
	at org.openqa.selenium.edge.EdgeDriver.&lt;init&gt;(EdgeDriver.java:141)
	at org.openqa.selenium.edge.EdgeDriver.&lt;init&gt;(EdgeDriver.java:96)
	at basepackage.BaseTest.initiate(BaseTest.java:66)
	at testpackage.LoginPageTest.preTest(LoginPageTest.java:21)
... Removed 39 stack frames
</div> <!-- stack-trace -->
                </div> <!-- method-content -->
              </div> <!-- method -->
            </div> <!-- main-panel-content rounded-window-bottom -->
          </div> <!-- suite-Command_line_suite-class-skipped -->
          <div class="suite-Command_line_suite-class-skipped">
            <div class="main-panel-header rounded-window-top">
              <img src="skipped.png"/>
              <span class="class-name">testpackage.LoginPageTest</span>
            </div> <!-- main-panel-header rounded-window-top -->
            <div class="main-panel-content rounded-window-bottom">
              <div class="method">
                <div class="method-content">
                  <a name="failloginbuttontest">
                  </a> <!-- failloginbuttontest -->
                  <span class="method-name">failloginbuttontest</span>
                  <div class="stack-trace">org.openqa.selenium.WebDriverException: unknown error: Microsoft Edge failed to start: exited normally.
  (unknown error: DevToolsActivePort file doesn&apos;t exist)
  (The process started from msedge location C:\Program Files (x86)\Microsoft\Edge\Application\msedge.exe is no longer running, so msedgedriver is assuming that msedge has crashed.)
Build info: version: &apos;3.141.59&apos;, revision: &apos;e82be7d358&apos;, time: &apos;2018-11-14T08:17:03&apos;
System info: host: &apos;LAPTOP-MVNUQ4K1&apos;, ip: &apos;192.168.48.1&apos;, os.name: &apos;Windows 11&apos;, os.arch: &apos;amd64&apos;, os.version: &apos;10.0&apos;, java.version: &apos;17.0.3.1&apos;
Driver info: driver.version: EdgeDriver
remote stacktrace: Backtrace:
	Microsoft::Applications::Events::EventProperties::SetProperty [0x00007FF652A291A2+14306]
	Microsoft::Applications::Events::EventProperty::EventProperty [0x00007FF6529B0962+842818]
	(No symbol) [0x00007FF652661D90]
	(No symbol) [0x00007FF65268EEC5]
	(No symbol) [0x00007FF652689DCF]
	(No symbol) [0x00007FF6526CE027]
	(No symbol) [0x00007FF6526CD3BA]
	(No symbol) [0x00007FF6526C5B03]
	(No symbol) [0x00007FF6526973B8]
	(No symbol) [0x00007FF65269638E]
	(No symbol) [0x00007FF652697AE4]
	Microsoft::Applications::Events::EventProperty::EventProperty [0x00007FF6528FFDF8+119000]
	Microsoft::Applications::Events::EventProperty::EventProperty [0x00007FF6528ED4D6+42934]
	Microsoft::Applications::Events::EventProperty::EventProperty [0x00007FF6528F06EC+55756]
	(No symbol) [0x00007FF652767923]
	Microsoft::Applications::Events::EventProperty::EventProperty [0x00007FF6529B841A+874234]
	Microsoft::Applications::Events::EventProperty::EventProperty [0x00007FF6529BD514+894964]
	Microsoft::Applications::Events::EventProperty::EventProperty [0x00007FF6529BD66C+895308]
	Microsoft::Applications::Events::EventProperty::EventProperty [0x00007FF6529C678E+932462]
	BaseThreadInitThunk [0x00007FFAFC86244D+29]
	RtlUserThreadStart [0x00007FFAFE06DFB8+40]

	at org.openqa.selenium.remote.W3CHandshakeResponse.lambda$errorHandler$0(W3CHandshakeResponse.java:62)
	at org.openqa.selenium.remote.HandshakeResponse.lambda$getResponseFunction$0(HandshakeResponse.java:30)
	at org.openqa.selenium.remote.ProtocolHandshake.lambda$createSession$0(ProtocolHandshake.java:126)
	at java.base/java.util.stream.ReferencePipeline$3$1.accept(ReferencePipeline.java:197)
	at java.base/java.util.Spliterators$ArraySpliterator.tryAdvance(Spliterators.java:1002)
	at java.base/java.util.stream.ReferencePipeline.forEachWithCancel(ReferencePipeline.java:129)
	at java.base/java.util.stream.AbstractPipeline.copyIntoWithCancel(AbstractPipeline.java:527)
	at java.base/java.util.stream.AbstractPipeline.copyInto(AbstractPipeline.java:513)
	at java.base/java.util.stream.AbstractPipeline.wrapAndCopyInto(AbstractPipeline.java:499)
	at java.base/java.util.stream.FindOps$FindOp.evaluateSequential(FindOps.java:150)
	at java.base/java.util.stream.AbstractPipeline.evaluate(AbstractPipeline.java:234)
	at java.base/java.util.stream.ReferencePipeline.findFirst(ReferencePipeline.java:647)
	at org.openqa.selenium.remote.ProtocolHandshake.createSession(ProtocolHandshake.java:128)
	at org.openqa.selenium.remote.ProtocolHandshake.createSession(ProtocolHandshake.java:74)
	at org.openqa.selenium.remote.HttpCommandExecutor.execute(HttpCommandExecutor.java:136)
	at org.openqa.selenium.remote.service.DriverCommandExecutor.execute(DriverCommandExecutor.java:83)
	at org.openqa.selenium.remote.RemoteWebDriver.execute(RemoteWebDriver.java:552)
	at org.openqa.selenium.remote.RemoteWebDriver.startSession(RemoteWebDriver.java:213)
	at org.openqa.selenium.remote.RemoteWebDriver.&lt;init&gt;(RemoteWebDriver.java:131)
	at org.openqa.selenium.edge.EdgeDriver.&lt;init&gt;(EdgeDriver.java:141)
	at org.openqa.selenium.edge.EdgeDriver.&lt;init&gt;(EdgeDriver.java:96)
	at basepackage.BaseTest.initiate(BaseTest.java:66)
	at testpackage.LoginPageTest.preTest(LoginPageTest.java:21)
... Removed 39 stack frames
</div> <!-- stack-trace -->
                </div> <!-- method-content -->
              </div> <!-- method -->
              <div class="method">
                <div class="method-content">
                  <a name="loginbuttontest">
                  </a> <!-- loginbuttontest -->
                  <span class="method-name">loginbuttontest</span>
                  <div class="stack-trace">org.openqa.selenium.WebDriverException: unknown error: Microsoft Edge failed to start: exited normally.
  (unknown error: DevToolsActivePort file doesn&apos;t exist)
  (The process started from msedge location C:\Program Files (x86)\Microsoft\Edge\Application\msedge.exe is no longer running, so msedgedriver is assuming that msedge has crashed.)
Build info: version: &apos;3.141.59&apos;, revision: &apos;e82be7d358&apos;, time: &apos;2018-11-14T08:17:03&apos;
System info: host: &apos;LAPTOP-MVNUQ4K1&apos;, ip: &apos;192.168.48.1&apos;, os.name: &apos;Windows 11&apos;, os.arch: &apos;amd64&apos;, os.version: &apos;10.0&apos;, java.version: &apos;17.0.3.1&apos;
Driver info: driver.version: EdgeDriver
remote stacktrace: Backtrace:
	Microsoft::Applications::Events::EventProperties::SetProperty [0x00007FF652A291A2+14306]
	Microsoft::Applications::Events::EventProperty::EventProperty [0x00007FF6529B0962+842818]
	(No symbol) [0x00007FF652661D90]
	(No symbol) [0x00007FF65268EEC5]
	(No symbol) [0x00007FF652689DCF]
	(No symbol) [0x00007FF6526CE027]
	(No symbol) [0x00007FF6526CD3BA]
	(No symbol) [0x00007FF6526C5B03]
	(No symbol) [0x00007FF6526973B8]
	(No symbol) [0x00007FF65269638E]
	(No symbol) [0x00007FF652697AE4]
	Microsoft::Applications::Events::EventProperty::EventProperty [0x00007FF6528FFDF8+119000]
	Microsoft::Applications::Events::EventProperty::EventProperty [0x00007FF6528ED4D6+42934]
	Microsoft::Applications::Events::EventProperty::EventProperty [0x00007FF6528F06EC+55756]
	(No symbol) [0x00007FF652767923]
	Microsoft::Applications::Events::EventProperty::EventProperty [0x00007FF6529B841A+874234]
	Microsoft::Applications::Events::EventProperty::EventProperty [0x00007FF6529BD514+894964]
	Microsoft::Applications::Events::EventProperty::EventProperty [0x00007FF6529BD66C+895308]
	Microsoft::Applications::Events::EventProperty::EventProperty [0x00007FF6529C678E+932462]
	BaseThreadInitThunk [0x00007FFAFC86244D+29]
	RtlUserThreadStart [0x00007FFAFE06DFB8+40]

	at org.openqa.selenium.remote.W3CHandshakeResponse.lambda$errorHandler$0(W3CHandshakeResponse.java:62)
	at org.openqa.selenium.remote.HandshakeResponse.lambda$getResponseFunction$0(HandshakeResponse.java:30)
	at org.openqa.selenium.remote.ProtocolHandshake.lambda$createSession$0(ProtocolHandshake.java:126)
	at java.base/java.util.stream.ReferencePipeline$3$1.accept(ReferencePipeline.java:197)
	at java.base/java.util.Spliterators$ArraySpliterator.tryAdvance(Spliterators.java:1002)
	at java.base/java.util.stream.ReferencePipeline.forEachWithCancel(ReferencePipeline.java:129)
	at java.base/java.util.stream.AbstractPipeline.copyIntoWithCancel(AbstractPipeline.java:527)
	at java.base/java.util.stream.AbstractPipeline.copyInto(AbstractPipeline.java:513)
	at java.base/java.util.stream.AbstractPipeline.wrapAndCopyInto(AbstractPipeline.java:499)
	at java.base/java.util.stream.FindOps$FindOp.evaluateSequential(FindOps.java:150)
	at java.base/java.util.stream.AbstractPipeline.evaluate(AbstractPipeline.java:234)
	at java.base/java.util.stream.ReferencePipeline.findFirst(ReferencePipeline.java:647)
	at org.openqa.selenium.remote.ProtocolHandshake.createSession(ProtocolHandshake.java:128)
	at org.openqa.selenium.remote.ProtocolHandshake.createSession(ProtocolHandshake.java:74)
	at org.openqa.selenium.remote.HttpCommandExecutor.execute(HttpCommandExecutor.java:136)
	at org.openqa.selenium.remote.service.DriverCommandExecutor.execute(DriverCommandExecutor.java:83)
	at org.openqa.selenium.remote.RemoteWebDriver.execute(RemoteWebDriver.java:552)
	at org.openqa.selenium.remote.RemoteWebDriver.startSession(RemoteWebDriver.java:213)
	at org.openqa.selenium.remote.RemoteWebDriver.&lt;init&gt;(RemoteWebDriver.java:131)
	at org.openqa.selenium.edge.EdgeDriver.&lt;init&gt;(EdgeDriver.java:141)
	at org.openqa.selenium.edge.EdgeDriver.&lt;init&gt;(EdgeDriver.java:96)
	at basepackage.BaseTest.initiate(BaseTest.java:66)
	at testpackage.LoginPageTest.preTest(LoginPageTest.java:21)
... Removed 39 stack frames
</div> <!-- stack-trace -->
                </div> <!-- method-content -->
              </div> <!-- method -->
            </div> <!-- main-panel-content rounded-window-bottom -->
          </div> <!-- suite-Command_line_suite-class-skipped -->
          <div class="suite-Command_line_suite-class-skipped">
            <div class="main-panel-header rounded-window-top">
              <img src="skipped.png"/>
              <span class="class-name">testpackage.NewTabTest</span>
            </div> <!-- main-panel-header rounded-window-top -->
            <div class="main-panel-content rounded-window-bottom">
              <div class="method">
                <div class="method-content">
                  <a name="tabtest">
                  </a> <!-- tabtest -->
                  <span class="method-name">tabtest</span>
                  <div class="stack-trace">org.openqa.selenium.WebDriverException: unknown error: Microsoft Edge failed to start: exited normally.
  (unknown error: DevToolsActivePort file doesn&apos;t exist)
  (The process started from msedge location C:\Program Files (x86)\Microsoft\Edge\Application\msedge.exe is no longer running, so msedgedriver is assuming that msedge has crashed.)
Build info: version: &apos;3.141.59&apos;, revision: &apos;e82be7d358&apos;, time: &apos;2018-11-14T08:17:03&apos;
System info: host: &apos;LAPTOP-MVNUQ4K1&apos;, ip: &apos;192.168.48.1&apos;, os.name: &apos;Windows 11&apos;, os.arch: &apos;amd64&apos;, os.version: &apos;10.0&apos;, java.version: &apos;17.0.3.1&apos;
Driver info: driver.version: EdgeDriver
remote stacktrace: Backtrace:
	Microsoft::Applications::Events::EventProperties::SetProperty [0x00007FF652A291A2+14306]
	Microsoft::Applications::Events::EventProperty::EventProperty [0x00007FF6529B0962+842818]
	(No symbol) [0x00007FF652661D90]
	(No symbol) [0x00007FF65268EEC5]
	(No symbol) [0x00007FF652689DCF]
	(No symbol) [0x00007FF6526CE027]
	(No symbol) [0x00007FF6526CD3BA]
	(No symbol) [0x00007FF6526C5B03]
	(No symbol) [0x00007FF6526973B8]
	(No symbol) [0x00007FF65269638E]
	(No symbol) [0x00007FF652697AE4]
	Microsoft::Applications::Events::EventProperty::EventProperty [0x00007FF6528FFDF8+119000]
	Microsoft::Applications::Events::EventProperty::EventProperty [0x00007FF6528ED4D6+42934]
	Microsoft::Applications::Events::EventProperty::EventProperty [0x00007FF6528F06EC+55756]
	(No symbol) [0x00007FF652767923]
	Microsoft::Applications::Events::EventProperty::EventProperty [0x00007FF6529B841A+874234]
	Microsoft::Applications::Events::EventProperty::EventProperty [0x00007FF6529BD514+894964]
	Microsoft::Applications::Events::EventProperty::EventProperty [0x00007FF6529BD66C+895308]
	Microsoft::Applications::Events::EventProperty::EventProperty [0x00007FF6529C678E+932462]
	BaseThreadInitThunk [0x00007FFAFC86244D+29]
	RtlUserThreadStart [0x00007FFAFE06DFB8+40]

	at org.openqa.selenium.remote.W3CHandshakeResponse.lambda$errorHandler$0(W3CHandshakeResponse.java:62)
	at org.openqa.selenium.remote.HandshakeResponse.lambda$getResponseFunction$0(HandshakeResponse.java:30)
	at org.openqa.selenium.remote.ProtocolHandshake.lambda$createSession$0(ProtocolHandshake.java:126)
	at java.base/java.util.stream.ReferencePipeline$3$1.accept(ReferencePipeline.java:197)
	at java.base/java.util.Spliterators$ArraySpliterator.tryAdvance(Spliterators.java:1002)
	at java.base/java.util.stream.ReferencePipeline.forEachWithCancel(ReferencePipeline.java:129)
	at java.base/java.util.stream.AbstractPipeline.copyIntoWithCancel(AbstractPipeline.java:527)
	at java.base/java.util.stream.AbstractPipeline.copyInto(AbstractPipeline.java:513)
	at java.base/java.util.stream.AbstractPipeline.wrapAndCopyInto(AbstractPipeline.java:499)
	at java.base/java.util.stream.FindOps$FindOp.evaluateSequential(FindOps.java:150)
	at java.base/java.util.stream.AbstractPipeline.evaluate(AbstractPipeline.java:234)
	at java.base/java.util.stream.ReferencePipeline.findFirst(ReferencePipeline.java:647)
	at org.openqa.selenium.remote.ProtocolHandshake.createSession(ProtocolHandshake.java:128)
	at org.openqa.selenium.remote.ProtocolHandshake.createSession(ProtocolHandshake.java:74)
	at org.openqa.selenium.remote.HttpCommandExecutor.execute(HttpCommandExecutor.java:136)
	at org.openqa.selenium.remote.service.DriverCommandExecutor.execute(DriverCommandExecutor.java:83)
	at org.openqa.selenium.remote.RemoteWebDriver.execute(RemoteWebDriver.java:552)
	at org.openqa.selenium.remote.RemoteWebDriver.startSession(RemoteWebDriver.java:213)
	at org.openqa.selenium.remote.RemoteWebDriver.&lt;init&gt;(RemoteWebDriver.java:131)
	at org.openqa.selenium.edge.EdgeDriver.&lt;init&gt;(EdgeDriver.java:141)
	at org.openqa.selenium.edge.EdgeDriver.&lt;init&gt;(EdgeDriver.java:96)
	at basepackage.BaseTest.initiate(BaseTest.java:66)
	at testpackage.LoginPageTest.preTest(LoginPageTest.java:21)
... Removed 39 stack frames
</div> <!-- stack-trace -->
                </div> <!-- method-content -->
              </div> <!-- method -->
            </div> <!-- main-panel-content rounded-window-bottom -->
          </div> <!-- suite-Command_line_suite-class-skipped -->
          <div class="suite-Command_line_suite-class-skipped">
            <div class="main-panel-header rounded-window-top">
              <img src="skipped.png"/>
              <span class="class-name">testpackage.CheckBoxTest</span>
            </div> <!-- main-panel-header rounded-window-top -->
            <div class="main-panel-content rounded-window-bottom">
              <div class="method">
                <div class="method-content">
                  <a name="CheckedCheckBoxtest">
                  </a> <!-- CheckedCheckBoxtest -->
                  <span class="method-name">CheckedCheckBoxtest</span>
                  <div class="stack-trace">org.openqa.selenium.WebDriverException: unknown error: Microsoft Edge failed to start: exited normally.
  (unknown error: DevToolsActivePort file doesn&apos;t exist)
  (The process started from msedge location C:\Program Files (x86)\Microsoft\Edge\Application\msedge.exe is no longer running, so msedgedriver is assuming that msedge has crashed.)
Build info: version: &apos;3.141.59&apos;, revision: &apos;e82be7d358&apos;, time: &apos;2018-11-14T08:17:03&apos;
System info: host: &apos;LAPTOP-MVNUQ4K1&apos;, ip: &apos;192.168.48.1&apos;, os.name: &apos;Windows 11&apos;, os.arch: &apos;amd64&apos;, os.version: &apos;10.0&apos;, java.version: &apos;17.0.3.1&apos;
Driver info: driver.version: EdgeDriver
remote stacktrace: Backtrace:
	Microsoft::Applications::Events::EventProperties::SetProperty [0x00007FF652A291A2+14306]
	Microsoft::Applications::Events::EventProperty::EventProperty [0x00007FF6529B0962+842818]
	(No symbol) [0x00007FF652661D90]
	(No symbol) [0x00007FF65268EEC5]
	(No symbol) [0x00007FF652689DCF]
	(No symbol) [0x00007FF6526CE027]
	(No symbol) [0x00007FF6526CD3BA]
	(No symbol) [0x00007FF6526C5B03]
	(No symbol) [0x00007FF6526973B8]
	(No symbol) [0x00007FF65269638E]
	(No symbol) [0x00007FF652697AE4]
	Microsoft::Applications::Events::EventProperty::EventProperty [0x00007FF6528FFDF8+119000]
	Microsoft::Applications::Events::EventProperty::EventProperty [0x00007FF6528ED4D6+42934]
	Microsoft::Applications::Events::EventProperty::EventProperty [0x00007FF6528F06EC+55756]
	(No symbol) [0x00007FF652767923]
	Microsoft::Applications::Events::EventProperty::EventProperty [0x00007FF6529B841A+874234]
	Microsoft::Applications::Events::EventProperty::EventProperty [0x00007FF6529BD514+894964]
	Microsoft::Applications::Events::EventProperty::EventProperty [0x00007FF6529BD66C+895308]
	Microsoft::Applications::Events::EventProperty::EventProperty [0x00007FF6529C678E+932462]
	BaseThreadInitThunk [0x00007FFAFC86244D+29]
	RtlUserThreadStart [0x00007FFAFE06DFB8+40]

	at org.openqa.selenium.remote.W3CHandshakeResponse.lambda$errorHandler$0(W3CHandshakeResponse.java:62)
	at org.openqa.selenium.remote.HandshakeResponse.lambda$getResponseFunction$0(HandshakeResponse.java:30)
	at org.openqa.selenium.remote.ProtocolHandshake.lambda$createSession$0(ProtocolHandshake.java:126)
	at java.base/java.util.stream.ReferencePipeline$3$1.accept(ReferencePipeline.java:197)
	at java.base/java.util.Spliterators$ArraySpliterator.tryAdvance(Spliterators.java:1002)
	at java.base/java.util.stream.ReferencePipeline.forEachWithCancel(ReferencePipeline.java:129)
	at java.base/java.util.stream.AbstractPipeline.copyIntoWithCancel(AbstractPipeline.java:527)
	at java.base/java.util.stream.AbstractPipeline.copyInto(AbstractPipeline.java:513)
	at java.base/java.util.stream.AbstractPipeline.wrapAndCopyInto(AbstractPipeline.java:499)
	at java.base/java.util.stream.FindOps$FindOp.evaluateSequential(FindOps.java:150)
	at java.base/java.util.stream.AbstractPipeline.evaluate(AbstractPipeline.java:234)
	at java.base/java.util.stream.ReferencePipeline.findFirst(ReferencePipeline.java:647)
	at org.openqa.selenium.remote.ProtocolHandshake.createSession(ProtocolHandshake.java:128)
	at org.openqa.selenium.remote.ProtocolHandshake.createSession(ProtocolHandshake.java:74)
	at org.openqa.selenium.remote.HttpCommandExecutor.execute(HttpCommandExecutor.java:136)
	at org.openqa.selenium.remote.service.DriverCommandExecutor.execute(DriverCommandExecutor.java:83)
	at org.openqa.selenium.remote.RemoteWebDriver.execute(RemoteWebDriver.java:552)
	at org.openqa.selenium.remote.RemoteWebDriver.startSession(RemoteWebDriver.java:213)
	at org.openqa.selenium.remote.RemoteWebDriver.&lt;init&gt;(RemoteWebDriver.java:131)
	at org.openqa.selenium.edge.EdgeDriver.&lt;init&gt;(EdgeDriver.java:141)
	at org.openqa.selenium.edge.EdgeDriver.&lt;init&gt;(EdgeDriver.java:96)
	at basepackage.BaseTest.initiate(BaseTest.java:66)
	at testpackage.LoginPageTest.preTest(LoginPageTest.java:21)
... Removed 39 stack frames
</div> <!-- stack-trace -->
                </div> <!-- method-content -->
              </div> <!-- method -->
              <div class="method">
                <div class="method-content">
                  <a name="UncheckedCheckBoxtest">
                  </a> <!-- UncheckedCheckBoxtest -->
                  <span class="method-name">UncheckedCheckBoxtest</span>
                  <div class="stack-trace">org.openqa.selenium.WebDriverException: unknown error: Microsoft Edge failed to start: exited normally.
  (unknown error: DevToolsActivePort file doesn&apos;t exist)
  (The process started from msedge location C:\Program Files (x86)\Microsoft\Edge\Application\msedge.exe is no longer running, so msedgedriver is assuming that msedge has crashed.)
Build info: version: &apos;3.141.59&apos;, revision: &apos;e82be7d358&apos;, time: &apos;2018-11-14T08:17:03&apos;
System info: host: &apos;LAPTOP-MVNUQ4K1&apos;, ip: &apos;192.168.48.1&apos;, os.name: &apos;Windows 11&apos;, os.arch: &apos;amd64&apos;, os.version: &apos;10.0&apos;, java.version: &apos;17.0.3.1&apos;
Driver info: driver.version: EdgeDriver
remote stacktrace: Backtrace:
	Microsoft::Applications::Events::EventProperties::SetProperty [0x00007FF652A291A2+14306]
	Microsoft::Applications::Events::EventProperty::EventProperty [0x00007FF6529B0962+842818]
	(No symbol) [0x00007FF652661D90]
	(No symbol) [0x00007FF65268EEC5]
	(No symbol) [0x00007FF652689DCF]
	(No symbol) [0x00007FF6526CE027]
	(No symbol) [0x00007FF6526CD3BA]
	(No symbol) [0x00007FF6526C5B03]
	(No symbol) [0x00007FF6526973B8]
	(No symbol) [0x00007FF65269638E]
	(No symbol) [0x00007FF652697AE4]
	Microsoft::Applications::Events::EventProperty::EventProperty [0x00007FF6528FFDF8+119000]
	Microsoft::Applications::Events::EventProperty::EventProperty [0x00007FF6528ED4D6+42934]
	Microsoft::Applications::Events::EventProperty::EventProperty [0x00007FF6528F06EC+55756]
	(No symbol) [0x00007FF652767923]
	Microsoft::Applications::Events::EventProperty::EventProperty [0x00007FF6529B841A+874234]
	Microsoft::Applications::Events::EventProperty::EventProperty [0x00007FF6529BD514+894964]
	Microsoft::Applications::Events::EventProperty::EventProperty [0x00007FF6529BD66C+895308]
	Microsoft::Applications::Events::EventProperty::EventProperty [0x00007FF6529C678E+932462]
	BaseThreadInitThunk [0x00007FFAFC86244D+29]
	RtlUserThreadStart [0x00007FFAFE06DFB8+40]

	at org.openqa.selenium.remote.W3CHandshakeResponse.lambda$errorHandler$0(W3CHandshakeResponse.java:62)
	at org.openqa.selenium.remote.HandshakeResponse.lambda$getResponseFunction$0(HandshakeResponse.java:30)
	at org.openqa.selenium.remote.ProtocolHandshake.lambda$createSession$0(ProtocolHandshake.java:126)
	at java.base/java.util.stream.ReferencePipeline$3$1.accept(ReferencePipeline.java:197)
	at java.base/java.util.Spliterators$ArraySpliterator.tryAdvance(Spliterators.java:1002)
	at java.base/java.util.stream.ReferencePipeline.forEachWithCancel(ReferencePipeline.java:129)
	at java.base/java.util.stream.AbstractPipeline.copyIntoWithCancel(AbstractPipeline.java:527)
	at java.base/java.util.stream.AbstractPipeline.copyInto(AbstractPipeline.java:513)
	at java.base/java.util.stream.AbstractPipeline.wrapAndCopyInto(AbstractPipeline.java:499)
	at java.base/java.util.stream.FindOps$FindOp.evaluateSequential(FindOps.java:150)
	at java.base/java.util.stream.AbstractPipeline.evaluate(AbstractPipeline.java:234)
	at java.base/java.util.stream.ReferencePipeline.findFirst(ReferencePipeline.java:647)
	at org.openqa.selenium.remote.ProtocolHandshake.createSession(ProtocolHandshake.java:128)
	at org.openqa.selenium.remote.ProtocolHandshake.createSession(ProtocolHandshake.java:74)
	at org.openqa.selenium.remote.HttpCommandExecutor.execute(HttpCommandExecutor.java:136)
	at org.openqa.selenium.remote.service.DriverCommandExecutor.execute(DriverCommandExecutor.java:83)
	at org.openqa.selenium.remote.RemoteWebDriver.execute(RemoteWebDriver.java:552)
	at org.openqa.selenium.remote.RemoteWebDriver.startSession(RemoteWebDriver.java:213)
	at org.openqa.selenium.remote.RemoteWebDriver.&lt;init&gt;(RemoteWebDriver.java:131)
	at org.openqa.selenium.edge.EdgeDriver.&lt;init&gt;(EdgeDriver.java:141)
	at org.openqa.selenium.edge.EdgeDriver.&lt;init&gt;(EdgeDriver.java:96)
	at basepackage.BaseTest.initiate(BaseTest.java:66)
	at testpackage.LoginPageTest.preTest(LoginPageTest.java:21)
... Removed 39 stack frames
</div> <!-- stack-trace -->
                </div> <!-- method-content -->
              </div> <!-- method -->
            </div> <!-- main-panel-content rounded-window-bottom -->
          </div> <!-- suite-Command_line_suite-class-skipped -->
        </div> <!-- panel Command_line_suite -->
        <div panel-name="test-xml-Command_line_suite" class="panel">
          <div class="main-panel-header rounded-window-top">
          </div> <!-- main-panel-header rounded-window-top -->
          <div class="main-panel-content rounded-window-bottom">
            <pre>
&lt;?xml version=&quot;1.0&quot; encoding=&quot;UTF-8&quot;?&gt;
&lt;!DOCTYPE suite SYSTEM &quot;https://testng.org/testng-1.0.dtd&quot;&gt;
&lt;suite name=&quot;Command line suite&quot; verbose=&quot;0&quot;&gt;
  &lt;test thread-count=&quot;5&quot; name=&quot;Command line test&quot; verbose=&quot;0&quot;&gt;
    &lt;classes&gt;
      &lt;class name=&quot;testpackage.CheckBoxTest&quot;/&gt;
      &lt;class name=&quot;testpackage.ContextmenuTest&quot;/&gt;
      &lt;class name=&quot;testpackage.DragandDropTest&quot;/&gt;
      &lt;class name=&quot;testpackage.DynamiccontentTest&quot;/&gt;
      &lt;class name=&quot;testpackage.DynamicLoadingTest&quot;/&gt;
      &lt;class name=&quot;testpackage.JSAlertTest&quot;/&gt;
      &lt;class name=&quot;testpackage.LoginPageTest&quot;/&gt;
      &lt;class name=&quot;testpackage.MousHoverTest&quot;/&gt;
      &lt;class name=&quot;testpackage.NewTabTest&quot;/&gt;
      &lt;class name=&quot;testpackage.NotificationTest&quot;/&gt;
    &lt;/classes&gt;
  &lt;/test&gt; &lt;!-- Command line test --&gt;
&lt;/suite&gt; &lt;!-- Command line suite --&gt;
            </pre>
          </div> <!-- main-panel-content rounded-window-bottom -->
        </div> <!-- panel -->
        <div panel-name="testlist-Command_line_suite" class="panel">
          <div class="main-panel-header rounded-window-top">
            <span class="header-content">Tests for Command line suite</span>
          </div> <!-- main-panel-header rounded-window-top -->
          <div class="main-panel-content rounded-window-bottom">
            <ul>
              <li>
                <span class="test-name">Command line test (10 classes)</span>
              </li>
            </ul>
          </div> <!-- main-panel-content rounded-window-bottom -->
        </div> <!-- panel -->
        <div panel-name="group-Command_line_suite" class="panel">
          <div class="main-panel-header rounded-window-top">
            <span class="header-content">Groups for Command line suite</span>
          </div> <!-- main-panel-header rounded-window-top -->
          <div class="main-panel-content rounded-window-bottom">
          </div> <!-- main-panel-content rounded-window-bottom -->
        </div> <!-- panel -->
        <div panel-name="times-Command_line_suite" class="panel">
          <div class="main-panel-header rounded-window-top">
            <span class="header-content">Times for Command line suite</span>
          </div> <!-- main-panel-header rounded-window-top -->
          <div class="main-panel-content rounded-window-bottom">
            <div class="times-div">
              <script type="text/javascript">
suiteTableInitFunctions.push('tableData_Command_line_suite');
function tableData_Command_line_suite() {
var data = new google.visualization.DataTable();
data.addColumn('number', 'Number');
data.addColumn('string', 'Method');
data.addColumn('string', 'Class');
data.addColumn('number', 'Time (ms)');
data.addRows(17);
data.setCell(0, 0, 0)
data.setCell(0, 1, 'UncheckedCheckBoxtest')
data.setCell(0, 2, 'testpackage.CheckBoxTest')
data.setCell(0, 3, 0);
data.setCell(1, 0, 1)
data.setCell(1, 1, 'Dynamiccontent1test')
data.setCell(1, 2, 'testpackage.DynamiccontentTest')
data.setCell(1, 3, 0);
data.setCell(2, 0, 2)
data.setCell(2, 1, 'alerttest')
data.setCell(2, 2, 'testpackage.ContextmenuTest')
data.setCell(2, 3, 0);
data.setCell(3, 0, 3)
data.setCell(3, 1, 'startbuttontest')
data.setCell(3, 2, 'testpackage.DynamicLoadingTest')
data.setCell(3, 3, 0);
data.setCell(4, 0, 4)
data.setCell(4, 1, 'jsalerttest')
data.setCell(4, 2, 'testpackage.JSAlertTest')
data.setCell(4, 3, 0);
data.setCell(5, 0, 5)
data.setCell(5, 1, 'failloginbuttontest')
data.setCell(5, 2, 'testpackage.LoginPageTest')
data.setCell(5, 3, 0);
data.setCell(6, 0, 6)
data.setCell(6, 1, 'DragtestforB')
data.setCell(6, 2, 'testpackage.DragandDropTest')
data.setCell(6, 3, 0);
data.setCell(7, 0, 7)
data.setCell(7, 1, 'jsconfirmtest')
data.setCell(7, 2, 'testpackage.JSAlertTest')
data.setCell(7, 3, 0);
data.setCell(8, 0, 8)
data.setCell(8, 1, 'loginbuttontest')
data.setCell(8, 2, 'testpackage.LoginPageTest')
data.setCell(8, 3, 0);
data.setCell(9, 0, 9)
data.setCell(9, 1, 'tabtest')
data.setCell(9, 2, 'testpackage.NewTabTest')
data.setCell(9, 3, 0);
data.setCell(10, 0, 10)
data.setCell(10, 1, 'Dynamiccontent2test')
data.setCell(10, 2, 'testpackage.DynamiccontentTest')
data.setCell(10, 3, 0);
data.setCell(11, 0, 11)
data.setCell(11, 1, 'CheckedCheckBoxtest')
data.setCell(11, 2, 'testpackage.CheckBoxTest')
data.setCell(11, 3, 0);
data.setCell(12, 0, 12)
data.setCell(12, 1, 'DragtestforA')
data.setCell(12, 2, 'testpackage.DragandDropTest')
data.setCell(12, 3, 0);
data.setCell(13, 0, 13)
data.setCell(13, 1, 'notificationtest')
data.setCell(13, 2, 'testpackage.NotificationTest')
data.setCell(13, 3, 0);
data.setCell(14, 0, 14)
data.setCell(14, 1, 'Dynamiccontent3test')
data.setCell(14, 2, 'testpackage.DynamiccontentTest')
data.setCell(14, 3, 0);
data.setCell(15, 0, 15)
data.setCell(15, 1, 'jsprompttest')
data.setCell(15, 2, 'testpackage.JSAlertTest')
data.setCell(15, 3, 0);
data.setCell(16, 0, 16)
data.setCell(16, 1, 'img1test')
data.setCell(16, 2, 'testpackage.MousHoverTest')
data.setCell(16, 3, 0);
window.suiteTableData['Command_line_suite']= { tableData: data, tableDiv: 'times-div-Command_line_suite'}
return data;
}
              </script>
              <span class="suite-total-time">Total running time: 0 ms</span>
              <div id="times-div-Command_line_suite">
              </div> <!-- times-div-Command_line_suite -->
            </div> <!-- times-div -->
          </div> <!-- main-panel-content rounded-window-bottom -->
        </div> <!-- panel -->
        <div panel-name="reporter-Command_line_suite" class="panel">
          <div class="main-panel-header rounded-window-top">
            <span class="header-content">Reporter output for Command line suite</span>
          </div> <!-- main-panel-header rounded-window-top -->
          <div class="main-panel-content rounded-window-bottom">
          </div> <!-- main-panel-content rounded-window-bottom -->
        </div> <!-- panel -->
        <div panel-name="ignored-methods-Command_line_suite" class="panel">
          <div class="main-panel-header rounded-window-top">
            <span class="header-content">0 ignored methods</span>
          </div> <!-- main-panel-header rounded-window-top -->
          <div class="main-panel-content rounded-window-bottom">
          </div> <!-- main-panel-content rounded-window-bottom -->
        </div> <!-- panel -->
        <div panel-name="chronological-Command_line_suite" class="panel">
          <div class="main-panel-header rounded-window-top">
            <span class="header-content">Methods in chronological order</span>
          </div> <!-- main-panel-header rounded-window-top -->
          <div class="main-panel-content rounded-window-bottom">
            <div class="chronological-class">
              <div class="chronological-class-name">testpackage.LoginPageTest</div> <!-- chronological-class-name -->
              <div class="configuration-test before">
                <img src="failed.png">
                </img>
                <span class="method-name">preTest</span>
                <span class="method-start">0 ms</span>
              </div> <!-- configuration-test before -->
            </div> <!-- chronological-class -->
            <div class="chronological-class">
              <div class="chronological-class-name">testpackage.CheckBoxTest</div> <!-- chronological-class-name -->
              <div class="configuration-method before">
                <span class="method-name">StartSignInTest</span>
                <span class="method-start">5255 ms</span>
              </div> <!-- configuration-method before -->
              <div class="test-method">
                <span class="method-name">UncheckedCheckBoxtest</span>
                <span class="method-start">5256 ms</span>
              </div> <!-- test-method -->
              <div class="configuration-method before">
                <span class="method-name">StartSignInTest</span>
                <span class="method-start">5256 ms</span>
              </div> <!-- configuration-method before -->
              <div class="test-method">
                <span class="method-name">CheckedCheckBoxtest</span>
                <span class="method-start">5256 ms</span>
              </div> <!-- test-method -->
            </div> <!-- chronological-class -->
            <div class="chronological-class">
              <div class="chronological-class-name">testpackage.ContextmenuTest</div> <!-- chronological-class-name -->
              <div class="test-method">
                <span class="method-name">alerttest</span>
                <span class="method-start">5259 ms</span>
              </div> <!-- test-method -->
              <div class="configuration-method before">
                <span class="method-name">StartSignInTest</span>
                <span class="method-start">5259 ms</span>
              </div> <!-- configuration-method before -->
            </div> <!-- chronological-class -->
            <div class="chronological-class">
              <div class="chronological-class-name">testpackage.DragandDropTest</div> <!-- chronological-class-name -->
              <div class="configuration-method before">
                <span class="method-name">StartSignInTest</span>
                <span class="method-start">5262 ms</span>
              </div> <!-- configuration-method before -->
              <div class="test-method">
                <span class="method-name">DragtestforA</span>
                <span class="method-start">5262 ms</span>
              </div> <!-- test-method -->
              <div class="test-method">
                <span class="method-name">DragtestforB</span>
                <span class="method-start">5264 ms</span>
              </div> <!-- test-method -->
              <div class="configuration-method before">
                <span class="method-name">StartSignInTest</span>
                <span class="method-start">5264 ms</span>
              </div> <!-- configuration-method before -->
            </div> <!-- chronological-class -->
            <div class="chronological-class">
              <div class="chronological-class-name">testpackage.DynamiccontentTest</div> <!-- chronological-class-name -->
              <div class="configuration-method before">
                <span class="method-name">StartSignInTest</span>
                <span class="method-start">5265 ms</span>
              </div> <!-- configuration-method before -->
              <div class="test-method">
                <span class="method-name">Dynamiccontent1test</span>
                <span class="method-start">5265 ms</span>
              </div> <!-- test-method -->
              <div class="test-method">
                <span class="method-name">Dynamiccontent2test</span>
                <span class="method-start">5265 ms</span>
              </div> <!-- test-method -->
              <div class="configuration-method before">
                <span class="method-name">StartSignInTest</span>
                <span class="method-start">5265 ms</span>
              </div> <!-- configuration-method before -->
              <div class="test-method">
                <span class="method-name">Dynamiccontent3test</span>
                <span class="method-start">5266 ms</span>
              </div> <!-- test-method -->
              <div class="configuration-method before">
                <span class="method-name">StartSignInTest</span>
                <span class="method-start">5266 ms</span>
              </div> <!-- configuration-method before -->
            </div> <!-- chronological-class -->
            <div class="chronological-class">
              <div class="chronological-class-name">testpackage.DynamicLoadingTest</div> <!-- chronological-class-name -->
              <div class="test-method">
                <span class="method-name">startbuttontest</span>
                <span class="method-start">5268 ms</span>
              </div> <!-- test-method -->
              <div class="configuration-method before">
                <span class="method-name">StartSignInTest</span>
                <span class="method-start">5268 ms</span>
              </div> <!-- configuration-method before -->
            </div> <!-- chronological-class -->
            <div class="chronological-class">
              <div class="chronological-class-name">testpackage.JSAlertTest</div> <!-- chronological-class-name -->
              <div class="configuration-method before">
                <span class="method-name">StartSignInTest</span>
                <span class="method-start">5270 ms</span>
              </div> <!-- configuration-method before -->
              <div class="configuration-method before">
                <span class="method-name">StartSignInTest</span>
                <span class="method-start">5270 ms</span>
              </div> <!-- configuration-method before -->
              <div class="test-method">
                <span class="method-name">jsalerttest</span>
                <span class="method-start">5270 ms</span>
              </div> <!-- test-method -->
              <div class="test-method">
                <span class="method-name">jsconfirmtest</span>
                <span class="method-start">5271 ms</span>
              </div> <!-- test-method -->
              <div class="test-method">
                <span class="method-name">jsprompttest</span>
                <span class="method-start">5271 ms</span>
              </div> <!-- test-method -->
              <div class="configuration-method before">
                <span class="method-name">StartSignInTest</span>
                <span class="method-start">5271 ms</span>
              </div> <!-- configuration-method before -->
            </div> <!-- chronological-class -->
            <div class="chronological-class">
              <div class="chronological-class-name">testpackage.LoginPageTest</div> <!-- chronological-class-name -->
              <div class="test-method">
                <span class="method-name">failloginbuttontest</span>
                <span class="method-start">5273 ms</span>
              </div> <!-- test-method -->
              <div class="configuration-method before">
                <span class="method-name">StartSignInTest</span>
                <span class="method-start">5273 ms</span>
              </div> <!-- configuration-method before -->
              <div class="test-method">
                <span class="method-name">loginbuttontest</span>
                <span class="method-start">5273 ms</span>
              </div> <!-- test-method -->
              <div class="configuration-method before">
                <span class="method-name">StartSignInTest</span>
                <span class="method-start">5273 ms</span>
              </div> <!-- configuration-method before -->
            </div> <!-- chronological-class -->
            <div class="chronological-class">
              <div class="chronological-class-name">testpackage.MousHoverTest</div> <!-- chronological-class-name -->
              <div class="test-method">
                <span class="method-name">img1test</span>
                <span class="method-start">5273 ms</span>
              </div> <!-- test-method -->
              <div class="configuration-method before">
                <span class="method-name">StartSignInTest</span>
                <span class="method-start">5273 ms</span>
              </div> <!-- configuration-method before -->
            </div> <!-- chronological-class -->
            <div class="chronological-class">
              <div class="chronological-class-name">testpackage.NotificationTest</div> <!-- chronological-class-name -->
              <div class="test-method">
                <span class="method-name">notificationtest</span>
                <span class="method-start">5276 ms</span>
              </div> <!-- test-method -->
              <div class="configuration-method before">
                <span class="method-name">StartSignInTest</span>
                <span class="method-start">5276 ms</span>
              </div> <!-- configuration-method before -->
            </div> <!-- chronological-class -->
            <div class="chronological-class">
              <div class="chronological-class-name">testpackage.LoginPageTest</div> <!-- chronological-class-name -->
              <div class="configuration-test after">
                <span class="method-name">EndSignInTest</span>
                <span class="method-start">5276 ms</span>
              </div> <!-- configuration-test after -->
            </div> <!-- chronological-class -->
            <div class="chronological-class">
              <div class="chronological-class-name">testpackage.NewTabTest</div> <!-- chronological-class-name -->
              <div class="test-method">
                <span class="method-name">tabtest</span>
                <span class="method-start">5276 ms</span>
              </div> <!-- test-method -->
              <div class="configuration-method before">
                <span class="method-name">StartSignInTest</span>
                <span class="method-start">5276 ms</span>
              </div> <!-- configuration-method before -->
          </div> <!-- main-panel-content rounded-window-bottom -->
        </div> <!-- panel -->
      </div> <!-- main-panel-root -->
    </div> <!-- wrapper -->
  </body>
<script type="text/javascript" src="testng-reports2.js"></script>
</html>
