<?xml version="1.0" encoding="UTF-8" ?>
<testsuite tests="36" failures="1" name="TestSuite" time="28.408" errors="0" skipped="35">
  <properties>
    <property name="java.runtime.name" value="Java(TM) SE Runtime Environment"/>
    <property name="java.vm.version" value="17.0.3.1+2-LTS-6"/>
    <property name="sun.boot.library.path" value="C:\Program Files\Java\jdk-17.0.3.1\bin"/>
    <property name="maven.multiModuleProjectDirectory" value="C:\Users\shiva\eclipse-workspace\Internet"/>
    <property name="java.vm.vendor" value="Oracle Corporation"/>
    <property name="java.vendor.url" value="https://java.oracle.com/"/>
    <property name="guice.disable.misplaced.annotation.check" value="true"/>
    <property name="path.separator" value=";"/>
    <property name="java.vm.name" value="Java HotSpot(TM) 64-Bit Server VM"/>
    <property name="sun.os.patch.level" value=""/>
    <property name="user.script" value=""/>
    <property name="user.country" value="IN"/>
    <property name="sun.java.launcher" value="SUN_STANDARD"/>
    <property name="java.vm.specification.name" value="Java Virtual Machine Specification"/>
    <property name="user.dir" value="C:\Users\shiva\eclipse-workspace\Internet"/>
    <property name="java.vm.compressedOopsMode" value="32-bit"/>
    <property name="java.runtime.version" value="17.0.3.1+2-LTS-6"/>
    <property name="os.arch" value="amd64"/>
    <property name="java.io.tmpdir" value="C:\Users\shiva\AppData\Local\Temp\"/>
    <property name="line.separator" value="
"/>
    <property name="java.vm.specification.vendor" value="Oracle Corporation"/>
    <property name="user.variant" value=""/>
    <property name="os.name" value="Windows 11"/>
    <property name="classworlds.conf" value="C:\Program Files\apache-maven-3.8.6\bin\m2.conf"/>
    <property name="sun.jnu.encoding" value="Cp1252"/>
    <property name="java.library.path" value="C:\Program Files\Java\jdk-17.0.3.1\bin;C:\WINDOWS\Sun\Java\bin;C:\WINDOWS\system32;C:\WINDOWS;C:\Program Files\Common Files\Oracle\Java\javapath;C:\Program Files (x86)\VMware\VMware Player\bin\;C:\Windows\system32;C:\Windows;C:\Windows\System32\Wbem;C:\Windows\System32\WindowsPowerShell\v1.0\;C:\Windows\System32\OpenSSH\;C:\Program Files\NVIDIA Corporation\NVIDIA NGX;C:\Program Files\NVIDIA Corporation\NVIDIA NvDLISR;C:\Program Files (x86)\Windows Kits\8.1\Windows Performance Toolkit\;C:\Program Files\Polyspace\R2019a\bin;C:\WINDOWS\system32;C:\WINDOWS;C:\WINDOWS\System32\Wbem;C:\WINDOWS\System32\WindowsPowerShell\v1.0\;C:\WINDOWS\System32\OpenSSH\;C:\Program Files\Microsoft SQL Server\Client SDK\ODBC\110\Tools\Binn\;C:\Program Files (x86)\Microsoft SQL Server\120\Tools\Binn\;C:\Program Files\Microsoft SQL Server\120\Tools\Binn\;C:\Program Files\Microsoft SQL Server\120\DTS\Binn\;C:\Program Files\Git\cmd;C:\Program Files (x86)\Microsoft SQL Server\120\Tools\Binn\ManagementStudio\;C:\Program Files (x86)\Microsoft SQL Server\120\DTS\Binn\;C:\Program Files\Java\jdk-17.0.3.1\bin;C:\Program Files (x86)\dotnet\;C:\Users\shiva\AppData\Local\Android\Sdk\platform-tools;C:\Users\shiva\AppData\Local\Android\Sdk\build-tools;C:\Users\shiva\AppData\Local\Android\Sdk\tools;C:\Program Files\Android\Android Studio\bin;C:\Program Files\Docker\Docker\resources\bin;C:\ProgramData\DockerDesktop\version-bin;S:\Kubectl;C:\Program Files\Kubernetes\Minikube;C:\WINDOWS\system32;C:\WINDOWS;C:\WINDOWS\System32\Wbem;C:\WINDOWS\System32\WindowsPowerShell\v1.0\;C:\WINDOWS\System32\OpenSSH\;C:\Program Files\apache-maven-3.8.6\bin;C:\Users\shiva\AppData\Local\GitHubDesktop\bin;C:\Users\shiva\AppData\Local\Programs\Python\Python310\;C:\Users\shiva\AppData\Local\Programs\Python\Python310\Scripts\;C:\Users\shiva\AppData\Local\Microsoft\WindowsApps;;."/>
    <property name="maven.conf" value="C:\Program Files\apache-maven-3.8.6/conf"/>
    <property name="jdk.debug" value="release"/>
    <property name="java.class.version" value="61.0"/>
    <property name="java.specification.name" value="Java Platform API Specification"/>
    <property name="sun.management.compiler" value="HotSpot 64-Bit Tiered Compilers"/>
    <property name="os.version" value="10.0"/>
    <property name="library.jansi.path" value="C:\Program Files\apache-maven-3.8.6\lib\jansi-native"/>
    <property name="user.home" value="C:\Users\shiva"/>
    <property name="user.timezone" value="America/New_York"/>
    <property name="file.encoding" value="Cp1252"/>
    <property name="java.specification.version" value="17"/>
    <property name="user.name" value="shiva"/>
    <property name="java.class.path" value="C:\Program Files\apache-maven-3.8.6\boot\plexus-classworlds-2.6.0.jar"/>
    <property name="java.vm.specification.version" value="17"/>
    <property name="sun.arch.data.model" value="64"/>
    <property name="sun.java.command" value="org.codehaus.plexus.classworlds.launcher.Launcher clean test"/>
    <property name="java.home" value="C:\Program Files\Java\jdk-17.0.3.1"/>
    <property name="user.language" value="en"/>
    <property name="java.specification.vendor" value="Oracle Corporation"/>
    <property name="java.vm.info" value="mixed mode, sharing"/>
    <property name="java.version" value="17.0.3.1"/>
    <property name="native.encoding" value="Cp1252"/>
    <property name="java.vendor" value="Oracle Corporation"/>
    <property name="sun.stderr.encoding" value="cp437"/>
    <property name="maven.home" value="C:\Program Files\apache-maven-3.8.6"/>
    <property name="file.separator" value="\"/>
    <property name="java.version.date" value="2022-04-22"/>
    <property name="java.vendor.url.bug" value="https://bugreport.java.com/bugreport/"/>
    <property name="sun.io.unicode.encoding" value="UnicodeLittle"/>
    <property name="sun.cpu.endian" value="little"/>
    <property name="sun.stdout.encoding" value="cp437"/>
    <property name="sun.cpu.isalist" value="amd64"/>
  </properties>
  <testcase classname="testpackage.LoginPageTest" name="preTest" time="14.18">
    <failure message="unknown error: Microsoft Edge failed to start: exited normally.
  (unknown error: DevToolsActivePort file doesn&apos;t exist)
  (The process started from msedge location C:\Program Files (x86)\Microsoft\Edge\Application\msedge.exe is no longer running, so msedgedriver is assuming that msedge has crashed.)
Build info: version: &apos;3.141.59&apos;, revision: &apos;e82be7d358&apos;, time: &apos;2018-11-14T08:17:03&apos;
System info: host: &apos;LAPTOP-MVNUQ4K1&apos;, ip: &apos;192.168.48.1&apos;, os.name: &apos;Windows 11&apos;, os.arch: &apos;amd64&apos;, os.version: &apos;10.0&apos;, java.version: &apos;17.0.3.1&apos;
Driver info: driver.version: EdgeDriver
remote stacktrace: Backtrace:
	Microsoft::Applications::Events::EventProperties::SetProperty [0x00007FF652A291A2+14306]
	Microsoft::Applications::Events::EventProperty::EventProperty [0x00007FF6529B0962+842818]
	(No symbol) [0x00007FF652661D90]
	(No symbol) [0x00007FF65268EEC5]
	(No symbol) [0x00007FF652689DCF]
	(No symbol) [0x00007FF6526CE027]
	(No symbol) [0x00007FF6526CD3BA]
	(No symbol) [0x00007FF6526C5B03]
	(No symbol) [0x00007FF6526973B8]
	(No symbol) [0x00007FF65269638E]
	(No symbol) [0x00007FF652697AE4]
	Microsoft::Applications::Events::EventProperty::EventProperty [0x00007FF6528FFDF8+119000]
	Microsoft::Applications::Events::EventProperty::EventProperty [0x00007FF6528ED4D6+42934]
	Microsoft::Applications::Events::EventProperty::EventProperty [0x00007FF6528F06EC+55756]
	(No symbol) [0x00007FF652767923]
	Microsoft::Applications::Events::EventProperty::EventProperty [0x00007FF6529B841A+874234]
	Microsoft::Applications::Events::EventProperty::EventProperty [0x00007FF6529BD514+894964]
	Microsoft::Applications::Events::EventProperty::EventProperty [0x00007FF6529BD66C+895308]
	Microsoft::Applications::Events::EventProperty::EventProperty [0x00007FF6529C678E+932462]
	BaseThreadInitThunk [0x00007FFAFC86244D+29]
	RtlUserThreadStart [0x00007FFAFE06DFB8+40]
" type="org.openqa.selenium.WebDriverException">org.openqa.selenium.WebDriverException: unknown error: Microsoft Edge failed to start: exited normally.
  (unknown error: DevToolsActivePort file doesn&apos;t exist)
  (The process started from msedge location C:\Program Files (x86)\Microsoft\Edge\Application\msedge.exe is no longer running, so msedgedriver is assuming that msedge has crashed.)
Build info: version: &apos;3.141.59&apos;, revision: &apos;e82be7d358&apos;, time: &apos;2018-11-14T08:17:03&apos;
System info: host: &apos;LAPTOP-MVNUQ4K1&apos;, ip: &apos;192.168.48.1&apos;, os.name: &apos;Windows 11&apos;, os.arch: &apos;amd64&apos;, os.version: &apos;10.0&apos;, java.version: &apos;17.0.3.1&apos;
Driver info: driver.version: EdgeDriver
remote stacktrace: Backtrace:
	Microsoft::Applications::Events::EventProperties::SetProperty [0x00007FF652A291A2+14306]
	Microsoft::Applications::Events::EventProperty::EventProperty [0x00007FF6529B0962+842818]
	(No symbol) [0x00007FF652661D90]
	(No symbol) [0x00007FF65268EEC5]
	(No symbol) [0x00007FF652689DCF]
	(No symbol) [0x00007FF6526CE027]
	(No symbol) [0x00007FF6526CD3BA]
	(No symbol) [0x00007FF6526C5B03]
	(No symbol) [0x00007FF6526973B8]
	(No symbol) [0x00007FF65269638E]
	(No symbol) [0x00007FF652697AE4]
	Microsoft::Applications::Events::EventProperty::EventProperty [0x00007FF6528FFDF8+119000]
	Microsoft::Applications::Events::EventProperty::EventProperty [0x00007FF6528ED4D6+42934]
	Microsoft::Applications::Events::EventProperty::EventProperty [0x00007FF6528F06EC+55756]
	(No symbol) [0x00007FF652767923]
	Microsoft::Applications::Events::EventProperty::EventProperty [0x00007FF6529B841A+874234]
	Microsoft::Applications::Events::EventProperty::EventProperty [0x00007FF6529BD514+894964]
	Microsoft::Applications::Events::EventProperty::EventProperty [0x00007FF6529BD66C+895308]
	Microsoft::Applications::Events::EventProperty::EventProperty [0x00007FF6529C678E+932462]
	BaseThreadInitThunk [0x00007FFAFC86244D+29]
	RtlUserThreadStart [0x00007FFAFE06DFB8+40]

	at java.base/jdk.internal.reflect.NativeConstructorAccessorImpl.newInstance0(Native Method)
	at java.base/jdk.internal.reflect.NativeConstructorAccessorImpl.newInstance(NativeConstructorAccessorImpl.java:77)
	at java.base/jdk.internal.reflect.DelegatingConstructorAccessorImpl.newInstance(DelegatingConstructorAccessorImpl.java:45)
	at java.base/java.lang.reflect.Constructor.newInstanceWithCaller(Constructor.java:499)
	at java.base/java.lang.reflect.Constructor.newInstance(Constructor.java:480)
	at org.openqa.selenium.remote.W3CHandshakeResponse.lambda$errorHandler$0(W3CHandshakeResponse.java:62)
	at org.openqa.selenium.remote.HandshakeResponse.lambda$getResponseFunction$0(HandshakeResponse.java:30)
	at org.openqa.selenium.remote.ProtocolHandshake.lambda$createSession$0(ProtocolHandshake.java:126)
	at java.base/java.util.stream.ReferencePipeline$3$1.accept(ReferencePipeline.java:197)
	at java.base/java.util.Spliterators$ArraySpliterator.tryAdvance(Spliterators.java:1002)
	at java.base/java.util.stream.ReferencePipeline.forEachWithCancel(ReferencePipeline.java:129)
	at java.base/java.util.stream.AbstractPipeline.copyIntoWithCancel(AbstractPipeline.java:527)
	at java.base/java.util.stream.AbstractPipeline.copyInto(AbstractPipeline.java:513)
	at java.base/java.util.stream.AbstractPipeline.wrapAndCopyInto(AbstractPipeline.java:499)
	at java.base/java.util.stream.FindOps$FindOp.evaluateSequential(FindOps.java:150)
	at java.base/java.util.stream.AbstractPipeline.evaluate(AbstractPipeline.java:234)
	at java.base/java.util.stream.ReferencePipeline.findFirst(ReferencePipeline.java:647)
	at org.openqa.selenium.remote.ProtocolHandshake.createSession(ProtocolHandshake.java:128)
	at org.openqa.selenium.remote.ProtocolHandshake.createSession(ProtocolHandshake.java:74)
	at org.openqa.selenium.remote.HttpCommandExecutor.execute(HttpCommandExecutor.java:136)
	at org.openqa.selenium.remote.service.DriverCommandExecutor.execute(DriverCommandExecutor.java:83)
	at org.openqa.selenium.remote.RemoteWebDriver.execute(RemoteWebDriver.java:552)
	at org.openqa.selenium.remote.RemoteWebDriver.startSession(RemoteWebDriver.java:213)
	at org.openqa.selenium.remote.RemoteWebDriver.&lt;init&gt;(RemoteWebDriver.java:131)
	at org.openqa.selenium.edge.EdgeDriver.&lt;init&gt;(EdgeDriver.java:141)
	at org.openqa.selenium.edge.EdgeDriver.&lt;init&gt;(EdgeDriver.java:96)
	at basepackage.BaseTest.initiate(BaseTest.java:66)
	at testpackage.LoginPageTest.preTest(LoginPageTest.java:21)
</failure>
    <system-out>Configuring TestNG with: org.apache.maven.surefire.testng.conf.TestNG652Configurator@6fb554cc
</system-out>
    <system-err>SLF4J: Failed to load class &quot;org.slf4j.impl.StaticLoggerBinder&quot;.
SLF4J: Defaulting to no-operation (NOP) logger implementation
SLF4J: See http://www.slf4j.org/codes.html#StaticLoggerBinder for further details.
Starting Microsoft Edge WebDriver 108.0.1462.42 (952d9dd5b065f1e61de6c70a9d6a816f3a2ee61e) on port 60956
To submit feedback, report a bug, or suggest new features, please visit https://github.com/MicrosoftEdge/EdgeWebDriver

Only local connections are allowed.
Please see https://aka.ms/WebDriverSecurity for suggestions on keeping Microsoft Edge WebDriver safe.

Microsoft Edge WebDriver was started successfully.
</system-err>
  </testcase>
  <testcase classname="testpackage.CheckBoxTest" name="StartSignInTest" time="14.216">
    <skipped/>
  </testcase>
  <testcase classname="testpackage.CheckBoxTest" name="CheckedCheckBoxtest" time="0">
    <skipped/>
  </testcase>
  <testcase classname="testpackage.CheckBoxTest" name="StartSignInTest" time="0">
    <skipped/>
  </testcase>
  <testcase classname="testpackage.CheckBoxTest" name="UncheckedCheckBoxtest" time="0">
    <skipped/>
  </testcase>
  <testcase classname="testpackage.ContextmenuTest" name="StartSignInTest" time="0">
    <skipped/>
  </testcase>
  <testcase classname="testpackage.ContextmenuTest" name="alerttest" time="0">
    <skipped/>
  </testcase>
  <testcase classname="testpackage.DragandDropTest" name="StartSignInTest" time="0">
    <skipped/>
  </testcase>
  <testcase classname="testpackage.DragandDropTest" name="DragtestforA" time="0">
    <skipped/>
  </testcase>
  <testcase classname="testpackage.DragandDropTest" name="StartSignInTest" time="0">
    <skipped/>
  </testcase>
  <testcase classname="testpackage.DragandDropTest" name="DragtestforB" time="0">
    <skipped/>
  </testcase>
  <testcase classname="testpackage.DynamiccontentTest" name="StartSignInTest" time="0.001">
    <skipped/>
  </testcase>
  <testcase classname="testpackage.DynamiccontentTest" name="Dynamiccontent1test" time="0">
    <skipped/>
  </testcase>
  <testcase classname="testpackage.DynamiccontentTest" name="StartSignInTest" time="0.001">
    <skipped/>
  </testcase>
  <testcase classname="testpackage.DynamiccontentTest" name="Dynamiccontent2test" time="0">
    <skipped/>
  </testcase>
  <testcase classname="testpackage.DynamiccontentTest" name="StartSignInTest" time="0">
    <skipped/>
  </testcase>
  <testcase classname="testpackage.DynamiccontentTest" name="Dynamiccontent3test" time="0">
    <skipped/>
  </testcase>
  <testcase classname="testpackage.DynamicLoadingTest" name="StartSignInTest" time="0.002">
    <skipped/>
  </testcase>
  <testcase classname="testpackage.DynamicLoadingTest" name="startbuttontest" time="0">
    <skipped/>
  </testcase>
  <testcase classname="testpackage.JSAlertTest" name="StartSignInTest" time="0.002">
    <skipped/>
  </testcase>
  <testcase classname="testpackage.JSAlertTest" name="jsalerttest" time="0">
    <skipped/>
  </testcase>
  <testcase classname="testpackage.JSAlertTest" name="StartSignInTest" time="0.001">
    <skipped/>
  </testcase>
  <testcase classname="testpackage.JSAlertTest" name="jsconfirmtest" time="0">
    <skipped/>
  </testcase>
  <testcase classname="testpackage.JSAlertTest" name="StartSignInTest" time="0">
    <skipped/>
  </testcase>
  <testcase classname="testpackage.JSAlertTest" name="jsprompttest" time="0">
    <skipped/>
  </testcase>
  <testcase classname="testpackage.LoginPageTest" name="StartSignInTest" time="0">
    <skipped/>
  </testcase>
  <testcase classname="testpackage.LoginPageTest" name="failloginbuttontest" time="0">
    <skipped/>
  </testcase>
  <testcase classname="testpackage.LoginPageTest" name="StartSignInTest" time="0">
    <skipped/>
  </testcase>
  <testcase classname="testpackage.LoginPageTest" name="loginbuttontest" time="0">
    <skipped/>
  </testcase>
  <testcase classname="testpackage.MousHoverTest" name="StartSignInTest" time="0">
    <skipped/>
  </testcase>
  <testcase classname="testpackage.MousHoverTest" name="img1test" time="0">
    <skipped/>
  </testcase>
  <testcase classname="testpackage.NewTabTest" name="StartSignInTest" time="0.003">
    <skipped/>
  </testcase>
  <testcase classname="testpackage.NewTabTest" name="tabtest" time="0">
    <skipped/>
  </testcase>
  <testcase classname="testpackage.NotificationTest" name="StartSignInTest" time="0">
    <skipped/>
  </testcase>
  <testcase classname="testpackage.NotificationTest" name="notificationtest" time="0">
    <skipped/>
  </testcase>
  <testcase classname="testpackage.LoginPageTest" name="EndSignInTest" time="0.002">
    <skipped/>
  </testcase>
</testsuite>