<!DOCTYPE html PUBLIC "-//W3C//DTD XHTML 1.1//EN" "https://www.w3.org/TR/xhtml11/DTD/xhtml11.dtd">
<html xmlns="https://www.w3.org/1999/xhtml">
<head>
<meta http-equiv="content-type" content="text/html; charset=UTF-8"/>
<title>TestNG Report</title>
<style type="text/css">table {margin-bottom:10px;border-collapse:collapse;empty-cells:show}th,td {border:1px solid #009;padding:.25em .5em}th {vertical-align:bottom}td {vertical-align:top}table a {font-weight:bold}.stripe td {background-color: #E6EBF9}.num {text-align:right}.passedodd td {background-color: #3F3}.passedeven td {background-color: #0A0}.skippedodd td {background-color: #DDD}.skippedeven td {background-color: #CCC}.failedodd td,.attn {background-color: #F33}.failedeven td,.stripe .attn {background-color: #D00}.stacktrace {white-space:pre;font-family:monospace}.totop {font-size:85%;text-align:center;border-bottom:2px solid #000}.invisible {display:none}</style>
</head>
<body>
<table>
<tr><th>Test</th><th># Passed</th><th># Skipped</th><th># Retried</th><th># Failed</th><th>Time (ms)</th><th>Included Groups</th><th>Excluded Groups</th></tr>
<tr><th colspan="8">Internet</th></tr>
<tr><td><a href="#t0">EdgeTest</a></td><td class="num">13</td><td class="num attn">1</td><td class="num">0</td><td class="num">0</td><td class="num">32,480</td><td></td><td></td></tr>
<tr class="stripe"><td><a href="#t1">RegressionTest</a></td><td class="num">13</td><td class="num attn">2</td><td class="num">0</td><td class="num">0</td><td class="num">34,143</td><td></td><td></td></tr>
<tr><th>Total</th><th class="num">26</th><th class="num attn">3</th><th class="num">0</th><th class="num">0</th><th class="num">66,623</th><th colspan="2"></th></tr>
</table>
<table id='summary'><thead><tr><th>Class</th><th>Method</th><th>Start</th><th>Time (ms)</th></tr></thead><tbody><tr><th colspan="4">Internet</th></tr></tbody><tbody id="t0"><tr><th colspan="4">EdgeTest &#8212; failed (configuration methods)</th></tr><tr class="failedeven"><td rowspan="1">testpackage.Downloadtest</td><td><a href="#m0">StartSignInTest</a></td><td rowspan="1">1671155987990</td><td rowspan="1">25</td></tr><tr><th colspan="4">EdgeTest &#8212; skipped</th></tr><tr class="skippedeven"><td rowspan="1">testpackage.Downloadtest</td><td><a href="#m1">testdownload</a></td><td rowspan="1">1671155988020</td><td rowspan="1">0</td></tr><tr><th colspan="4">EdgeTest &#8212; passed</th></tr><tr class="passedeven"><td rowspan="1">testpackage.ContextmenuTest</td><td><a href="#m2">alerttest</a></td><td rowspan="1">1671155987604</td><td rowspan="1">384</td></tr><tr class="passedodd"><td rowspan="2">testpackage.DragandDropTest</td><td><a href="#m3">DragtestforA</a></td><td rowspan="1">1671155989133</td><td rowspan="1">369</td></tr><tr class="passedodd"><td><a href="#m4">DragtestforB</a></td><td rowspan="1">1671155990643</td><td rowspan="1">2833</td></tr><tr class="passedeven"><td rowspan="2">testpackage.Dropdowntest</td><td><a href="#m5">option1test</a></td><td rowspan="1">1671155999670</td><td rowspan="1">196</td></tr><tr class="passedeven"><td><a href="#m6">option2test</a></td><td rowspan="1">1671156000973</td><td rowspan="1">157</td></tr><tr class="passedodd"><td rowspan="1">testpackage.DynamicLoadingTest</td><td><a href="#m7">startbuttontest</a></td><td rowspan="1">1671156002347</td><td rowspan="1">5502</td></tr><tr class="passedeven"><td rowspan="3">testpackage.DynamiccontentTest</td><td><a href="#m8">Dynamiccontent1test</a></td><td rowspan="1">1671155994703</td><td rowspan="1">561</td></tr><tr class="passedeven"><td><a href="#m9">Dynamiccontent2test</a></td><td rowspan="1">1671155996402</td><td rowspan="1">578</td></tr><tr class="passedeven"><td><a href="#m10">Dynamiccontent3test</a></td><td rowspan="1">1671155998078</td><td rowspan="1">493</td></tr><tr class="passedodd"><td rowspan="1">testpackage.Floatingmenutest</td><td><a href="#m11">floatinmenutest</a></td><td rowspan="1">1671156009073</td><td rowspan="1">46</td></tr><tr class="passedeven"><td rowspan="2">testpackage.LoginPageTest</td><td><a href="#m12">failloginbuttontest</a></td><td rowspan="1">1671155985908</td><td rowspan="1">568</td></tr><tr class="passedeven"><td><a href="#m13">loginbuttontest</a></td><td rowspan="1">1671155984230</td><td rowspan="1">556</td></tr><tr class="passedodd"><td rowspan="1">testpackage.iframetest</td><td><a href="#m14">Frametest</a></td><td rowspan="1">1671156010816</td><td rowspan="1">220</td></tr></tbody>
<tbody id="t1"><tr><th colspan="4">RegressionTest &#8212; failed (configuration methods)</th></tr><tr class="failedeven"><td rowspan="1">testpackage.JSAlertTest</td><td><a href="#m15">StartSignInTest</a></td><td rowspan="1">1671156015942</td><td rowspan="1">9</td></tr><tr><th colspan="4">RegressionTest &#8212; skipped (configuration methods)</th></tr><tr class="skippedeven"><td rowspan="1">testpackage.JSAlertTest</td><td><a href="#m16">StartSignInTest</a></td><td rowspan="1">1671156015958</td><td rowspan="1">0</td></tr><tr><th colspan="4">RegressionTest &#8212; skipped</th></tr><tr class="skippedeven"><td rowspan="2">testpackage.JSAlertTest</td><td><a href="#m17">jsconfirmtest</a></td><td rowspan="1">1671156015954</td><td rowspan="1">0</td></tr><tr class="skippedeven"><td><a href="#m18">jsprompttest</a></td><td rowspan="1">1671156015962</td><td rowspan="1">0</td></tr><tr><th colspan="4">RegressionTest &#8212; passed</th></tr><tr class="passedeven"><td rowspan="2">testpackage.CheckBoxTest</td><td><a href="#m19">CheckedCheckBoxtest</a></td><td rowspan="1">1671156042652</td><td rowspan="1">99</td></tr><tr class="passedeven"><td><a href="#m20">UncheckedCheckBoxtest</a></td><td rowspan="1">1671156045164</td><td rowspan="1">97</td></tr><tr class="passedodd"><td rowspan="5">testpackage.Dynamiccontroltest</td><td><a href="#m21">ACheckboxtest</a></td><td rowspan="1">1671156017235</td><td rowspan="1">3428</td></tr><tr class="passedodd"><td><a href="#m22">Enablebuttontest</a></td><td rowspan="1">1671156021848</td><td rowspan="1">3535</td></tr><tr class="passedodd"><td><a href="#m23">Removebuttontest</a></td><td rowspan="1">1671156026525</td><td rowspan="1">101</td></tr><tr class="passedodd"><td><a href="#m24">emptyelementdisabletest</a></td><td rowspan="1">1671156027740</td><td rowspan="1">125</td></tr><tr class="passedodd"><td><a href="#m25">emptyelementtest</a></td><td rowspan="1">1671156029002</td><td rowspan="1">3528</td></tr><tr class="passedeven"><td rowspan="1">testpackage.JSAlertTest</td><td><a href="#m26">jsalerttest</a></td><td rowspan="1">1671156015772</td><td rowspan="1">169</td></tr><tr class="passedodd"><td rowspan="1">testpackage.JSErrortest</td><td><a href="#m27">test</a></td><td rowspan="1">1671156035075</td><td rowspan="1">36</td></tr><tr class="passedeven"><td rowspan="1">testpackage.MousHoverTest</td><td><a href="#m28">img1test</a></td><td rowspan="1">1671156033755</td><td rowspan="1">189</td></tr><tr class="passedodd"><td rowspan="1">testpackage.NewTabTest</td><td><a href="#m29">tabtest</a></td><td rowspan="1">1671156036255</td><td rowspan="1">4</td></tr><tr class="passedeven"><td rowspan="1">testpackage.NotificationTest</td><td><a href="#m30">notificationtest</a></td><td rowspan="1">1671156037405</td><td rowspan="1">541</td></tr><tr class="passedodd"><td rowspan="1">testpackage.Uploadtest</td><td><a href="#m31">testupload</a></td><td rowspan="1">1671156039102</td><td rowspan="1">432</td></tr></tbody>
</table>
<h2>EdgeTest</h2><h3 id="m0">testpackage.Downloadtest#StartSignInTest</h3><table class="result"><tr><th>Exception</th></tr><tr><td><div class="stacktrace">org.openqa.selenium.UnhandledAlertException: unexpected alert open: {Alert text : You selected a context menu}
  (Session info: MicrosoftEdge=108.0.1462.46): You selected a context menu
Build info: version: &apos;3.141.59&apos;, revision: &apos;e82be7d358&apos;, time: &apos;2018-11-14T08:17:03&apos;
System info: host: &apos;LAPTOP-MVNUQ4K1&apos;, ip: &apos;192.168.48.1&apos;, os.name: &apos;Windows 11&apos;, os.arch: &apos;amd64&apos;, os.version: &apos;10.0&apos;, java.version: &apos;17.0.3.1&apos;
Driver info: org.openqa.selenium.edge.EdgeDriver
Capabilities {acceptInsecureCerts: false, browserName: msedge, browserVersion: 108.0.1462.46, javascriptEnabled: true, ms:edgeOptions: {debuggerAddress: localhost:58863}, msedge: {msedgedriverVersion: 108.0.1462.42 (952d9dd5b065..., userDataDir: C:\Users\shiva\AppData\Loca...}, networkConnectionEnabled: false, pageLoadStrategy: normal, platform: WINDOWS, platformName: WINDOWS, proxy: Proxy(), setWindowRect: true, strictFileInteractability: false, timeouts: {implicit: 0, pageLoad: 300000, script: 30000}, unhandledPromptBehavior: dismiss and notify, webauthn:extension:credBlob: true, webauthn:extension:largeBlob: true, webauthn:virtualAuthenticators: true}
Session ID: 713daee79381d5f8fc60f41388256fe9
	at org.openqa.selenium.remote.http.W3CHttpResponseCodec.decode(W3CHttpResponseCodec.java:120)
	at org.openqa.selenium.remote.http.W3CHttpResponseCodec.decode(W3CHttpResponseCodec.java:49)
	at org.openqa.selenium.remote.HttpCommandExecutor.execute(HttpCommandExecutor.java:158)
	at org.openqa.selenium.remote.service.DriverCommandExecutor.execute(DriverCommandExecutor.java:83)
	at org.openqa.selenium.remote.RemoteWebDriver.execute(RemoteWebDriver.java:552)
	at org.openqa.selenium.remote.RemoteWebDriver.get(RemoteWebDriver.java:277)
	at testpackage.Downloadtest.StartSignInTest(Downloadtest.java:20)
	at java.base/java.util.ArrayList.forEach(ArrayList.java:1511)
... Removed 31 stack frames</div></td></tr></table><p class="totop"><a href="#summary">back to summary</a></p>
<h3 id="m1">testpackage.Downloadtest#testdownload</h3><table class="result"><tr><th>Exception</th></tr><tr><td><div class="stacktrace">org.openqa.selenium.UnhandledAlertException: unexpected alert open: {Alert text : You selected a context menu}
  (Session info: MicrosoftEdge=108.0.1462.46): You selected a context menu
Build info: version: &apos;3.141.59&apos;, revision: &apos;e82be7d358&apos;, time: &apos;2018-11-14T08:17:03&apos;
System info: host: &apos;LAPTOP-MVNUQ4K1&apos;, ip: &apos;192.168.48.1&apos;, os.name: &apos;Windows 11&apos;, os.arch: &apos;amd64&apos;, os.version: &apos;10.0&apos;, java.version: &apos;17.0.3.1&apos;
Driver info: org.openqa.selenium.edge.EdgeDriver
Capabilities {acceptInsecureCerts: false, browserName: msedge, browserVersion: 108.0.1462.46, javascriptEnabled: true, ms:edgeOptions: {debuggerAddress: localhost:58863}, msedge: {msedgedriverVersion: 108.0.1462.42 (952d9dd5b065..., userDataDir: C:\Users\shiva\AppData\Loca...}, networkConnectionEnabled: false, pageLoadStrategy: normal, platform: WINDOWS, platformName: WINDOWS, proxy: Proxy(), setWindowRect: true, strictFileInteractability: false, timeouts: {implicit: 0, pageLoad: 300000, script: 30000}, unhandledPromptBehavior: dismiss and notify, webauthn:extension:credBlob: true, webauthn:extension:largeBlob: true, webauthn:virtualAuthenticators: true}
Session ID: 713daee79381d5f8fc60f41388256fe9
	at org.openqa.selenium.remote.http.W3CHttpResponseCodec.decode(W3CHttpResponseCodec.java:120)
	at org.openqa.selenium.remote.http.W3CHttpResponseCodec.decode(W3CHttpResponseCodec.java:49)
	at org.openqa.selenium.remote.HttpCommandExecutor.execute(HttpCommandExecutor.java:158)
	at org.openqa.selenium.remote.service.DriverCommandExecutor.execute(DriverCommandExecutor.java:83)
	at org.openqa.selenium.remote.RemoteWebDriver.execute(RemoteWebDriver.java:552)
	at org.openqa.selenium.remote.RemoteWebDriver.get(RemoteWebDriver.java:277)
	at testpackage.Downloadtest.StartSignInTest(Downloadtest.java:20)
	at java.base/java.util.ArrayList.forEach(ArrayList.java:1511)
... Removed 31 stack frames</div></td></tr></table><p class="totop"><a href="#summary">back to summary</a></p>
<h3 id="m2">testpackage.ContextmenuTest#alerttest</h3><table class="result"><tr><th class="invisible"/></tr></table><p class="totop"><a href="#summary">back to summary</a></p>
<h3 id="m3">testpackage.DragandDropTest#DragtestforA</h3><table class="result"><tr><th class="invisible"/></tr></table><p class="totop"><a href="#summary">back to summary</a></p>
<h3 id="m4">testpackage.DragandDropTest#DragtestforB</h3><table class="result"><tr><th class="invisible"/></tr></table><p class="totop"><a href="#summary">back to summary</a></p>
<h3 id="m5">testpackage.Dropdowntest#option1test</h3><table class="result"><tr><th class="invisible"/></tr></table><p class="totop"><a href="#summary">back to summary</a></p>
<h3 id="m6">testpackage.Dropdowntest#option2test</h3><table class="result"><tr><th class="invisible"/></tr></table><p class="totop"><a href="#summary">back to summary</a></p>
<h3 id="m7">testpackage.DynamicLoadingTest#startbuttontest</h3><table class="result"><tr><th class="invisible"/></tr></table><p class="totop"><a href="#summary">back to summary</a></p>
<h3 id="m8">testpackage.DynamiccontentTest#Dynamiccontent1test</h3><table class="result"><tr><th class="invisible"/></tr></table><p class="totop"><a href="#summary">back to summary</a></p>
<h3 id="m9">testpackage.DynamiccontentTest#Dynamiccontent2test</h3><table class="result"><tr><th class="invisible"/></tr></table><p class="totop"><a href="#summary">back to summary</a></p>
<h3 id="m10">testpackage.DynamiccontentTest#Dynamiccontent3test</h3><table class="result"><tr><th class="invisible"/></tr></table><p class="totop"><a href="#summary">back to summary</a></p>
<h3 id="m11">testpackage.Floatingmenutest#floatinmenutest</h3><table class="result"><tr><th class="invisible"/></tr></table><p class="totop"><a href="#summary">back to summary</a></p>
<h3 id="m12">testpackage.LoginPageTest#failloginbuttontest</h3><table class="result"><tr><th class="invisible"/></tr></table><p class="totop"><a href="#summary">back to summary</a></p>
<h3 id="m13">testpackage.LoginPageTest#loginbuttontest</h3><table class="result"><tr><th class="invisible"/></tr></table><p class="totop"><a href="#summary">back to summary</a></p>
<h3 id="m14">testpackage.iframetest#Frametest</h3><table class="result"><tr><th class="invisible"/></tr></table><p class="totop"><a href="#summary">back to summary</a></p>
<h2>RegressionTest</h2><h3 id="m15">testpackage.JSAlertTest#StartSignInTest</h3><table class="result"><tr><th>Exception</th></tr><tr><td><div class="stacktrace">org.openqa.selenium.UnhandledAlertException: unexpected alert open: {Alert text : I am a JS Alert}
  (Session info: chrome=108.0.5359.125): I am a JS Alert
Build info: version: &apos;3.141.59&apos;, revision: &apos;e82be7d358&apos;, time: &apos;2018-11-14T08:17:03&apos;
System info: host: &apos;LAPTOP-MVNUQ4K1&apos;, ip: &apos;192.168.48.1&apos;, os.name: &apos;Windows 11&apos;, os.arch: &apos;amd64&apos;, os.version: &apos;10.0&apos;, java.version: &apos;17.0.3.1&apos;
Driver info: org.openqa.selenium.chrome.ChromeDriver
Capabilities {acceptInsecureCerts: false, browserName: chrome, browserVersion: 108.0.5359.125, chrome: {chromedriverVersion: 108.0.5359.71 (1e0e3868ee06..., userDataDir: C:\Users\shiva\AppData\Loca...}, goog:chromeOptions: {debuggerAddress: localhost:59006}, javascriptEnabled: true, networkConnectionEnabled: false, pageLoadStrategy: normal, platform: WINDOWS, platformName: WINDOWS, proxy: Proxy(), setWindowRect: true, strictFileInteractability: false, timeouts: {implicit: 0, pageLoad: 300000, script: 30000}, unhandledPromptBehavior: dismiss and notify, webauthn:extension:credBlob: true, webauthn:extension:largeBlob: true, webauthn:virtualAuthenticators: true}
Session ID: 22098d70a7e27ff810f33f9caad2486b
	at org.openqa.selenium.remote.http.W3CHttpResponseCodec.decode(W3CHttpResponseCodec.java:120)
	at org.openqa.selenium.remote.http.W3CHttpResponseCodec.decode(W3CHttpResponseCodec.java:49)
	at org.openqa.selenium.remote.HttpCommandExecutor.execute(HttpCommandExecutor.java:158)
	at org.openqa.selenium.remote.service.DriverCommandExecutor.execute(DriverCommandExecutor.java:83)
	at org.openqa.selenium.remote.RemoteWebDriver.execute(RemoteWebDriver.java:552)
	at org.openqa.selenium.remote.RemoteWebDriver.get(RemoteWebDriver.java:277)
	at testpackage.JSAlertTest.StartSignInTest(JSAlertTest.java:19)
	at java.base/java.util.ArrayList.forEach(ArrayList.java:1511)
... Removed 31 stack frames</div></td></tr></table><p class="totop"><a href="#summary">back to summary</a></p>
<h3 id="m16">testpackage.JSAlertTest#StartSignInTest</h3><table class="result"><tr><th class="invisible"/></tr></table><p class="totop"><a href="#summary">back to summary</a></p>
<h3 id="m17">testpackage.JSAlertTest#jsconfirmtest</h3><table class="result"><tr><th>Exception</th></tr><tr><td><div class="stacktrace">org.openqa.selenium.UnhandledAlertException: unexpected alert open: {Alert text : I am a JS Alert}
  (Session info: chrome=108.0.5359.125): I am a JS Alert
Build info: version: &apos;3.141.59&apos;, revision: &apos;e82be7d358&apos;, time: &apos;2018-11-14T08:17:03&apos;
System info: host: &apos;LAPTOP-MVNUQ4K1&apos;, ip: &apos;192.168.48.1&apos;, os.name: &apos;Windows 11&apos;, os.arch: &apos;amd64&apos;, os.version: &apos;10.0&apos;, java.version: &apos;17.0.3.1&apos;
Driver info: org.openqa.selenium.chrome.ChromeDriver
Capabilities {acceptInsecureCerts: false, browserName: chrome, browserVersion: 108.0.5359.125, chrome: {chromedriverVersion: 108.0.5359.71 (1e0e3868ee06..., userDataDir: C:\Users\shiva\AppData\Loca...}, goog:chromeOptions: {debuggerAddress: localhost:59006}, javascriptEnabled: true, networkConnectionEnabled: false, pageLoadStrategy: normal, platform: WINDOWS, platformName: WINDOWS, proxy: Proxy(), setWindowRect: true, strictFileInteractability: false, timeouts: {implicit: 0, pageLoad: 300000, script: 30000}, unhandledPromptBehavior: dismiss and notify, webauthn:extension:credBlob: true, webauthn:extension:largeBlob: true, webauthn:virtualAuthenticators: true}
Session ID: 22098d70a7e27ff810f33f9caad2486b
	at org.openqa.selenium.remote.http.W3CHttpResponseCodec.decode(W3CHttpResponseCodec.java:120)
	at org.openqa.selenium.remote.http.W3CHttpResponseCodec.decode(W3CHttpResponseCodec.java:49)
	at org.openqa.selenium.remote.HttpCommandExecutor.execute(HttpCommandExecutor.java:158)
	at org.openqa.selenium.remote.service.DriverCommandExecutor.execute(DriverCommandExecutor.java:83)
	at org.openqa.selenium.remote.RemoteWebDriver.execute(RemoteWebDriver.java:552)
	at org.openqa.selenium.remote.RemoteWebDriver.get(RemoteWebDriver.java:277)
	at testpackage.JSAlertTest.StartSignInTest(JSAlertTest.java:19)
	at java.base/java.util.ArrayList.forEach(ArrayList.java:1511)
... Removed 31 stack frames</div></td></tr></table><p class="totop"><a href="#summary">back to summary</a></p>
<h3 id="m18">testpackage.JSAlertTest#jsprompttest</h3><table class="result"><tr><th>Exception</th></tr><tr><td><div class="stacktrace">org.openqa.selenium.UnhandledAlertException: unexpected alert open: {Alert text : I am a JS Alert}
  (Session info: chrome=108.0.5359.125): I am a JS Alert
Build info: version: &apos;3.141.59&apos;, revision: &apos;e82be7d358&apos;, time: &apos;2018-11-14T08:17:03&apos;
System info: host: &apos;LAPTOP-MVNUQ4K1&apos;, ip: &apos;192.168.48.1&apos;, os.name: &apos;Windows 11&apos;, os.arch: &apos;amd64&apos;, os.version: &apos;10.0&apos;, java.version: &apos;17.0.3.1&apos;
Driver info: org.openqa.selenium.chrome.ChromeDriver
Capabilities {acceptInsecureCerts: false, browserName: chrome, browserVersion: 108.0.5359.125, chrome: {chromedriverVersion: 108.0.5359.71 (1e0e3868ee06..., userDataDir: C:\Users\shiva\AppData\Loca...}, goog:chromeOptions: {debuggerAddress: localhost:59006}, javascriptEnabled: true, networkConnectionEnabled: false, pageLoadStrategy: normal, platform: WINDOWS, platformName: WINDOWS, proxy: Proxy(), setWindowRect: true, strictFileInteractability: false, timeouts: {implicit: 0, pageLoad: 300000, script: 30000}, unhandledPromptBehavior: dismiss and notify, webauthn:extension:credBlob: true, webauthn:extension:largeBlob: true, webauthn:virtualAuthenticators: true}
Session ID: 22098d70a7e27ff810f33f9caad2486b
	at org.openqa.selenium.remote.http.W3CHttpResponseCodec.decode(W3CHttpResponseCodec.java:120)
	at org.openqa.selenium.remote.http.W3CHttpResponseCodec.decode(W3CHttpResponseCodec.java:49)
	at org.openqa.selenium.remote.HttpCommandExecutor.execute(HttpCommandExecutor.java:158)
	at org.openqa.selenium.remote.service.DriverCommandExecutor.execute(DriverCommandExecutor.java:83)
	at org.openqa.selenium.remote.RemoteWebDriver.execute(RemoteWebDriver.java:552)
	at org.openqa.selenium.remote.RemoteWebDriver.get(RemoteWebDriver.java:277)
	at testpackage.JSAlertTest.StartSignInTest(JSAlertTest.java:19)
	at java.base/java.util.ArrayList.forEach(ArrayList.java:1511)
... Removed 31 stack frames</div></td></tr></table><p class="totop"><a href="#summary">back to summary</a></p>
<h3 id="m19">testpackage.CheckBoxTest#CheckedCheckBoxtest</h3><table class="result"><tr><th class="invisible"/></tr></table><p class="totop"><a href="#summary">back to summary</a></p>
<h3 id="m20">testpackage.CheckBoxTest#UncheckedCheckBoxtest</h3><table class="result"><tr><th class="invisible"/></tr></table><p class="totop"><a href="#summary">back to summary</a></p>
<h3 id="m21">testpackage.Dynamiccontroltest#ACheckboxtest</h3><table class="result"><tr><th class="invisible"/></tr></table><p class="totop"><a href="#summary">back to summary</a></p>
<h3 id="m22">testpackage.Dynamiccontroltest#Enablebuttontest</h3><table class="result"><tr><th class="invisible"/></tr></table><p class="totop"><a href="#summary">back to summary</a></p>
<h3 id="m23">testpackage.Dynamiccontroltest#Removebuttontest</h3><table class="result"><tr><th class="invisible"/></tr></table><p class="totop"><a href="#summary">back to summary</a></p>
<h3 id="m24">testpackage.Dynamiccontroltest#emptyelementdisabletest</h3><table class="result"><tr><th class="invisible"/></tr></table><p class="totop"><a href="#summary">back to summary</a></p>
<h3 id="m25">testpackage.Dynamiccontroltest#emptyelementtest</h3><table class="result"><tr><th class="invisible"/></tr></table><p class="totop"><a href="#summary">back to summary</a></p>
<h3 id="m26">testpackage.JSAlertTest#jsalerttest</h3><table class="result"><tr><th class="invisible"/></tr></table><p class="totop"><a href="#summary">back to summary</a></p>
<h3 id="m27">testpackage.JSErrortest#test</h3><table class="result"><tr><th class="invisible"/></tr></table><p class="totop"><a href="#summary">back to summary</a></p>
<h3 id="m28">testpackage.MousHoverTest#img1test</h3><table class="result"><tr><th class="invisible"/></tr></table><p class="totop"><a href="#summary">back to summary</a></p>
<h3 id="m29">testpackage.NewTabTest#tabtest</h3><table class="result"><tr><th class="invisible"/></tr></table><p class="totop"><a href="#summary">back to summary</a></p>
<h3 id="m30">testpackage.NotificationTest#notificationtest</h3><table class="result"><tr><th class="invisible"/></tr></table><p class="totop"><a href="#summary">back to summary</a></p>
<h3 id="m31">testpackage.Uploadtest#testupload</h3><table class="result"><tr><th class="invisible"/></tr></table><p class="totop"><a href="#summary">back to summary</a></p>
</body>
</html>
