<?xml version="1.0" encoding="UTF-8"?>
<testng-results ignored="45" total="74" passed="26" failed="0" skipped="3">
  <reporter-output>
  </reporter-output>
  <suite started-at="2022-12-15T20:59:38 GMT-05:00" name="Internet" finished-at="2022-12-15T21:00:45 GMT-05:00" duration-ms="66717">
    <groups>
    </groups>
    <test started-at="2022-12-15T20:59:38 GMT-05:00" name="EdgeTest" finished-at="2022-12-15T21:00:11 GMT-05:00" duration-ms="32480">
      <class name="testpackage.Floatingmenutest">
        <test-method is-config="true" signature="StartSignInTest()[pri:0, instance:testpackage.Floatingmenutest@6f27a732]" started-at="2022-12-15T21:00:07 GMT-05:00" name="StartSignInTest" finished-at="2022-12-15T21:00:09 GMT-05:00" duration-ms="1224" status="PASS">
          <reporter-output>
          </reporter-output>
        </test-method> <!-- StartSignInTest -->
        <test-method signature="floatinmenutest()[pri:0, instance:testpackage.Floatingmenutest@6f27a732]" started-at="2022-12-15T21:00:09 GMT-05:00" name="floatinmenutest" finished-at="2022-12-15T21:00:09 GMT-05:00" duration-ms="46" status="PASS">
          <reporter-output>
          </reporter-output>
        </test-method> <!-- floatinmenutest -->
      </class> <!-- testpackage.Floatingmenutest -->
      <class name="testpackage.ContextmenuTest">
        <test-method is-config="true" signature="StartSignInTest()[pri:0, instance:testpackage.ContextmenuTest@50caa560]" started-at="2022-12-15T20:59:46 GMT-05:00" name="StartSignInTest" finished-at="2022-12-15T20:59:47 GMT-05:00" duration-ms="1126" status="PASS">
          <reporter-output>
          </reporter-output>
        </test-method> <!-- StartSignInTest -->
        <test-method signature="alerttest()[pri:0, instance:testpackage.ContextmenuTest@50caa560]" started-at="2022-12-15T20:59:47 GMT-05:00" name="alerttest" finished-at="2022-12-15T20:59:47 GMT-05:00" duration-ms="384" status="PASS">
          <reporter-output>
          </reporter-output>
        </test-method> <!-- alerttest -->
      </class> <!-- testpackage.ContextmenuTest -->
      <class name="testpackage.LoginPageTest">
        <test-method is-config="true" signature="getDriver()[pri:0, instance:testpackage.LoginPageTest@7748410a]" started-at="2022-12-15T20:59:38 GMT-05:00" name="getDriver" finished-at="2022-12-15T20:59:38 GMT-05:00" duration-ms="13" status="PASS">
          <reporter-output>
          </reporter-output>
        </test-method> <!-- getDriver -->
        <test-method is-config="true" signature="initiate(java.lang.String)[pri:0, instance:testpackage.LoginPageTest@7748410a]" started-at="2022-12-15T20:59:38 GMT-05:00" name="initiate" finished-at="2022-12-15T20:59:41 GMT-05:00" duration-ms="2399" status="PASS">
          <params>
            <param index="0">
              <value>
                <![CDATA[edge]]>
              </value>
            </param>
          </params>
          <reporter-output>
          </reporter-output>
        </test-method> <!-- initiate -->
        <test-method is-config="true" signature="StartSignInTest()[pri:0, instance:testpackage.LoginPageTest@7748410a]" started-at="2022-12-15T20:59:41 GMT-05:00" name="StartSignInTest" finished-at="2022-12-15T20:59:44 GMT-05:00" duration-ms="2945" status="PASS">
          <reporter-output>
          </reporter-output>
        </test-method> <!-- StartSignInTest -->
        <test-method signature="loginbuttontest()[pri:1, instance:testpackage.LoginPageTest@7748410a]" started-at="2022-12-15T20:59:44 GMT-05:00" name="loginbuttontest" finished-at="2022-12-15T20:59:44 GMT-05:00" duration-ms="556" status="PASS">
          <reporter-output>
          </reporter-output>
        </test-method> <!-- loginbuttontest -->
        <test-method is-config="true" signature="StartSignInTest()[pri:0, instance:testpackage.LoginPageTest@7748410a]" started-at="2022-12-15T20:59:44 GMT-05:00" name="StartSignInTest" finished-at="2022-12-15T20:59:45 GMT-05:00" duration-ms="1117" status="PASS">
          <reporter-output>
          </reporter-output>
        </test-method> <!-- StartSignInTest -->
        <test-method signature="failloginbuttontest()[pri:2, instance:testpackage.LoginPageTest@7748410a]" started-at="2022-12-15T20:59:45 GMT-05:00" name="failloginbuttontest" finished-at="2022-12-15T20:59:46 GMT-05:00" duration-ms="568" status="PASS">
          <reporter-output>
          </reporter-output>
        </test-method> <!-- failloginbuttontest -->
        <test-method is-config="true" signature="quitbrowser()[pri:0, instance:testpackage.LoginPageTest@7748410a]" started-at="2022-12-15T21:00:11 GMT-05:00" name="quitbrowser" finished-at="2022-12-15T21:00:11 GMT-05:00" duration-ms="263" status="PASS">
          <reporter-output>
          </reporter-output>
        </test-method> <!-- quitbrowser -->
      </class> <!-- testpackage.LoginPageTest -->
      <class name="testpackage.iframetest">
        <test-method is-config="true" signature="StartSignInTest()[pri:0, instance:testpackage.iframetest@6c779568]" started-at="2022-12-15T21:00:09 GMT-05:00" name="StartSignInTest" finished-at="2022-12-15T21:00:10 GMT-05:00" duration-ms="1696" status="PASS">
          <reporter-output>
          </reporter-output>
        </test-method> <!-- StartSignInTest -->
        <test-method signature="Frametest()[pri:0, instance:testpackage.iframetest@6c779568]" started-at="2022-12-15T21:00:10 GMT-05:00" name="Frametest" finished-at="2022-12-15T21:00:11 GMT-05:00" duration-ms="220" status="PASS">
          <reporter-output>
          </reporter-output>
        </test-method> <!-- Frametest -->
      </class> <!-- testpackage.iframetest -->
      <class name="testpackage.DynamicLoadingTest">
        <test-method is-config="true" signature="StartSignInTest()[pri:0, instance:testpackage.DynamicLoadingTest@68e965f5]" started-at="2022-12-15T21:00:01 GMT-05:00" name="StartSignInTest" finished-at="2022-12-15T21:00:02 GMT-05:00" duration-ms="1217" status="PASS">
          <reporter-output>
          </reporter-output>
        </test-method> <!-- StartSignInTest -->
        <test-method signature="startbuttontest()[pri:0, instance:testpackage.DynamicLoadingTest@68e965f5]" started-at="2022-12-15T21:00:02 GMT-05:00" name="startbuttontest" finished-at="2022-12-15T21:00:07 GMT-05:00" duration-ms="5502" status="PASS">
          <reporter-output>
          </reporter-output>
        </test-method> <!-- startbuttontest -->
      </class> <!-- testpackage.DynamicLoadingTest -->
      <class name="testpackage.DynamiccontentTest">
        <test-method is-config="true" signature="StartSignInTest()[pri:0, instance:testpackage.DynamiccontentTest@186f8716]" started-at="2022-12-15T20:59:53 GMT-05:00" name="StartSignInTest" finished-at="2022-12-15T20:59:54 GMT-05:00" duration-ms="1227" status="PASS">
          <reporter-output>
          </reporter-output>
        </test-method> <!-- StartSignInTest -->
        <test-method signature="Dynamiccontent1test()[pri:0, instance:testpackage.DynamiccontentTest@186f8716]" started-at="2022-12-15T20:59:54 GMT-05:00" name="Dynamiccontent1test" finished-at="2022-12-15T20:59:55 GMT-05:00" duration-ms="561" status="PASS">
          <reporter-output>
          </reporter-output>
        </test-method> <!-- Dynamiccontent1test -->
        <test-method is-config="true" signature="StartSignInTest()[pri:0, instance:testpackage.DynamiccontentTest@186f8716]" started-at="2022-12-15T20:59:55 GMT-05:00" name="StartSignInTest" finished-at="2022-12-15T20:59:56 GMT-05:00" duration-ms="1136" status="PASS">
          <reporter-output>
          </reporter-output>
        </test-method> <!-- StartSignInTest -->
        <test-method signature="Dynamiccontent2test()[pri:0, instance:testpackage.DynamiccontentTest@186f8716]" started-at="2022-12-15T20:59:56 GMT-05:00" name="Dynamiccontent2test" finished-at="2022-12-15T20:59:56 GMT-05:00" duration-ms="578" status="PASS">
          <reporter-output>
          </reporter-output>
        </test-method> <!-- Dynamiccontent2test -->
        <test-method is-config="true" signature="StartSignInTest()[pri:0, instance:testpackage.DynamiccontentTest@186f8716]" started-at="2022-12-15T20:59:56 GMT-05:00" name="StartSignInTest" finished-at="2022-12-15T20:59:58 GMT-05:00" duration-ms="1097" status="PASS">
          <reporter-output>
          </reporter-output>
        </test-method> <!-- StartSignInTest -->
        <test-method signature="Dynamiccontent3test()[pri:0, instance:testpackage.DynamiccontentTest@186f8716]" started-at="2022-12-15T20:59:58 GMT-05:00" name="Dynamiccontent3test" finished-at="2022-12-15T20:59:58 GMT-05:00" duration-ms="493" status="PASS">
          <reporter-output>
          </reporter-output>
        </test-method> <!-- Dynamiccontent3test -->
      </class> <!-- testpackage.DynamiccontentTest -->
      <class name="testpackage.Downloadtest">
        <test-method is-config="true" signature="StartSignInTest()[pri:0, instance:testpackage.Downloadtest@2a266d09]" started-at="2022-12-15T20:59:47 GMT-05:00" name="StartSignInTest" finished-at="2022-12-15T20:59:48 GMT-05:00" duration-ms="25" status="FAIL">
          <exception class="org.openqa.selenium.UnhandledAlertException">
            <message>
              <![CDATA[unexpected alert open: {Alert text : You selected a context menu}
  (Session info: MicrosoftEdge=108.0.1462.46): You selected a context menu
Build info: version: '3.141.59', revision: 'e82be7d358', time: '2018-11-14T08:17:03'
System info: host: 'LAPTOP-MVNUQ4K1', ip: '192.168.48.1', os.name: 'Windows 11', os.arch: 'amd64', os.version: '10.0', java.version: '17.0.3.1'
Driver info: org.openqa.selenium.edge.EdgeDriver
Capabilities {acceptInsecureCerts: false, browserName: msedge, browserVersion: 108.0.1462.46, javascriptEnabled: true, ms:edgeOptions: {debuggerAddress: localhost:58863}, msedge: {msedgedriverVersion: 108.0.1462.42 (952d9dd5b065..., userDataDir: C:\Users\shiva\AppData\Loca...}, networkConnectionEnabled: false, pageLoadStrategy: normal, platform: WINDOWS, platformName: WINDOWS, proxy: Proxy(), setWindowRect: true, strictFileInteractability: false, timeouts: {implicit: 0, pageLoad: 300000, script: 30000}, unhandledPromptBehavior: dismiss and notify, webauthn:extension:credBlob: true, webauthn:extension:largeBlob: true, webauthn:virtualAuthenticators: true}
Session ID: 713daee79381d5f8fc60f41388256fe9]]>
            </message>
            <full-stacktrace>
              <![CDATA[org.openqa.selenium.UnhandledAlertException: unexpected alert open: {Alert text : You selected a context menu}
  (Session info: MicrosoftEdge=108.0.1462.46): You selected a context menu
Build info: version: '3.141.59', revision: 'e82be7d358', time: '2018-11-14T08:17:03'
System info: host: 'LAPTOP-MVNUQ4K1', ip: '192.168.48.1', os.name: 'Windows 11', os.arch: 'amd64', os.version: '10.0', java.version: '17.0.3.1'
Driver info: org.openqa.selenium.edge.EdgeDriver
Capabilities {acceptInsecureCerts: false, browserName: msedge, browserVersion: 108.0.1462.46, javascriptEnabled: true, ms:edgeOptions: {debuggerAddress: localhost:58863}, msedge: {msedgedriverVersion: 108.0.1462.42 (952d9dd5b065..., userDataDir: C:\Users\shiva\AppData\Loca...}, networkConnectionEnabled: false, pageLoadStrategy: normal, platform: WINDOWS, platformName: WINDOWS, proxy: Proxy(), setWindowRect: true, strictFileInteractability: false, timeouts: {implicit: 0, pageLoad: 300000, script: 30000}, unhandledPromptBehavior: dismiss and notify, webauthn:extension:credBlob: true, webauthn:extension:largeBlob: true, webauthn:virtualAuthenticators: true}
Session ID: 713daee79381d5f8fc60f41388256fe9
at org.openqa.selenium.remote.http.W3CHttpResponseCodec.decode(W3CHttpResponseCodec.java:120)
at org.openqa.selenium.remote.http.W3CHttpResponseCodec.decode(W3CHttpResponseCodec.java:49)
at org.openqa.selenium.remote.HttpCommandExecutor.execute(HttpCommandExecutor.java:158)
at org.openqa.selenium.remote.service.DriverCommandExecutor.execute(DriverCommandExecutor.java:83)
at org.openqa.selenium.remote.RemoteWebDriver.execute(RemoteWebDriver.java:552)
at org.openqa.selenium.remote.RemoteWebDriver.get(RemoteWebDriver.java:277)
at testpackage.Downloadtest.StartSignInTest(Downloadtest.java:20)
at java.base/jdk.internal.reflect.NativeMethodAccessorImpl.invoke0(Native Method)
at java.base/jdk.internal.reflect.NativeMethodAccessorImpl.invoke(NativeMethodAccessorImpl.java:77)
at java.base/jdk.internal.reflect.DelegatingMethodAccessorImpl.invoke(DelegatingMethodAccessorImpl.java:43)
at java.base/java.lang.reflect.Method.invoke(Method.java:568)
at org.testng.internal.invokers.MethodInvocationHelper.invokeMethod(MethodInvocationHelper.java:139)
at org.testng.internal.invokers.MethodInvocationHelper.invokeMethodConsideringTimeout(MethodInvocationHelper.java:69)
at org.testng.internal.invokers.ConfigInvoker.invokeConfigurationMethod(ConfigInvoker.java:361)
at org.testng.internal.invokers.ConfigInvoker.invokeConfigurations(ConfigInvoker.java:296)
at org.testng.internal.invokers.TestInvoker.runConfigMethods(TestInvoker.java:816)
at org.testng.internal.invokers.TestInvoker.invokeMethod(TestInvoker.java:590)
at org.testng.internal.invokers.TestInvoker.invokeTestMethod(TestInvoker.java:221)
at org.testng.internal.invokers.MethodRunner.runInSequence(MethodRunner.java:50)
at org.testng.internal.invokers.TestInvoker$MethodInvocationAgent.invoke(TestInvoker.java:962)
at org.testng.internal.invokers.TestInvoker.invokeTestMethods(TestInvoker.java:194)
at org.testng.internal.invokers.TestMethodWorker.invokeTestMethods(TestMethodWorker.java:148)
at org.testng.internal.invokers.TestMethodWorker.run(TestMethodWorker.java:128)
at java.base/java.util.ArrayList.forEach(ArrayList.java:1511)
at org.testng.TestRunner.privateRun(TestRunner.java:806)
at org.testng.TestRunner.run(TestRunner.java:601)
at org.testng.SuiteRunner.runTest(SuiteRunner.java:433)
at org.testng.SuiteRunner.runSequentially(SuiteRunner.java:427)
at org.testng.SuiteRunner.privateRun(SuiteRunner.java:387)
at org.testng.SuiteRunner.run(SuiteRunner.java:330)
at org.testng.SuiteRunnerWorker.runSuite(SuiteRunnerWorker.java:52)
at org.testng.SuiteRunnerWorker.run(SuiteRunnerWorker.java:95)
at org.testng.TestNG.runSuitesSequentially(TestNG.java:1256)
at org.testng.TestNG.runSuitesLocally(TestNG.java:1176)
at org.testng.TestNG.runSuites(TestNG.java:1099)
at org.testng.TestNG.run(TestNG.java:1067)
at org.testng.remote.AbstractRemoteTestNG.run(AbstractRemoteTestNG.java:115)
at org.testng.remote.RemoteTestNG.initAndRun(RemoteTestNG.java:251)
at org.testng.remote.RemoteTestNG.main(RemoteTestNG.java:77)
]]>
            </full-stacktrace>
          </exception> <!-- org.openqa.selenium.UnhandledAlertException -->
          <reporter-output>
          </reporter-output>
        </test-method> <!-- StartSignInTest -->
        <test-method signature="testdownload()[pri:0, instance:testpackage.Downloadtest@2a266d09]" started-at="2022-12-15T20:59:48 GMT-05:00" name="testdownload" finished-at="2022-12-15T20:59:48 GMT-05:00" duration-ms="0" status="SKIP">
          <exception class="org.openqa.selenium.UnhandledAlertException">
            <message>
              <![CDATA[unexpected alert open: {Alert text : You selected a context menu}
  (Session info: MicrosoftEdge=108.0.1462.46): You selected a context menu
Build info: version: '3.141.59', revision: 'e82be7d358', time: '2018-11-14T08:17:03'
System info: host: 'LAPTOP-MVNUQ4K1', ip: '192.168.48.1', os.name: 'Windows 11', os.arch: 'amd64', os.version: '10.0', java.version: '17.0.3.1'
Driver info: org.openqa.selenium.edge.EdgeDriver
Capabilities {acceptInsecureCerts: false, browserName: msedge, browserVersion: 108.0.1462.46, javascriptEnabled: true, ms:edgeOptions: {debuggerAddress: localhost:58863}, msedge: {msedgedriverVersion: 108.0.1462.42 (952d9dd5b065..., userDataDir: C:\Users\shiva\AppData\Loca...}, networkConnectionEnabled: false, pageLoadStrategy: normal, platform: WINDOWS, platformName: WINDOWS, proxy: Proxy(), setWindowRect: true, strictFileInteractability: false, timeouts: {implicit: 0, pageLoad: 300000, script: 30000}, unhandledPromptBehavior: dismiss and notify, webauthn:extension:credBlob: true, webauthn:extension:largeBlob: true, webauthn:virtualAuthenticators: true}
Session ID: 713daee79381d5f8fc60f41388256fe9]]>
            </message>
            <full-stacktrace>
              <![CDATA[org.openqa.selenium.UnhandledAlertException: unexpected alert open: {Alert text : You selected a context menu}
  (Session info: MicrosoftEdge=108.0.1462.46): You selected a context menu
Build info: version: '3.141.59', revision: 'e82be7d358', time: '2018-11-14T08:17:03'
System info: host: 'LAPTOP-MVNUQ4K1', ip: '192.168.48.1', os.name: 'Windows 11', os.arch: 'amd64', os.version: '10.0', java.version: '17.0.3.1'
Driver info: org.openqa.selenium.edge.EdgeDriver
Capabilities {acceptInsecureCerts: false, browserName: msedge, browserVersion: 108.0.1462.46, javascriptEnabled: true, ms:edgeOptions: {debuggerAddress: localhost:58863}, msedge: {msedgedriverVersion: 108.0.1462.42 (952d9dd5b065..., userDataDir: C:\Users\shiva\AppData\Loca...}, networkConnectionEnabled: false, pageLoadStrategy: normal, platform: WINDOWS, platformName: WINDOWS, proxy: Proxy(), setWindowRect: true, strictFileInteractability: false, timeouts: {implicit: 0, pageLoad: 300000, script: 30000}, unhandledPromptBehavior: dismiss and notify, webauthn:extension:credBlob: true, webauthn:extension:largeBlob: true, webauthn:virtualAuthenticators: true}
Session ID: 713daee79381d5f8fc60f41388256fe9
at org.openqa.selenium.remote.http.W3CHttpResponseCodec.decode(W3CHttpResponseCodec.java:120)
at org.openqa.selenium.remote.http.W3CHttpResponseCodec.decode(W3CHttpResponseCodec.java:49)
at org.openqa.selenium.remote.HttpCommandExecutor.execute(HttpCommandExecutor.java:158)
at org.openqa.selenium.remote.service.DriverCommandExecutor.execute(DriverCommandExecutor.java:83)
at org.openqa.selenium.remote.RemoteWebDriver.execute(RemoteWebDriver.java:552)
at org.openqa.selenium.remote.RemoteWebDriver.get(RemoteWebDriver.java:277)
at testpackage.Downloadtest.StartSignInTest(Downloadtest.java:20)
at java.base/jdk.internal.reflect.NativeMethodAccessorImpl.invoke0(Native Method)
at java.base/jdk.internal.reflect.NativeMethodAccessorImpl.invoke(NativeMethodAccessorImpl.java:77)
at java.base/jdk.internal.reflect.DelegatingMethodAccessorImpl.invoke(DelegatingMethodAccessorImpl.java:43)
at java.base/java.lang.reflect.Method.invoke(Method.java:568)
at org.testng.internal.invokers.MethodInvocationHelper.invokeMethod(MethodInvocationHelper.java:139)
at org.testng.internal.invokers.MethodInvocationHelper.invokeMethodConsideringTimeout(MethodInvocationHelper.java:69)
at org.testng.internal.invokers.ConfigInvoker.invokeConfigurationMethod(ConfigInvoker.java:361)
at org.testng.internal.invokers.ConfigInvoker.invokeConfigurations(ConfigInvoker.java:296)
at org.testng.internal.invokers.TestInvoker.runConfigMethods(TestInvoker.java:816)
at org.testng.internal.invokers.TestInvoker.invokeMethod(TestInvoker.java:590)
at org.testng.internal.invokers.TestInvoker.invokeTestMethod(TestInvoker.java:221)
at org.testng.internal.invokers.MethodRunner.runInSequence(MethodRunner.java:50)
at org.testng.internal.invokers.TestInvoker$MethodInvocationAgent.invoke(TestInvoker.java:962)
at org.testng.internal.invokers.TestInvoker.invokeTestMethods(TestInvoker.java:194)
at org.testng.internal.invokers.TestMethodWorker.invokeTestMethods(TestMethodWorker.java:148)
at org.testng.internal.invokers.TestMethodWorker.run(TestMethodWorker.java:128)
at java.base/java.util.ArrayList.forEach(ArrayList.java:1511)
at org.testng.TestRunner.privateRun(TestRunner.java:806)
at org.testng.TestRunner.run(TestRunner.java:601)
at org.testng.SuiteRunner.runTest(SuiteRunner.java:433)
at org.testng.SuiteRunner.runSequentially(SuiteRunner.java:427)
at org.testng.SuiteRunner.privateRun(SuiteRunner.java:387)
at org.testng.SuiteRunner.run(SuiteRunner.java:330)
at org.testng.SuiteRunnerWorker.runSuite(SuiteRunnerWorker.java:52)
at org.testng.SuiteRunnerWorker.run(SuiteRunnerWorker.java:95)
at org.testng.TestNG.runSuitesSequentially(TestNG.java:1256)
at org.testng.TestNG.runSuitesLocally(TestNG.java:1176)
at org.testng.TestNG.runSuites(TestNG.java:1099)
at org.testng.TestNG.run(TestNG.java:1067)
at org.testng.remote.AbstractRemoteTestNG.run(AbstractRemoteTestNG.java:115)
at org.testng.remote.RemoteTestNG.initAndRun(RemoteTestNG.java:251)
at org.testng.remote.RemoteTestNG.main(RemoteTestNG.java:77)
]]>
            </full-stacktrace>
          </exception> <!-- org.openqa.selenium.UnhandledAlertException -->
          <reporter-output>
          </reporter-output>
        </test-method> <!-- testdownload -->
      </class> <!-- testpackage.Downloadtest -->
      <class name="testpackage.Dropdowntest">
        <test-method is-config="true" signature="StartSignInTest()[pri:0, instance:testpackage.Dropdowntest@1d8bd0de]" started-at="2022-12-15T20:59:58 GMT-05:00" name="StartSignInTest" finished-at="2022-12-15T20:59:59 GMT-05:00" duration-ms="1098" status="PASS">
          <reporter-output>
          </reporter-output>
        </test-method> <!-- StartSignInTest -->
        <test-method signature="option1test()[pri:0, instance:testpackage.Dropdowntest@1d8bd0de]" started-at="2022-12-15T20:59:59 GMT-05:00" name="option1test" finished-at="2022-12-15T20:59:59 GMT-05:00" duration-ms="196" status="PASS">
          <reporter-output>
          </reporter-output>
        </test-method> <!-- option1test -->
        <test-method is-config="true" signature="StartSignInTest()[pri:0, instance:testpackage.Dropdowntest@1d8bd0de]" started-at="2022-12-15T20:59:59 GMT-05:00" name="StartSignInTest" finished-at="2022-12-15T21:00:00 GMT-05:00" duration-ms="1107" status="PASS">
          <reporter-output>
          </reporter-output>
        </test-method> <!-- StartSignInTest -->
        <test-method signature="option2test()[pri:0, instance:testpackage.Dropdowntest@1d8bd0de]" started-at="2022-12-15T21:00:00 GMT-05:00" name="option2test" finished-at="2022-12-15T21:00:01 GMT-05:00" duration-ms="157" status="PASS">
          <reporter-output>
          </reporter-output>
        </test-method> <!-- option2test -->
      </class> <!-- testpackage.Dropdowntest -->
      <class name="testpackage.DragandDropTest">
        <test-method is-config="true" signature="StartSignInTest()[pri:0, instance:testpackage.DragandDropTest@5ab9e72c]" started-at="2022-12-15T20:59:48 GMT-05:00" name="StartSignInTest" finished-at="2022-12-15T20:59:49 GMT-05:00" duration-ms="1110" status="PASS">
          <reporter-output>
          </reporter-output>
        </test-method> <!-- StartSignInTest -->
        <test-method signature="DragtestforA()[pri:0, instance:testpackage.DragandDropTest@5ab9e72c]" started-at="2022-12-15T20:59:49 GMT-05:00" name="DragtestforA" finished-at="2022-12-15T20:59:49 GMT-05:00" duration-ms="369" status="PASS">
          <reporter-output>
          </reporter-output>
        </test-method> <!-- DragtestforA -->
        <test-method is-config="true" signature="StartSignInTest()[pri:0, instance:testpackage.DragandDropTest@5ab9e72c]" started-at="2022-12-15T20:59:49 GMT-05:00" name="StartSignInTest" finished-at="2022-12-15T20:59:50 GMT-05:00" duration-ms="1141" status="PASS">
          <reporter-output>
          </reporter-output>
        </test-method> <!-- StartSignInTest -->
        <test-method signature="DragtestforB()[pri:0, instance:testpackage.DragandDropTest@5ab9e72c]" started-at="2022-12-15T20:59:50 GMT-05:00" name="DragtestforB" finished-at="2022-12-15T20:59:53 GMT-05:00" duration-ms="2833" status="PASS">
          <reporter-output>
          </reporter-output>
        </test-method> <!-- DragtestforB -->
      </class> <!-- testpackage.DragandDropTest -->
    </test> <!-- EdgeTest -->
    <test started-at="2022-12-15T21:00:11 GMT-05:00" name="RegressionTest" finished-at="2022-12-15T21:00:45 GMT-05:00" duration-ms="34143">
      <class name="testpackage.NewTabTest">
        <test-method is-config="true" signature="StartSignInTest()[pri:0, instance:testpackage.NewTabTest@5ace1ed4]" started-at="2022-12-15T21:00:35 GMT-05:00" name="StartSignInTest" finished-at="2022-12-15T21:00:36 GMT-05:00" duration-ms="1144" status="PASS">
          <reporter-output>
          </reporter-output>
        </test-method> <!-- StartSignInTest -->
        <test-method signature="tabtest()[pri:0, instance:testpackage.NewTabTest@5ace1ed4]" started-at="2022-12-15T21:00:36 GMT-05:00" name="tabtest" finished-at="2022-12-15T21:00:36 GMT-05:00" duration-ms="4" status="PASS">
          <reporter-output>
          </reporter-output>
        </test-method> <!-- tabtest -->
      </class> <!-- testpackage.NewTabTest -->
      <class name="testpackage.Uploadtest">
        <test-method is-config="true" signature="StartSignInTest()[pri:0, instance:testpackage.Uploadtest@27ff5d15]" started-at="2022-12-15T21:00:37 GMT-05:00" name="StartSignInTest" finished-at="2022-12-15T21:00:39 GMT-05:00" duration-ms="1156" status="PASS">
          <reporter-output>
          </reporter-output>
        </test-method> <!-- StartSignInTest -->
        <test-method signature="testupload()[pri:0, instance:testpackage.Uploadtest@27ff5d15]" started-at="2022-12-15T21:00:39 GMT-05:00" name="testupload" finished-at="2022-12-15T21:00:39 GMT-05:00" duration-ms="432" status="PASS">
          <reporter-output>
          </reporter-output>
        </test-method> <!-- testupload -->
      </class> <!-- testpackage.Uploadtest -->
      <class name="testpackage.JSErrortest">
        <test-method is-config="true" signature="StartSignInTest()[pri:0, instance:testpackage.JSErrortest@6631f5ca]" started-at="2022-12-15T21:00:33 GMT-05:00" name="StartSignInTest" finished-at="2022-12-15T21:00:35 GMT-05:00" duration-ms="1131" status="PASS">
          <reporter-output>
          </reporter-output>
        </test-method> <!-- StartSignInTest -->
        <test-method signature="test()[pri:0, instance:testpackage.JSErrortest@6631f5ca]" started-at="2022-12-15T21:00:35 GMT-05:00" name="test" finished-at="2022-12-15T21:00:35 GMT-05:00" duration-ms="36" status="PASS">
          <reporter-output>
          </reporter-output>
        </test-method> <!-- test -->
        <test-method is-config="true" signature="EndSignInTest()[pri:0, instance:testpackage.JSErrortest@6631f5ca]" started-at="2022-12-15T21:00:45 GMT-05:00" name="EndSignInTest" finished-at="2022-12-15T21:00:45 GMT-05:00" duration-ms="127" status="PASS">
          <reporter-output>
          </reporter-output>
        </test-method> <!-- EndSignInTest -->
      </class> <!-- testpackage.JSErrortest -->
      <class name="testpackage.CheckBoxTest">
        <test-method is-config="true" signature="StartSignInTest()[pri:0, instance:testpackage.CheckBoxTest@4e096385]" started-at="2022-12-15T21:00:39 GMT-05:00" name="StartSignInTest" finished-at="2022-12-15T21:00:42 GMT-05:00" duration-ms="3117" status="PASS">
          <reporter-output>
          </reporter-output>
        </test-method> <!-- StartSignInTest -->
        <test-method signature="CheckedCheckBoxtest()[pri:0, instance:testpackage.CheckBoxTest@4e096385]" started-at="2022-12-15T21:00:42 GMT-05:00" name="CheckedCheckBoxtest" finished-at="2022-12-15T21:00:42 GMT-05:00" duration-ms="99" status="PASS">
          <reporter-output>
          </reporter-output>
        </test-method> <!-- CheckedCheckBoxtest -->
        <test-method is-config="true" signature="StartSignInTest()[pri:0, instance:testpackage.CheckBoxTest@4e096385]" started-at="2022-12-15T21:00:42 GMT-05:00" name="StartSignInTest" finished-at="2022-12-15T21:00:45 GMT-05:00" duration-ms="2412" status="PASS">
          <reporter-output>
          </reporter-output>
        </test-method> <!-- StartSignInTest -->
        <test-method signature="UncheckedCheckBoxtest()[pri:0, instance:testpackage.CheckBoxTest@4e096385]" started-at="2022-12-15T21:00:45 GMT-05:00" name="UncheckedCheckBoxtest" finished-at="2022-12-15T21:00:45 GMT-05:00" duration-ms="97" status="PASS">
          <reporter-output>
          </reporter-output>
        </test-method> <!-- UncheckedCheckBoxtest -->
      </class> <!-- testpackage.CheckBoxTest -->
      <class name="testpackage.MousHoverTest">
        <test-method is-config="true" signature="StartSignInTest()[pri:0, instance:testpackage.MousHoverTest@1ba9117e]" started-at="2022-12-15T21:00:32 GMT-05:00" name="StartSignInTest" finished-at="2022-12-15T21:00:33 GMT-05:00" duration-ms="1225" status="PASS">
          <reporter-output>
          </reporter-output>
        </test-method> <!-- StartSignInTest -->
        <test-method signature="img1test()[pri:0, instance:testpackage.MousHoverTest@1ba9117e]" started-at="2022-12-15T21:00:33 GMT-05:00" name="img1test" finished-at="2022-12-15T21:00:33 GMT-05:00" duration-ms="189" status="PASS">
          <reporter-output>
          </reporter-output>
        </test-method> <!-- img1test -->
      </class> <!-- testpackage.MousHoverTest -->
      <class name="testpackage.JSAlertTest">
        <test-method is-config="true" signature="getDriver()[pri:0, instance:testpackage.JSAlertTest@44821a96]" started-at="2022-12-15T21:00:11 GMT-05:00" name="getDriver" finished-at="2022-12-15T21:00:11 GMT-05:00" duration-ms="0" status="PASS">
          <reporter-output>
          </reporter-output>
        </test-method> <!-- getDriver -->
        <test-method is-config="true" signature="initiate(java.lang.String)[pri:0, instance:testpackage.JSAlertTest@44821a96]" started-at="2022-12-15T21:00:11 GMT-05:00" name="initiate" finished-at="2022-12-15T21:00:14 GMT-05:00" duration-ms="2731" status="PASS">
          <params>
            <param index="0">
              <value>
                <![CDATA[chrome]]>
              </value>
            </param>
          </params>
          <reporter-output>
          </reporter-output>
        </test-method> <!-- initiate -->
        <test-method is-config="true" signature="StartSignInTest()[pri:0, instance:testpackage.JSAlertTest@44821a96]" started-at="2022-12-15T21:00:14 GMT-05:00" name="StartSignInTest" finished-at="2022-12-15T21:00:15 GMT-05:00" duration-ms="1632" status="PASS">
          <reporter-output>
          </reporter-output>
        </test-method> <!-- StartSignInTest -->
        <test-method signature="jsalerttest()[pri:0, instance:testpackage.JSAlertTest@44821a96]" started-at="2022-12-15T21:00:15 GMT-05:00" name="jsalerttest" finished-at="2022-12-15T21:00:15 GMT-05:00" duration-ms="169" status="PASS">
          <reporter-output>
          </reporter-output>
        </test-method> <!-- jsalerttest -->
        <test-method is-config="true" signature="StartSignInTest()[pri:0, instance:testpackage.JSAlertTest@44821a96]" started-at="2022-12-15T21:00:15 GMT-05:00" name="StartSignInTest" finished-at="2022-12-15T21:00:15 GMT-05:00" duration-ms="9" status="FAIL">
          <exception class="org.openqa.selenium.UnhandledAlertException">
            <message>
              <![CDATA[unexpected alert open: {Alert text : I am a JS Alert}
  (Session info: chrome=108.0.5359.125): I am a JS Alert
Build info: version: '3.141.59', revision: 'e82be7d358', time: '2018-11-14T08:17:03'
System info: host: 'LAPTOP-MVNUQ4K1', ip: '192.168.48.1', os.name: 'Windows 11', os.arch: 'amd64', os.version: '10.0', java.version: '17.0.3.1'
Driver info: org.openqa.selenium.chrome.ChromeDriver
Capabilities {acceptInsecureCerts: false, browserName: chrome, browserVersion: 108.0.5359.125, chrome: {chromedriverVersion: 108.0.5359.71 (1e0e3868ee06..., userDataDir: C:\Users\shiva\AppData\Loca...}, goog:chromeOptions: {debuggerAddress: localhost:59006}, javascriptEnabled: true, networkConnectionEnabled: false, pageLoadStrategy: normal, platform: WINDOWS, platformName: WINDOWS, proxy: Proxy(), setWindowRect: true, strictFileInteractability: false, timeouts: {implicit: 0, pageLoad: 300000, script: 30000}, unhandledPromptBehavior: dismiss and notify, webauthn:extension:credBlob: true, webauthn:extension:largeBlob: true, webauthn:virtualAuthenticators: true}
Session ID: 22098d70a7e27ff810f33f9caad2486b]]>
            </message>
            <full-stacktrace>
              <![CDATA[org.openqa.selenium.UnhandledAlertException: unexpected alert open: {Alert text : I am a JS Alert}
  (Session info: chrome=108.0.5359.125): I am a JS Alert
Build info: version: '3.141.59', revision: 'e82be7d358', time: '2018-11-14T08:17:03'
System info: host: 'LAPTOP-MVNUQ4K1', ip: '192.168.48.1', os.name: 'Windows 11', os.arch: 'amd64', os.version: '10.0', java.version: '17.0.3.1'
Driver info: org.openqa.selenium.chrome.ChromeDriver
Capabilities {acceptInsecureCerts: false, browserName: chrome, browserVersion: 108.0.5359.125, chrome: {chromedriverVersion: 108.0.5359.71 (1e0e3868ee06..., userDataDir: C:\Users\shiva\AppData\Loca...}, goog:chromeOptions: {debuggerAddress: localhost:59006}, javascriptEnabled: true, networkConnectionEnabled: false, pageLoadStrategy: normal, platform: WINDOWS, platformName: WINDOWS, proxy: Proxy(), setWindowRect: true, strictFileInteractability: false, timeouts: {implicit: 0, pageLoad: 300000, script: 30000}, unhandledPromptBehavior: dismiss and notify, webauthn:extension:credBlob: true, webauthn:extension:largeBlob: true, webauthn:virtualAuthenticators: true}
Session ID: 22098d70a7e27ff810f33f9caad2486b
at org.openqa.selenium.remote.http.W3CHttpResponseCodec.decode(W3CHttpResponseCodec.java:120)
at org.openqa.selenium.remote.http.W3CHttpResponseCodec.decode(W3CHttpResponseCodec.java:49)
at org.openqa.selenium.remote.HttpCommandExecutor.execute(HttpCommandExecutor.java:158)
at org.openqa.selenium.remote.service.DriverCommandExecutor.execute(DriverCommandExecutor.java:83)
at org.openqa.selenium.remote.RemoteWebDriver.execute(RemoteWebDriver.java:552)
at org.openqa.selenium.remote.RemoteWebDriver.get(RemoteWebDriver.java:277)
at testpackage.JSAlertTest.StartSignInTest(JSAlertTest.java:19)
at java.base/jdk.internal.reflect.NativeMethodAccessorImpl.invoke0(Native Method)
at java.base/jdk.internal.reflect.NativeMethodAccessorImpl.invoke(NativeMethodAccessorImpl.java:77)
at java.base/jdk.internal.reflect.DelegatingMethodAccessorImpl.invoke(DelegatingMethodAccessorImpl.java:43)
at java.base/java.lang.reflect.Method.invoke(Method.java:568)
at org.testng.internal.invokers.MethodInvocationHelper.invokeMethod(MethodInvocationHelper.java:139)
at org.testng.internal.invokers.MethodInvocationHelper.invokeMethodConsideringTimeout(MethodInvocationHelper.java:69)
at org.testng.internal.invokers.ConfigInvoker.invokeConfigurationMethod(ConfigInvoker.java:361)
at org.testng.internal.invokers.ConfigInvoker.invokeConfigurations(ConfigInvoker.java:296)
at org.testng.internal.invokers.TestInvoker.runConfigMethods(TestInvoker.java:816)
at org.testng.internal.invokers.TestInvoker.invokeMethod(TestInvoker.java:590)
at org.testng.internal.invokers.TestInvoker.invokeTestMethod(TestInvoker.java:221)
at org.testng.internal.invokers.MethodRunner.runInSequence(MethodRunner.java:50)
at org.testng.internal.invokers.TestInvoker$MethodInvocationAgent.invoke(TestInvoker.java:962)
at org.testng.internal.invokers.TestInvoker.invokeTestMethods(TestInvoker.java:194)
at org.testng.internal.invokers.TestMethodWorker.invokeTestMethods(TestMethodWorker.java:148)
at org.testng.internal.invokers.TestMethodWorker.run(TestMethodWorker.java:128)
at java.base/java.util.ArrayList.forEach(ArrayList.java:1511)
at org.testng.TestRunner.privateRun(TestRunner.java:806)
at org.testng.TestRunner.run(TestRunner.java:601)
at org.testng.SuiteRunner.runTest(SuiteRunner.java:433)
at org.testng.SuiteRunner.runSequentially(SuiteRunner.java:427)
at org.testng.SuiteRunner.privateRun(SuiteRunner.java:387)
at org.testng.SuiteRunner.run(SuiteRunner.java:330)
at org.testng.SuiteRunnerWorker.runSuite(SuiteRunnerWorker.java:52)
at org.testng.SuiteRunnerWorker.run(SuiteRunnerWorker.java:95)
at org.testng.TestNG.runSuitesSequentially(TestNG.java:1256)
at org.testng.TestNG.runSuitesLocally(TestNG.java:1176)
at org.testng.TestNG.runSuites(TestNG.java:1099)
at org.testng.TestNG.run(TestNG.java:1067)
at org.testng.remote.AbstractRemoteTestNG.run(AbstractRemoteTestNG.java:115)
at org.testng.remote.RemoteTestNG.initAndRun(RemoteTestNG.java:251)
at org.testng.remote.RemoteTestNG.main(RemoteTestNG.java:77)
]]>
            </full-stacktrace>
          </exception> <!-- org.openqa.selenium.UnhandledAlertException -->
          <reporter-output>
          </reporter-output>
        </test-method> <!-- StartSignInTest -->
        <test-method signature="jsconfirmtest()[pri:0, instance:testpackage.JSAlertTest@44821a96]" started-at="2022-12-15T21:00:15 GMT-05:00" name="jsconfirmtest" finished-at="2022-12-15T21:00:15 GMT-05:00" duration-ms="0" status="SKIP">
          <exception class="org.openqa.selenium.UnhandledAlertException">
            <message>
              <![CDATA[unexpected alert open: {Alert text : I am a JS Alert}
  (Session info: chrome=108.0.5359.125): I am a JS Alert
Build info: version: '3.141.59', revision: 'e82be7d358', time: '2018-11-14T08:17:03'
System info: host: 'LAPTOP-MVNUQ4K1', ip: '192.168.48.1', os.name: 'Windows 11', os.arch: 'amd64', os.version: '10.0', java.version: '17.0.3.1'
Driver info: org.openqa.selenium.chrome.ChromeDriver
Capabilities {acceptInsecureCerts: false, browserName: chrome, browserVersion: 108.0.5359.125, chrome: {chromedriverVersion: 108.0.5359.71 (1e0e3868ee06..., userDataDir: C:\Users\shiva\AppData\Loca...}, goog:chromeOptions: {debuggerAddress: localhost:59006}, javascriptEnabled: true, networkConnectionEnabled: false, pageLoadStrategy: normal, platform: WINDOWS, platformName: WINDOWS, proxy: Proxy(), setWindowRect: true, strictFileInteractability: false, timeouts: {implicit: 0, pageLoad: 300000, script: 30000}, unhandledPromptBehavior: dismiss and notify, webauthn:extension:credBlob: true, webauthn:extension:largeBlob: true, webauthn:virtualAuthenticators: true}
Session ID: 22098d70a7e27ff810f33f9caad2486b]]>
            </message>
            <full-stacktrace>
              <![CDATA[org.openqa.selenium.UnhandledAlertException: unexpected alert open: {Alert text : I am a JS Alert}
  (Session info: chrome=108.0.5359.125): I am a JS Alert
Build info: version: '3.141.59', revision: 'e82be7d358', time: '2018-11-14T08:17:03'
System info: host: 'LAPTOP-MVNUQ4K1', ip: '192.168.48.1', os.name: 'Windows 11', os.arch: 'amd64', os.version: '10.0', java.version: '17.0.3.1'
Driver info: org.openqa.selenium.chrome.ChromeDriver
Capabilities {acceptInsecureCerts: false, browserName: chrome, browserVersion: 108.0.5359.125, chrome: {chromedriverVersion: 108.0.5359.71 (1e0e3868ee06..., userDataDir: C:\Users\shiva\AppData\Loca...}, goog:chromeOptions: {debuggerAddress: localhost:59006}, javascriptEnabled: true, networkConnectionEnabled: false, pageLoadStrategy: normal, platform: WINDOWS, platformName: WINDOWS, proxy: Proxy(), setWindowRect: true, strictFileInteractability: false, timeouts: {implicit: 0, pageLoad: 300000, script: 30000}, unhandledPromptBehavior: dismiss and notify, webauthn:extension:credBlob: true, webauthn:extension:largeBlob: true, webauthn:virtualAuthenticators: true}
Session ID: 22098d70a7e27ff810f33f9caad2486b
at org.openqa.selenium.remote.http.W3CHttpResponseCodec.decode(W3CHttpResponseCodec.java:120)
at org.openqa.selenium.remote.http.W3CHttpResponseCodec.decode(W3CHttpResponseCodec.java:49)
at org.openqa.selenium.remote.HttpCommandExecutor.execute(HttpCommandExecutor.java:158)
at org.openqa.selenium.remote.service.DriverCommandExecutor.execute(DriverCommandExecutor.java:83)
at org.openqa.selenium.remote.RemoteWebDriver.execute(RemoteWebDriver.java:552)
at org.openqa.selenium.remote.RemoteWebDriver.get(RemoteWebDriver.java:277)
at testpackage.JSAlertTest.StartSignInTest(JSAlertTest.java:19)
at java.base/jdk.internal.reflect.NativeMethodAccessorImpl.invoke0(Native Method)
at java.base/jdk.internal.reflect.NativeMethodAccessorImpl.invoke(NativeMethodAccessorImpl.java:77)
at java.base/jdk.internal.reflect.DelegatingMethodAccessorImpl.invoke(DelegatingMethodAccessorImpl.java:43)
at java.base/java.lang.reflect.Method.invoke(Method.java:568)
at org.testng.internal.invokers.MethodInvocationHelper.invokeMethod(MethodInvocationHelper.java:139)
at org.testng.internal.invokers.MethodInvocationHelper.invokeMethodConsideringTimeout(MethodInvocationHelper.java:69)
at org.testng.internal.invokers.ConfigInvoker.invokeConfigurationMethod(ConfigInvoker.java:361)
at org.testng.internal.invokers.ConfigInvoker.invokeConfigurations(ConfigInvoker.java:296)
at org.testng.internal.invokers.TestInvoker.runConfigMethods(TestInvoker.java:816)
at org.testng.internal.invokers.TestInvoker.invokeMethod(TestInvoker.java:590)
at org.testng.internal.invokers.TestInvoker.invokeTestMethod(TestInvoker.java:221)
at org.testng.internal.invokers.MethodRunner.runInSequence(MethodRunner.java:50)
at org.testng.internal.invokers.TestInvoker$MethodInvocationAgent.invoke(TestInvoker.java:962)
at org.testng.internal.invokers.TestInvoker.invokeTestMethods(TestInvoker.java:194)
at org.testng.internal.invokers.TestMethodWorker.invokeTestMethods(TestMethodWorker.java:148)
at org.testng.internal.invokers.TestMethodWorker.run(TestMethodWorker.java:128)
at java.base/java.util.ArrayList.forEach(ArrayList.java:1511)
at org.testng.TestRunner.privateRun(TestRunner.java:806)
at org.testng.TestRunner.run(TestRunner.java:601)
at org.testng.SuiteRunner.runTest(SuiteRunner.java:433)
at org.testng.SuiteRunner.runSequentially(SuiteRunner.java:427)
at org.testng.SuiteRunner.privateRun(SuiteRunner.java:387)
at org.testng.SuiteRunner.run(SuiteRunner.java:330)
at org.testng.SuiteRunnerWorker.runSuite(SuiteRunnerWorker.java:52)
at org.testng.SuiteRunnerWorker.run(SuiteRunnerWorker.java:95)
at org.testng.TestNG.runSuitesSequentially(TestNG.java:1256)
at org.testng.TestNG.runSuitesLocally(TestNG.java:1176)
at org.testng.TestNG.runSuites(TestNG.java:1099)
at org.testng.TestNG.run(TestNG.java:1067)
at org.testng.remote.AbstractRemoteTestNG.run(AbstractRemoteTestNG.java:115)
at org.testng.remote.RemoteTestNG.initAndRun(RemoteTestNG.java:251)
at org.testng.remote.RemoteTestNG.main(RemoteTestNG.java:77)
]]>
            </full-stacktrace>
          </exception> <!-- org.openqa.selenium.UnhandledAlertException -->
          <reporter-output>
          </reporter-output>
        </test-method> <!-- jsconfirmtest -->
        <test-method is-config="true" signature="StartSignInTest()[pri:0, instance:testpackage.JSAlertTest@44821a96]" started-at="2022-12-15T21:00:15 GMT-05:00" name="StartSignInTest" finished-at="2022-12-15T21:00:15 GMT-05:00" duration-ms="0" status="SKIP">
          <reporter-output>
          </reporter-output>
        </test-method> <!-- StartSignInTest -->
        <test-method signature="jsprompttest()[pri:0, instance:testpackage.JSAlertTest@44821a96]" started-at="2022-12-15T21:00:15 GMT-05:00" name="jsprompttest" finished-at="2022-12-15T21:00:15 GMT-05:00" duration-ms="0" status="SKIP">
          <exception class="org.openqa.selenium.UnhandledAlertException">
            <message>
              <![CDATA[unexpected alert open: {Alert text : I am a JS Alert}
  (Session info: chrome=108.0.5359.125): I am a JS Alert
Build info: version: '3.141.59', revision: 'e82be7d358', time: '2018-11-14T08:17:03'
System info: host: 'LAPTOP-MVNUQ4K1', ip: '192.168.48.1', os.name: 'Windows 11', os.arch: 'amd64', os.version: '10.0', java.version: '17.0.3.1'
Driver info: org.openqa.selenium.chrome.ChromeDriver
Capabilities {acceptInsecureCerts: false, browserName: chrome, browserVersion: 108.0.5359.125, chrome: {chromedriverVersion: 108.0.5359.71 (1e0e3868ee06..., userDataDir: C:\Users\shiva\AppData\Loca...}, goog:chromeOptions: {debuggerAddress: localhost:59006}, javascriptEnabled: true, networkConnectionEnabled: false, pageLoadStrategy: normal, platform: WINDOWS, platformName: WINDOWS, proxy: Proxy(), setWindowRect: true, strictFileInteractability: false, timeouts: {implicit: 0, pageLoad: 300000, script: 30000}, unhandledPromptBehavior: dismiss and notify, webauthn:extension:credBlob: true, webauthn:extension:largeBlob: true, webauthn:virtualAuthenticators: true}
Session ID: 22098d70a7e27ff810f33f9caad2486b]]>
            </message>
            <full-stacktrace>
              <![CDATA[org.openqa.selenium.UnhandledAlertException: unexpected alert open: {Alert text : I am a JS Alert}
  (Session info: chrome=108.0.5359.125): I am a JS Alert
Build info: version: '3.141.59', revision: 'e82be7d358', time: '2018-11-14T08:17:03'
System info: host: 'LAPTOP-MVNUQ4K1', ip: '192.168.48.1', os.name: 'Windows 11', os.arch: 'amd64', os.version: '10.0', java.version: '17.0.3.1'
Driver info: org.openqa.selenium.chrome.ChromeDriver
Capabilities {acceptInsecureCerts: false, browserName: chrome, browserVersion: 108.0.5359.125, chrome: {chromedriverVersion: 108.0.5359.71 (1e0e3868ee06..., userDataDir: C:\Users\shiva\AppData\Loca...}, goog:chromeOptions: {debuggerAddress: localhost:59006}, javascriptEnabled: true, networkConnectionEnabled: false, pageLoadStrategy: normal, platform: WINDOWS, platformName: WINDOWS, proxy: Proxy(), setWindowRect: true, strictFileInteractability: false, timeouts: {implicit: 0, pageLoad: 300000, script: 30000}, unhandledPromptBehavior: dismiss and notify, webauthn:extension:credBlob: true, webauthn:extension:largeBlob: true, webauthn:virtualAuthenticators: true}
Session ID: 22098d70a7e27ff810f33f9caad2486b
at org.openqa.selenium.remote.http.W3CHttpResponseCodec.decode(W3CHttpResponseCodec.java:120)
at org.openqa.selenium.remote.http.W3CHttpResponseCodec.decode(W3CHttpResponseCodec.java:49)
at org.openqa.selenium.remote.HttpCommandExecutor.execute(HttpCommandExecutor.java:158)
at org.openqa.selenium.remote.service.DriverCommandExecutor.execute(DriverCommandExecutor.java:83)
at org.openqa.selenium.remote.RemoteWebDriver.execute(RemoteWebDriver.java:552)
at org.openqa.selenium.remote.RemoteWebDriver.get(RemoteWebDriver.java:277)
at testpackage.JSAlertTest.StartSignInTest(JSAlertTest.java:19)
at java.base/jdk.internal.reflect.NativeMethodAccessorImpl.invoke0(Native Method)
at java.base/jdk.internal.reflect.NativeMethodAccessorImpl.invoke(NativeMethodAccessorImpl.java:77)
at java.base/jdk.internal.reflect.DelegatingMethodAccessorImpl.invoke(DelegatingMethodAccessorImpl.java:43)
at java.base/java.lang.reflect.Method.invoke(Method.java:568)
at org.testng.internal.invokers.MethodInvocationHelper.invokeMethod(MethodInvocationHelper.java:139)
at org.testng.internal.invokers.MethodInvocationHelper.invokeMethodConsideringTimeout(MethodInvocationHelper.java:69)
at org.testng.internal.invokers.ConfigInvoker.invokeConfigurationMethod(ConfigInvoker.java:361)
at org.testng.internal.invokers.ConfigInvoker.invokeConfigurations(ConfigInvoker.java:296)
at org.testng.internal.invokers.TestInvoker.runConfigMethods(TestInvoker.java:816)
at org.testng.internal.invokers.TestInvoker.invokeMethod(TestInvoker.java:590)
at org.testng.internal.invokers.TestInvoker.invokeTestMethod(TestInvoker.java:221)
at org.testng.internal.invokers.MethodRunner.runInSequence(MethodRunner.java:50)
at org.testng.internal.invokers.TestInvoker$MethodInvocationAgent.invoke(TestInvoker.java:962)
at org.testng.internal.invokers.TestInvoker.invokeTestMethods(TestInvoker.java:194)
at org.testng.internal.invokers.TestMethodWorker.invokeTestMethods(TestMethodWorker.java:148)
at org.testng.internal.invokers.TestMethodWorker.run(TestMethodWorker.java:128)
at java.base/java.util.ArrayList.forEach(ArrayList.java:1511)
at org.testng.TestRunner.privateRun(TestRunner.java:806)
at org.testng.TestRunner.run(TestRunner.java:601)
at org.testng.SuiteRunner.runTest(SuiteRunner.java:433)
at org.testng.SuiteRunner.runSequentially(SuiteRunner.java:427)
at org.testng.SuiteRunner.privateRun(SuiteRunner.java:387)
at org.testng.SuiteRunner.run(SuiteRunner.java:330)
at org.testng.SuiteRunnerWorker.runSuite(SuiteRunnerWorker.java:52)
at org.testng.SuiteRunnerWorker.run(SuiteRunnerWorker.java:95)
at org.testng.TestNG.runSuitesSequentially(TestNG.java:1256)
at org.testng.TestNG.runSuitesLocally(TestNG.java:1176)
at org.testng.TestNG.runSuites(TestNG.java:1099)
at org.testng.TestNG.run(TestNG.java:1067)
at org.testng.remote.AbstractRemoteTestNG.run(AbstractRemoteTestNG.java:115)
at org.testng.remote.RemoteTestNG.initAndRun(RemoteTestNG.java:251)
at org.testng.remote.RemoteTestNG.main(RemoteTestNG.java:77)
]]>
            </full-stacktrace>
          </exception> <!-- org.openqa.selenium.UnhandledAlertException -->
          <reporter-output>
          </reporter-output>
        </test-method> <!-- jsprompttest -->
        <test-method is-config="true" signature="quitbrowser()[pri:0, instance:testpackage.JSAlertTest@44821a96]" started-at="2022-12-15T21:00:45 GMT-05:00" name="quitbrowser" finished-at="2022-12-15T21:00:45 GMT-05:00" depends-on-methods="testpackage.JSErrortest.EndSignInTest" duration-ms="149" status="PASS">
          <reporter-output>
          </reporter-output>
        </test-method> <!-- quitbrowser -->
      </class> <!-- testpackage.JSAlertTest -->
      <class name="testpackage.NotificationTest">
        <test-method is-config="true" signature="StartSignInTest()[pri:0, instance:testpackage.NotificationTest@1613674b]" started-at="2022-12-15T21:00:36 GMT-05:00" name="StartSignInTest" finished-at="2022-12-15T21:00:37 GMT-05:00" duration-ms="1146" status="PASS">
          <reporter-output>
          </reporter-output>
        </test-method> <!-- StartSignInTest -->
        <test-method signature="notificationtest()[pri:0, instance:testpackage.NotificationTest@1613674b]" started-at="2022-12-15T21:00:37 GMT-05:00" name="notificationtest" finished-at="2022-12-15T21:00:37 GMT-05:00" duration-ms="541" status="PASS">
          <reporter-output>
          </reporter-output>
        </test-method> <!-- notificationtest -->
      </class> <!-- testpackage.NotificationTest -->
      <class name="testpackage.Dynamiccontroltest">
        <test-method is-config="true" signature="StartSignInTest()[pri:0, instance:testpackage.Dynamiccontroltest@a3d8174]" started-at="2022-12-15T21:00:15 GMT-05:00" name="StartSignInTest" finished-at="2022-12-15T21:00:17 GMT-05:00" duration-ms="1270" status="PASS">
          <reporter-output>
          </reporter-output>
        </test-method> <!-- StartSignInTest -->
        <test-method signature="ACheckboxtest()[pri:0, instance:testpackage.Dynamiccontroltest@a3d8174]" started-at="2022-12-15T21:00:17 GMT-05:00" name="ACheckboxtest" finished-at="2022-12-15T21:00:20 GMT-05:00" duration-ms="3428" status="PASS">
          <reporter-output>
          </reporter-output>
        </test-method> <!-- ACheckboxtest -->
        <test-method is-config="true" signature="StartSignInTest()[pri:0, instance:testpackage.Dynamiccontroltest@a3d8174]" started-at="2022-12-15T21:00:20 GMT-05:00" name="StartSignInTest" finished-at="2022-12-15T21:00:21 GMT-05:00" duration-ms="1184" status="PASS">
          <reporter-output>
          </reporter-output>
        </test-method> <!-- StartSignInTest -->
        <test-method signature="Enablebuttontest()[pri:0, instance:testpackage.Dynamiccontroltest@a3d8174]" started-at="2022-12-15T21:00:21 GMT-05:00" name="Enablebuttontest" finished-at="2022-12-15T21:00:25 GMT-05:00" duration-ms="3535" status="PASS">
          <reporter-output>
          </reporter-output>
        </test-method> <!-- Enablebuttontest -->
        <test-method is-config="true" signature="StartSignInTest()[pri:0, instance:testpackage.Dynamiccontroltest@a3d8174]" started-at="2022-12-15T21:00:25 GMT-05:00" name="StartSignInTest" finished-at="2022-12-15T21:00:26 GMT-05:00" duration-ms="1142" status="PASS">
          <reporter-output>
          </reporter-output>
        </test-method> <!-- StartSignInTest -->
        <test-method signature="Removebuttontest()[pri:0, instance:testpackage.Dynamiccontroltest@a3d8174]" started-at="2022-12-15T21:00:26 GMT-05:00" name="Removebuttontest" finished-at="2022-12-15T21:00:26 GMT-05:00" duration-ms="101" status="PASS">
          <reporter-output>
          </reporter-output>
        </test-method> <!-- Removebuttontest -->
        <test-method is-config="true" signature="StartSignInTest()[pri:0, instance:testpackage.Dynamiccontroltest@a3d8174]" started-at="2022-12-15T21:00:26 GMT-05:00" name="StartSignInTest" finished-at="2022-12-15T21:00:27 GMT-05:00" duration-ms="1113" status="PASS">
          <reporter-output>
          </reporter-output>
        </test-method> <!-- StartSignInTest -->
        <test-method signature="emptyelementdisabletest()[pri:0, instance:testpackage.Dynamiccontroltest@a3d8174]" started-at="2022-12-15T21:00:27 GMT-05:00" name="emptyelementdisabletest" finished-at="2022-12-15T21:00:27 GMT-05:00" duration-ms="125" status="PASS">
          <reporter-output>
          </reporter-output>
        </test-method> <!-- emptyelementdisabletest -->
        <test-method is-config="true" signature="StartSignInTest()[pri:0, instance:testpackage.Dynamiccontroltest@a3d8174]" started-at="2022-12-15T21:00:27 GMT-05:00" name="StartSignInTest" finished-at="2022-12-15T21:00:29 GMT-05:00" duration-ms="1137" status="PASS">
          <reporter-output>
          </reporter-output>
        </test-method> <!-- StartSignInTest -->
        <test-method signature="emptyelementtest()[pri:0, instance:testpackage.Dynamiccontroltest@a3d8174]" started-at="2022-12-15T21:00:29 GMT-05:00" name="emptyelementtest" finished-at="2022-12-15T21:00:32 GMT-05:00" duration-ms="3528" status="PASS">
          <reporter-output>
          </reporter-output>
        </test-method> <!-- emptyelementtest -->
      </class> <!-- testpackage.Dynamiccontroltest -->
    </test> <!-- RegressionTest -->
  </suite> <!-- Internet -->
</testng-results>
