<?xml version="1.0" encoding="UTF-8"?>
<!-- Generated by org.testng.reporters.JUnitReportReporter -->
<testsuite hostname="LAPTOP-MVNUQ4K1" failures="0" tests="3" name="testpackage.LoginPageTest" time="5.199" errors="1" timestamp="2022-12-08T22:01:14 GMT-05:00" skipped="2">
  <testcase classname="testpackage.LoginPageTest" name="loginbuttontest" time="0.000">
    <skipped/>
  </testcase> <!-- loginbuttontest -->
  <system-out/>
  <testcase classname="testpackage.LoginPageTest" name="failloginbuttontest" time="0.000">
    <skipped/>
  </testcase> <!-- failloginbuttontest -->
  <system-out/>
  <testcase classname="testpackage.LoginPageTest" name="preTest" time="5.199">
    <error message="unknown error: Microsoft Edge failed to start: exited normally.
  (unknown error: DevToolsActivePort file doesn&#039;t exist)
  (The process started from msedge location C:\Program Files (x86)\Microsoft\Edge\Application\msedge.exe is no longer running, so msedgedriver is assuming that msedge has crashed.)
Build info: version: &#039;3.141.59&#039;, revision: &#039;e82be7d358&#039;, time: &#039;2018-11-14T08:17:03&#039;
System info: host: &#039;LAPTOP-MVNUQ4K1&#039;, ip: &#039;192.168.48.1&#039;, os.name: &#039;Windows 11&#039;, os.arch: &#039;amd64&#039;, os.version: &#039;10.0&#039;, java.version: &#039;17.0.3.1&#039;
Driver info: driver.version: EdgeDriver
remote stacktrace: Backtrace:
	Microsoft::Applications::Events::EventProperties::SetProperty [0x00007FF652A291A2+14306]
	Microsoft::Applications::Events::EventProperty::EventProperty [0x00007FF6529B0962+842818]
	(No symbol) [0x00007FF652661D90]
	(No symbol) [0x00007FF65268EEC5]
	(No symbol) [0x00007FF652689DCF]
	(No symbol) [0x00007FF6526CE027]
	(No symbol) [0x00007FF6526CD3BA]
	(No symbol) [0x00007FF6526C5B03]
	(No symbol) [0x00007FF6526973B8]
	(No symbol) [0x00007FF65269638E]
	(No symbol) [0x00007FF652697AE4]
	Microsoft::Applications::Events::EventProperty::EventProperty [0x00007FF6528FFDF8+119000]
	Microsoft::Applications::Events::EventProperty::EventProperty [0x00007FF6528ED4D6+42934]
	Microsoft::Applications::Events::EventProperty::EventProperty [0x00007FF6528F06EC+55756]
	(No symbol) [0x00007FF652767923]
	Microsoft::Applications::Events::EventProperty::EventProperty [0x00007FF6529B841A+874234]
	Microsoft::Applications::Events::EventProperty::EventProperty [0x00007FF6529BD514+894964]
	Microsoft::Applications::Events::EventProperty::EventProperty [0x00007FF6529BD66C+895308]
	Microsoft::Applications::Events::EventProperty::EventProperty [0x00007FF6529C678E+932462]
	BaseThreadInitThunk [0x00007FFAFC86244D+29]
	RtlUserThreadStart [0x00007FFAFE06DFB8+40]
" type="org.openqa.selenium.WebDriverException">
      <![CDATA[org.openqa.selenium.WebDriverException: unknown error: Microsoft Edge failed to start: exited normally.
  (unknown error: DevToolsActivePort file doesn't exist)
  (The process started from msedge location C:\Program Files (x86)\Microsoft\Edge\Application\msedge.exe is no longer running, so msedgedriver is assuming that msedge has crashed.)
Build info: version: '3.141.59', revision: 'e82be7d358', time: '2018-11-14T08:17:03'
System info: host: 'LAPTOP-MVNUQ4K1', ip: '192.168.48.1', os.name: 'Windows 11', os.arch: 'amd64', os.version: '10.0', java.version: '17.0.3.1'
Driver info: driver.version: EdgeDriver
remote stacktrace: Backtrace:
Microsoft::Applications::Events::EventProperties::SetProperty [0x00007FF652A291A2+14306]
Microsoft::Applications::Events::EventProperty::EventProperty [0x00007FF6529B0962+842818]
(No symbol) [0x00007FF652661D90]
(No symbol) [0x00007FF65268EEC5]
(No symbol) [0x00007FF652689DCF]
(No symbol) [0x00007FF6526CE027]
(No symbol) [0x00007FF6526CD3BA]
(No symbol) [0x00007FF6526C5B03]
(No symbol) [0x00007FF6526973B8]
(No symbol) [0x00007FF65269638E]
(No symbol) [0x00007FF652697AE4]
Microsoft::Applications::Events::EventProperty::EventProperty [0x00007FF6528FFDF8+119000]
Microsoft::Applications::Events::EventProperty::EventProperty [0x00007FF6528ED4D6+42934]
Microsoft::Applications::Events::EventProperty::EventProperty [0x00007FF6528F06EC+55756]
(No symbol) [0x00007FF652767923]
Microsoft::Applications::Events::EventProperty::EventProperty [0x00007FF6529B841A+874234]
Microsoft::Applications::Events::EventProperty::EventProperty [0x00007FF6529BD514+894964]
Microsoft::Applications::Events::EventProperty::EventProperty [0x00007FF6529BD66C+895308]
Microsoft::Applications::Events::EventProperty::EventProperty [0x00007FF6529C678E+932462]
BaseThreadInitThunk [0x00007FFAFC86244D+29]
RtlUserThreadStart [0x00007FFAFE06DFB8+40]

at java.base/jdk.internal.reflect.NativeConstructorAccessorImpl.newInstance0(Native Method)
at java.base/jdk.internal.reflect.NativeConstructorAccessorImpl.newInstance(NativeConstructorAccessorImpl.java:77)
at java.base/jdk.internal.reflect.DelegatingConstructorAccessorImpl.newInstance(DelegatingConstructorAccessorImpl.java:45)
at java.base/java.lang.reflect.Constructor.newInstanceWithCaller(Constructor.java:499)
at java.base/java.lang.reflect.Constructor.newInstance(Constructor.java:480)
at org.openqa.selenium.remote.W3CHandshakeResponse.lambda$errorHandler$0(W3CHandshakeResponse.java:62)
at org.openqa.selenium.remote.HandshakeResponse.lambda$getResponseFunction$0(HandshakeResponse.java:30)
at org.openqa.selenium.remote.ProtocolHandshake.lambda$createSession$0(ProtocolHandshake.java:126)
at java.base/java.util.stream.ReferencePipeline$3$1.accept(ReferencePipeline.java:197)
at java.base/java.util.Spliterators$ArraySpliterator.tryAdvance(Spliterators.java:1002)
at java.base/java.util.stream.ReferencePipeline.forEachWithCancel(ReferencePipeline.java:129)
at java.base/java.util.stream.AbstractPipeline.copyIntoWithCancel(AbstractPipeline.java:527)
at java.base/java.util.stream.AbstractPipeline.copyInto(AbstractPipeline.java:513)
at java.base/java.util.stream.AbstractPipeline.wrapAndCopyInto(AbstractPipeline.java:499)
at java.base/java.util.stream.FindOps$FindOp.evaluateSequential(FindOps.java:150)
at java.base/java.util.stream.AbstractPipeline.evaluate(AbstractPipeline.java:234)
at java.base/java.util.stream.ReferencePipeline.findFirst(ReferencePipeline.java:647)
at org.openqa.selenium.remote.ProtocolHandshake.createSession(ProtocolHandshake.java:128)
at org.openqa.selenium.remote.ProtocolHandshake.createSession(ProtocolHandshake.java:74)
at org.openqa.selenium.remote.HttpCommandExecutor.execute(HttpCommandExecutor.java:136)
at org.openqa.selenium.remote.service.DriverCommandExecutor.execute(DriverCommandExecutor.java:83)
at org.openqa.selenium.remote.RemoteWebDriver.execute(RemoteWebDriver.java:552)
at org.openqa.selenium.remote.RemoteWebDriver.startSession(RemoteWebDriver.java:213)
at org.openqa.selenium.remote.RemoteWebDriver.<init>(RemoteWebDriver.java:131)
at org.openqa.selenium.edge.EdgeDriver.<init>(EdgeDriver.java:141)
at org.openqa.selenium.edge.EdgeDriver.<init>(EdgeDriver.java:96)
at basepackage.BaseTest.initiate(BaseTest.java:66)
at testpackage.LoginPageTest.preTest(LoginPageTest.java:21)
at java.base/jdk.internal.reflect.NativeMethodAccessorImpl.invoke0(Native Method)
at java.base/jdk.internal.reflect.NativeMethodAccessorImpl.invoke(NativeMethodAccessorImpl.java:77)
at java.base/jdk.internal.reflect.DelegatingMethodAccessorImpl.invoke(DelegatingMethodAccessorImpl.java:43)
at java.base/java.lang.reflect.Method.invoke(Method.java:568)
at org.testng.internal.invokers.MethodInvocationHelper.invokeMethod(MethodInvocationHelper.java:139)
at org.testng.internal.invokers.MethodInvocationHelper.invokeMethodConsideringTimeout(MethodInvocationHelper.java:69)
at org.testng.internal.invokers.ConfigInvoker.invokeConfigurationMethod(ConfigInvoker.java:361)
at org.testng.internal.invokers.ConfigInvoker.invokeConfigurations(ConfigInvoker.java:296)
at org.testng.TestRunner.invokeTestConfigurations(TestRunner.java:643)
at org.testng.TestRunner.beforeRun(TestRunner.java:632)
at org.testng.TestRunner.run(TestRunner.java:594)
at org.testng.SuiteRunner.runTest(SuiteRunner.java:433)
at org.testng.SuiteRunner.runSequentially(SuiteRunner.java:427)
at org.testng.SuiteRunner.privateRun(SuiteRunner.java:387)
at org.testng.SuiteRunner.run(SuiteRunner.java:330)
at org.testng.SuiteRunnerWorker.runSuite(SuiteRunnerWorker.java:52)
at org.testng.SuiteRunnerWorker.run(SuiteRunnerWorker.java:95)
at org.testng.TestNG.runSuitesSequentially(TestNG.java:1256)
at org.testng.TestNG.runSuitesLocally(TestNG.java:1176)
at org.testng.TestNG.runSuites(TestNG.java:1099)
at org.testng.TestNG.run(TestNG.java:1067)
at org.apache.maven.surefire.testng.TestNGExecutor.run(TestNGExecutor.java:77)
at org.apache.maven.surefire.testng.TestNGDirectoryTestSuite.executeMulti(TestNGDirectoryTestSuite.java:159)
at org.apache.maven.surefire.testng.TestNGDirectoryTestSuite.execute(TestNGDirectoryTestSuite.java:99)
at org.apache.maven.surefire.testng.TestNGProvider.invoke(TestNGProvider.java:106)
at java.base/jdk.internal.reflect.NativeMethodAccessorImpl.invoke0(Native Method)
at java.base/jdk.internal.reflect.NativeMethodAccessorImpl.invoke(NativeMethodAccessorImpl.java:77)
at java.base/jdk.internal.reflect.DelegatingMethodAccessorImpl.invoke(DelegatingMethodAccessorImpl.java:43)
at java.base/java.lang.reflect.Method.invoke(Method.java:568)
at org.apache.maven.surefire.util.ReflectionUtils.invokeMethodWithArray(ReflectionUtils.java:189)
at org.apache.maven.surefire.booter.ProviderFactory$ProviderProxy.invoke(ProviderFactory.java:165)
at org.apache.maven.surefire.booter.ProviderFactory.invokeProvider(ProviderFactory.java:85)
at org.apache.maven.surefire.booter.ForkedBooter.runSuitesInProcess(ForkedBooter.java:115)
at org.apache.maven.surefire.booter.ForkedBooter.main(ForkedBooter.java:75)
]]>
    </error>
  </testcase> <!-- preTest -->
  <system-out/>
</testsuite> <!-- testpackage.LoginPageTest -->
